2025-09-18 08:38:06,838 : INFO : root : Loading config.
2025-09-18 08:38:06,841 : INFO : YamlMultifileConfigLoader : Machine config file #1: config.yaml
2025-09-18 08:38:06,842 : INFO : ConfigProcessor : Loading config from cache: C:\Users\White\AppData\Local\Temp\cfa6ecba65704a931c9dd214c44986c8.mpf_cache
2025-09-18 08:38:06,944 : INFO : ConfigProcessor : Loading config from cache: C:\Users\White\AppData\Local\Temp\f98ffc0ff5962effface7d86bc406d5c.mpf_cache
2025-09-18 08:38:06,945 : INFO : ConfigProcessor : Loading config from cache: C:\Users\White\AppData\Local\Temp\91cc4d1c993c58dc354e34974b9cfeac.mpf_cache
2025-09-18 08:38:06,945 : INFO : ConfigProcessor : Loading config from cache: C:\Users\White\AppData\Local\Temp\f98ffc0ff5962effface7d86bc406d5c.mpf_cache
2025-09-18 08:38:06,947 : INFO : ConfigProcessor : Loading config from cache: C:\Users\White\AppData\Local\Temp\76792f1d686f89709887dba7bd69667a.mpf_cache
2025-09-18 08:38:06,948 : INFO : ConfigProcessor : Loading config from cache: C:\Users\White\AppData\Local\Temp\142bbae4707335cc8e3efaa4364c4893.mpf_cache
2025-09-18 08:38:06,948 : INFO : ConfigProcessor : Loading config from cache: C:\Users\White\AppData\Local\Temp\b4249e7b8f95e82c549b9263ef475a09.mpf_cache
2025-09-18 08:38:06,949 : INFO : ConfigProcessor : Loading config from cache: C:\Users\White\AppData\Local\Temp\434e0238e97461d536537fa1d2ac13b8.mpf_cache
2025-09-18 08:38:06,958 : INFO : Machine : Mission Pinball Framework Core Engine v0.80.0.dev9
2025-09-18 08:38:06,958 : INFO : Machine : Command line arguments: {'no_load_cache': False, 'create_config_cache': True, 'bcp': True, 'configfile': ['config.yaml'], 'force_assets_load': False, 'platform_integration_test': False, 'jsonlogging': False, 'logfile': 'logs\\2025-09-18-08-38-06-mpf-TopGunPinball.log', 'pause': False, 'production': False, 'text_ui': False, 'loglevel': 15, 'consoleloglevel': 20, 'force_platform': 'virtual', 'syslog_address': None, 'full_logfile_path': 'C:\\Users\\White\\Documents\\Top_Gun_Pinball\\logs\\2025-09-18-08-38-06-mpf-TopGunPinball.log'}
2025-09-18 08:38:06,958 : INFO : Machine : MPF path: C:\Users\White\mpf\Lib\site-packages\mpf
2025-09-18 08:38:06,958 : INFO : Machine : Machine path: C:\Users\White\Documents\Top_Gun_Pinball
2025-09-18 08:38:06,958 : INFO : Machine : Platform: win32
2025-09-18 08:38:06,958 : INFO : Machine : Python executable location: C:\Users\White\mpf\Scripts\python.exe
2025-09-18 08:38:06,958 : INFO : Machine : Python version: 3.12.7 (64-bit)
2025-09-18 08:38:06,961 : INFO : Machine : Initializing MPF...
2025-09-18 08:38:07,051 : INFO : EventManager : Event: ======'machine_var_credits_string'====== Args={'value': 'FREE PLAY', 'prev_value': None, 'change': True}
2025-09-18 08:38:07,077 : INFO : EventManager : Event: ======'machine_var_master_volume'====== Args={'value': 0.5, 'prev_value': None, 'change': True}
2025-09-18 08:38:07,077 : INFO : EventManager : Event: ======'machine_var_player1_score'====== Args={'value': 61000, 'prev_value': None, 'change': True}
2025-09-18 08:38:07,077 : INFO : EventManager : Event: ======'machine_var_player2_score'====== Args={'value': 73000, 'prev_value': None, 'change': True}
2025-09-18 08:38:07,077 : INFO : EventManager : Event: ======'machine_var_mpf_version'====== Args={'value': 'Mission Pinball Framework v0.80.0.dev9', 'prev_value': None, 'change': True}
2025-09-18 08:38:07,077 : INFO : EventManager : Event: ======'machine_var_mpf_extended_version'====== Args={'value': 'Mission Pinball Framework v0.80.0.dev9, Config version:6, Show version: 6, BCP version:1.1', 'prev_value': None, 'change': True}
2025-09-18 08:38:07,077 : INFO : EventManager : Event: ======'machine_var_python_version'====== Args={'value': '3.12.7', 'prev_value': None, 'change': True}
2025-09-18 08:38:07,157 : INFO : EventManager : Event: ======'machine_var_platform'====== Args={'value': 'Windows-11-10.0.26100-SP0', 'prev_value': None, 'change': True}
2025-09-18 08:38:07,157 : INFO : EventManager : Event: ======'machine_var_platform_system'====== Args={'value': 'Windows', 'prev_value': None, 'change': True}
2025-09-18 08:38:07,157 : INFO : EventManager : Event: ======'machine_var_platform_release'====== Args={'value': '11', 'prev_value': None, 'change': True}
2025-09-18 08:38:07,157 : INFO : EventManager : Event: ======'machine_var_platform_version'====== Args={'value': '10.0.26100', 'prev_value': None, 'change': True}
2025-09-18 08:38:07,157 : INFO : EventManager : Event: ======'machine_var_platform_machine'====== Args={'value': 'AMD64', 'prev_value': None, 'change': True}
2025-09-18 08:38:07,157 : INFO : EventManager : Event: ======'machine_var_log_file_path'====== Args={'value': 'C:\\Users\\White\\Documents\\Top_Gun_Pinball\\logs\\2025-09-18-08-38-06-mpf-TopGunPinball.log', 'prev_value': None, 'change': True}
2025-09-18 08:38:07,157 : INFO : EventManager : Event: ======'init_phase_1'====== Args={}
2025-09-18 08:38:07,205 : INFO : EventManager : Event: ======'init_phase_2'====== Args={}
2025-09-18 08:38:07,205 : INFO : SwitchController : Found active switch: ('playfield_board_lower-3208-0', <Platform.Virtual>) <switch.s_trough_1>
2025-09-18 08:38:07,205 : INFO : SwitchController : Found active switch: ('playfield_board_lower-3208-1', <Platform.Virtual>) <switch.s_trough_2>
2025-09-18 08:38:07,205 : INFO : SwitchController : Found active switch: ('playfield_board_lower-3208-2', <Platform.Virtual>) <switch.s_trough_3>
2025-09-18 08:38:07,205 : INFO : SwitchController : Found active switch: ('playfield_board_lower-3208-3', <Platform.Virtual>) <switch.s_trough_4>
2025-09-18 08:38:07,205 : INFO : SwitchController : Found active switch: ('playfield_board_lower-3208-4', <Platform.Virtual>) <switch.s_trough_5>
2025-09-18 08:38:07,205 : INFO : SwitchController : Found active switch: ('playfield_board_lower-3208-5', <Platform.Virtual>) <switch.s_trough_6>
2025-09-18 08:38:07,208 : INFO : EventManager : Event: ======'bcp_connection_attempt'====== Args={'name': 'local_display', 'host': 'localhost', 'port': 5050}
2025-09-18 08:38:07,210 : INFO : BCPClientSocket : Connecting BCP to 'local_display' at localhost:5050...
2025-09-18 08:38:07,222 : INFO : BCPClientSocket : Connected BCP to 'local_display' localhost:5050
2025-09-18 08:38:07,223 : INFO : EventManager : Event: ======'bcp_clients_connected'====== Args={}
2025-09-18 08:38:07,223 : INFO : ball_device.bd_plunger : BCH: Initial count: 0
2025-09-18 08:38:07,223 : INFO : ball_device.bd_plunger : State: idle
2025-09-18 08:38:07,224 : INFO : ball_device.bd_trough : BCH: Initial count: 6
2025-09-18 08:38:07,224 : INFO : ball_device.bd_trough : State: idle
2025-09-18 08:38:07,224 : INFO : ball_device.bd_lock_elevator : BCH: Initial count: 0
2025-09-18 08:38:07,224 : INFO : ball_device.bd_lock_elevator : State: idle
2025-09-18 08:38:07,224 : INFO : ball_device.bd_mode_scoop : BCH: Initial count: 0
2025-09-18 08:38:07,224 : INFO : ball_device.bd_mode_scoop : State: idle
2025-09-18 08:38:07,237 : INFO : EventManager : Event: ======'init_phase_3'====== Args={}
2025-09-18 08:38:07,240 : INFO : EventManager : Event: ======'init_phase_4'====== Args={}
2025-09-18 08:38:07,240 : INFO : BallController : Initial balls found: 6
2025-09-18 08:38:07,242 : INFO : EventManager : Event: ======'machine_var_audits_events_game_ended'====== Args={'value': 1, 'prev_value': None, 'change': True}
2025-09-18 08:38:07,242 : INFO : EventManager : Event: ======'machine_var_audits_events_game_started'====== Args={'value': 122, 'prev_value': None, 'change': True}
2025-09-18 08:38:07,242 : INFO : EventManager : Event: ======'machine_var_audits_missing_switches_s_a_iceman_target'====== Args={'value': 8, 'prev_value': None, 'change': True}
2025-09-18 08:38:07,242 : INFO : EventManager : Event: ======'machine_var_audits_missing_switches_s_barrier_target'====== Args={'value': 6, 'prev_value': None, 'change': True}
2025-09-18 08:38:07,242 : INFO : EventManager : Event: ======'machine_var_audits_missing_switches_s_bumper_center'====== Args={'value': 5, 'prev_value': None, 'change': True}
2025-09-18 08:38:07,242 : INFO : EventManager : Event: ======'machine_var_audits_missing_switches_s_bumper_left'====== Args={'value': 5, 'prev_value': None, 'change': True}
2025-09-18 08:38:07,242 : INFO : EventManager : Event: ======'machine_var_audits_missing_switches_s_bumper_right'====== Args={'value': 6, 'prev_value': None, 'change': True}
2025-09-18 08:38:07,242 : INFO : EventManager : Event: ======'machine_var_audits_missing_switches_s_c_lock_target'====== Args={'value': 6, 'prev_value': None, 'change': True}
2025-09-18 08:38:07,242 : INFO : EventManager : Event: ======'machine_var_audits_missing_switches_s_coin_door'====== Args={'value': 9, 'prev_value': None, 'change': True}
2025-09-18 08:38:07,242 : INFO : EventManager : Event: ======'machine_var_audits_missing_switches_s_coin_door_service_1'====== Args={'value': 9, 'prev_value': None, 'change': True}
2025-09-18 08:38:07,243 : INFO : EventManager : Event: ======'machine_var_audits_missing_switches_s_coin_door_service_2'====== Args={'value': 9, 'prev_value': None, 'change': True}
2025-09-18 08:38:07,243 : INFO : EventManager : Event: ======'machine_var_audits_missing_switches_s_coin_door_service_3'====== Args={'value': 9, 'prev_value': None, 'change': True}
2025-09-18 08:38:07,243 : INFO : EventManager : Event: ======'machine_var_audits_missing_switches_s_coin_door_service_4'====== Args={'value': 9, 'prev_value': None, 'change': True}
2025-09-18 08:38:07,243 : INFO : EventManager : Event: ======'machine_var_audits_missing_switches_s_e_iceman_target'====== Args={'value': 1, 'prev_value': None, 'change': True}
2025-09-18 08:38:07,243 : INFO : EventManager : Event: ======'machine_var_audits_missing_switches_s_flight_gear_target'====== Args={'value': 6, 'prev_value': None, 'change': True}
2025-09-18 08:38:07,243 : INFO : EventManager : Event: ======'machine_var_audits_missing_switches_s_flipper_left'====== Args={'value': 67, 'prev_value': None, 'change': True}
2025-09-18 08:38:07,243 : INFO : EventManager : Event: ======'machine_var_audits_missing_switches_s_flipper_left_eos'====== Args={'value': 69, 'prev_value': None, 'change': True}
2025-09-18 08:38:07,243 : INFO : EventManager : Event: ======'machine_var_audits_missing_switches_s_flipper_left_upper'====== Args={'value': 71, 'prev_value': None, 'change': True}
2025-09-18 08:38:07,243 : INFO : EventManager : Event: ======'machine_var_audits_missing_switches_s_flipper_left_upper_eos'====== Args={'value': 69, 'prev_value': None, 'change': True}
2025-09-18 08:38:07,243 : INFO : EventManager : Event: ======'machine_var_audits_missing_switches_s_flipper_right'====== Args={'value': 5, 'prev_value': None, 'change': True}
2025-09-18 08:38:07,243 : INFO : EventManager : Event: ======'machine_var_audits_missing_switches_s_flipper_right_eos'====== Args={'value': 69, 'prev_value': None, 'change': True}
2025-09-18 08:38:07,243 : INFO : EventManager : Event: ======'machine_var_audits_missing_switches_s_i_iceman_target'====== Args={'value': 6, 'prev_value': None, 'change': True}
2025-09-18 08:38:07,243 : INFO : EventManager : Event: ======'machine_var_audits_missing_switches_s_inlane_left'====== Args={'value': 2, 'prev_value': None, 'change': True}
2025-09-18 08:38:07,243 : INFO : EventManager : Event: ======'machine_var_audits_missing_switches_s_inner_inlane_right'====== Args={'value': 6, 'prev_value': None, 'change': True}
2025-09-18 08:38:07,243 : INFO : EventManager : Event: ======'machine_var_audits_missing_switches_s_jam'====== Args={'value': 8, 'prev_value': None, 'change': True}
2025-09-18 08:38:07,243 : INFO : EventManager : Event: ======'machine_var_audits_missing_switches_s_k_lock_target'====== Args={'value': 6, 'prev_value': None, 'change': True}
2025-09-18 08:38:07,243 : INFO : EventManager : Event: ======'machine_var_audits_missing_switches_s_l_lock_target'====== Args={'value': 6, 'prev_value': None, 'change': True}
2025-09-18 08:38:07,243 : INFO : EventManager : Event: ======'machine_var_audits_missing_switches_s_lane_left'====== Args={'value': 121, 'prev_value': None, 'change': True}
2025-09-18 08:38:07,243 : INFO : EventManager : Event: ======'machine_var_audits_missing_switches_s_lane_right'====== Args={'value': 71, 'prev_value': None, 'change': True}
2025-09-18 08:38:07,243 : INFO : EventManager : Event: ======'machine_var_audits_missing_switches_s_lock_goose'====== Args={'value': 71, 'prev_value': None, 'change': True}
2025-09-18 08:38:07,243 : INFO : EventManager : Event: ======'machine_var_audits_missing_switches_s_lock_mav'====== Args={'value': 71, 'prev_value': None, 'change': True}
2025-09-18 08:38:07,244 : INFO : EventManager : Event: ======'machine_var_audits_missing_switches_s_lock_plunger'====== Args={'value': 71, 'prev_value': None, 'change': True}
2025-09-18 08:38:07,244 : INFO : EventManager : Event: ======'machine_var_audits_missing_switches_s_m_iceman_target'====== Args={'value': 8, 'prev_value': None, 'change': True}
2025-09-18 08:38:07,244 : INFO : EventManager : Event: ======'machine_var_audits_missing_switches_s_mig_lane_left'====== Args={'value': 71, 'prev_value': None, 'change': True}
2025-09-18 08:38:07,244 : INFO : EventManager : Event: ======'machine_var_audits_missing_switches_s_mig_lane_right'====== Args={'value': 71, 'prev_value': None, 'change': True}
2025-09-18 08:38:07,244 : INFO : EventManager : Event: ======'machine_var_audits_missing_switches_s_mode_start'====== Args={'value': 71, 'prev_value': None, 'change': True}
2025-09-18 08:38:07,244 : INFO : EventManager : Event: ======'machine_var_audits_missing_switches_s_n_iceman_target'====== Args={'value': 8, 'prev_value': None, 'change': True}
2025-09-18 08:38:07,244 : INFO : EventManager : Event: ======'machine_var_audits_missing_switches_s_o_lock_target'====== Args={'value': 6, 'prev_value': None, 'change': True}
2025-09-18 08:38:07,244 : INFO : EventManager : Event: ======'machine_var_audits_missing_switches_s_orbit_left'====== Args={'value': 6, 'prev_value': None, 'change': True}
2025-09-18 08:38:07,244 : INFO : EventManager : Event: ======'machine_var_audits_missing_switches_s_orbit_lower'====== Args={'value': 71, 'prev_value': None, 'change': True}
2025-09-18 08:38:07,244 : INFO : EventManager : Event: ======'machine_var_audits_missing_switches_s_orbit_right'====== Args={'value': 71, 'prev_value': None, 'change': True}
2025-09-18 08:38:07,244 : INFO : EventManager : Event: ======'machine_var_audits_missing_switches_s_orbit_upper'====== Args={'value': 71, 'prev_value': None, 'change': True}
2025-09-18 08:38:07,244 : INFO : EventManager : Event: ======'machine_var_audits_missing_switches_s_outer_inlane_right'====== Args={'value': 4, 'prev_value': None, 'change': True}
2025-09-18 08:38:07,244 : INFO : EventManager : Event: ======'machine_var_audits_missing_switches_s_outlane_left'====== Args={'value': 71, 'prev_value': None, 'change': True}
2025-09-18 08:38:07,244 : INFO : EventManager : Event: ======'machine_var_audits_missing_switches_s_outlane_right'====== Args={'value': 8, 'prev_value': None, 'change': True}
2025-09-18 08:38:07,244 : INFO : EventManager : Event: ======'machine_var_audits_missing_switches_s_plunger_lane'====== Args={'value': 8, 'prev_value': None, 'change': True}
2025-09-18 08:38:07,244 : INFO : EventManager : Event: ======'machine_var_audits_missing_switches_s_ramp_inner_exit'====== Args={'value': 71, 'prev_value': None, 'change': True}
2025-09-18 08:38:07,244 : INFO : EventManager : Event: ======'machine_var_audits_missing_switches_s_ramp_left_exit'====== Args={'value': 71, 'prev_value': None, 'change': True}
2025-09-18 08:38:07,244 : INFO : EventManager : Event: ======'machine_var_audits_missing_switches_s_ramp_right_exit'====== Args={'value': 71, 'prev_value': None, 'change': True}
2025-09-18 08:38:07,244 : INFO : EventManager : Event: ======'machine_var_audits_missing_switches_s_ramp_tower_exit'====== Args={'value': 71, 'prev_value': None, 'change': True}
2025-09-18 08:38:07,244 : INFO : EventManager : Event: ======'machine_var_audits_missing_switches_s_slingshot_left'====== Args={'value': 6, 'prev_value': None, 'change': True}
2025-09-18 08:38:07,244 : INFO : EventManager : Event: ======'machine_var_audits_missing_switches_s_slingshot_right'====== Args={'value': 6, 'prev_value': None, 'change': True}
2025-09-18 08:38:07,244 : INFO : EventManager : Event: ======'machine_var_audits_missing_switches_s_spinner'====== Args={'value': 71, 'prev_value': None, 'change': True}
2025-09-18 08:38:07,244 : INFO : EventManager : Event: ======'machine_var_audits_missing_switches_s_start'====== Args={'value': 11, 'prev_value': None, 'change': True}
2025-09-18 08:38:07,245 : INFO : EventManager : Event: ======'machine_var_audits_missing_switches_s_tilt'====== Args={'value': 9, 'prev_value': None, 'change': True}
2025-09-18 08:38:07,245 : INFO : EventManager : Event: ======'machine_var_audits_missing_switches_s_trough_1'====== Args={'value': 47, 'prev_value': None, 'change': True}
2025-09-18 08:38:07,245 : INFO : EventManager : Event: ======'machine_var_audits_missing_switches_s_trough_2'====== Args={'value': 47, 'prev_value': None, 'change': True}
2025-09-18 08:38:07,245 : INFO : EventManager : Event: ======'machine_var_audits_missing_switches_s_trough_3'====== Args={'value': 47, 'prev_value': None, 'change': True}
2025-09-18 08:38:07,245 : INFO : EventManager : Event: ======'machine_var_audits_missing_switches_s_trough_4'====== Args={'value': 122, 'prev_value': None, 'change': True}
2025-09-18 08:38:07,245 : INFO : EventManager : Event: ======'machine_var_audits_missing_switches_s_trough_5'====== Args={'value': 122, 'prev_value': None, 'change': True}
2025-09-18 08:38:07,245 : INFO : EventManager : Event: ======'machine_var_audits_missing_switches_s_trough_6'====== Args={'value': 8, 'prev_value': None, 'change': True}
2025-09-18 08:38:07,245 : INFO : EventManager : Event: ======'machine_var_audits_player_score'====== Args={'value': {'average': 67000, 'top': [73000, 61000], 'total': 2}, 'prev_value': None, 'change': True}
2025-09-18 08:38:07,245 : INFO : EventManager : Event: ======'machine_var_audits_shots_bumper_center'====== Args={'value': 456, 'prev_value': None, 'change': True}
2025-09-18 08:38:07,245 : INFO : EventManager : Event: ======'machine_var_audits_shots_bumper_left'====== Args={'value': 462, 'prev_value': None, 'change': True}
2025-09-18 08:38:07,245 : INFO : EventManager : Event: ======'machine_var_audits_shots_bumper_right'====== Args={'value': 339, 'prev_value': None, 'change': True}
2025-09-18 08:38:07,245 : INFO : EventManager : Event: ======'machine_var_audits_switches_s_a_iceman_target'====== Args={'value': 24, 'prev_value': None, 'change': True}
2025-09-18 08:38:07,246 : INFO : EventManager : Event: ======'machine_var_audits_switches_s_barrier_target'====== Args={'value': 6, 'prev_value': None, 'change': True}
2025-09-18 08:38:07,246 : INFO : EventManager : Event: ======'machine_var_audits_switches_s_bumper_center'====== Args={'value': 469, 'prev_value': None, 'change': True}
2025-09-18 08:38:07,246 : INFO : EventManager : Event: ======'machine_var_audits_switches_s_bumper_left'====== Args={'value': 477, 'prev_value': None, 'change': True}
2025-09-18 08:38:07,246 : INFO : EventManager : Event: ======'machine_var_audits_switches_s_bumper_right'====== Args={'value': 343, 'prev_value': None, 'change': True}
2025-09-18 08:38:07,246 : INFO : EventManager : Event: ======'machine_var_audits_switches_s_c_iceman_target'====== Args={'value': 37, 'prev_value': None, 'change': True}
2025-09-18 08:38:07,246 : INFO : EventManager : Event: ======'machine_var_audits_switches_s_c_lock_target'====== Args={'value': 4, 'prev_value': None, 'change': True}
2025-09-18 08:38:07,246 : INFO : EventManager : Event: ======'machine_var_audits_switches_s_coin_door'====== Args={'value': 0, 'prev_value': None, 'change': True}
2025-09-18 08:38:07,246 : INFO : EventManager : Event: ======'machine_var_audits_switches_s_coin_door_service_1'====== Args={'value': 0, 'prev_value': None, 'change': True}
2025-09-18 08:38:07,246 : INFO : EventManager : Event: ======'machine_var_audits_switches_s_coin_door_service_2'====== Args={'value': 0, 'prev_value': None, 'change': True}
2025-09-18 08:38:07,246 : INFO : EventManager : Event: ======'machine_var_audits_switches_s_coin_door_service_3'====== Args={'value': 0, 'prev_value': None, 'change': True}
2025-09-18 08:38:07,246 : INFO : EventManager : Event: ======'machine_var_audits_switches_s_coin_door_service_4'====== Args={'value': 0, 'prev_value': None, 'change': True}
2025-09-18 08:38:07,246 : INFO : EventManager : Event: ======'machine_var_audits_switches_s_e_iceman_target'====== Args={'value': 40, 'prev_value': None, 'change': True}
2025-09-18 08:38:07,246 : INFO : EventManager : Event: ======'machine_var_audits_switches_s_flight_gear_target'====== Args={'value': 6, 'prev_value': None, 'change': True}
2025-09-18 08:38:07,246 : INFO : EventManager : Event: ======'machine_var_audits_switches_s_flipper_left'====== Args={'value': 9, 'prev_value': None, 'change': True}
2025-09-18 08:38:07,246 : INFO : EventManager : Event: ======'machine_var_audits_switches_s_flipper_left_eos'====== Args={'value': 0, 'prev_value': None, 'change': True}
2025-09-18 08:38:07,246 : INFO : EventManager : Event: ======'machine_var_audits_switches_s_flipper_left_upper'====== Args={'value': 0, 'prev_value': None, 'change': True}
2025-09-18 08:38:07,246 : INFO : EventManager : Event: ======'machine_var_audits_switches_s_flipper_left_upper_eos'====== Args={'value': 0, 'prev_value': None, 'change': True}
2025-09-18 08:38:07,246 : INFO : EventManager : Event: ======'machine_var_audits_switches_s_flipper_right'====== Args={'value': 17, 'prev_value': None, 'change': True}
2025-09-18 08:38:07,246 : INFO : EventManager : Event: ======'machine_var_audits_switches_s_flipper_right_eos'====== Args={'value': 0, 'prev_value': None, 'change': True}
2025-09-18 08:38:07,246 : INFO : EventManager : Event: ======'machine_var_audits_switches_s_i_iceman_target'====== Args={'value': 2, 'prev_value': None, 'change': True}
2025-09-18 08:38:07,246 : INFO : EventManager : Event: ======'machine_var_audits_switches_s_inlane_left'====== Args={'value': 53, 'prev_value': None, 'change': True}
2025-09-18 08:38:07,246 : INFO : EventManager : Event: ======'machine_var_audits_switches_s_inner_inlane_right'====== Args={'value': 3, 'prev_value': None, 'change': True}
2025-09-18 08:38:07,247 : INFO : EventManager : Event: ======'machine_var_audits_switches_s_jam'====== Args={'value': 1, 'prev_value': None, 'change': True}
2025-09-18 08:38:07,247 : INFO : EventManager : Event: ======'machine_var_audits_switches_s_k_lock_target'====== Args={'value': 5, 'prev_value': None, 'change': True}
2025-09-18 08:38:07,247 : INFO : EventManager : Event: ======'machine_var_audits_switches_s_l_lock_target'====== Args={'value': 5, 'prev_value': None, 'change': True}
2025-09-18 08:38:07,247 : INFO : EventManager : Event: ======'machine_var_audits_switches_s_lane_left'====== Args={'value': 1, 'prev_value': None, 'change': True}
2025-09-18 08:38:07,247 : INFO : EventManager : Event: ======'machine_var_audits_switches_s_lane_right'====== Args={'value': 0, 'prev_value': None, 'change': True}
2025-09-18 08:38:07,247 : INFO : EventManager : Event: ======'machine_var_audits_switches_s_lock_goose'====== Args={'value': 0, 'prev_value': None, 'change': True}
2025-09-18 08:38:07,247 : INFO : EventManager : Event: ======'machine_var_audits_switches_s_lock_mav'====== Args={'value': 0, 'prev_value': None, 'change': True}
2025-09-18 08:38:07,247 : INFO : EventManager : Event: ======'machine_var_audits_switches_s_lock_plunger'====== Args={'value': 0, 'prev_value': None, 'change': True}
2025-09-18 08:38:07,247 : INFO : EventManager : Event: ======'machine_var_audits_switches_s_m_iceman_target'====== Args={'value': 24, 'prev_value': None, 'change': True}
2025-09-18 08:38:07,247 : INFO : EventManager : Event: ======'machine_var_audits_switches_s_mig_lane_left'====== Args={'value': 0, 'prev_value': None, 'change': True}
2025-09-18 08:38:07,247 : INFO : EventManager : Event: ======'machine_var_audits_switches_s_mig_lane_right'====== Args={'value': 0, 'prev_value': None, 'change': True}
2025-09-18 08:38:07,247 : INFO : EventManager : Event: ======'machine_var_audits_switches_s_mode_start'====== Args={'value': 0, 'prev_value': None, 'change': True}
2025-09-18 08:38:07,247 : INFO : EventManager : Event: ======'machine_var_audits_switches_s_n_iceman_target'====== Args={'value': 32, 'prev_value': None, 'change': True}
2025-09-18 08:38:07,247 : INFO : EventManager : Event: ======'machine_var_audits_switches_s_o_lock_target'====== Args={'value': 5, 'prev_value': None, 'change': True}
2025-09-18 08:38:07,247 : INFO : EventManager : Event: ======'machine_var_audits_switches_s_orbit_left'====== Args={'value': 7, 'prev_value': None, 'change': True}
2025-09-18 08:38:07,247 : INFO : EventManager : Event: ======'machine_var_audits_switches_s_orbit_lower'====== Args={'value': 0, 'prev_value': None, 'change': True}
2025-09-18 08:38:07,247 : INFO : EventManager : Event: ======'machine_var_audits_switches_s_orbit_right'====== Args={'value': 0, 'prev_value': None, 'change': True}
2025-09-18 08:38:07,247 : INFO : EventManager : Event: ======'machine_var_audits_switches_s_orbit_upper'====== Args={'value': 0, 'prev_value': None, 'change': True}
2025-09-18 08:38:07,247 : INFO : EventManager : Event: ======'machine_var_audits_switches_s_outer_inlane_right'====== Args={'value': 5, 'prev_value': None, 'change': True}
2025-09-18 08:38:07,247 : INFO : EventManager : Event: ======'machine_var_audits_switches_s_outlane_left'====== Args={'value': 0, 'prev_value': None, 'change': True}
2025-09-18 08:38:07,247 : INFO : EventManager : Event: ======'machine_var_audits_switches_s_outlane_right'====== Args={'value': 4, 'prev_value': None, 'change': True}
2025-09-18 08:38:07,247 : INFO : EventManager : Event: ======'machine_var_audits_switches_s_plunger_lane'====== Args={'value': 46, 'prev_value': None, 'change': True}
2025-09-18 08:38:07,247 : INFO : EventManager : Event: ======'machine_var_audits_switches_s_ramp_inner_exit'====== Args={'value': 0, 'prev_value': None, 'change': True}
2025-09-18 08:38:07,247 : INFO : EventManager : Event: ======'machine_var_audits_switches_s_ramp_left_exit'====== Args={'value': 0, 'prev_value': None, 'change': True}
2025-09-18 08:38:07,248 : INFO : EventManager : Event: ======'machine_var_audits_switches_s_ramp_right_exit'====== Args={'value': 0, 'prev_value': None, 'change': True}
2025-09-18 08:38:07,248 : INFO : EventManager : Event: ======'machine_var_audits_switches_s_ramp_tower_exit'====== Args={'value': 0, 'prev_value': None, 'change': True}
2025-09-18 08:38:07,248 : INFO : EventManager : Event: ======'machine_var_audits_switches_s_slingshot_left'====== Args={'value': 8, 'prev_value': None, 'change': True}
2025-09-18 08:38:07,248 : INFO : EventManager : Event: ======'machine_var_audits_switches_s_slingshot_right'====== Args={'value': 7, 'prev_value': None, 'change': True}
2025-09-18 08:38:07,248 : INFO : EventManager : Event: ======'machine_var_audits_switches_s_spinner'====== Args={'value': 0, 'prev_value': None, 'change': True}
2025-09-18 08:38:07,248 : INFO : EventManager : Event: ======'machine_var_audits_switches_s_start'====== Args={'value': 134, 'prev_value': None, 'change': True}
2025-09-18 08:38:07,248 : INFO : EventManager : Event: ======'machine_var_audits_switches_s_tilt'====== Args={'value': 0, 'prev_value': None, 'change': True}
2025-09-18 08:38:07,248 : INFO : EventManager : Event: ======'machine_var_audits_switches_s_trough_1'====== Args={'value': 2, 'prev_value': None, 'change': True}
2025-09-18 08:38:07,248 : INFO : EventManager : Event: ======'machine_var_audits_switches_s_trough_2'====== Args={'value': 1, 'prev_value': None, 'change': True}
2025-09-18 08:38:07,248 : INFO : EventManager : Event: ======'machine_var_audits_switches_s_trough_3'====== Args={'value': 1, 'prev_value': None, 'change': True}
2025-09-18 08:38:07,248 : INFO : EventManager : Event: ======'machine_var_audits_switches_s_trough_4'====== Args={'value': 0, 'prev_value': None, 'change': True}
2025-09-18 08:38:07,248 : INFO : EventManager : Event: ======'machine_var_audits_switches_s_trough_5'====== Args={'value': 0, 'prev_value': None, 'change': True}
2025-09-18 08:38:07,248 : INFO : EventManager : Event: ======'machine_var_audits_switches_s_trough_6'====== Args={'value': 61, 'prev_value': None, 'change': True}
2025-09-18 08:38:07,248 : INFO : EventManager : Event: ======'init_phase_5'====== Args={}
2025-09-18 08:38:07,249 : INFO : EventManager : Event: ======'init_done'====== Args={}
2025-09-18 08:38:07,249 : INFO : EventManager : Event: ======'machine_reset_phase_1'====== Args={}
2025-09-18 08:38:07,259 : INFO : EventManager : Event: ======'machine_reset_phase_2'====== Args={}
2025-09-18 08:38:07,260 : INFO : EventManager : Event: ======'machine_reset_phase_3'====== Args={}
2025-09-18 08:38:07,260 : INFO : EventManager : Event: ======'reset_complete'====== Args={}
2025-09-18 08:38:07,260 : INFO : EventManager : Event: ======'mode_service_will_start'====== Args={}
2025-09-18 08:38:07,261 : INFO : EventManager : Event: ======'mode_service_starting'====== Args={}
2025-09-18 08:38:07,261 : INFO : EventManager : Event: ======'mode_attract_will_start'====== Args={}
2025-09-18 08:38:07,261 : INFO : Timer.attract_carousel_timer : Starting Timer.
2025-09-18 08:38:07,261 : INFO : EventManager : Event: ======'timer_attract_carousel_timer_started'====== Args={'ticks': 0, 'ticks_remaining': 1}
2025-09-18 08:38:07,261 : INFO : EventManager : Event: ======'timer_attract_carousel_timer_tick'====== Args={'ticks': 0, 'ticks_remaining': 1}
2025-09-18 08:38:07,261 : INFO : EventManager : Event: ======'mode_attract_starting'====== Args={}
2025-09-18 08:38:07,261 : INFO : Mode.attract : Started. Priority: 10
2025-09-18 08:38:07,261 : INFO : EventManager : Event: ======'modes_active_modes_changed'====== Args={}
2025-09-18 08:38:07,261 : INFO : EventManager : Event: ======'mode_attract_started'====== Args={}
2025-09-18 08:38:07,263 : ERROR : asyncio : Exception in callback EventManager.process_event_queue()
handle: <Handle EventManager.process_event_queue()>
Traceback (most recent call last):
  File "C:\Users\White\mpf\Lib\site-packages\mpf\core\show_controller.py", line 130, in replace_or_advance_show
    show_obj = self.machine.shows[config.name]
               ~~~~~~~~~~~~~~~~~~^^^^^^^^^^^^^
KeyError: 'attract_cycle'

During handling of the above exception, another exception occurred:

Traceback (most recent call last):
  File "C:\Users\White\mpf\Lib\site-packages\mpf\core\events.py", line 755, in _run_handlers
    result = handler.callback(**merged_kwargs)
             ^^^^^^^^^^^^^^^^^^^^^^^^^^^^^^^^^
  File "C:\Users\White\mpf\Lib\site-packages\mpf\core\config_player.py", line 348, in config_play_callback
    return self.play(settings=settings, context=context, calling_context=calling_context, priority=priority,
           ^^^^^^^^^^^^^^^^^^^^^^^^^^^^^^^^^^^^^^^^^^^^^^^^^^^^^^^^^^^^^^^^^^^^^^^^^^^^^^^^^^^^^^^^^^^^^^^^^
  File "C:\Users\White\mpf\Lib\site-packages\mpf\config_players\show_player.py", line 60, in play
    self._update_show(show.name, show_settings, context, queue, start_time, show_tokens)
  File "C:\Users\White\mpf\Lib\site-packages\mpf\config_players\show_player.py", line 225, in _update_show
    action(key, instance_dict, show_name, show_settings, queue, start_time, placeholder_args)
  File "C:\Users\White\mpf\Lib\site-packages\mpf\config_players\show_player.py", line 117, in _play
    instance_dict[key] = self.machine.show_controller.replace_or_advance_show(previous_show, show_config,
                         ^^^^^^^^^^^^^^^^^^^^^^^^^^^^^^^^^^^^^^^^^^^^^^^^^^^^^^^^^^^^^^^^^^^^^^^^^^^^^^^^
  File "C:\Users\White\mpf\Lib\site-packages\mpf\core\show_controller.py", line 132, in replace_or_advance_show
    raise KeyError("Cannot play show '{}'. No show with that "
KeyError: "Cannot play show 'attract_cycle'. No show with that name."

The above exception was the direct cause of the following exception:

Traceback (most recent call last):
  File "C:\Users\White\AppData\Local\Programs\Python\Python312\Lib\asyncio\events.py", line 88, in _run
    self._context.run(self._callback, *self._args)
  File "C:\Users\White\mpf\Lib\site-packages\mpf\core\events.py", line 846, in process_event_queue
    self._process_event(event=event[0],
  File "C:\Users\White\mpf\Lib\site-packages\mpf\core\events.py", line 808, in _process_event
    result = self._run_handlers(event, ev_type, kwargs)
             ^^^^^^^^^^^^^^^^^^^^^^^^^^^^^^^^^^^^^^^^^^
  File "C:\Users\White\mpf\Lib\site-packages\mpf\core\events.py", line 757, in _run_handlers
    raise EventHandlerException(
mpf.core.events.EventHandlerException: Exception while processing RegisteredHandler(callback=<bound method ConfigPlayer.config_play_callback of ConfigPlayer.show_player/shows>, priority=10, kwargs={'calling_context': 'mode_attract_started', 'mode': <Mode.attract>, 'settings': {attract_cycle-None-None: {'loops': -1, 'speed': <NativeTemplate 1.0>, 'priority': 0, 'action': 'play', 'show': None, 'block_queue': False, 'start_step': <NativeTemplate 1>, 'start_running': <Template True>, 'sync_ms': None, 'manual_advance': False, 'show_queue': None, 'key': None, 'show_tokens': {}, 'events_when_played': [], 'events_when_stopped': [], 'events_when_looped': [], 'events_when_paused': [], 'events_when_resumed': [], 'events_when_advanced': [], 'events_when_stepped_back': [], 'events_when_updated': [], 'events_when_completed': []}}}, key=UUID('5cc3e73b-12a3-47fc-8f64-3f3318bee224'), condition=None, blocking_facility=None) for event mode_attract_started. "Cannot play show 'attract_cycle'. No show with that name."
2025-09-18 08:38:07,269 : INFO : Mode.service : Will not start because machine is shutting down.
2025-09-18 08:38:07,270 : INFO : Machine : Starting the main run loop with active modes: [<Mode.attract>]
2025-09-18 08:38:07,270 : INFO : Machine : Shutting down...
2025-09-18 08:38:07,271 : INFO : EventManager : Event: ======'shutdown'====== Args={}
2025-09-18 08:38:07,273 : ERROR : Machine : Runtime Exception
Traceback (most recent call last):
  File "C:\Users\White\mpf\Lib\site-packages\mpf\core\show_controller.py", line 130, in replace_or_advance_show
    show_obj = self.machine.shows[config.name]
               ~~~~~~~~~~~~~~~~~~^^^^^^^^^^^^^
KeyError: 'attract_cycle'

During handling of the above exception, another exception occurred:

Traceback (most recent call last):
  File "C:\Users\White\mpf\Lib\site-packages\mpf\core\events.py", line 755, in _run_handlers
    result = handler.callback(**merged_kwargs)
             ^^^^^^^^^^^^^^^^^^^^^^^^^^^^^^^^^
  File "C:\Users\White\mpf\Lib\site-packages\mpf\core\config_player.py", line 348, in config_play_callback
    return self.play(settings=settings, context=context, calling_context=calling_context, priority=priority,
           ^^^^^^^^^^^^^^^^^^^^^^^^^^^^^^^^^^^^^^^^^^^^^^^^^^^^^^^^^^^^^^^^^^^^^^^^^^^^^^^^^^^^^^^^^^^^^^^^^
  File "C:\Users\White\mpf\Lib\site-packages\mpf\config_players\show_player.py", line 60, in play
    self._update_show(show.name, show_settings, context, queue, start_time, show_tokens)
  File "C:\Users\White\mpf\Lib\site-packages\mpf\config_players\show_player.py", line 225, in _update_show
    action(key, instance_dict, show_name, show_settings, queue, start_time, placeholder_args)
  File "C:\Users\White\mpf\Lib\site-packages\mpf\config_players\show_player.py", line 117, in _play
    instance_dict[key] = self.machine.show_controller.replace_or_advance_show(previous_show, show_config,
                         ^^^^^^^^^^^^^^^^^^^^^^^^^^^^^^^^^^^^^^^^^^^^^^^^^^^^^^^^^^^^^^^^^^^^^^^^^^^^^^^^
  File "C:\Users\White\mpf\Lib\site-packages\mpf\core\show_controller.py", line 132, in replace_or_advance_show
    raise KeyError("Cannot play show '{}'. No show with that "
KeyError: "Cannot play show 'attract_cycle'. No show with that name."

The above exception was the direct cause of the following exception:

Traceback (most recent call last):
  File "C:\Users\White\mpf\Lib\site-packages\mpf\core\machine.py", line 808, in _run_loop
    raise self._exception['exception']
  File "C:\Users\White\AppData\Local\Programs\Python\Python312\Lib\asyncio\events.py", line 88, in _run
    self._context.run(self._callback, *self._args)
  File "C:\Users\White\mpf\Lib\site-packages\mpf\core\events.py", line 846, in process_event_queue
    self._process_event(event=event[0],
  File "C:\Users\White\mpf\Lib\site-packages\mpf\core\events.py", line 808, in _process_event
    result = self._run_handlers(event, ev_type, kwargs)
             ^^^^^^^^^^^^^^^^^^^^^^^^^^^^^^^^^^^^^^^^^^
  File "C:\Users\White\mpf\Lib\site-packages\mpf\core\events.py", line 757, in _run_handlers
    raise EventHandlerException(
mpf.core.events.EventHandlerException: Exception while processing RegisteredHandler(callback=<bound method ConfigPlayer.config_play_callback of ConfigPlayer.show_player/shows>, priority=10, kwargs={'calling_context': 'mode_attract_started', 'mode': <Mode.attract>, 'settings': {attract_cycle-None-None: {'loops': -1, 'speed': <NativeTemplate 1.0>, 'priority': 0, 'action': 'play', 'show': None, 'block_queue': False, 'start_step': <NativeTemplate 1>, 'start_running': <Template True>, 'sync_ms': None, 'manual_advance': False, 'show_queue': None, 'key': None, 'show_tokens': {}, 'events_when_played': [], 'events_when_stopped': [], 'events_when_looped': [], 'events_when_paused': [], 'events_when_resumed': [], 'events_when_advanced': [], 'events_when_stepped_back': [], 'events_when_updated': [], 'events_when_completed': []}}}, key=UUID('5cc3e73b-12a3-47fc-8f64-3f3318bee224'), condition=None, blocking_facility=None) for event mode_attract_started. "Cannot play show 'attract_cycle'. No show with that name."
2025-09-18 08:38:07,275 : INFO : root : MPF run loop ended.
