2025-09-24 21:05:34,066 : INFO : root : Loading config.
2025-09-24 21:05:34,069 : INFO : YamlMultifileConfigLoader : Machine config file #1: config.yaml
2025-09-24 21:05:34,070 : INFO : ConfigProcessor : Loading config from cache: C:\Users\White\AppData\Local\Temp\cfa6ecba65704a931c9dd214c44986c8.mpf_cache
2025-09-24 21:05:34,185 : INFO : ConfigProcessor : Loading config from cache: C:\Users\White\AppData\Local\Temp\f98ffc0ff5962effface7d86bc406d5c.mpf_cache
2025-09-24 21:05:34,186 : INFO : ConfigProcessor : Loading config from cache: C:\Users\White\AppData\Local\Temp\91cc4d1c993c58dc354e34974b9cfeac.mpf_cache
2025-09-24 21:05:34,186 : INFO : ConfigProcessor : Loading config from cache: C:\Users\White\AppData\Local\Temp\f98ffc0ff5962effface7d86bc406d5c.mpf_cache
2025-09-24 21:05:34,187 : INFO : ConfigProcessor : Loading config from cache: C:\Users\White\AppData\Local\Temp\76792f1d686f89709887dba7bd69667a.mpf_cache
2025-09-24 21:05:34,187 : INFO : ConfigProcessor : Loading config from cache: C:\Users\White\AppData\Local\Temp\142bbae4707335cc8e3efaa4364c4893.mpf_cache
2025-09-24 21:05:34,188 : WARNING : ConfigProcessor : Config file in cache changed: C:\Users\White\Documents\Top_Gun_Pinball\modes\skillshot\config\skillshot.yaml
2025-09-24 21:05:34,188 : INFO : ConfigProcessor : Loading config from file C:\Users\White\Documents\Top_Gun_Pinball\modes\skillshot\config\skillshot.yaml.
2025-09-24 21:05:34,205 : INFO : ConfigProcessor : Loading config: C:\Users\White\Documents\Top_Gun_Pinball\modes\skillshot\config\skillshot.yaml
2025-09-24 21:05:34,206 : INFO : ConfigProcessor : Config file cache created: C:\Users\White\AppData\Local\Temp\0f5f0ac41d1a2672d0d32cef2b12699e.mpf_cache
2025-09-24 21:05:34,208 : INFO : ConfigProcessor : Loading config from cache: C:\Users\White\AppData\Local\Temp\82e20c7c6490dd2e5fed726a3aa8d652.mpf_cache
2025-09-24 21:05:34,209 : INFO : ConfigProcessor : Loading config from cache: C:\Users\White\AppData\Local\Temp\359114d5ba2a6ad6c93d1559776bbb30.mpf_cache
2025-09-24 21:05:34,211 : INFO : ConfigProcessor : Loading config from cache: C:\Users\White\AppData\Local\Temp\d421369d6df802e4e6f8aa58f446b1a6.mpf_cache
2025-09-24 21:05:34,211 : INFO : ConfigProcessor : Loading config from cache: C:\Users\White\AppData\Local\Temp\310aa541ce6545037d37da470e7bd790.mpf_cache
2025-09-24 21:05:34,213 : INFO : ConfigProcessor : Loading config from cache: C:\Users\White\AppData\Local\Temp\2151caa0419aeb1e56d3d8934477383e.mpf_cache
2025-09-24 21:05:34,214 : INFO : ConfigProcessor : Loading config from cache: C:\Users\White\AppData\Local\Temp\17003635873251b4f6841bf4ab3bdcdd.mpf_cache
2025-09-24 21:05:34,215 : INFO : ConfigProcessor : Loading config from cache: C:\Users\White\AppData\Local\Temp\f70c640a816343cb9040222d7a9269d3.mpf_cache
2025-09-24 21:05:34,218 : INFO : ConfigProcessor : Loading config from cache: C:\Users\White\AppData\Local\Temp\30922048be1d0c17ea15fc75f7fbfe10.mpf_cache
2025-09-24 21:05:34,220 : INFO : ConfigProcessor : Loading config from cache: C:\Users\White\AppData\Local\Temp\58d7809d3d969de03aaf131fc45863f8.mpf_cache
2025-09-24 21:05:34,221 : INFO : ConfigProcessor : Loading config from cache: C:\Users\White\AppData\Local\Temp\5b11d0bfdb75c66aa3a38b9b17667bfe.mpf_cache
2025-09-24 21:05:34,232 : INFO : Machine : Mission Pinball Framework Core Engine v0.80.0.dev9
2025-09-24 21:05:34,232 : INFO : Machine : Command line arguments: {'no_load_cache': False, 'create_config_cache': True, 'bcp': True, 'configfile': ['config.yaml'], 'force_assets_load': False, 'platform_integration_test': False, 'jsonlogging': False, 'logfile': 'logs\\2025-09-24-21-05-34-mpf-TopGunPinball.log', 'pause': False, 'production': False, 'text_ui': False, 'loglevel': 15, 'consoleloglevel': 20, 'force_platform': 'virtual', 'syslog_address': None, 'full_logfile_path': 'C:\\Users\\White\\Documents\\Top_Gun_Pinball\\logs\\2025-09-24-21-05-34-mpf-TopGunPinball.log'}
2025-09-24 21:05:34,232 : INFO : Machine : MPF path: C:\Users\White\mpf\Lib\site-packages\mpf
2025-09-24 21:05:34,232 : INFO : Machine : Machine path: C:\Users\White\Documents\Top_Gun_Pinball
2025-09-24 21:05:34,232 : INFO : Machine : Platform: win32
2025-09-24 21:05:34,232 : INFO : Machine : Python executable location: C:\Users\White\mpf\Scripts\python.exe
2025-09-24 21:05:34,232 : INFO : Machine : Python version: 3.12.7 (64-bit)
2025-09-24 21:05:34,234 : INFO : Machine : Initializing MPF...
2025-09-24 21:05:34,329 : INFO : EventManager : Event: ======'machine_var_credits_string'====== Args={'value': 'FREE PLAY', 'prev_value': None, 'change': True}
2025-09-24 21:05:34,357 : INFO : EventManager : Event: ======'machine_var_master_volume'====== Args={'value': 0.5, 'prev_value': None, 'change': True}
2025-09-24 21:05:34,357 : INFO : EventManager : Event: ======'machine_var_player1_score'====== Args={'value': 61000, 'prev_value': None, 'change': True}
2025-09-24 21:05:34,357 : INFO : EventManager : Event: ======'machine_var_player2_score'====== Args={'value': 73000, 'prev_value': None, 'change': True}
2025-09-24 21:05:34,357 : INFO : EventManager : Event: ======'machine_var_mpf_version'====== Args={'value': 'Mission Pinball Framework v0.80.0.dev9', 'prev_value': None, 'change': True}
2025-09-24 21:05:34,357 : INFO : EventManager : Event: ======'machine_var_mpf_extended_version'====== Args={'value': 'Mission Pinball Framework v0.80.0.dev9, Config version:6, Show version: 6, BCP version:1.1', 'prev_value': None, 'change': True}
2025-09-24 21:05:34,357 : INFO : EventManager : Event: ======'machine_var_python_version'====== Args={'value': '3.12.7', 'prev_value': None, 'change': True}
2025-09-24 21:05:34,501 : INFO : EventManager : Event: ======'machine_var_platform'====== Args={'value': 'Windows-11-10.0.26100-SP0', 'prev_value': None, 'change': True}
2025-09-24 21:05:34,501 : INFO : EventManager : Event: ======'machine_var_platform_system'====== Args={'value': 'Windows', 'prev_value': None, 'change': True}
2025-09-24 21:05:34,501 : INFO : EventManager : Event: ======'machine_var_platform_release'====== Args={'value': '11', 'prev_value': None, 'change': True}
2025-09-24 21:05:34,501 : INFO : EventManager : Event: ======'machine_var_platform_version'====== Args={'value': '10.0.26100', 'prev_value': None, 'change': True}
2025-09-24 21:05:34,501 : INFO : EventManager : Event: ======'machine_var_platform_machine'====== Args={'value': 'AMD64', 'prev_value': None, 'change': True}
2025-09-24 21:05:34,501 : INFO : EventManager : Event: ======'machine_var_log_file_path'====== Args={'value': 'C:\\Users\\White\\Documents\\Top_Gun_Pinball\\logs\\2025-09-24-21-05-34-mpf-TopGunPinball.log', 'prev_value': None, 'change': True}
2025-09-24 21:05:34,501 : INFO : EventManager : Event: ======'init_phase_1'====== Args={}
2025-09-24 21:05:34,545 : INFO : EventManager : Event: ======'init_phase_2'====== Args={}
2025-09-24 21:05:34,545 : INFO : SwitchController : Found active switch: ('playfield_board_lower-3208-0', <Platform.Virtual>) <switch.s_trough_1>
2025-09-24 21:05:34,545 : INFO : SwitchController : Found active switch: ('playfield_board_lower-3208-1', <Platform.Virtual>) <switch.s_trough_2>
2025-09-24 21:05:34,545 : INFO : SwitchController : Found active switch: ('playfield_board_lower-3208-2', <Platform.Virtual>) <switch.s_trough_3>
2025-09-24 21:05:34,545 : INFO : SwitchController : Found active switch: ('playfield_board_lower-3208-3', <Platform.Virtual>) <switch.s_trough_4>
2025-09-24 21:05:34,545 : INFO : SwitchController : Found active switch: ('playfield_board_lower-3208-4', <Platform.Virtual>) <switch.s_trough_5>
2025-09-24 21:05:34,545 : INFO : SwitchController : Found active switch: ('playfield_board_lower-3208-5', <Platform.Virtual>) <switch.s_trough_6>
2025-09-24 21:05:34,549 : INFO : EventManager : Event: ======'bcp_connection_attempt'====== Args={'name': 'local_display', 'host': 'localhost', 'port': 5050}
2025-09-24 21:05:34,551 : INFO : BCPClientSocket : Connecting BCP to 'local_display' at localhost:5050...
2025-09-24 21:05:34,562 : INFO : BCPClientSocket : Connected BCP to 'local_display' localhost:5050
2025-09-24 21:05:34,563 : INFO : EventManager : Event: ======'bcp_clients_connected'====== Args={}
2025-09-24 21:05:34,563 : INFO : ball_device.bd_plunger : BCH: Initial count: 0
2025-09-24 21:05:34,563 : INFO : ball_device.bd_plunger : State: idle
2025-09-24 21:05:34,564 : INFO : ball_device.bd_trough : BCH: Initial count: 6
2025-09-24 21:05:34,564 : INFO : ball_device.bd_trough : State: idle
2025-09-24 21:05:34,564 : INFO : ball_device.bd_lock_elevator : BCH: Initial count: 0
2025-09-24 21:05:34,564 : INFO : ball_device.bd_lock_elevator : State: idle
2025-09-24 21:05:34,565 : INFO : ball_device.bd_mode_scoop : BCH: Initial count: 0
2025-09-24 21:05:34,565 : INFO : ball_device.bd_mode_scoop : State: idle
2025-09-24 21:05:34,590 : INFO : EventManager : Event: ======'init_phase_3'====== Args={}
2025-09-24 21:05:35,143 : INFO : EventManager : Event: ======'init_phase_4'====== Args={}
2025-09-24 21:05:35,143 : INFO : BallController : Initial balls found: 6
2025-09-24 21:05:35,144 : INFO : EventManager : Event: ======'machine_var_audits_events_game_ended'====== Args={'value': 1, 'prev_value': None, 'change': True}
2025-09-24 21:05:35,144 : INFO : EventManager : Event: ======'machine_var_audits_events_game_started'====== Args={'value': 161, 'prev_value': None, 'change': True}
2025-09-24 21:05:35,144 : INFO : EventManager : Event: ======'machine_var_audits_missing_switches_s_a_iceman_target'====== Args={'value': 27, 'prev_value': None, 'change': True}
2025-09-24 21:05:35,144 : INFO : EventManager : Event: ======'machine_var_audits_missing_switches_s_barrier_target'====== Args={'value': 45, 'prev_value': None, 'change': True}
2025-09-24 21:05:35,145 : INFO : EventManager : Event: ======'machine_var_audits_missing_switches_s_bumper_center'====== Args={'value': 1, 'prev_value': None, 'change': True}
2025-09-24 21:05:35,145 : INFO : EventManager : Event: ======'machine_var_audits_missing_switches_s_bumper_left'====== Args={'value': 1, 'prev_value': None, 'change': True}
2025-09-24 21:05:35,145 : INFO : EventManager : Event: ======'machine_var_audits_missing_switches_s_bumper_right'====== Args={'value': 1, 'prev_value': None, 'change': True}
2025-09-24 21:05:35,145 : INFO : EventManager : Event: ======'machine_var_audits_missing_switches_s_c_iceman_target'====== Args={'value': 2, 'prev_value': None, 'change': True}
2025-09-24 21:05:35,145 : INFO : EventManager : Event: ======'machine_var_audits_missing_switches_s_c_lock_target'====== Args={'value': 45, 'prev_value': None, 'change': True}
2025-09-24 21:05:35,145 : INFO : EventManager : Event: ======'machine_var_audits_missing_switches_s_coin_door'====== Args={'value': 48, 'prev_value': None, 'change': True}
2025-09-24 21:05:35,145 : INFO : EventManager : Event: ======'machine_var_audits_missing_switches_s_coin_door_service_1'====== Args={'value': 48, 'prev_value': None, 'change': True}
2025-09-24 21:05:35,145 : INFO : EventManager : Event: ======'machine_var_audits_missing_switches_s_coin_door_service_2'====== Args={'value': 48, 'prev_value': None, 'change': True}
2025-09-24 21:05:35,145 : INFO : EventManager : Event: ======'machine_var_audits_missing_switches_s_coin_door_service_3'====== Args={'value': 48, 'prev_value': None, 'change': True}
2025-09-24 21:05:35,145 : INFO : EventManager : Event: ======'machine_var_audits_missing_switches_s_coin_door_service_4'====== Args={'value': 48, 'prev_value': None, 'change': True}
2025-09-24 21:05:35,145 : INFO : EventManager : Event: ======'machine_var_audits_missing_switches_s_e_iceman_target'====== Args={'value': 1, 'prev_value': None, 'change': True}
2025-09-24 21:05:35,145 : INFO : EventManager : Event: ======'machine_var_audits_missing_switches_s_flight_gear_target'====== Args={'value': 45, 'prev_value': None, 'change': True}
2025-09-24 21:05:35,145 : INFO : EventManager : Event: ======'machine_var_audits_missing_switches_s_flipper_left'====== Args={'value': 106, 'prev_value': None, 'change': True}
2025-09-24 21:05:35,145 : INFO : EventManager : Event: ======'machine_var_audits_missing_switches_s_flipper_left_eos'====== Args={'value': 108, 'prev_value': None, 'change': True}
2025-09-24 21:05:35,145 : INFO : EventManager : Event: ======'machine_var_audits_missing_switches_s_flipper_left_upper'====== Args={'value': 110, 'prev_value': None, 'change': True}
2025-09-24 21:05:35,146 : INFO : EventManager : Event: ======'machine_var_audits_missing_switches_s_flipper_left_upper_eos'====== Args={'value': 108, 'prev_value': None, 'change': True}
2025-09-24 21:05:35,146 : INFO : EventManager : Event: ======'machine_var_audits_missing_switches_s_flipper_right'====== Args={'value': 44, 'prev_value': None, 'change': True}
2025-09-24 21:05:35,146 : INFO : EventManager : Event: ======'machine_var_audits_missing_switches_s_flipper_right_eos'====== Args={'value': 108, 'prev_value': None, 'change': True}
2025-09-24 21:05:35,146 : INFO : EventManager : Event: ======'machine_var_audits_missing_switches_s_i_iceman_target'====== Args={'value': 2, 'prev_value': None, 'change': True}
2025-09-24 21:05:35,146 : INFO : EventManager : Event: ======'machine_var_audits_missing_switches_s_inlane_left'====== Args={'value': 41, 'prev_value': None, 'change': True}
2025-09-24 21:05:35,146 : INFO : EventManager : Event: ======'machine_var_audits_missing_switches_s_inner_inlane_right'====== Args={'value': 45, 'prev_value': None, 'change': True}
2025-09-24 21:05:35,146 : INFO : EventManager : Event: ======'machine_var_audits_missing_switches_s_jam'====== Args={'value': 47, 'prev_value': None, 'change': True}
2025-09-24 21:05:35,146 : INFO : EventManager : Event: ======'machine_var_audits_missing_switches_s_k_lock_target'====== Args={'value': 45, 'prev_value': None, 'change': True}
2025-09-24 21:05:35,146 : INFO : EventManager : Event: ======'machine_var_audits_missing_switches_s_l_lock_target'====== Args={'value': 45, 'prev_value': None, 'change': True}
2025-09-24 21:05:35,146 : INFO : EventManager : Event: ======'machine_var_audits_missing_switches_s_lane_left'====== Args={'value': 160, 'prev_value': None, 'change': True}
2025-09-24 21:05:35,146 : INFO : EventManager : Event: ======'machine_var_audits_missing_switches_s_lock_goose'====== Args={'value': 110, 'prev_value': None, 'change': True}
2025-09-24 21:05:35,146 : INFO : EventManager : Event: ======'machine_var_audits_missing_switches_s_lock_mav'====== Args={'value': 110, 'prev_value': None, 'change': True}
2025-09-24 21:05:35,146 : INFO : EventManager : Event: ======'machine_var_audits_missing_switches_s_lock_plunger'====== Args={'value': 110, 'prev_value': None, 'change': True}
2025-09-24 21:05:35,146 : INFO : EventManager : Event: ======'machine_var_audits_missing_switches_s_m_iceman_target'====== Args={'value': 35, 'prev_value': None, 'change': True}
2025-09-24 21:05:35,146 : INFO : EventManager : Event: ======'machine_var_audits_missing_switches_s_mig_lane_left'====== Args={'value': 1, 'prev_value': None, 'change': True}
2025-09-24 21:05:35,146 : INFO : EventManager : Event: ======'machine_var_audits_missing_switches_s_mig_lane_right'====== Args={'value': 22, 'prev_value': None, 'change': True}
2025-09-24 21:05:35,146 : INFO : EventManager : Event: ======'machine_var_audits_missing_switches_s_mode_start'====== Args={'value': 110, 'prev_value': None, 'change': True}
2025-09-24 21:05:35,146 : INFO : EventManager : Event: ======'machine_var_audits_missing_switches_s_n_iceman_target'====== Args={'value': 4, 'prev_value': None, 'change': True}
2025-09-24 21:05:35,146 : INFO : EventManager : Event: ======'machine_var_audits_missing_switches_s_o_lock_target'====== Args={'value': 45, 'prev_value': None, 'change': True}
2025-09-24 21:05:35,146 : INFO : EventManager : Event: ======'machine_var_audits_missing_switches_s_orbit_left'====== Args={'value': 1, 'prev_value': None, 'change': True}
2025-09-24 21:05:35,146 : INFO : EventManager : Event: ======'machine_var_audits_missing_switches_s_orbit_lower'====== Args={'value': 110, 'prev_value': None, 'change': True}
2025-09-24 21:05:35,147 : INFO : EventManager : Event: ======'machine_var_audits_missing_switches_s_orbit_right'====== Args={'value': 1, 'prev_value': None, 'change': True}
2025-09-24 21:05:35,147 : INFO : EventManager : Event: ======'machine_var_audits_missing_switches_s_orbit_upper'====== Args={'value': 8, 'prev_value': None, 'change': True}
2025-09-24 21:05:35,147 : INFO : EventManager : Event: ======'machine_var_audits_missing_switches_s_outer_inlane_right'====== Args={'value': 43, 'prev_value': None, 'change': True}
2025-09-24 21:05:35,147 : INFO : EventManager : Event: ======'machine_var_audits_missing_switches_s_outlane_left'====== Args={'value': 110, 'prev_value': None, 'change': True}
2025-09-24 21:05:35,147 : INFO : EventManager : Event: ======'machine_var_audits_missing_switches_s_outlane_right'====== Args={'value': 47, 'prev_value': None, 'change': True}
2025-09-24 21:05:35,147 : INFO : EventManager : Event: ======'machine_var_audits_missing_switches_s_plunger_lane'====== Args={'value': 10, 'prev_value': None, 'change': True}
2025-09-24 21:05:35,147 : INFO : EventManager : Event: ======'machine_var_audits_missing_switches_s_ramp_inner_exit'====== Args={'value': 110, 'prev_value': None, 'change': True}
2025-09-24 21:05:35,147 : INFO : EventManager : Event: ======'machine_var_audits_missing_switches_s_ramp_left_exit'====== Args={'value': 110, 'prev_value': None, 'change': True}
2025-09-24 21:05:35,147 : INFO : EventManager : Event: ======'machine_var_audits_missing_switches_s_ramp_right_exit'====== Args={'value': 110, 'prev_value': None, 'change': True}
2025-09-24 21:05:35,147 : INFO : EventManager : Event: ======'machine_var_audits_missing_switches_s_ramp_tower_exit'====== Args={'value': 110, 'prev_value': None, 'change': True}
2025-09-24 21:05:35,147 : INFO : EventManager : Event: ======'machine_var_audits_missing_switches_s_slingshot_left'====== Args={'value': 45, 'prev_value': None, 'change': True}
2025-09-24 21:05:35,147 : INFO : EventManager : Event: ======'machine_var_audits_missing_switches_s_slingshot_right'====== Args={'value': 45, 'prev_value': None, 'change': True}
2025-09-24 21:05:35,147 : INFO : EventManager : Event: ======'machine_var_audits_missing_switches_s_start'====== Args={'value': 1, 'prev_value': None, 'change': True}
2025-09-24 21:05:35,147 : INFO : EventManager : Event: ======'machine_var_audits_missing_switches_s_tilt'====== Args={'value': 48, 'prev_value': None, 'change': True}
2025-09-24 21:05:35,147 : INFO : EventManager : Event: ======'machine_var_audits_missing_switches_s_trough_1'====== Args={'value': 86, 'prev_value': None, 'change': True}
2025-09-24 21:05:35,147 : INFO : EventManager : Event: ======'machine_var_audits_missing_switches_s_trough_2'====== Args={'value': 86, 'prev_value': None, 'change': True}
2025-09-24 21:05:35,147 : INFO : EventManager : Event: ======'machine_var_audits_missing_switches_s_trough_3'====== Args={'value': 86, 'prev_value': None, 'change': True}
2025-09-24 21:05:35,147 : INFO : EventManager : Event: ======'machine_var_audits_missing_switches_s_trough_4'====== Args={'value': 161, 'prev_value': None, 'change': True}
2025-09-24 21:05:35,147 : INFO : EventManager : Event: ======'machine_var_audits_missing_switches_s_trough_5'====== Args={'value': 161, 'prev_value': None, 'change': True}
2025-09-24 21:05:35,147 : INFO : EventManager : Event: ======'machine_var_audits_missing_switches_s_trough_6'====== Args={'value': 1, 'prev_value': None, 'change': True}
2025-09-24 21:05:35,147 : INFO : EventManager : Event: ======'machine_var_audits_player_score'====== Args={'value': {'average': 67000, 'top': [73000, 61000], 'total': 2}, 'prev_value': None, 'change': True}
2025-09-24 21:05:35,147 : INFO : EventManager : Event: ======'machine_var_audits_shots_bumper_center'====== Args={'value': 487, 'prev_value': None, 'change': True}
2025-09-24 21:05:35,147 : INFO : EventManager : Event: ======'machine_var_audits_shots_bumper_left'====== Args={'value': 490, 'prev_value': None, 'change': True}
2025-09-24 21:05:35,148 : INFO : EventManager : Event: ======'machine_var_audits_shots_bumper_right'====== Args={'value': 360, 'prev_value': None, 'change': True}
2025-09-24 21:05:35,148 : INFO : EventManager : Event: ======'machine_var_audits_shots_mig_lane_left'====== Args={'value': 19, 'prev_value': None, 'change': True}
2025-09-24 21:05:35,148 : INFO : EventManager : Event: ======'machine_var_audits_shots_mig_lane_right'====== Args={'value': 1, 'prev_value': None, 'change': True}
2025-09-24 21:05:35,148 : INFO : EventManager : Event: ======'machine_var_audits_shots_orbit_upper'====== Args={'value': 5, 'prev_value': None, 'change': True}
2025-09-24 21:05:35,148 : INFO : EventManager : Event: ======'machine_var_audits_shots_spinner'====== Args={'value': 1, 'prev_value': None, 'change': True}
2025-09-24 21:05:35,148 : INFO : EventManager : Event: ======'machine_var_audits_switches_s_a_iceman_target'====== Args={'value': 25, 'prev_value': None, 'change': True}
2025-09-24 21:05:35,148 : INFO : EventManager : Event: ======'machine_var_audits_switches_s_barrier_target'====== Args={'value': 6, 'prev_value': None, 'change': True}
2025-09-24 21:05:35,148 : INFO : EventManager : Event: ======'machine_var_audits_switches_s_bumper_center'====== Args={'value': 506, 'prev_value': None, 'change': True}
2025-09-24 21:05:35,148 : INFO : EventManager : Event: ======'machine_var_audits_switches_s_bumper_left'====== Args={'value': 520, 'prev_value': None, 'change': True}
2025-09-24 21:05:35,148 : INFO : EventManager : Event: ======'machine_var_audits_switches_s_bumper_right'====== Args={'value': 366, 'prev_value': None, 'change': True}
2025-09-24 21:05:35,148 : INFO : EventManager : Event: ======'machine_var_audits_switches_s_c_iceman_target'====== Args={'value': 40, 'prev_value': None, 'change': True}
2025-09-24 21:05:35,148 : INFO : EventManager : Event: ======'machine_var_audits_switches_s_c_lock_target'====== Args={'value': 4, 'prev_value': None, 'change': True}
2025-09-24 21:05:35,148 : INFO : EventManager : Event: ======'machine_var_audits_switches_s_coin_door'====== Args={'value': 0, 'prev_value': None, 'change': True}
2025-09-24 21:05:35,148 : INFO : EventManager : Event: ======'machine_var_audits_switches_s_coin_door_service_1'====== Args={'value': 0, 'prev_value': None, 'change': True}
2025-09-24 21:05:35,148 : INFO : EventManager : Event: ======'machine_var_audits_switches_s_coin_door_service_2'====== Args={'value': 0, 'prev_value': None, 'change': True}
2025-09-24 21:05:35,148 : INFO : EventManager : Event: ======'machine_var_audits_switches_s_coin_door_service_3'====== Args={'value': 0, 'prev_value': None, 'change': True}
2025-09-24 21:05:35,148 : INFO : EventManager : Event: ======'machine_var_audits_switches_s_coin_door_service_4'====== Args={'value': 0, 'prev_value': None, 'change': True}
2025-09-24 21:05:35,148 : INFO : EventManager : Event: ======'machine_var_audits_switches_s_e_iceman_target'====== Args={'value': 44, 'prev_value': None, 'change': True}
2025-09-24 21:05:35,148 : INFO : EventManager : Event: ======'machine_var_audits_switches_s_flight_gear_target'====== Args={'value': 6, 'prev_value': None, 'change': True}
2025-09-24 21:05:35,148 : INFO : EventManager : Event: ======'machine_var_audits_switches_s_flipper_left'====== Args={'value': 9, 'prev_value': None, 'change': True}
2025-09-24 21:05:35,148 : INFO : EventManager : Event: ======'machine_var_audits_switches_s_flipper_left_eos'====== Args={'value': 0, 'prev_value': None, 'change': True}
2025-09-24 21:05:35,148 : INFO : EventManager : Event: ======'machine_var_audits_switches_s_flipper_left_upper'====== Args={'value': 0, 'prev_value': None, 'change': True}
2025-09-24 21:05:35,149 : INFO : EventManager : Event: ======'machine_var_audits_switches_s_flipper_left_upper_eos'====== Args={'value': 0, 'prev_value': None, 'change': True}
2025-09-24 21:05:35,149 : INFO : EventManager : Event: ======'machine_var_audits_switches_s_flipper_right'====== Args={'value': 17, 'prev_value': None, 'change': True}
2025-09-24 21:05:35,149 : INFO : EventManager : Event: ======'machine_var_audits_switches_s_flipper_right_eos'====== Args={'value': 0, 'prev_value': None, 'change': True}
2025-09-24 21:05:35,149 : INFO : EventManager : Event: ======'machine_var_audits_switches_s_i_iceman_target'====== Args={'value': 7, 'prev_value': None, 'change': True}
2025-09-24 21:05:35,149 : INFO : EventManager : Event: ======'machine_var_audits_switches_s_inlane_left'====== Args={'value': 53, 'prev_value': None, 'change': True}
2025-09-24 21:05:35,149 : INFO : EventManager : Event: ======'machine_var_audits_switches_s_inner_inlane_right'====== Args={'value': 3, 'prev_value': None, 'change': True}
2025-09-24 21:05:35,149 : INFO : EventManager : Event: ======'machine_var_audits_switches_s_jam'====== Args={'value': 1, 'prev_value': None, 'change': True}
2025-09-24 21:05:35,149 : INFO : EventManager : Event: ======'machine_var_audits_switches_s_k_lock_target'====== Args={'value': 5, 'prev_value': None, 'change': True}
2025-09-24 21:05:35,149 : INFO : EventManager : Event: ======'machine_var_audits_switches_s_l_lock_target'====== Args={'value': 5, 'prev_value': None, 'change': True}
2025-09-24 21:05:35,149 : INFO : EventManager : Event: ======'machine_var_audits_switches_s_lane_left'====== Args={'value': 1, 'prev_value': None, 'change': True}
2025-09-24 21:05:35,149 : INFO : EventManager : Event: ======'machine_var_audits_switches_s_lane_right'====== Args={'value': 28, 'prev_value': None, 'change': True}
2025-09-24 21:05:35,149 : INFO : EventManager : Event: ======'machine_var_audits_switches_s_lock_goose'====== Args={'value': 0, 'prev_value': None, 'change': True}
2025-09-24 21:05:35,149 : INFO : EventManager : Event: ======'machine_var_audits_switches_s_lock_mav'====== Args={'value': 0, 'prev_value': None, 'change': True}
2025-09-24 21:05:35,149 : INFO : EventManager : Event: ======'machine_var_audits_switches_s_lock_plunger'====== Args={'value': 0, 'prev_value': None, 'change': True}
2025-09-24 21:05:35,149 : INFO : EventManager : Event: ======'machine_var_audits_switches_s_m_iceman_target'====== Args={'value': 25, 'prev_value': None, 'change': True}
2025-09-24 21:05:35,149 : INFO : EventManager : Event: ======'machine_var_audits_switches_s_mig_lane_left'====== Args={'value': 36, 'prev_value': None, 'change': True}
2025-09-24 21:05:35,149 : INFO : EventManager : Event: ======'machine_var_audits_switches_s_mig_lane_right'====== Args={'value': 4, 'prev_value': None, 'change': True}
2025-09-24 21:05:35,149 : INFO : EventManager : Event: ======'machine_var_audits_switches_s_mode_start'====== Args={'value': 0, 'prev_value': None, 'change': True}
2025-09-24 21:05:35,149 : INFO : EventManager : Event: ======'machine_var_audits_switches_s_n_iceman_target'====== Args={'value': 34, 'prev_value': None, 'change': True}
2025-09-24 21:05:35,149 : INFO : EventManager : Event: ======'machine_var_audits_switches_s_o_lock_target'====== Args={'value': 5, 'prev_value': None, 'change': True}
2025-09-24 21:05:35,149 : INFO : EventManager : Event: ======'machine_var_audits_switches_s_orbit_left'====== Args={'value': 10, 'prev_value': None, 'change': True}
2025-09-24 21:05:35,149 : INFO : EventManager : Event: ======'machine_var_audits_switches_s_orbit_lower'====== Args={'value': 0, 'prev_value': None, 'change': True}
2025-09-24 21:05:35,149 : INFO : EventManager : Event: ======'machine_var_audits_switches_s_orbit_right'====== Args={'value': 11, 'prev_value': None, 'change': True}
2025-09-24 21:05:35,150 : INFO : EventManager : Event: ======'machine_var_audits_switches_s_orbit_upper'====== Args={'value': 6, 'prev_value': None, 'change': True}
2025-09-24 21:05:35,150 : INFO : EventManager : Event: ======'machine_var_audits_switches_s_outer_inlane_right'====== Args={'value': 5, 'prev_value': None, 'change': True}
2025-09-24 21:05:35,150 : INFO : EventManager : Event: ======'machine_var_audits_switches_s_outlane_left'====== Args={'value': 0, 'prev_value': None, 'change': True}
2025-09-24 21:05:35,150 : INFO : EventManager : Event: ======'machine_var_audits_switches_s_outlane_right'====== Args={'value': 4, 'prev_value': None, 'change': True}
2025-09-24 21:05:35,150 : INFO : EventManager : Event: ======'machine_var_audits_switches_s_plunger_lane'====== Args={'value': 46, 'prev_value': None, 'change': True}
2025-09-24 21:05:35,150 : INFO : EventManager : Event: ======'machine_var_audits_switches_s_ramp_inner_exit'====== Args={'value': 0, 'prev_value': None, 'change': True}
2025-09-24 21:05:35,150 : INFO : EventManager : Event: ======'machine_var_audits_switches_s_ramp_left_exit'====== Args={'value': 0, 'prev_value': None, 'change': True}
2025-09-24 21:05:35,150 : INFO : EventManager : Event: ======'machine_var_audits_switches_s_ramp_right_exit'====== Args={'value': 0, 'prev_value': None, 'change': True}
2025-09-24 21:05:35,150 : INFO : EventManager : Event: ======'machine_var_audits_switches_s_ramp_tower_exit'====== Args={'value': 0, 'prev_value': None, 'change': True}
2025-09-24 21:05:35,150 : INFO : EventManager : Event: ======'machine_var_audits_switches_s_shooter_lane'====== Args={'value': 67, 'prev_value': None, 'change': True}
2025-09-24 21:05:35,150 : INFO : EventManager : Event: ======'machine_var_audits_switches_s_slingshot_left'====== Args={'value': 8, 'prev_value': None, 'change': True}
2025-09-24 21:05:35,150 : INFO : EventManager : Event: ======'machine_var_audits_switches_s_slingshot_right'====== Args={'value': 7, 'prev_value': None, 'change': True}
2025-09-24 21:05:35,150 : INFO : EventManager : Event: ======'machine_var_audits_switches_s_spinner'====== Args={'value': 1, 'prev_value': None, 'change': True}
2025-09-24 21:05:35,150 : INFO : EventManager : Event: ======'machine_var_audits_switches_s_start'====== Args={'value': 144, 'prev_value': None, 'change': True}
2025-09-24 21:05:35,150 : INFO : EventManager : Event: ======'machine_var_audits_switches_s_tilt'====== Args={'value': 0, 'prev_value': None, 'change': True}
2025-09-24 21:05:35,150 : INFO : EventManager : Event: ======'machine_var_audits_switches_s_trough_1'====== Args={'value': 2, 'prev_value': None, 'change': True}
2025-09-24 21:05:35,150 : INFO : EventManager : Event: ======'machine_var_audits_switches_s_trough_2'====== Args={'value': 1, 'prev_value': None, 'change': True}
2025-09-24 21:05:35,150 : INFO : EventManager : Event: ======'machine_var_audits_switches_s_trough_3'====== Args={'value': 1, 'prev_value': None, 'change': True}
2025-09-24 21:05:35,150 : INFO : EventManager : Event: ======'machine_var_audits_switches_s_trough_4'====== Args={'value': 0, 'prev_value': None, 'change': True}
2025-09-24 21:05:35,150 : INFO : EventManager : Event: ======'machine_var_audits_switches_s_trough_5'====== Args={'value': 0, 'prev_value': None, 'change': True}
2025-09-24 21:05:35,150 : INFO : EventManager : Event: ======'machine_var_audits_switches_s_trough_6'====== Args={'value': 84, 'prev_value': None, 'change': True}
2025-09-24 21:05:35,151 : INFO : EventManager : Event: ======'init_phase_5'====== Args={}
2025-09-24 21:05:35,151 : INFO : EventManager : Event: ======'init_done'====== Args={}
2025-09-24 21:05:35,151 : INFO : EventManager : Event: ======'machine_reset_phase_1'====== Args={}
2025-09-24 21:05:35,161 : INFO : EventManager : Event: ======'machine_reset_phase_2'====== Args={}
2025-09-24 21:05:35,162 : INFO : EventManager : Event: ======'machine_reset_phase_3'====== Args={}
2025-09-24 21:05:35,162 : INFO : EventManager : Event: ======'reset_complete'====== Args={}
2025-09-24 21:05:35,162 : INFO : EventManager : Event: ======'mode_attract_will_start'====== Args={}
2025-09-24 21:05:35,162 : INFO : Timer.attract_carousel_timer : Starting Timer.
2025-09-24 21:05:35,162 : INFO : EventManager : Event: ======'timer_attract_carousel_timer_started'====== Args={'ticks': 0, 'ticks_remaining': 1}
2025-09-24 21:05:35,163 : INFO : EventManager : Event: ======'timer_attract_carousel_timer_tick'====== Args={'ticks': 0, 'ticks_remaining': 1}
2025-09-24 21:05:35,163 : INFO : EventManager : Event: ======'mode_attract_starting'====== Args={}
2025-09-24 21:05:35,163 : INFO : Mode.attract : Started. Priority: 10
2025-09-24 21:05:35,163 : INFO : EventManager : Event: ======'modes_active_modes_changed'====== Args={}
2025-09-24 21:05:35,163 : INFO : EventManager : Event: ======'mode_attract_started'====== Args={}
2025-09-24 21:05:35,163 : INFO : EventManager : Event: ======'attract_cycle_step1'====== Args={'priority': 0}
2025-09-24 21:05:35,164 : INFO : EventManager : Event: ======'collecting_balls_complete'====== Args={}
2025-09-24 21:05:35,164 : INFO : EventManager : Event: ======'item_highlighted'====== Args={'carousel': 'attract', 'direction': None, 'item': 'title'}
2025-09-24 21:05:35,164 : INFO : EventManager : Event: ======'timer_attract_carousel_timer_tick'====== Args={'ticks': 0, 'ticks_remaining': 1}
2025-09-24 21:05:35,166 : INFO : Machine : Starting the main run loop with active modes: [<Mode.attract>]
2025-09-24 21:05:35,252 : INFO : EventManager : Event: ======'slide_attract_created'====== Args={'_from_bcp': True}
2025-09-24 21:05:35,252 : INFO : EventManager : Event: ======'slide__removed'====== Args={'_from_bcp': True}
2025-09-24 21:05:35,253 : INFO : EventManager : Event: ======'slide_attract_active'====== Args={'original_context': 'attract', 'original_calling_context': 'mode_attract_started', 'priority': 10.0, 'cmd': 'slides_play', '_from_bcp': True}
2025-09-24 21:05:35,389 : INFO : BcpServer : New client connected.
2025-09-24 21:05:42,141 : INFO : Timer.attract_carousel_timer : Timer Complete
2025-09-24 21:05:42,142 : INFO : Timer.attract_carousel_timer : Stopping Timer
2025-09-24 21:05:42,142 : INFO : EventManager : Event: ======'timer_attract_carousel_timer_stopped'====== Args={'ticks': 1, 'ticks_remaining': 1}
2025-09-24 21:05:42,142 : INFO : EventManager : Event: ======'timer_attract_carousel_timer_complete'====== Args={'ticks': 1, 'ticks_remaining': 1}
2025-09-24 21:05:42,144 : INFO : EventManager : Event: ======'item_highlighted'====== Args={'carousel': 'attract', 'direction': 'forwards', 'item': 'presented_by'}
2025-09-24 21:05:42,145 : INFO : Timer.attract_carousel_timer : Starting Timer.
2025-09-24 21:05:42,145 : INFO : EventManager : Event: ======'timer_attract_carousel_timer_started'====== Args={'ticks': 0, 'ticks_remaining': 1}
2025-09-24 21:05:42,145 : INFO : EventManager : Event: ======'timer_attract_carousel_timer_tick'====== Args={'ticks': 0, 'ticks_remaining': 1}
2025-09-24 21:05:45,489 : INFO : SwitchController : <<<<<<< 's_start' active >>>>>>>
2025-09-24 21:05:45,588 : INFO : SwitchController : <<<<<<< 's_start' inactive >>>>>>>
2025-09-24 21:05:45,588 : INFO : EventManager : Event: ======'request_to_start_game'====== Args={}
2025-09-24 21:05:45,588 : INFO : EventManager : Event: ======'game_start'====== Args={'buttons': [], 'hold_time': 0.09400000001187436}
2025-09-24 21:05:45,588 : INFO : EventManager : Event: ======'mode_game_will_start'====== Args={'buttons': [], 'hold_time': 0.09400000001187436}
2025-09-24 21:05:45,589 : INFO : EventManager : Event: ======'mode_game_starting'====== Args={'buttons': [], 'hold_time': 0.09400000001187436}
2025-09-24 21:05:45,589 : INFO : EventManager : Event: ======'mode_attract_will_stop'====== Args={}
2025-09-24 21:05:45,589 : INFO : EventManager : Event: ======'mode_attract_stopping'====== Args={}
2025-09-24 21:05:45,590 : INFO : Mode.game : Started. Priority: 20
2025-09-24 21:05:45,590 : INFO : EventManager : Event: ======'modes_active_modes_changed'====== Args={}
2025-09-24 21:05:45,590 : INFO : EventManager : Event: ======'mode_game_started'====== Args={'buttons': [], 'hold_time': 0.09400000001187436}
2025-09-24 21:05:45,591 : INFO : Mode.attract : Stopped.
2025-09-24 21:05:45,591 : INFO : EventManager : Event: ======'modes_active_modes_changed'====== Args={}
2025-09-24 21:05:45,591 : INFO : EventManager : Event: ======'mode_attract_stopped'====== Args={}
2025-09-24 21:05:45,591 : INFO : EventManager : Event: ======'clear'====== Args={'key': 'attract'}
2025-09-24 21:05:45,591 : INFO : Timer.attract_carousel_timer : Stopping Timer
2025-09-24 21:05:45,592 : INFO : EventManager : Event: ======'timer_attract_carousel_timer_stopped'====== Args={'ticks': 0, 'ticks_remaining': 1}
2025-09-24 21:05:45,592 : INFO : EventManager : Event: ======'game_will_start'====== Args={}
2025-09-24 21:05:45,592 : INFO : EventManager : Event: ======'game_starting'====== Args={'game': <Mode.game>}
2025-09-24 21:05:45,593 : INFO : EventManager : Unordered handler for class <Auditor> on event game_ended with priority 1. Handlers: [RegisteredHandler(callback=<bound method Auditor.disable of <Auditor>>, priority=1, kwargs={}, key=UUID('f8ebe4de-ed3e-41fc-a6a0-72a1b0255912'), condition=None, blocking_facility=None), RegisteredHandler(callback=<bound method Auditor._save_audits of <Auditor>>, priority=1, kwargs={}, key=UUID('0bc26470-46f2-45db-8432-23fb2dcf9bdf'), condition=None, blocking_facility=None)]. The order of those handlers is not defined and they will be executed in random order. This might lead to race conditions and potential bugs.
2025-09-24 21:05:45,593 : INFO : EventManager : Event: ======'player_add_request'====== Args={}
2025-09-24 21:05:45,593 : INFO : EventManager : Event: ======'player_will_add'====== Args={'number': 1}
2025-09-24 21:05:45,594 : INFO : EventManager : Event: ======'player_adding'====== Args={'player': <Player 1>, 'number': 1}
2025-09-24 21:05:45,594 : INFO : EventManager : Event: ======'player_added'====== Args={'player': <Player 1>, 'num': 1}
2025-09-24 21:05:45,594 : INFO : Mode.game : Player added successfully. Total players: 1
2025-09-24 21:05:45,594 : INFO : EventManager : Event: ======'player_index'====== Args={'value': 0, 'prev_value': 0, 'change': 0, 'player_num': 1}
2025-09-24 21:05:45,594 : INFO : EventManager : Event: ======'player_number'====== Args={'value': 1, 'prev_value': 1, 'change': 0, 'player_num': 1}
2025-09-24 21:05:45,595 : INFO : EventManager : Event: ======'player_score'====== Args={'value': 0, 'prev_value': 0, 'change': 0, 'player_num': 1}
2025-09-24 21:05:45,595 : INFO : EventManager : Event: ======'game_started'====== Args={}
2025-09-24 21:05:45,596 : INFO : EventManager : Event: ======'player_turn_will_start'====== Args={'player': <Player 1>, 'number': 1}
2025-09-24 21:05:45,598 : INFO : EventManager : Event: ======'player_turn_starting'====== Args={'player': <Player 1>, 'number': 1}
2025-09-24 21:05:45,605 : INFO : EventManager : Event: ======'player_ball'====== Args={'value': 1, 'prev_value': 0, 'change': 1, 'player_num': 1}
2025-09-24 21:05:45,605 : INFO : EventManager : Event: ======'player_turn_started'====== Args={'player': <Player 1>, 'number': 1}
2025-09-24 21:05:45,606 : INFO : EventManager : Event: ======'ui_player_1_up'====== Args={'priority': 0}
2025-09-24 21:05:45,607 : INFO : EventManager : Event: ======'ball_will_start'====== Args={'player': 1, 'ball': 1, 'balls_remaining': 2, 'is_extra_ball': False}
2025-09-24 21:05:45,607 : INFO : EventManager : Event: ======'ball_starting'====== Args={'player': 1, 'ball': 1, 'balls_remaining': 2, 'is_extra_ball': False}
2025-09-24 21:05:45,608 : INFO : EventManager : Event: ======'mode_base_will_start'====== Args={'queue': <QueuedEvent>, 'player': 1, 'ball': 1, 'balls_remaining': 2, 'is_extra_ball': False}
2025-09-24 21:05:45,610 : INFO : EventManager : Event: ======'mode_base_starting'====== Args={'queue': <QueuedEvent>, 'player': 1, 'ball': 1, 'balls_remaining': 2, 'is_extra_ball': False}
2025-09-24 21:05:45,611 : INFO : Mode.base : Started. Priority: 100
2025-09-24 21:05:45,611 : INFO : EventManager : Event: ======'modes_active_modes_changed'====== Args={}
2025-09-24 21:05:45,611 : INFO : EventManager : Event: ======'mode_base_started'====== Args={'queue': <QueuedEvent>, 'player': 1, 'ball': 1, 'balls_remaining': 2, 'is_extra_ball': False}
2025-09-24 21:05:45,611 : INFO : EventManager : Event: ======'start_mode_bumpers'====== Args={'priority': 0}
2025-09-24 21:05:45,611 : INFO : EventManager : Event: ======'mode_bumpers_will_start'====== Args={'priority': 0}
2025-09-24 21:05:45,612 : INFO : EventManager : Event: ======'player_shot_bumper_left_enabled'====== Args={'value': True, 'prev_value': 0, 'change': 1, 'player_num': 1}
2025-09-24 21:05:45,612 : INFO : EventManager : Event: ======'player_shot_bumper_center_enabled'====== Args={'value': True, 'prev_value': 0, 'change': 1, 'player_num': 1}
2025-09-24 21:05:45,612 : INFO : EventManager : Event: ======'player_shot_bumper_right_enabled'====== Args={'value': True, 'prev_value': 0, 'change': 1, 'player_num': 1}
2025-09-24 21:05:45,613 : INFO : EventManager : Event: ======'bumpers_complete'====== Args={'state': 'unlit'}
2025-09-24 21:05:45,613 : INFO : EventManager : Event: ======'bumpers_unlit_complete'====== Args={}
2025-09-24 21:05:45,613 : INFO : EventManager : Event: ======'mode_bumpers_starting'====== Args={'priority': 0}
2025-09-24 21:05:45,614 : INFO : Mode.bumpers : Started. Priority: 200
2025-09-24 21:05:45,614 : INFO : EventManager : Event: ======'modes_active_modes_changed'====== Args={}
2025-09-24 21:05:45,614 : INFO : EventManager : Event: ======'mode_bumpers_started'====== Args={'priority': 0}
2025-09-24 21:05:45,614 : INFO : EventManager : Event: ======'balls_in_play'====== Args={'balls': 1}
2025-09-24 21:05:45,615 : INFO : EventManager : Event: ======'ball_started'====== Args={'player': 1, 'ball': 1, 'balls_remaining': 2, 'is_extra_ball': False}
2025-09-24 21:05:45,616 : INFO : EventManager : Event: ======'single_player_ball_started'====== Args={}
2025-09-24 21:05:45,616 : INFO : EventManager : Event: ======'ball_start_target'====== Args={'target': 'playfield'}
2025-09-24 21:05:45,617 : INFO : ball_device.bd_plunger : Setting up player-controlled eject. Balls: 1, Target: <playfield.playfield>, player_controlled_eject_event: None
2025-09-24 21:05:45,617 : INFO : EventManager : Event: ======'balldevice_balls_available'====== Args={}
2025-09-24 21:05:45,618 : INFO : ball_device.bd_trough : State: waiting_for_target_ready
2025-09-24 21:05:45,618 : INFO : EventManager : Event: ======'balldevice_bd_trough_ball_eject_attempt'====== Args={'balls': 1, 'target': <ball_device.bd_plunger>, 'source': <ball_device.bd_trough>, 'mechanical_eject': True, 'num_attempts': 0}
2025-09-24 21:05:45,618 : INFO : ball_device.bd_plunger : State: waiting_for_ball
2025-09-24 21:05:45,619 : INFO : ball_device.bd_trough : State: ejecting
2025-09-24 21:05:45,619 : INFO : ball_device.bd_trough : Ejecting ball to <ball_device.bd_plunger>
2025-09-24 21:05:45,619 : INFO : EventManager : Event: ======'balldevice_bd_trough_ejecting_ball'====== Args={'balls': 1, 'target': <ball_device.bd_plunger>, 'source': <ball_device.bd_trough>, 'mechanical_eject': True, 'num_attempts': 0}
2025-09-24 21:05:45,620 : INFO : ball_device.bd_trough : Wait for ball to leave device
2025-09-24 21:05:45,620 : INFO : coil.c_trough_eject : Pulsing Driver for 10ms (0.75 pulse_power)
2025-09-24 21:05:45,694 : INFO : EventManager : Event: ======'slide_base_slide_created'====== Args={'_from_bcp': True}
2025-09-24 21:05:45,695 : INFO : EventManager : Event: ======'slide_attract_inactive'====== Args={'is_removing': True, '_from_bcp': True}
2025-09-24 21:05:45,696 : INFO : EventManager : Event: ======'slide_base_slide_active'====== Args={'original_context': 'base', 'original_calling_context': 'mode_base_started', 'priority': 100.0, 'queue': '<QueuedEvent>', 'player': 1.0, 'ball': 1.0, 'balls_remaining': 2.0, 'is_extra_ball': False, 'cmd': 'slides_play', '_from_bcp': True}
2025-09-24 21:05:45,700 : INFO : EventManager : Event: ======'slide_attract_removed'====== Args={'_from_bcp': True}
2025-09-24 21:05:46,455 : INFO : SwitchController : <<<<<<< 's_trough_6' inactive >>>>>>>
2025-09-24 21:05:46,456 : INFO : ball_device.bd_trough : State: ball_left
2025-09-24 21:05:46,456 : INFO : ball_device.bd_trough : Ball left
2025-09-24 21:05:46,456 : INFO : ball_device.bd_trough : Wait for confirm with timeout 3.0
2025-09-24 21:05:47,073 : INFO : SwitchController : <<<<<<< 's_shooter_lane' active >>>>>>>
2025-09-24 21:05:47,073 : INFO : EventManager : Event: ======'s_shooter_lane_active'====== Args={}
2025-09-24 21:05:47,074 : INFO : EventManager : Event: ======'machine_var_audits_switches_s_shooter_lane'====== Args={'value': 68, 'prev_value': 67, 'change': 1}
2025-09-24 21:05:47,075 : INFO : EventManager : Event: ======'mode_skillshot_will_start'====== Args={}
2025-09-24 21:05:47,075 : INFO : EventManager : Event: ======'player_shot_mig_lane_left_enabled'====== Args={'value': True, 'prev_value': 0, 'change': 1, 'player_num': 1}
2025-09-24 21:05:47,076 : INFO : EventManager : Event: ======'player_shot_mig_lane_right_enabled'====== Args={'value': True, 'prev_value': 0, 'change': 1, 'player_num': 1}
2025-09-24 21:05:47,076 : INFO : EventManager : Event: ======'player_shot_spinner_enabled'====== Args={'value': True, 'prev_value': 0, 'change': 1, 'player_num': 1}
2025-09-24 21:05:47,077 : INFO : EventManager : Event: ======'player_shot_orbit_upper_enabled'====== Args={'value': True, 'prev_value': 0, 'change': 1, 'player_num': 1}
2025-09-24 21:05:47,077 : INFO : EventManager : Event: ======'player_shot_ramp_inner_enabled'====== Args={'value': True, 'prev_value': 0, 'change': 1, 'player_num': 1}
2025-09-24 21:05:47,077 : INFO : EventManager : Event: ======'skillshot_group_complete'====== Args={'state': 'off'}
2025-09-24 21:05:47,078 : INFO : EventManager : Event: ======'skillshot_group_off_complete'====== Args={}
2025-09-24 21:05:47,078 : INFO : EventManager : Event: ======'player_skillshot_skillshot_tick'====== Args={'value': 10, 'prev_value': 0, 'change': 10, 'player_num': 1}
2025-09-24 21:05:47,079 : INFO : EventManager : Event: ======'player_skillshot_skillshot_sound_loop_tick'====== Args={'value': 0, 'prev_value': 0, 'change': 0, 'player_num': 1}
2025-09-24 21:05:47,083 : INFO : EventManager : Event: ======'mode_skillshot_starting'====== Args={}
2025-09-24 21:05:47,083 : INFO : Mode.skillshot : Started. Priority: 100
2025-09-24 21:05:47,083 : INFO : EventManager : Event: ======'modes_active_modes_changed'====== Args={}
2025-09-24 21:05:47,083 : INFO : EventManager : Event: ======'mode_skillshot_started'====== Args={}
2025-09-24 21:05:47,083 : INFO : EventManager : Event: ======'player_shot_mig_lane_left'====== Args={'value': 1, 'prev_value': 0, 'change': 1, 'player_num': 1}
2025-09-24 21:05:47,083 : INFO : EventManager : Event: ======'player_shot_mig_lane_right'====== Args={'value': 1, 'prev_value': 0, 'change': 1, 'player_num': 1}
2025-09-24 21:05:47,083 : INFO : EventManager : Event: ======'player_shot_spinner'====== Args={'value': 1, 'prev_value': 0, 'change': 1, 'player_num': 1}
2025-09-24 21:05:47,084 : INFO : EventManager : Event: ======'player_shot_orbit_upper'====== Args={'value': 1, 'prev_value': 0, 'change': 1, 'player_num': 1}
2025-09-24 21:05:47,084 : INFO : EventManager : Event: ======'player_shot_ramp_inner'====== Args={'value': 1, 'prev_value': 0, 'change': 1, 'player_num': 1}
2025-09-24 21:05:47,084 : INFO : Timer.skillshot_sound_loop : Starting Timer.
2025-09-24 21:05:47,084 : INFO : EventManager : Event: ======'timer_skillshot_sound_loop_started'====== Args={'ticks': 0, 'ticks_remaining': 999}
2025-09-24 21:05:47,084 : INFO : EventManager : Event: ======'timer_skillshot_sound_loop_tick'====== Args={'ticks': 0, 'ticks_remaining': 999}
2025-09-24 21:05:47,085 : INFO : EventManager : Event: ======'skillshot_group_complete'====== Args={'state': 'lit'}
2025-09-24 21:05:47,085 : INFO : EventManager : Event: ======'skillshot_group_lit_complete'====== Args={}
2025-09-24 21:05:47,383 : INFO : ball_device.bd_plunger : Received ball from <ball_device.bd_trough>
2025-09-24 21:05:47,383 : INFO : EventManager : Event: ======'balldevice_bd_plunger_ball_enter'====== Args={'new_balls': 1, 'unclaimed_balls': 0, 'new_available_balls': 0, 'device': <ball_device.bd_plunger>}
2025-09-24 21:05:47,384 : INFO : EventManager : Event: ======'balldevice_bd_plunger_ball_entered'====== Args={'new_balls': 0, 'device': <ball_device.bd_plunger>}
2025-09-24 21:05:47,384 : INFO : EventManager : Event: ======'balldevice_bd_plunger_ball_count_changed'====== Args={'balls': 1}
2025-09-24 21:05:47,385 : INFO : ball_device.bd_trough : Got eject confirm
2025-09-24 21:05:47,385 : INFO : ball_device.bd_trough : Eject successful
2025-09-24 21:05:47,385 : INFO : EventManager : Event: ======'balldevice_bd_trough_ball_eject_success'====== Args={'balls': 1, 'target': <ball_device.bd_plunger>}
2025-09-24 21:05:47,385 : INFO : EventManager : Event: ======'balldevice_bd_trough_ball_count_changed'====== Args={'balls': 5}
2025-09-24 21:05:47,385 : INFO : ball_device.bd_trough : State: idle
2025-09-24 21:05:47,386 : INFO : ball_device.bd_plunger : State: waiting_for_target_ready
2025-09-24 21:05:47,386 : INFO : EventManager : Event: ======'balldevice_bd_plunger_ball_eject_attempt'====== Args={'balls': 1, 'target': <playfield.playfield>, 'source': <ball_device.bd_plunger>, 'mechanical_eject': True, 'num_attempts': 0}
2025-09-24 21:05:47,387 : INFO : ball_device.bd_plunger : State: ejecting
2025-09-24 21:05:47,387 : INFO : ball_device.bd_plunger : Ejecting ball to <playfield.playfield>
2025-09-24 21:05:47,387 : INFO : EventManager : Event: ======'balldevice_bd_plunger_ejecting_ball'====== Args={'balls': 1, 'target': <playfield.playfield>, 'source': <ball_device.bd_plunger>, 'mechanical_eject': True, 'num_attempts': 0}
2025-09-24 21:05:47,388 : INFO : ball_device.bd_plunger : Wait for ball to leave device
2025-09-24 21:05:49,939 : INFO : SwitchController : <<<<<<< 's_shooter_lane' inactive >>>>>>>
2025-09-24 21:05:49,939 : INFO : EventManager : Event: ======'s_shooter_lane_inactive'====== Args={}
2025-09-24 21:05:49,939 : INFO : Timer.skillshot : Starting Timer.
2025-09-24 21:05:49,940 : INFO : EventManager : Event: ======'timer_skillshot_started'====== Args={'ticks': 10, 'ticks_remaining': 10}
2025-09-24 21:05:49,940 : INFO : EventManager : Event: ======'timer_skillshot_tick'====== Args={'ticks': 10, 'ticks_remaining': 10}
2025-09-24 21:05:49,940 : INFO : Timer.skillshot_sound_loop : Stopping Timer
2025-09-24 21:05:49,940 : INFO : EventManager : Event: ======'timer_skillshot_sound_loop_stopped'====== Args={'ticks': 0, 'ticks_remaining': 999}
2025-09-24 21:05:49,941 : INFO : ball_device.bd_plunger : State: ball_left
2025-09-24 21:05:49,941 : INFO : ball_device.bd_plunger : Ball left
2025-09-24 21:05:49,941 : INFO : ball_device.bd_plunger : Wait for confirm with timeout 3.0
2025-09-24 21:05:50,949 : INFO : EventManager : Event: ======'player_skillshot_skillshot_tick'====== Args={'value': 9, 'prev_value': 10, 'change': -1, 'player_num': 1}
2025-09-24 21:05:50,949 : INFO : EventManager : Event: ======'timer_skillshot_tick'====== Args={'ticks': 9, 'ticks_remaining': 9}
2025-09-24 21:05:51,056 : INFO : SwitchController : <<<<<<< 's_lane_right' active >>>>>>>
2025-09-24 21:05:51,056 : INFO : EventManager : Event: ======'sw_playfield_active'====== Args={}
2025-09-24 21:05:51,056 : INFO : EventManager : Event: ======'machine_var_audits_switches_s_lane_right'====== Args={'value': 29, 'prev_value': 28, 'change': 1}
2025-09-24 21:05:51,057 : INFO : EventManager : Event: ======'playfield_active'====== Args={'source': None}
2025-09-24 21:05:51,139 : INFO : SwitchController : <<<<<<< 's_lane_right' inactive >>>>>>>
2025-09-24 21:05:51,947 : INFO : EventManager : Event: ======'player_skillshot_skillshot_tick'====== Args={'value': 8, 'prev_value': 9, 'change': -1, 'player_num': 1}
2025-09-24 21:05:51,947 : INFO : EventManager : Event: ======'timer_skillshot_tick'====== Args={'ticks': 8, 'ticks_remaining': 8}
2025-09-24 21:05:52,868 : INFO : SwitchController : <<<<<<< 's_mig_lane_left' active >>>>>>>
2025-09-24 21:05:52,868 : INFO : EventManager : Event: ======'playfield_active'====== Args={'source': 'mig_lane_left'}
2025-09-24 21:05:52,868 : INFO : EventManager : Event: ======'s_mig_lane_left_active'====== Args={}
2025-09-24 21:05:52,868 : INFO : EventManager : Event: ======'sw_playfield_active'====== Args={}
2025-09-24 21:05:52,868 : INFO : EventManager : Event: ======'sw_playfield_active'====== Args={}
2025-09-24 21:05:52,868 : INFO : EventManager : Event: ======'machine_var_audits_switches_s_mig_lane_left'====== Args={'value': 37, 'prev_value': 36, 'change': 1}
2025-09-24 21:05:52,870 : INFO : EventManager : Event: ======'machine_var_audits_shots_mig_lane_left'====== Args={'value': 20, 'prev_value': 19, 'change': 1}
2025-09-24 21:05:52,870 : INFO : EventManager : Event: ======'mig_lane_left_hit'====== Args={'profile': 'skill', 'state': 'lit', 'advancing': False}
2025-09-24 21:05:52,870 : INFO : EventManager : Event: ======'mig_lane_left_skill_hit'====== Args={'profile': 'skill', 'state': 'lit', 'advancing': False}
2025-09-24 21:05:52,870 : INFO : EventManager : Event: ======'mig_lane_left_skill_lit_hit'====== Args={'profile': 'skill', 'state': 'lit', 'advancing': False}
2025-09-24 21:05:52,871 : INFO : EventManager : Event: ======'mig_lane_left_lit_hit'====== Args={'profile': 'skill', 'state': 'lit', 'advancing': False}
2025-09-24 21:05:52,871 : INFO : EventManager : Event: ======'skillshot_group_hit'====== Args={'shot': 'mig_lane_left'}
2025-09-24 21:05:52,871 : INFO : EventManager : Event: ======'skillshot_group_lit_hit'====== Args={'shot': 'mig_lane_left'}
2025-09-24 21:05:52,871 : INFO : EventManager : Event: ======'skillshot_made'====== Args={'priority': 0}
2025-09-24 21:05:52,871 : INFO : EventManager : Event: ======'player_skillshot_count'====== Args={'value': 1, 'prev_value': 0, 'change': 1, 'player_num': 1, 'source': 'skillshot'}
2025-09-24 21:05:52,871 : ERROR : asyncio : Exception in callback EventManager.process_event_queue()
handle: <Handle EventManager.process_event_queue()>
Traceback (most recent call last):
  File "C:\Users\White\mpf\Lib\site-packages\mpf\core\placeholder_manager.py", line 79, in evaluate
    result = self.placeholder_manager.evaluate_template(self.template, parameters)
             ^^^^^^^^^^^^^^^^^^^^^^^^^^^^^^^^^^^^^^^^^^^^^^^^^^^^^^^^^^^^^^^^^^^^^
  File "C:\Users\White\mpf\Lib\site-packages\mpf\core\placeholder_manager.py", line 836, in evaluate_template
    return self._eval(template, parameters, False)[0]
           ^^^^^^^^^^^^^^^^^^^^^^^^^^^^^^^^^^^^^^^
  File "C:\Users\White\mpf\Lib\site-packages\mpf\core\placeholder_manager.py", line 778, in _eval
    return self._eval_methods[type(node)](node, variables, subscribe)
           ^^^^^^^^^^^^^^^^^^^^^^^^^^^^^^^^^^^^^^^^^^^^^^^^^^^^^^^^^^
  File "C:\Users\White\mpf\Lib\site-packages\mpf\core\placeholder_manager.py", line 684, in _eval_bin_op
    right_value, right_subscription = self._eval(node.right, variables, subscribe)
                                      ^^^^^^^^^^^^^^^^^^^^^^^^^^^^^^^^^^^^^^^^^^^^
  File "C:\Users\White\mpf\Lib\site-packages\mpf\core\placeholder_manager.py", line 780, in _eval
    raise TypeError(type(node))
TypeError: <class 'ast.Call'>

The above exception was the direct cause of the following exception:

Traceback (most recent call last):
  File "C:\Users\White\mpf\Lib\site-packages\mpf\core\events.py", line 755, in _run_handlers
    result = handler.callback(**merged_kwargs)
             ^^^^^^^^^^^^^^^^^^^^^^^^^^^^^^^^^
  File "C:\Users\White\mpf\Lib\site-packages\mpf\core\config_player.py", line 348, in config_play_callback
    return self.play(settings=settings, context=context, calling_context=calling_context, priority=priority,
           ^^^^^^^^^^^^^^^^^^^^^^^^^^^^^^^^^^^^^^^^^^^^^^^^^^^^^^^^^^^^^^^^^^^^^^^^^^^^^^^^^^^^^^^^^^^^^^^^^
  File "C:\Users\White\mpf\Lib\site-packages\mpf\config_players\variable_player.py", line 87, in play
    self._set_variable(var, s, kwargs, context)
  File "C:\Users\White\mpf\Lib\site-packages\mpf\config_players\variable_player.py", line 102, in _set_variable
    value = entry['int'].evaluate(placeholder_parameters)
            ^^^^^^^^^^^^^^^^^^^^^^^^^^^^^^^^^^^^^^^^^^^^^
  File "C:\Users\White\mpf\Lib\site-packages\mpf\core\placeholder_manager.py", line 89, in evaluate
    raise AssertionError(
AssertionError: Failed to evaluate <class 'mpf.core.placeholder_manager.IntTemplate'> template 25000 * min(current_player.skillshot_count, 5) with parameters {'profile': 'skill', 'state': 'lit', 'advancing': False}

The above exception was the direct cause of the following exception:

Traceback (most recent call last):
  File "C:\Users\White\AppData\Local\Programs\Python\Python312\Lib\asyncio\events.py", line 88, in _run
    self._context.run(self._callback, *self._args)
  File "C:\Users\White\mpf\Lib\site-packages\mpf\core\events.py", line 846, in process_event_queue
    self._process_event(event=event[0],
  File "C:\Users\White\mpf\Lib\site-packages\mpf\core\events.py", line 808, in _process_event
    result = self._run_handlers(event, ev_type, kwargs)
             ^^^^^^^^^^^^^^^^^^^^^^^^^^^^^^^^^^^^^^^^^^
  File "C:\Users\White\mpf\Lib\site-packages\mpf\core\events.py", line 757, in _run_handlers
    raise EventHandlerException(
mpf.core.events.EventHandlerException: Exception while processing RegisteredHandler(callback=<bound method ConfigPlayer.config_play_callback of ConfigPlayer.variable_player/variables>, priority=100, kwargs={'calling_context': 'mig_lane_left_skill_lit_hit', 'mode': <Mode.skillshot>, 'settings': {'skillshot_count': {'action': 'add', 'int': <NativeTemplate 1>, 'priority': 0, 'float': None, 'string': None, 'block': False, 'player': None, 'condition': None}, 'score': {'int': <Template 25000 * min(current_player.skillshot_count, 5)>, 'block': False, 'priority': 0, 'float': None, 'string': None, 'action': 'add', 'player': None, 'condition': None}}}, key=UUID('572750d9-8cc3-4f1a-8e10-3f55652d4c9d'), condition=None, blocking_facility=None) for event mig_lane_left_skill_lit_hit. Failed to evaluate <class 'mpf.core.placeholder_manager.IntTemplate'> template 25000 * min(current_player.skillshot_count, 5) with parameters {'profile': 'skill', 'state': 'lit', 'advancing': False}
2025-09-24 21:05:52,919 : INFO : EventManager : Event: ======'mode_skillshot_will_stop'====== Args={}
2025-09-24 21:05:52,919 : INFO : EventManager : Event: ======'mode_skillshot_stopping'====== Args={}
2025-09-24 21:05:52,920 : INFO : Timer.skillshot : Stopping Timer
2025-09-24 21:05:52,920 : INFO : EventManager : Event: ======'timer_skillshot_stopped'====== Args={'ticks': 8, 'ticks_remaining': 8}
2025-09-24 21:05:52,920 : INFO : Timer.skillshot_sound_loop : Stopping Timer
2025-09-24 21:05:52,920 : INFO : EventManager : Event: ======'timer_skillshot_sound_loop_stopped'====== Args={'ticks': 0, 'ticks_remaining': 999}
2025-09-24 21:05:52,920 : INFO : Mode.skillshot : Stopped.
2025-09-24 21:05:52,921 : INFO : EventManager : Event: ======'modes_active_modes_changed'====== Args={}
2025-09-24 21:05:52,921 : INFO : EventManager : Event: ======'mode_skillshot_stopped'====== Args={}
2025-09-24 21:05:52,921 : INFO : EventManager : Event: ======'clear'====== Args={'key': 'skillshot'}
2025-09-24 21:05:52,921 : INFO : Timer.skillshot : Stopping Timer
2025-09-24 21:05:52,921 : INFO : EventManager : Event: ======'timer_skillshot_stopped'====== Args={'ticks': 8, 'ticks_remaining': 8}
2025-09-24 21:05:52,922 : INFO : Timer.skillshot_sound_loop : Stopping Timer
2025-09-24 21:05:52,922 : INFO : EventManager : Event: ======'timer_skillshot_sound_loop_stopped'====== Args={'ticks': 0, 'ticks_remaining': 999}
2025-09-24 21:05:52,924 : INFO : Machine : Shutting down...
2025-09-24 21:05:52,924 : INFO : EventManager : Event: ======'shutdown'====== Args={}
2025-09-24 21:05:52,926 : INFO : ball_device.bd_plunger : State: failed_confirm
2025-09-24 21:05:52,926 : INFO : ball_device.bd_plunger : Got timeout (3.0s) before confirm from <playfield.playfield>
2025-09-24 21:05:52,927 : INFO : EventManager : Event: ======'mode_game_will_stop'====== Args={}
2025-09-24 21:05:52,927 : INFO : EventManager : Event: ======'mode_game_stopping'====== Args={}
2025-09-24 21:05:52,928 : INFO : EventManager : Event: ======'mode_base_will_stop'====== Args={}
2025-09-24 21:05:52,928 : INFO : EventManager : Event: ======'mode_base_stopping'====== Args={}
2025-09-24 21:05:52,928 : INFO : EventManager : Event: ======'mode_bumpers_will_stop'====== Args={}
2025-09-24 21:05:52,928 : INFO : EventManager : Event: ======'mode_bumpers_stopping'====== Args={}
2025-09-24 21:05:52,928 : INFO : EventManager : Event: ======'stop_mode_bumpers'====== Args={'priority': 0}
2025-09-24 21:05:52,929 : INFO : Mode.bumpers : Stopped.
2025-09-24 21:05:52,929 : INFO : EventManager : Event: ======'modes_active_modes_changed'====== Args={}
2025-09-24 21:05:52,929 : INFO : EventManager : Event: ======'mode_bumpers_stopped'====== Args={}
2025-09-24 21:05:52,929 : INFO : EventManager : Event: ======'clear'====== Args={'key': 'bumpers'}
2025-09-24 21:05:52,929 : INFO : Mode.base : Stopped.
2025-09-24 21:05:52,929 : INFO : EventManager : Event: ======'modes_active_modes_changed'====== Args={}
2025-09-24 21:05:52,929 : INFO : EventManager : Event: ======'mode_base_stopped'====== Args={}
2025-09-24 21:05:52,930 : INFO : EventManager : Event: ======'clear'====== Args={'key': 'base'}
2025-09-24 21:05:52,930 : INFO : Mode.game : Stopped.
2025-09-24 21:05:52,930 : INFO : EventManager : Event: ======'modes_active_modes_changed'====== Args={}
2025-09-24 21:05:52,930 : INFO : EventManager : Event: ======'mode_game_stopped'====== Args={}
2025-09-24 21:05:52,930 : INFO : EventManager : Event: ======'clear'====== Args={'key': 'game'}
2025-09-24 21:05:52,935 : ERROR : Machine : Runtime Exception
Traceback (most recent call last):
  File "C:\Users\White\mpf\Lib\site-packages\mpf\core\placeholder_manager.py", line 79, in evaluate
    result = self.placeholder_manager.evaluate_template(self.template, parameters)
             ^^^^^^^^^^^^^^^^^^^^^^^^^^^^^^^^^^^^^^^^^^^^^^^^^^^^^^^^^^^^^^^^^^^^^
  File "C:\Users\White\mpf\Lib\site-packages\mpf\core\placeholder_manager.py", line 836, in evaluate_template
    return self._eval(template, parameters, False)[0]
           ^^^^^^^^^^^^^^^^^^^^^^^^^^^^^^^^^^^^^^^
  File "C:\Users\White\mpf\Lib\site-packages\mpf\core\placeholder_manager.py", line 778, in _eval
    return self._eval_methods[type(node)](node, variables, subscribe)
           ^^^^^^^^^^^^^^^^^^^^^^^^^^^^^^^^^^^^^^^^^^^^^^^^^^^^^^^^^^
  File "C:\Users\White\mpf\Lib\site-packages\mpf\core\placeholder_manager.py", line 684, in _eval_bin_op
    right_value, right_subscription = self._eval(node.right, variables, subscribe)
                                      ^^^^^^^^^^^^^^^^^^^^^^^^^^^^^^^^^^^^^^^^^^^^
  File "C:\Users\White\mpf\Lib\site-packages\mpf\core\placeholder_manager.py", line 780, in _eval
    raise TypeError(type(node))
TypeError: <class 'ast.Call'>

The above exception was the direct cause of the following exception:

Traceback (most recent call last):
  File "C:\Users\White\mpf\Lib\site-packages\mpf\core\events.py", line 755, in _run_handlers
    result = handler.callback(**merged_kwargs)
             ^^^^^^^^^^^^^^^^^^^^^^^^^^^^^^^^^
  File "C:\Users\White\mpf\Lib\site-packages\mpf\core\config_player.py", line 348, in config_play_callback
    return self.play(settings=settings, context=context, calling_context=calling_context, priority=priority,
           ^^^^^^^^^^^^^^^^^^^^^^^^^^^^^^^^^^^^^^^^^^^^^^^^^^^^^^^^^^^^^^^^^^^^^^^^^^^^^^^^^^^^^^^^^^^^^^^^^
  File "C:\Users\White\mpf\Lib\site-packages\mpf\config_players\variable_player.py", line 87, in play
    self._set_variable(var, s, kwargs, context)
  File "C:\Users\White\mpf\Lib\site-packages\mpf\config_players\variable_player.py", line 102, in _set_variable
    value = entry['int'].evaluate(placeholder_parameters)
            ^^^^^^^^^^^^^^^^^^^^^^^^^^^^^^^^^^^^^^^^^^^^^
  File "C:\Users\White\mpf\Lib\site-packages\mpf\core\placeholder_manager.py", line 89, in evaluate
    raise AssertionError(
AssertionError: Failed to evaluate <class 'mpf.core.placeholder_manager.IntTemplate'> template 25000 * min(current_player.skillshot_count, 5) with parameters {'profile': 'skill', 'state': 'lit', 'advancing': False}

The above exception was the direct cause of the following exception:

Traceback (most recent call last):
  File "C:\Users\White\mpf\Lib\site-packages\mpf\core\machine.py", line 808, in _run_loop
    raise self._exception['exception']
  File "C:\Users\White\AppData\Local\Programs\Python\Python312\Lib\asyncio\events.py", line 88, in _run
    self._context.run(self._callback, *self._args)
  File "C:\Users\White\mpf\Lib\site-packages\mpf\core\events.py", line 846, in process_event_queue
    self._process_event(event=event[0],
  File "C:\Users\White\mpf\Lib\site-packages\mpf\core\events.py", line 808, in _process_event
    result = self._run_handlers(event, ev_type, kwargs)
             ^^^^^^^^^^^^^^^^^^^^^^^^^^^^^^^^^^^^^^^^^^
  File "C:\Users\White\mpf\Lib\site-packages\mpf\core\events.py", line 757, in _run_handlers
    raise EventHandlerException(
mpf.core.events.EventHandlerException: Exception while processing RegisteredHandler(callback=<bound method ConfigPlayer.config_play_callback of ConfigPlayer.variable_player/variables>, priority=100, kwargs={'calling_context': 'mig_lane_left_skill_lit_hit', 'mode': <Mode.skillshot>, 'settings': {'skillshot_count': {'action': 'add', 'int': <NativeTemplate 1>, 'priority': 0, 'float': None, 'string': None, 'block': False, 'player': None, 'condition': None}, 'score': {'int': <Template 25000 * min(current_player.skillshot_count, 5)>, 'block': False, 'priority': 0, 'float': None, 'string': None, 'action': 'add', 'player': None, 'condition': None}}}, key=UUID('572750d9-8cc3-4f1a-8e10-3f55652d4c9d'), condition=None, blocking_facility=None) for event mig_lane_left_skill_lit_hit. Failed to evaluate <class 'mpf.core.placeholder_manager.IntTemplate'> template 25000 * min(current_player.skillshot_count, 5) with parameters {'profile': 'skill', 'state': 'lit', 'advancing': False}
2025-09-24 21:05:52,937 : INFO : root : MPF run loop ended.
