2025-10-31 22:03:37,150 : INFO : root : Loading config.
2025-10-31 22:03:37,154 : INFO : YamlMultifileConfigLoader : Machine config file #1: config.yaml
2025-10-31 22:03:37,155 : INFO : ConfigProcessor : Loading config from cache: C:\Users\White\AppData\Local\Temp\cfa6ecba65704a931c9dd214c44986c8.mpf_cache
2025-10-31 22:03:37,265 : INFO : ConfigProcessor : Loading config from cache: C:\Users\White\AppData\Local\Temp\f98ffc0ff5962effface7d86bc406d5c.mpf_cache
2025-10-31 22:03:37,266 : INFO : ConfigProcessor : Loading config from cache: C:\Users\White\AppData\Local\Temp\91cc4d1c993c58dc354e34974b9cfeac.mpf_cache
2025-10-31 22:03:37,267 : INFO : ConfigProcessor : Loading config from cache: C:\Users\White\AppData\Local\Temp\f98ffc0ff5962effface7d86bc406d5c.mpf_cache
2025-10-31 22:03:37,267 : INFO : ConfigProcessor : Loading config from cache: C:\Users\White\AppData\Local\Temp\76792f1d686f89709887dba7bd69667a.mpf_cache
2025-10-31 22:03:37,268 : INFO : ConfigProcessor : Loading config from cache: C:\Users\White\AppData\Local\Temp\142bbae4707335cc8e3efaa4364c4893.mpf_cache
2025-10-31 22:03:37,268 : WARNING : ConfigProcessor : Config file in cache changed: C:\Users\White\Documents\Top_Gun_Pinball\modes\goose_letters\config\goose_letters.yaml
2025-10-31 22:03:37,268 : INFO : ConfigProcessor : Loading config from file C:\Users\White\Documents\Top_Gun_Pinball\modes\goose_letters\config\goose_letters.yaml.
2025-10-31 22:03:37,293 : INFO : ConfigProcessor : Loading config: C:\Users\White\Documents\Top_Gun_Pinball\modes\goose_letters\config\goose_letters.yaml
2025-10-31 22:03:37,295 : INFO : ConfigProcessor : Config file cache created: C:\Users\White\AppData\Local\Temp\d586631024bd380382ddba1caafd4910.mpf_cache
2025-10-31 22:03:37,295 : INFO : ConfigProcessor : Loading config from cache: C:\Users\White\AppData\Local\Temp\202647b69b904517343fecdf4579c275.mpf_cache
2025-10-31 22:03:37,296 : INFO : ConfigProcessor : Loading config from cache: C:\Users\White\AppData\Local\Temp\d069db2c83fe896d88972cde9b686138.mpf_cache
2025-10-31 22:03:37,297 : INFO : ConfigProcessor : Loading config from cache: C:\Users\White\AppData\Local\Temp\58ab893dda10a3d2ba8fe97b81891df0.mpf_cache
2025-10-31 22:03:37,297 : INFO : ConfigProcessor : Loading config from cache: C:\Users\White\AppData\Local\Temp\0f5f0ac41d1a2672d0d32cef2b12699e.mpf_cache
2025-10-31 22:03:37,298 : INFO : ConfigProcessor : Loading config from cache: C:\Users\White\AppData\Local\Temp\3a419899266be7cd41a083be5a3a8ebb.mpf_cache
2025-10-31 22:03:37,299 : INFO : ConfigProcessor : Loading config from cache: C:\Users\White\AppData\Local\Temp\82e20c7c6490dd2e5fed726a3aa8d652.mpf_cache
2025-10-31 22:03:37,302 : INFO : ConfigProcessor : Loading config from cache: C:\Users\White\AppData\Local\Temp\359114d5ba2a6ad6c93d1559776bbb30.mpf_cache
2025-10-31 22:03:37,307 : INFO : ConfigProcessor : Loading config from cache: C:\Users\White\AppData\Local\Temp\f8c9a3739ec88c539117633fa55f5d20.mpf_cache
2025-10-31 22:03:37,309 : INFO : ConfigProcessor : Loading config from cache: C:\Users\White\AppData\Local\Temp\d421369d6df802e4e6f8aa58f446b1a6.mpf_cache
2025-10-31 22:03:37,310 : INFO : ConfigProcessor : Loading config from cache: C:\Users\White\AppData\Local\Temp\2151caa0419aeb1e56d3d8934477383e.mpf_cache
2025-10-31 22:03:37,312 : INFO : ConfigProcessor : Loading config from cache: C:\Users\White\AppData\Local\Temp\17003635873251b4f6841bf4ab3bdcdd.mpf_cache
2025-10-31 22:03:37,313 : INFO : ConfigProcessor : Loading config from cache: C:\Users\White\AppData\Local\Temp\c8ceed3d7c617b2f1fa85b3487b918c6.mpf_cache
2025-10-31 22:03:37,313 : INFO : ConfigProcessor : Loading config from cache: C:\Users\White\AppData\Local\Temp\f70c640a816343cb9040222d7a9269d3.mpf_cache
2025-10-31 22:03:37,318 : INFO : ConfigProcessor : Loading config from cache: C:\Users\White\AppData\Local\Temp\30922048be1d0c17ea15fc75f7fbfe10.mpf_cache
2025-10-31 22:03:37,319 : INFO : ConfigProcessor : Loading config from cache: C:\Users\White\AppData\Local\Temp\2e44e1a8157cd8d5be0e623de5bcf3cd.mpf_cache
2025-10-31 22:03:37,320 : INFO : ConfigProcessor : Loading config from cache: C:\Users\White\AppData\Local\Temp\58d7809d3d969de03aaf131fc45863f8.mpf_cache
2025-10-31 22:03:37,322 : INFO : ConfigProcessor : Loading config from cache: C:\Users\White\AppData\Local\Temp\a2ff6e5c252adf2ba75ad894f77f7ce6.mpf_cache
2025-10-31 22:03:37,323 : INFO : ConfigProcessor : Loading config from cache: C:\Users\White\AppData\Local\Temp\2ebcf623e49efab13a66f36a8282b4e9.mpf_cache
2025-10-31 22:03:37,325 : INFO : ConfigProcessor : Loading config from cache: C:\Users\White\AppData\Local\Temp\d380fa2863f93e197660f0281ffd272b.mpf_cache
2025-10-31 22:03:37,326 : INFO : ConfigProcessor : Loading config from cache: C:\Users\White\AppData\Local\Temp\88e41ae7dcea899a043a2f63da55a8b7.mpf_cache
2025-10-31 22:03:37,326 : INFO : Machine : Mission Pinball Framework Core Engine v0.80.0.dev9
2025-10-31 22:03:37,326 : INFO : Machine : Command line arguments: {'no_load_cache': False, 'create_config_cache': True, 'bcp': True, 'configfile': ['config.yaml'], 'force_assets_load': False, 'platform_integration_test': False, 'jsonlogging': False, 'logfile': 'logs\\2025-10-31-22-03-37-mpf-TopGunPinball.log', 'pause': False, 'production': False, 'text_ui': False, 'loglevel': 15, 'consoleloglevel': 20, 'force_platform': 'virtual', 'syslog_address': None, 'full_logfile_path': 'C:\\Users\\White\\Documents\\Top_Gun_Pinball\\logs\\2025-10-31-22-03-37-mpf-TopGunPinball.log'}
2025-10-31 22:03:37,326 : INFO : Machine : MPF path: C:\Users\White\mpf\Lib\site-packages\mpf
2025-10-31 22:03:37,326 : INFO : Machine : Machine path: C:\Users\White\Documents\Top_Gun_Pinball
2025-10-31 22:03:37,326 : INFO : Machine : Platform: win32
2025-10-31 22:03:37,326 : INFO : Machine : Python executable location: C:\Users\White\mpf\Scripts\python.exe
2025-10-31 22:03:37,326 : INFO : Machine : Python version: 3.12.7 (64-bit)
2025-10-31 22:03:37,329 : INFO : Machine : Initializing MPF...
2025-10-31 22:03:37,419 : INFO : EventManager : Event: ======'machine_var_credits_string'====== Args={'value': 'FREE PLAY', 'prev_value': None, 'change': True}
2025-10-31 22:03:37,447 : INFO : EventManager : Event: ======'machine_var_master_volume'====== Args={'value': 0.5, 'prev_value': None, 'change': True}
2025-10-31 22:03:37,447 : INFO : EventManager : Event: ======'machine_var_player1_score'====== Args={'value': 2229000, 'prev_value': None, 'change': True}
2025-10-31 22:03:37,447 : INFO : EventManager : Event: ======'machine_var_mpf_version'====== Args={'value': 'Mission Pinball Framework v0.80.0.dev9', 'prev_value': None, 'change': True}
2025-10-31 22:03:37,447 : INFO : EventManager : Event: ======'machine_var_mpf_extended_version'====== Args={'value': 'Mission Pinball Framework v0.80.0.dev9, Config version:6, Show version: 6, BCP version:1.1', 'prev_value': None, 'change': True}
2025-10-31 22:03:37,447 : INFO : EventManager : Event: ======'machine_var_python_version'====== Args={'value': '3.12.7', 'prev_value': None, 'change': True}
2025-10-31 22:03:37,594 : INFO : EventManager : Event: ======'machine_var_platform'====== Args={'value': 'Windows-11-10.0.26100-SP0', 'prev_value': None, 'change': True}
2025-10-31 22:03:37,594 : INFO : EventManager : Event: ======'machine_var_platform_system'====== Args={'value': 'Windows', 'prev_value': None, 'change': True}
2025-10-31 22:03:37,594 : INFO : EventManager : Event: ======'machine_var_platform_release'====== Args={'value': '11', 'prev_value': None, 'change': True}
2025-10-31 22:03:37,594 : INFO : EventManager : Event: ======'machine_var_platform_version'====== Args={'value': '10.0.26100', 'prev_value': None, 'change': True}
2025-10-31 22:03:37,594 : INFO : EventManager : Event: ======'machine_var_platform_machine'====== Args={'value': 'AMD64', 'prev_value': None, 'change': True}
2025-10-31 22:03:37,594 : INFO : EventManager : Event: ======'machine_var_log_file_path'====== Args={'value': 'C:\\Users\\White\\Documents\\Top_Gun_Pinball\\logs\\2025-10-31-22-03-37-mpf-TopGunPinball.log', 'prev_value': None, 'change': True}
2025-10-31 22:03:37,594 : INFO : EventManager : Event: ======'init_phase_1'====== Args={}
2025-10-31 22:03:37,643 : INFO : EventManager : Event: ======'init_phase_2'====== Args={}
2025-10-31 22:03:37,644 : INFO : SwitchController : Found active switch: ('playfield_board_lower-3208-0', <Platform.Virtual>) <switch.s_trough_1>
2025-10-31 22:03:37,644 : INFO : SwitchController : Found active switch: ('playfield_board_lower-3208-1', <Platform.Virtual>) <switch.s_trough_2>
2025-10-31 22:03:37,644 : INFO : SwitchController : Found active switch: ('playfield_board_lower-3208-2', <Platform.Virtual>) <switch.s_trough_3>
2025-10-31 22:03:37,644 : INFO : SwitchController : Found active switch: ('playfield_board_lower-3208-3', <Platform.Virtual>) <switch.s_trough_4>
2025-10-31 22:03:37,644 : INFO : SwitchController : Found active switch: ('playfield_board_lower-3208-4', <Platform.Virtual>) <switch.s_trough_5>
2025-10-31 22:03:37,644 : INFO : SwitchController : Found active switch: ('playfield_board_lower-3208-5', <Platform.Virtual>) <switch.s_trough_6>
2025-10-31 22:03:37,675 : INFO : EventManager : Event: ======'bcp_connection_attempt'====== Args={'name': 'local_display', 'host': 'localhost', 'port': 5050}
2025-10-31 22:03:37,699 : INFO : BCPClientSocket : Connecting BCP to 'local_display' at localhost:5050...
2025-10-31 22:03:37,709 : INFO : BCPClientSocket : Connected BCP to 'local_display' localhost:5050
2025-10-31 22:03:37,711 : INFO : EventManager : Event: ======'bcp_clients_connected'====== Args={}
2025-10-31 22:03:37,711 : INFO : ball_device.bd_plunger : BCH: Initial count: 0
2025-10-31 22:03:37,712 : INFO : ball_device.bd_plunger : State: idle
2025-10-31 22:03:37,712 : INFO : ball_device.bd_trough : BCH: Initial count: 6
2025-10-31 22:03:37,712 : INFO : ball_device.bd_trough : State: idle
2025-10-31 22:03:37,713 : INFO : ball_device.bd_lock_elevator : BCH: Initial count: 0
2025-10-31 22:03:37,713 : INFO : ball_device.bd_lock_elevator : State: idle
2025-10-31 22:03:37,713 : INFO : ball_device.bd_mode_scoop : BCH: Initial count: 0
2025-10-31 22:03:37,714 : INFO : ball_device.bd_mode_scoop : State: idle
2025-10-31 22:03:37,743 : INFO : EventManager : Event: ======'init_phase_3'====== Args={}
2025-10-31 22:03:39,007 : INFO : EventManager : Event: ======'init_phase_4'====== Args={}
2025-10-31 22:03:39,007 : INFO : BallController : Initial balls found: 6
2025-10-31 22:03:39,009 : INFO : EventManager : Event: ======'machine_var_audits_events_game_ended'====== Args={'value': 2, 'prev_value': None, 'change': True}
2025-10-31 22:03:39,010 : INFO : EventManager : Event: ======'machine_var_audits_events_game_started'====== Args={'value': 365, 'prev_value': None, 'change': True}
2025-10-31 22:03:39,010 : INFO : EventManager : Event: ======'machine_var_audits_missing_switches_s_a_iceman_target'====== Args={'value': 6, 'prev_value': None, 'change': True}
2025-10-31 22:03:39,010 : INFO : EventManager : Event: ======'machine_var_audits_missing_switches_s_barrier_target'====== Args={'value': 29, 'prev_value': None, 'change': True}
2025-10-31 22:03:39,010 : INFO : EventManager : Event: ======'machine_var_audits_missing_switches_s_bumper_center'====== Args={'value': 31, 'prev_value': None, 'change': True}
2025-10-31 22:03:39,010 : INFO : EventManager : Event: ======'machine_var_audits_missing_switches_s_bumper_left'====== Args={'value': 39, 'prev_value': None, 'change': True}
2025-10-31 22:03:39,010 : INFO : EventManager : Event: ======'machine_var_audits_missing_switches_s_bumper_right'====== Args={'value': 34, 'prev_value': None, 'change': True}
2025-10-31 22:03:39,011 : INFO : EventManager : Event: ======'machine_var_audits_missing_switches_s_c_iceman_target'====== Args={'value': 7, 'prev_value': None, 'change': True}
2025-10-31 22:03:39,011 : INFO : EventManager : Event: ======'machine_var_audits_missing_switches_s_c_lock_target'====== Args={'value': 125, 'prev_value': None, 'change': True}
2025-10-31 22:03:39,011 : INFO : EventManager : Event: ======'machine_var_audits_missing_switches_s_coin_door'====== Args={'value': 252, 'prev_value': None, 'change': True}
2025-10-31 22:03:39,011 : INFO : EventManager : Event: ======'machine_var_audits_missing_switches_s_coin_door_credit_left'====== Args={'value': 159, 'prev_value': None, 'change': True}
2025-10-31 22:03:39,011 : INFO : EventManager : Event: ======'machine_var_audits_missing_switches_s_coin_door_credit_right'====== Args={'value': 159, 'prev_value': None, 'change': True}
2025-10-31 22:03:39,011 : INFO : EventManager : Event: ======'machine_var_audits_missing_switches_s_coin_door_service_1'====== Args={'value': 252, 'prev_value': None, 'change': True}
2025-10-31 22:03:39,011 : INFO : EventManager : Event: ======'machine_var_audits_missing_switches_s_coin_door_service_2'====== Args={'value': 252, 'prev_value': None, 'change': True}
2025-10-31 22:03:39,011 : INFO : EventManager : Event: ======'machine_var_audits_missing_switches_s_coin_door_service_3'====== Args={'value': 252, 'prev_value': None, 'change': True}
2025-10-31 22:03:39,011 : INFO : EventManager : Event: ======'machine_var_audits_missing_switches_s_coin_door_service_4'====== Args={'value': 252, 'prev_value': None, 'change': True}
2025-10-31 22:03:39,011 : INFO : EventManager : Event: ======'machine_var_audits_missing_switches_s_e_iceman_target'====== Args={'value': 7, 'prev_value': None, 'change': True}
2025-10-31 22:03:39,011 : INFO : EventManager : Event: ======'machine_var_audits_missing_switches_s_flight_gear_target'====== Args={'value': 36, 'prev_value': None, 'change': True}
2025-10-31 22:03:39,011 : INFO : EventManager : Event: ======'machine_var_audits_missing_switches_s_flipper_left'====== Args={'value': 4, 'prev_value': None, 'change': True}
2025-10-31 22:03:39,011 : INFO : EventManager : Event: ======'machine_var_audits_missing_switches_s_flipper_left_eos'====== Args={'value': 312, 'prev_value': None, 'change': True}
2025-10-31 22:03:39,011 : INFO : EventManager : Event: ======'machine_var_audits_missing_switches_s_flipper_left_upper'====== Args={'value': 314, 'prev_value': None, 'change': True}
2025-10-31 22:03:39,011 : INFO : EventManager : Event: ======'machine_var_audits_missing_switches_s_flipper_left_upper_eos'====== Args={'value': 312, 'prev_value': None, 'change': True}
2025-10-31 22:03:39,012 : INFO : EventManager : Event: ======'machine_var_audits_missing_switches_s_flipper_right'====== Args={'value': 14, 'prev_value': None, 'change': True}
2025-10-31 22:03:39,012 : INFO : EventManager : Event: ======'machine_var_audits_missing_switches_s_flipper_right_eos'====== Args={'value': 312, 'prev_value': None, 'change': True}
2025-10-31 22:03:39,012 : INFO : EventManager : Event: ======'machine_var_audits_missing_switches_s_i_iceman_target'====== Args={'value': 7, 'prev_value': None, 'change': True}
2025-10-31 22:03:39,012 : INFO : EventManager : Event: ======'machine_var_audits_missing_switches_s_jam'====== Args={'value': 251, 'prev_value': None, 'change': True}
2025-10-31 22:03:39,012 : INFO : EventManager : Event: ======'machine_var_audits_missing_switches_s_k_lock_target'====== Args={'value': 249, 'prev_value': None, 'change': True}
2025-10-31 22:03:39,012 : INFO : EventManager : Event: ======'machine_var_audits_missing_switches_s_l_lock_target'====== Args={'value': 249, 'prev_value': None, 'change': True}
2025-10-31 22:03:39,012 : INFO : EventManager : Event: ======'machine_var_audits_missing_switches_s_lane_left'====== Args={'value': 10, 'prev_value': None, 'change': True}
2025-10-31 22:03:39,012 : INFO : EventManager : Event: ======'machine_var_audits_missing_switches_s_lock_goose'====== Args={'value': 314, 'prev_value': None, 'change': True}
2025-10-31 22:03:39,012 : INFO : EventManager : Event: ======'machine_var_audits_missing_switches_s_lock_mav'====== Args={'value': 314, 'prev_value': None, 'change': True}
2025-10-31 22:03:39,012 : INFO : EventManager : Event: ======'machine_var_audits_missing_switches_s_lock_plunger'====== Args={'value': 148, 'prev_value': None, 'change': True}
2025-10-31 22:03:39,012 : INFO : EventManager : Event: ======'machine_var_audits_missing_switches_s_m_iceman_target'====== Args={'value': 6, 'prev_value': None, 'change': True}
2025-10-31 22:03:39,012 : INFO : EventManager : Event: ======'machine_var_audits_missing_switches_s_mig_lane_left'====== Args={'value': 1, 'prev_value': None, 'change': True}
2025-10-31 22:03:39,013 : INFO : EventManager : Event: ======'machine_var_audits_missing_switches_s_mig_lane_right'====== Args={'value': 1, 'prev_value': None, 'change': True}
2025-10-31 22:03:39,013 : INFO : EventManager : Event: ======'machine_var_audits_missing_switches_s_mode_start'====== Args={'value': 314, 'prev_value': None, 'change': True}
2025-10-31 22:03:39,013 : INFO : EventManager : Event: ======'machine_var_audits_missing_switches_s_o_lock_target'====== Args={'value': 249, 'prev_value': None, 'change': True}
2025-10-31 22:03:39,013 : INFO : EventManager : Event: ======'machine_var_audits_missing_switches_s_orbit_left'====== Args={'value': 60, 'prev_value': None, 'change': True}
2025-10-31 22:03:39,013 : INFO : EventManager : Event: ======'machine_var_audits_missing_switches_s_orbit_lower'====== Args={'value': 149, 'prev_value': None, 'change': True}
2025-10-31 22:03:39,013 : INFO : EventManager : Event: ======'machine_var_audits_missing_switches_s_orbit_right'====== Args={'value': 149, 'prev_value': None, 'change': True}
2025-10-31 22:03:39,013 : INFO : EventManager : Event: ======'machine_var_audits_missing_switches_s_orbit_upper'====== Args={'value': 14, 'prev_value': None, 'change': True}
2025-10-31 22:03:39,013 : INFO : EventManager : Event: ======'machine_var_audits_missing_switches_s_plunger_lane'====== Args={'value': 10, 'prev_value': None, 'change': True}
2025-10-31 22:03:39,013 : INFO : EventManager : Event: ======'machine_var_audits_missing_switches_s_ramp_inner_exit'====== Args={'value': 1, 'prev_value': None, 'change': True}
2025-10-31 22:03:39,013 : INFO : EventManager : Event: ======'machine_var_audits_missing_switches_s_ramp_left_exit'====== Args={'value': 314, 'prev_value': None, 'change': True}
2025-10-31 22:03:39,013 : INFO : EventManager : Event: ======'machine_var_audits_missing_switches_s_ramp_right_exit'====== Args={'value': 106, 'prev_value': None, 'change': True}
2025-10-31 22:03:39,013 : INFO : EventManager : Event: ======'machine_var_audits_missing_switches_s_ramp_tower_exit'====== Args={'value': 8, 'prev_value': None, 'change': True}
2025-10-31 22:03:39,013 : INFO : EventManager : Event: ======'machine_var_audits_missing_switches_s_slingshot_left'====== Args={'value': 249, 'prev_value': None, 'change': True}
2025-10-31 22:03:39,013 : INFO : EventManager : Event: ======'machine_var_audits_missing_switches_s_slingshot_right'====== Args={'value': 249, 'prev_value': None, 'change': True}
2025-10-31 22:03:39,013 : INFO : EventManager : Event: ======'machine_var_audits_missing_switches_s_spinner'====== Args={'value': 1, 'prev_value': None, 'change': True}
2025-10-31 22:03:39,013 : INFO : EventManager : Event: ======'machine_var_audits_missing_switches_s_start'====== Args={'value': 22, 'prev_value': None, 'change': True}
2025-10-31 22:03:39,013 : INFO : EventManager : Event: ======'machine_var_audits_missing_switches_s_tilt'====== Args={'value': 252, 'prev_value': None, 'change': True}
2025-10-31 22:03:39,014 : INFO : EventManager : Event: ======'machine_var_audits_missing_switches_s_trough_1'====== Args={'value': 290, 'prev_value': None, 'change': True}
2025-10-31 22:03:39,014 : INFO : EventManager : Event: ======'machine_var_audits_missing_switches_s_trough_2'====== Args={'value': 290, 'prev_value': None, 'change': True}
2025-10-31 22:03:39,014 : INFO : EventManager : Event: ======'machine_var_audits_missing_switches_s_trough_3'====== Args={'value': 290, 'prev_value': None, 'change': True}
2025-10-31 22:03:39,014 : INFO : EventManager : Event: ======'machine_var_audits_missing_switches_s_trough_4'====== Args={'value': 365, 'prev_value': None, 'change': True}
2025-10-31 22:03:39,014 : INFO : EventManager : Event: ======'machine_var_audits_missing_switches_s_trough_5'====== Args={'value': 365, 'prev_value': None, 'change': True}
2025-10-31 22:03:39,014 : INFO : EventManager : Event: ======'machine_var_audits_missing_switches_s_trough_6'====== Args={'value': 20, 'prev_value': None, 'change': True}
2025-10-31 22:03:39,014 : INFO : EventManager : Event: ======'machine_var_audits_player_score'====== Args={'value': {'average': 787666, 'top': [2229000, 73000, 61000], 'total': 3}, 'prev_value': None, 'change': True}
2025-10-31 22:03:39,014 : INFO : EventManager : Event: ======'machine_var_audits_shots_bumper_center'====== Args={'value': 528, 'prev_value': None, 'change': True}
2025-10-31 22:03:39,014 : INFO : EventManager : Event: ======'machine_var_audits_shots_bumper_left'====== Args={'value': 624, 'prev_value': None, 'change': True}
2025-10-31 22:03:39,014 : INFO : EventManager : Event: ======'machine_var_audits_shots_bumper_right'====== Args={'value': 399, 'prev_value': None, 'change': True}
2025-10-31 22:03:39,014 : INFO : EventManager : Event: ======'machine_var_audits_shots_mach_ramp'====== Args={'value': 445, 'prev_value': None, 'change': True}
2025-10-31 22:03:39,014 : INFO : EventManager : Event: ======'machine_var_audits_shots_mig_lane_left'====== Args={'value': 106, 'prev_value': None, 'change': True}
2025-10-31 22:03:39,014 : INFO : EventManager : Event: ======'machine_var_audits_shots_mig_lane_right'====== Args={'value': 19, 'prev_value': None, 'change': True}
2025-10-31 22:03:39,014 : INFO : EventManager : Event: ======'machine_var_audits_shots_orbit_upper'====== Args={'value': 15, 'prev_value': None, 'change': True}
2025-10-31 22:03:39,014 : INFO : EventManager : Event: ======'machine_var_audits_shots_ramp_inner'====== Args={'value': 47, 'prev_value': None, 'change': True}
2025-10-31 22:03:39,014 : INFO : EventManager : Event: ======'machine_var_audits_shots_spinner'====== Args={'value': 10, 'prev_value': None, 'change': True}
2025-10-31 22:03:39,014 : INFO : EventManager : Event: ======'machine_var_audits_switches_s_a_iceman_target'====== Args={'value': 49, 'prev_value': None, 'change': True}
2025-10-31 22:03:39,015 : INFO : EventManager : Event: ======'machine_var_audits_switches_s_barrier_target'====== Args={'value': 9, 'prev_value': None, 'change': True}
2025-10-31 22:03:39,015 : INFO : EventManager : Event: ======'machine_var_audits_switches_s_bumper_center'====== Args={'value': 548, 'prev_value': None, 'change': True}
2025-10-31 22:03:39,015 : INFO : EventManager : Event: ======'machine_var_audits_switches_s_bumper_left'====== Args={'value': 655, 'prev_value': None, 'change': True}
2025-10-31 22:03:39,015 : INFO : EventManager : Event: ======'machine_var_audits_switches_s_bumper_right'====== Args={'value': 405, 'prev_value': None, 'change': True}
2025-10-31 22:03:39,015 : INFO : EventManager : Event: ======'machine_var_audits_switches_s_c_iceman_target'====== Args={'value': 58, 'prev_value': None, 'change': True}
2025-10-31 22:03:39,015 : INFO : EventManager : Event: ======'machine_var_audits_switches_s_c_lock_target'====== Args={'value': 5, 'prev_value': None, 'change': True}
2025-10-31 22:03:39,015 : INFO : EventManager : Event: ======'machine_var_audits_switches_s_coin_door'====== Args={'value': 0, 'prev_value': None, 'change': True}
2025-10-31 22:03:39,015 : INFO : EventManager : Event: ======'machine_var_audits_switches_s_coin_door_credit_left'====== Args={'value': 0, 'prev_value': None, 'change': True}
2025-10-31 22:03:39,015 : INFO : EventManager : Event: ======'machine_var_audits_switches_s_coin_door_credit_right'====== Args={'value': 0, 'prev_value': None, 'change': True}
2025-10-31 22:03:39,015 : INFO : EventManager : Event: ======'machine_var_audits_switches_s_coin_door_service_1'====== Args={'value': 0, 'prev_value': None, 'change': True}
2025-10-31 22:03:39,015 : INFO : EventManager : Event: ======'machine_var_audits_switches_s_coin_door_service_2'====== Args={'value': 0, 'prev_value': None, 'change': True}
2025-10-31 22:03:39,015 : INFO : EventManager : Event: ======'machine_var_audits_switches_s_coin_door_service_3'====== Args={'value': 0, 'prev_value': None, 'change': True}
2025-10-31 22:03:39,015 : INFO : EventManager : Event: ======'machine_var_audits_switches_s_coin_door_service_4'====== Args={'value': 0, 'prev_value': None, 'change': True}
2025-10-31 22:03:39,015 : INFO : EventManager : Event: ======'machine_var_audits_switches_s_e_iceman_target'====== Args={'value': 76, 'prev_value': None, 'change': True}
2025-10-31 22:03:39,015 : INFO : EventManager : Event: ======'machine_var_audits_switches_s_flight_gear_target'====== Args={'value': 59, 'prev_value': None, 'change': True}
2025-10-31 22:03:39,015 : INFO : EventManager : Event: ======'machine_var_audits_switches_s_flipper_left'====== Args={'value': 68, 'prev_value': None, 'change': True}
2025-10-31 22:03:39,015 : INFO : EventManager : Event: ======'machine_var_audits_switches_s_flipper_left_eos'====== Args={'value': 0, 'prev_value': None, 'change': True}
2025-10-31 22:03:39,015 : INFO : EventManager : Event: ======'machine_var_audits_switches_s_flipper_left_upper'====== Args={'value': 0, 'prev_value': None, 'change': True}
2025-10-31 22:03:39,015 : INFO : EventManager : Event: ======'machine_var_audits_switches_s_flipper_left_upper_eos'====== Args={'value': 0, 'prev_value': None, 'change': True}
2025-10-31 22:03:39,015 : INFO : EventManager : Event: ======'machine_var_audits_switches_s_flipper_right'====== Args={'value': 94, 'prev_value': None, 'change': True}
2025-10-31 22:03:39,015 : INFO : EventManager : Event: ======'machine_var_audits_switches_s_flipper_right_eos'====== Args={'value': 0, 'prev_value': None, 'change': True}
2025-10-31 22:03:39,015 : INFO : EventManager : Event: ======'machine_var_audits_switches_s_i_iceman_target'====== Args={'value': 28, 'prev_value': None, 'change': True}
2025-10-31 22:03:39,015 : INFO : EventManager : Event: ======'machine_var_audits_switches_s_inlane_left'====== Args={'value': 126, 'prev_value': None, 'change': True}
2025-10-31 22:03:39,016 : INFO : EventManager : Event: ======'machine_var_audits_switches_s_inner_inlane_right'====== Args={'value': 86, 'prev_value': None, 'change': True}
2025-10-31 22:03:39,016 : INFO : EventManager : Event: ======'machine_var_audits_switches_s_jam'====== Args={'value': 1, 'prev_value': None, 'change': True}
2025-10-31 22:03:39,016 : INFO : EventManager : Event: ======'machine_var_audits_switches_s_k_lock_target'====== Args={'value': 5, 'prev_value': None, 'change': True}
2025-10-31 22:03:39,016 : INFO : EventManager : Event: ======'machine_var_audits_switches_s_l_lock_target'====== Args={'value': 5, 'prev_value': None, 'change': True}
2025-10-31 22:03:39,016 : INFO : EventManager : Event: ======'machine_var_audits_switches_s_lane_left'====== Args={'value': 261, 'prev_value': None, 'change': True}
2025-10-31 22:03:39,016 : INFO : EventManager : Event: ======'machine_var_audits_switches_s_lane_right'====== Args={'value': 227, 'prev_value': None, 'change': True}
2025-10-31 22:03:39,016 : INFO : EventManager : Event: ======'machine_var_audits_switches_s_lock_goose'====== Args={'value': 0, 'prev_value': None, 'change': True}
2025-10-31 22:03:39,016 : INFO : EventManager : Event: ======'machine_var_audits_switches_s_lock_mav'====== Args={'value': 0, 'prev_value': None, 'change': True}
2025-10-31 22:03:39,016 : INFO : EventManager : Event: ======'machine_var_audits_switches_s_lock_plunger'====== Args={'value': 3, 'prev_value': None, 'change': True}
2025-10-31 22:03:39,016 : INFO : EventManager : Event: ======'machine_var_audits_switches_s_m_iceman_target'====== Args={'value': 53, 'prev_value': None, 'change': True}
2025-10-31 22:03:39,016 : INFO : EventManager : Event: ======'machine_var_audits_switches_s_mig_lane_left'====== Args={'value': 184, 'prev_value': None, 'change': True}
2025-10-31 22:03:39,016 : INFO : EventManager : Event: ======'machine_var_audits_switches_s_mig_lane_right'====== Args={'value': 58, 'prev_value': None, 'change': True}
2025-10-31 22:03:39,016 : INFO : EventManager : Event: ======'machine_var_audits_switches_s_mode_start'====== Args={'value': 0, 'prev_value': None, 'change': True}
2025-10-31 22:03:39,016 : INFO : EventManager : Event: ======'machine_var_audits_switches_s_n_iceman_target'====== Args={'value': 126, 'prev_value': None, 'change': True}
2025-10-31 22:03:39,016 : INFO : EventManager : Event: ======'machine_var_audits_switches_s_o_lock_target'====== Args={'value': 5, 'prev_value': None, 'change': True}
2025-10-31 22:03:39,016 : INFO : EventManager : Event: ======'machine_var_audits_switches_s_orbit_left'====== Args={'value': 59, 'prev_value': None, 'change': True}
2025-10-31 22:03:39,016 : INFO : EventManager : Event: ======'machine_var_audits_switches_s_orbit_lower'====== Args={'value': 2, 'prev_value': None, 'change': True}
2025-10-31 22:03:39,016 : INFO : EventManager : Event: ======'machine_var_audits_switches_s_orbit_right'====== Args={'value': 15, 'prev_value': None, 'change': True}
2025-10-31 22:03:39,016 : INFO : EventManager : Event: ======'machine_var_audits_switches_s_orbit_upper'====== Args={'value': 19, 'prev_value': None, 'change': True}
2025-10-31 22:03:39,016 : INFO : EventManager : Event: ======'machine_var_audits_switches_s_outer_inlane_right'====== Args={'value': 71, 'prev_value': None, 'change': True}
2025-10-31 22:03:39,016 : INFO : EventManager : Event: ======'machine_var_audits_switches_s_outlane_left'====== Args={'value': 72, 'prev_value': None, 'change': True}
2025-10-31 22:03:39,016 : INFO : EventManager : Event: ======'machine_var_audits_switches_s_outlane_right'====== Args={'value': 75, 'prev_value': None, 'change': True}
2025-10-31 22:03:39,016 : INFO : EventManager : Event: ======'machine_var_audits_switches_s_plunger_lane'====== Args={'value': 46, 'prev_value': None, 'change': True}
2025-10-31 22:03:39,017 : INFO : EventManager : Event: ======'machine_var_audits_switches_s_ramp_inner_exit'====== Args={'value': 491, 'prev_value': None, 'change': True}
2025-10-31 22:03:39,017 : INFO : EventManager : Event: ======'machine_var_audits_switches_s_ramp_left_exit'====== Args={'value': 0, 'prev_value': None, 'change': True}
2025-10-31 22:03:39,017 : INFO : EventManager : Event: ======'machine_var_audits_switches_s_ramp_right_exit'====== Args={'value': 7, 'prev_value': None, 'change': True}
2025-10-31 22:03:39,017 : INFO : EventManager : Event: ======'machine_var_audits_switches_s_ramp_tower_exit'====== Args={'value': 10, 'prev_value': None, 'change': True}
2025-10-31 22:03:39,017 : INFO : EventManager : Event: ======'machine_var_audits_switches_s_shooter_lane'====== Args={'value': 329, 'prev_value': None, 'change': True}
2025-10-31 22:03:39,017 : INFO : EventManager : Event: ======'machine_var_audits_switches_s_slingshot_left'====== Args={'value': 8, 'prev_value': None, 'change': True}
2025-10-31 22:03:39,017 : INFO : EventManager : Event: ======'machine_var_audits_switches_s_slingshot_right'====== Args={'value': 7, 'prev_value': None, 'change': True}
2025-10-31 22:03:39,017 : INFO : EventManager : Event: ======'machine_var_audits_switches_s_spinner'====== Args={'value': 125, 'prev_value': None, 'change': True}
2025-10-31 22:03:39,017 : INFO : EventManager : Event: ======'machine_var_audits_switches_s_start'====== Args={'value': 167, 'prev_value': None, 'change': True}
2025-10-31 22:03:39,017 : INFO : EventManager : Event: ======'machine_var_audits_switches_s_tilt'====== Args={'value': 0, 'prev_value': None, 'change': True}
2025-10-31 22:03:39,017 : INFO : EventManager : Event: ======'machine_var_audits_switches_s_trough_1'====== Args={'value': 2, 'prev_value': None, 'change': True}
2025-10-31 22:03:39,017 : INFO : EventManager : Event: ======'machine_var_audits_switches_s_trough_2'====== Args={'value': 1, 'prev_value': None, 'change': True}
2025-10-31 22:03:39,017 : INFO : EventManager : Event: ======'machine_var_audits_switches_s_trough_3'====== Args={'value': 1, 'prev_value': None, 'change': True}
2025-10-31 22:03:39,017 : INFO : EventManager : Event: ======'machine_var_audits_switches_s_trough_4'====== Args={'value': 0, 'prev_value': None, 'change': True}
2025-10-31 22:03:39,017 : INFO : EventManager : Event: ======'machine_var_audits_switches_s_trough_5'====== Args={'value': 0, 'prev_value': None, 'change': True}
2025-10-31 22:03:39,017 : INFO : EventManager : Event: ======'machine_var_audits_switches_s_trough_6'====== Args={'value': 177, 'prev_value': None, 'change': True}
2025-10-31 22:03:39,018 : INFO : EventManager : Event: ======'init_phase_5'====== Args={}
2025-10-31 22:03:39,018 : INFO : EventManager : Event: ======'init_done'====== Args={}
2025-10-31 22:03:39,018 : INFO : EventManager : Event: ======'machine_reset_phase_1'====== Args={}
2025-10-31 22:03:39,025 : INFO : EventManager : Event: ======'machine_reset_phase_2'====== Args={}
2025-10-31 22:03:39,026 : INFO : EventManager : Event: ======'machine_reset_phase_3'====== Args={}
2025-10-31 22:03:39,026 : INFO : EventManager : Event: ======'reset_complete'====== Args={}
2025-10-31 22:03:39,026 : INFO : EventManager : Event: ======'mode_attract_will_start'====== Args={}
2025-10-31 22:03:39,026 : INFO : Timer.attract_carousel_timer : Starting Timer.
2025-10-31 22:03:39,027 : INFO : EventManager : Event: ======'timer_attract_carousel_timer_started'====== Args={'ticks': 0, 'ticks_remaining': 1}
2025-10-31 22:03:39,027 : INFO : EventManager : Event: ======'timer_attract_carousel_timer_tick'====== Args={'ticks': 0, 'ticks_remaining': 1}
2025-10-31 22:03:39,028 : INFO : EventManager : Event: ======'mode_attract_starting'====== Args={}
2025-10-31 22:03:39,028 : INFO : Mode.attract : Started. Priority: 10
2025-10-31 22:03:39,029 : INFO : EventManager : Event: ======'modes_active_modes_changed'====== Args={}
2025-10-31 22:03:39,029 : INFO : EventManager : Event: ======'mode_attract_started'====== Args={}
2025-10-31 22:03:39,029 : INFO : EventManager : Event: ======'attract_cycle_step1'====== Args={'priority': 0}
2025-10-31 22:03:39,029 : INFO : EventManager : Event: ======'collecting_balls_complete'====== Args={}
2025-10-31 22:03:39,030 : INFO : EventManager : Event: ======'item_highlighted'====== Args={'carousel': 'attract', 'direction': None, 'item': 'title'}
2025-10-31 22:03:39,030 : INFO : EventManager : Event: ======'timer_attract_carousel_timer_tick'====== Args={'ticks': 0, 'ticks_remaining': 1}
2025-10-31 22:03:39,032 : INFO : BcpServer : New client connected.
2025-10-31 22:03:39,040 : INFO : Machine : Starting the main run loop with active modes: [<Mode.attract>]
2025-10-31 22:03:39,124 : INFO : EventManager : Event: ======'slide_attract_created'====== Args={'_from_bcp': True}
2025-10-31 22:03:39,124 : INFO : EventManager : Event: ======'slide__removed'====== Args={'_from_bcp': True}
2025-10-31 22:03:39,126 : INFO : EventManager : Event: ======'slide_attract_active'====== Args={'original_context': 'attract', 'original_calling_context': 'mode_attract_started', 'priority': 10.0, 'cmd': 'slides_play', '_from_bcp': True}
2025-10-31 22:03:45,647 : INFO : SwitchController : <<<<<<< 's_start' active >>>>>>>
2025-10-31 22:03:45,781 : INFO : SwitchController : <<<<<<< 's_start' inactive >>>>>>>
2025-10-31 22:03:45,782 : INFO : EventManager : Event: ======'request_to_start_game'====== Args={}
2025-10-31 22:03:45,786 : INFO : EventManager : Event: ======'game_start'====== Args={'buttons': [], 'hold_time': 0.14099999982863665}
2025-10-31 22:03:45,786 : INFO : EventManager : Event: ======'mode_game_will_start'====== Args={'buttons': [], 'hold_time': 0.14099999982863665}
2025-10-31 22:03:45,787 : INFO : EventManager : Event: ======'mode_game_starting'====== Args={'buttons': [], 'hold_time': 0.14099999982863665}
2025-10-31 22:03:45,787 : INFO : EventManager : Event: ======'mode_attract_will_stop'====== Args={}
2025-10-31 22:03:45,787 : INFO : EventManager : Event: ======'mode_attract_stopping'====== Args={}
2025-10-31 22:03:45,788 : INFO : Mode.game : Started. Priority: 20
2025-10-31 22:03:45,788 : INFO : EventManager : Event: ======'modes_active_modes_changed'====== Args={}
2025-10-31 22:03:45,788 : INFO : EventManager : Event: ======'mode_game_started'====== Args={'buttons': [], 'hold_time': 0.14099999982863665}
2025-10-31 22:03:45,789 : INFO : Mode.attract : Stopped.
2025-10-31 22:03:45,789 : INFO : EventManager : Event: ======'modes_active_modes_changed'====== Args={}
2025-10-31 22:03:45,790 : INFO : EventManager : Event: ======'mode_attract_stopped'====== Args={}
2025-10-31 22:03:45,790 : INFO : EventManager : Event: ======'clear'====== Args={'key': 'attract'}
2025-10-31 22:03:45,790 : INFO : Timer.attract_carousel_timer : Stopping Timer
2025-10-31 22:03:45,790 : INFO : EventManager : Event: ======'timer_attract_carousel_timer_stopped'====== Args={'ticks': 0, 'ticks_remaining': 1}
2025-10-31 22:03:45,790 : INFO : EventManager : Event: ======'game_will_start'====== Args={}
2025-10-31 22:03:45,791 : INFO : EventManager : Event: ======'game_starting'====== Args={'game': <Mode.game>}
2025-10-31 22:03:45,795 : INFO : EventManager : Unordered handler for class <Auditor> on event game_ended with priority 1. Handlers: [RegisteredHandler(callback=<bound method Auditor.disable of <Auditor>>, priority=1, kwargs={}, key=UUID('f374c4a4-9178-4cc3-8cb0-ea5cab66c379'), condition=None, blocking_facility=None), RegisteredHandler(callback=<bound method Auditor._save_audits of <Auditor>>, priority=1, kwargs={}, key=UUID('d2352cc1-7ab2-4e58-bc4b-61b8e0c03be3'), condition=None, blocking_facility=None)]. The order of those handlers is not defined and they will be executed in random order. This might lead to race conditions and potential bugs.
2025-10-31 22:03:45,795 : INFO : EventManager : Event: ======'player_add_request'====== Args={}
2025-10-31 22:03:45,795 : INFO : EventManager : Event: ======'player_will_add'====== Args={'number': 1}
2025-10-31 22:03:45,795 : INFO : EventManager : Event: ======'player_adding'====== Args={'player': <Player 1>, 'number': 1}
2025-10-31 22:03:45,795 : INFO : EventManager : Event: ======'player_added'====== Args={'player': <Player 1>, 'num': 1}
2025-10-31 22:03:45,795 : INFO : Mode.game : Player added successfully. Total players: 1
2025-10-31 22:03:45,796 : INFO : EventManager : Event: ======'player_index'====== Args={'value': 0, 'prev_value': 0, 'change': 0, 'player_num': 1}
2025-10-31 22:03:45,796 : INFO : EventManager : Event: ======'player_number'====== Args={'value': 1, 'prev_value': 1, 'change': 0, 'player_num': 1}
2025-10-31 22:03:45,796 : INFO : EventManager : Event: ======'player_mach_level'====== Args={'value': 1.0, 'prev_value': 1.0, 'change': 0, 'player_num': 1}
2025-10-31 22:03:45,796 : INFO : EventManager : Event: ======'player_mach_step'====== Args={'value': 0, 'prev_value': 0, 'change': 0, 'player_num': 1}
2025-10-31 22:03:45,797 : INFO : EventManager : Event: ======'player_score'====== Args={'value': 0, 'prev_value': 0, 'change': 0, 'player_num': 1}
2025-10-31 22:03:45,797 : INFO : EventManager : Event: ======'game_started'====== Args={}
2025-10-31 22:03:45,798 : INFO : EventManager : Event: ======'player_turn_will_start'====== Args={'player': <Player 1>, 'number': 1}
2025-10-31 22:03:45,799 : INFO : EventManager : Event: ======'player_turn_starting'====== Args={'player': <Player 1>, 'number': 1}
2025-10-31 22:03:45,805 : INFO : EventManager : Event: ======'player_ball'====== Args={'value': 1, 'prev_value': 0, 'change': 1, 'player_num': 1}
2025-10-31 22:03:45,807 : INFO : EventManager : Event: ======'player_turn_started'====== Args={'player': <Player 1>, 'number': 1}
2025-10-31 22:03:45,808 : INFO : EventManager : Event: ======'ui_player_1_up'====== Args={'priority': 0}
2025-10-31 22:03:45,809 : INFO : EventManager : Event: ======'ball_will_start'====== Args={'player': 1, 'ball': 1, 'balls_remaining': 2, 'is_extra_ball': False}
2025-10-31 22:03:45,809 : INFO : EventManager : Event: ======'ball_starting'====== Args={'player': 1, 'ball': 1, 'balls_remaining': 2, 'is_extra_ball': False}
2025-10-31 22:03:45,810 : INFO : EventManager : Event: ======'mode_base_will_start'====== Args={'queue': <QueuedEvent>, 'player': 1, 'ball': 1, 'balls_remaining': 2, 'is_extra_ball': False}
2025-10-31 22:03:45,811 : INFO : EventManager : Event: ======'mode_base_starting'====== Args={'queue': <QueuedEvent>, 'player': 1, 'ball': 1, 'balls_remaining': 2, 'is_extra_ball': False}
2025-10-31 22:03:45,812 : INFO : Mode.base : Started. Priority: 100
2025-10-31 22:03:45,812 : INFO : EventManager : Event: ======'modes_active_modes_changed'====== Args={}
2025-10-31 22:03:45,812 : INFO : EventManager : Event: ======'mode_base_started'====== Args={'queue': <QueuedEvent>, 'player': 1, 'ball': 1, 'balls_remaining': 2, 'is_extra_ball': False}
2025-10-31 22:03:45,812 : INFO : EventManager : Event: ======'mode_mach_scoring_will_start'====== Args={'queue': <QueuedEvent>, 'player': 1, 'ball': 1, 'balls_remaining': 2, 'is_extra_ball': False}
2025-10-31 22:03:45,813 : INFO : EventManager : Event: ======'player_shot_mach_ramp_enabled'====== Args={'value': True, 'prev_value': 0, 'change': 1, 'player_num': 1}
2025-10-31 22:03:45,813 : INFO : EventManager : Event: ======'player_mach_scoring_mach_qualify_timer_tick'====== Args={'value': 10, 'prev_value': 0, 'change': 10, 'player_num': 1}
2025-10-31 22:03:45,814 : INFO : EventManager : Event: ======'player_mach_scoring_mach_timer_tick'====== Args={'value': 20, 'prev_value': 0, 'change': 20, 'player_num': 1}
2025-10-31 22:03:45,819 : INFO : EventManager : Event: ======'mode_mach_scoring_starting'====== Args={'queue': <QueuedEvent>, 'player': 1, 'ball': 1, 'balls_remaining': 2, 'is_extra_ball': False}
2025-10-31 22:03:45,819 : INFO : EventManager : Event: ======'mode_goose_letters_will_start'====== Args={'queue': <QueuedEvent>, 'player': 1, 'ball': 1, 'balls_remaining': 2, 'is_extra_ball': False}
2025-10-31 22:03:45,823 : INFO : EventManager : Event: ======'mode_goose_letters_starting'====== Args={'queue': <QueuedEvent>, 'player': 1, 'ball': 1, 'balls_remaining': 2, 'is_extra_ball': False}
2025-10-31 22:03:45,823 : INFO : EventManager : Event: ======'mode_mig_letters_will_start'====== Args={'queue': <QueuedEvent>, 'player': 1, 'ball': 1, 'balls_remaining': 2, 'is_extra_ball': False}
2025-10-31 22:03:45,823 : INFO : EventManager : Event: ======'player_mig_letters_mig_reset_tick'====== Args={'value': 0, 'prev_value': 0, 'change': 0, 'player_num': 1}
2025-10-31 22:03:45,825 : INFO : EventManager : Event: ======'mode_mig_letters_starting'====== Args={'queue': <QueuedEvent>, 'player': 1, 'ball': 1, 'balls_remaining': 2, 'is_extra_ball': False}
2025-10-31 22:03:45,825 : INFO : EventManager : Event: ======'mode_pilot_mission_qualifier_will_start'====== Args={'queue': <QueuedEvent>, 'player': 1, 'ball': 1, 'balls_remaining': 2, 'is_extra_ball': False}
2025-10-31 22:03:45,843 : INFO : EventManager : Unordered handler for class ConfigPlayer.variable_player/variables on event player_added with priority 200. Handlers: [RegisteredHandler(callback=<bound method ConfigPlayer.config_play_callback of ConfigPlayer.variable_player/variables>, priority=200, kwargs={'calling_context': 'player_added', 'mode': <Mode.mig_letters>, 'settings': {'mig_letter_m': {'action': 'set', 'int': <NativeTemplate 0>, 'priority': 0, 'float': None, 'string': None, 'block': False, 'player': None, 'condition': None}, 'mig_letter_i': {'action': 'set', 'int': <NativeTemplate 0>, 'priority': 0, 'float': None, 'string': None, 'block': False, 'player': None, 'condition': None}, 'mig_letter_g': {'action': 'set', 'int': <NativeTemplate 0>, 'priority': 0, 'float': None, 'string': None, 'block': False, 'player': None, 'condition': None}, 'bonus_multiplier': {'action': 'set', 'int': <NativeTemplate 1>, 'priority': 0, 'float': None, 'string': None, 'block': False, 'player': None, 'condition': None}, 'mig_completing': {'action': 'set', 'int': <NativeTemplate 0>, 'priority': 0, 'float': None, 'string': None, 'block': False, 'player': None, 'condition': None}}}, key=UUID('55dde31d-cbd8-4d1f-87cf-18a5f5609a91'), condition=None, blocking_facility=None), RegisteredHandler(callback=<bound method ConfigPlayer.config_play_callback of ConfigPlayer.variable_player/variables>, priority=200, kwargs={'calling_context': 'player_added', 'mode': <Mode.pilot_mission_qualifier>, 'settings': {'topgun_shots_collected': {'action': 'set', 'int': <NativeTemplate 0>, 'priority': 0, 'float': None, 'string': None, 'block': False, 'player': None, 'condition': None}, 'modes_completed_count': {'action': 'set', 'int': <NativeTemplate 0>, 'priority': 0, 'float': None, 'string': None, 'block': False, 'player': None, 'condition': None}, 'qualified_mode_number': {'action': 'set', 'int': <NativeTemplate 0>, 'priority': 0, 'float': None, 'string': None, 'block': False, 'player': None, 'condition': None}, 'pilot_qualifier_paused': {'action': 'set', 'int': <NativeTemplate 0>, 'priority': 0, 'float': None, 'string': None, 'block': False, 'player': None, 'condition': None}, 'topgun_letter_t': {'action': 'set', 'int': <NativeTemplate 0>, 'priority': 0, 'float': None, 'string': None, 'block': False, 'player': None, 'condition': None}, 'topgun_letter_o': {'action': 'set', 'int': <NativeTemplate 0>, 'priority': 0, 'float': None, 'string': None, 'block': False, 'player': None, 'condition': None}, 'topgun_letter_p': {'action': 'set', 'int': <NativeTemplate 0>, 'priority': 0, 'float': None, 'string': None, 'block': False, 'player': None, 'condition': None}, 'topgun_letter_g': {'action': 'set', 'int': <NativeTemplate 0>, 'priority': 0, 'float': None, 'string': None, 'block': False, 'player': None, 'condition': None}, 'topgun_letter_u': {'action': 'set', 'int': <NativeTemplate 0>, 'priority': 0, 'float': None, 'string': None, 'block': False, 'player': None, 'condition': None}, 'topgun_letter_n': {'action': 'set', 'int': <NativeTemplate 0>, 'priority': 0, 'float': None, 'string': None, 'block': False, 'player': None, 'condition': None}, 'mode_rescue_cougar_complete': {'action': 'set', 'int': <NativeTemplate 0>, 'priority': 0, 'float': None, 'string': None, 'block': False, 'player': None, 'condition': None}, 'mode_balls_of_fire_complete': {'action': 'set', 'int': <NativeTemplate 0>, 'priority': 0, 'float': None, 'string': None, 'block': False, 'player': None, 'condition': None}, 'mode_cool_under_pressure_complete': {'action': 'set', 'int': <NativeTemplate 0>, 'priority': 0, 'float': None, 'string': None, 'block': False, 'player': None, 'condition': None}, 'mode_battle_jester_complete': {'action': 'set', 'int': <NativeTemplate 0>, 'priority': 0, 'float': None, 'string': None, 'block': False, 'player': None, 'condition': None}, 'mode_no_points_for_second_place_complete': {'action': 'set', 'int': <NativeTemplate 0>, 'priority': 0, 'float': None, 'string': None, 'block': False, 'player': None, 'condition': None}, 'mode_edge_of_space_complete': {'action': 'set', 'int': <NativeTemplate 0>, 'priority': 0, 'float': None, 'string': None, 'block': False, 'player': None, 'condition': None}, 'mode_below_the_hard_deck_complete': {'action': 'set', 'int': <NativeTemplate 0>, 'priority': 0, 'float': None, 'string': None, 'block': False, 'player': None, 'condition': None}, 'mode_canyon_run_complete': {'action': 'set', 'int': <NativeTemplate 0>, 'priority': 0, 'float': None, 'string': None, 'block': False, 'player': None, 'condition': None}, 'mode_rise_of_phoenix_complete': {'action': 'set', 'int': <NativeTemplate 0>, 'priority': 0, 'float': None, 'string': None, 'block': False, 'player': None, 'condition': None}, 'mode_no_margin_for_error_complete': {'action': 'set', 'int': <NativeTemplate 0>, 'priority': 0, 'float': None, 'string': None, 'block': False, 'player': None, 'condition': None}}}, key=UUID('3a602825-e3d8-4b13-a901-dcbb2d092eaa'), condition=None, blocking_facility=None)]. The order of those handlers is not defined and they will be executed in random order. This might lead to race conditions and potential bugs.
2025-10-31 22:03:45,846 : INFO : EventManager : Event: ======'mode_pilot_mission_qualifier_starting'====== Args={'queue': <QueuedEvent>, 'player': 1, 'ball': 1, 'balls_remaining': 2, 'is_extra_ball': False}
2025-10-31 22:03:45,846 : INFO : EventManager : Event: ======'mode_iceman_letters_will_start'====== Args={'queue': <QueuedEvent>, 'player': 1, 'ball': 1, 'balls_remaining': 2, 'is_extra_ball': False}
2025-10-31 22:03:45,846 : INFO : EventManager : Event: ======'player_iceman_letters_iceman_reset_tick'====== Args={'value': 0, 'prev_value': 0, 'change': 0, 'player_num': 1}
2025-10-31 22:03:45,855 : INFO : EventManager : Unordered handler for class ConfigPlayer.variable_player/variables on event player_added with priority 200. Handlers: [RegisteredHandler(callback=<bound method ConfigPlayer.config_play_callback of ConfigPlayer.variable_player/variables>, priority=200, kwargs={'calling_context': 'player_added', 'mode': <Mode.mig_letters>, 'settings': {'mig_letter_m': {'action': 'set', 'int': <NativeTemplate 0>, 'priority': 0, 'float': None, 'string': None, 'block': False, 'player': None, 'condition': None}, 'mig_letter_i': {'action': 'set', 'int': <NativeTemplate 0>, 'priority': 0, 'float': None, 'string': None, 'block': False, 'player': None, 'condition': None}, 'mig_letter_g': {'action': 'set', 'int': <NativeTemplate 0>, 'priority': 0, 'float': None, 'string': None, 'block': False, 'player': None, 'condition': None}, 'bonus_multiplier': {'action': 'set', 'int': <NativeTemplate 1>, 'priority': 0, 'float': None, 'string': None, 'block': False, 'player': None, 'condition': None}, 'mig_completing': {'action': 'set', 'int': <NativeTemplate 0>, 'priority': 0, 'float': None, 'string': None, 'block': False, 'player': None, 'condition': None}}}, key=UUID('55dde31d-cbd8-4d1f-87cf-18a5f5609a91'), condition=None, blocking_facility=None), RegisteredHandler(callback=<bound method ConfigPlayer.config_play_callback of ConfigPlayer.variable_player/variables>, priority=200, kwargs={'calling_context': 'player_added', 'mode': <Mode.pilot_mission_qualifier>, 'settings': {'topgun_shots_collected': {'action': 'set', 'int': <NativeTemplate 0>, 'priority': 0, 'float': None, 'string': None, 'block': False, 'player': None, 'condition': None}, 'modes_completed_count': {'action': 'set', 'int': <NativeTemplate 0>, 'priority': 0, 'float': None, 'string': None, 'block': False, 'player': None, 'condition': None}, 'qualified_mode_number': {'action': 'set', 'int': <NativeTemplate 0>, 'priority': 0, 'float': None, 'string': None, 'block': False, 'player': None, 'condition': None}, 'pilot_qualifier_paused': {'action': 'set', 'int': <NativeTemplate 0>, 'priority': 0, 'float': None, 'string': None, 'block': False, 'player': None, 'condition': None}, 'topgun_letter_t': {'action': 'set', 'int': <NativeTemplate 0>, 'priority': 0, 'float': None, 'string': None, 'block': False, 'player': None, 'condition': None}, 'topgun_letter_o': {'action': 'set', 'int': <NativeTemplate 0>, 'priority': 0, 'float': None, 'string': None, 'block': False, 'player': None, 'condition': None}, 'topgun_letter_p': {'action': 'set', 'int': <NativeTemplate 0>, 'priority': 0, 'float': None, 'string': None, 'block': False, 'player': None, 'condition': None}, 'topgun_letter_g': {'action': 'set', 'int': <NativeTemplate 0>, 'priority': 0, 'float': None, 'string': None, 'block': False, 'player': None, 'condition': None}, 'topgun_letter_u': {'action': 'set', 'int': <NativeTemplate 0>, 'priority': 0, 'float': None, 'string': None, 'block': False, 'player': None, 'condition': None}, 'topgun_letter_n': {'action': 'set', 'int': <NativeTemplate 0>, 'priority': 0, 'float': None, 'string': None, 'block': False, 'player': None, 'condition': None}, 'mode_rescue_cougar_complete': {'action': 'set', 'int': <NativeTemplate 0>, 'priority': 0, 'float': None, 'string': None, 'block': False, 'player': None, 'condition': None}, 'mode_balls_of_fire_complete': {'action': 'set', 'int': <NativeTemplate 0>, 'priority': 0, 'float': None, 'string': None, 'block': False, 'player': None, 'condition': None}, 'mode_cool_under_pressure_complete': {'action': 'set', 'int': <NativeTemplate 0>, 'priority': 0, 'float': None, 'string': None, 'block': False, 'player': None, 'condition': None}, 'mode_battle_jester_complete': {'action': 'set', 'int': <NativeTemplate 0>, 'priority': 0, 'float': None, 'string': None, 'block': False, 'player': None, 'condition': None}, 'mode_no_points_for_second_place_complete': {'action': 'set', 'int': <NativeTemplate 0>, 'priority': 0, 'float': None, 'string': None, 'block': False, 'player': None, 'condition': None}, 'mode_edge_of_space_complete': {'action': 'set', 'int': <NativeTemplate 0>, 'priority': 0, 'float': None, 'string': None, 'block': False, 'player': None, 'condition': None}, 'mode_below_the_hard_deck_complete': {'action': 'set', 'int': <NativeTemplate 0>, 'priority': 0, 'float': None, 'string': None, 'block': False, 'player': None, 'condition': None}, 'mode_canyon_run_complete': {'action': 'set', 'int': <NativeTemplate 0>, 'priority': 0, 'float': None, 'string': None, 'block': False, 'player': None, 'condition': None}, 'mode_rise_of_phoenix_complete': {'action': 'set', 'int': <NativeTemplate 0>, 'priority': 0, 'float': None, 'string': None, 'block': False, 'player': None, 'condition': None}, 'mode_no_margin_for_error_complete': {'action': 'set', 'int': <NativeTemplate 0>, 'priority': 0, 'float': None, 'string': None, 'block': False, 'player': None, 'condition': None}}}, key=UUID('3a602825-e3d8-4b13-a901-dcbb2d092eaa'), condition=None, blocking_facility=None), RegisteredHandler(callback=<bound method ConfigPlayer.config_play_callback of ConfigPlayer.variable_player/variables>, priority=200, kwargs={'calling_context': 'player_added', 'mode': <Mode.iceman_letters>, 'settings': {'iceman_letter_i': {'action': 'set', 'int': <NativeTemplate 0>, 'priority': 0, 'float': None, 'string': None, 'block': False, 'player': None, 'condition': None}, 'iceman_letter_c': {'action': 'set', 'int': <NativeTemplate 0>, 'priority': 0, 'float': None, 'string': None, 'block': False, 'player': None, 'condition': None}, 'iceman_letter_e': {'action': 'set', 'int': <NativeTemplate 0>, 'priority': 0, 'float': None, 'string': None, 'block': False, 'player': None, 'condition': None}, 'iceman_letter_m': {'action': 'set', 'int': <NativeTemplate 0>, 'priority': 0, 'float': None, 'string': None, 'block': False, 'player': None, 'condition': None}, 'iceman_letter_a': {'action': 'set', 'int': <NativeTemplate 0>, 'priority': 0, 'float': None, 'string': None, 'block': False, 'player': None, 'condition': None}, 'iceman_letter_n': {'action': 'set', 'int': <NativeTemplate 0>, 'priority': 0, 'float': None, 'string': None, 'block': False, 'player': None, 'condition': None}, 'iceman_completing': {'action': 'set', 'int': <NativeTemplate 0>, 'priority': 0, 'float': None, 'string': None, 'block': False, 'player': None, 'condition': None}, 'training_mission_qualified': {'action': 'set', 'int': <NativeTemplate 0>, 'priority': 0, 'float': None, 'string': None, 'block': False, 'player': None, 'condition': None}, 'training_inverted_complete': {'action': 'set', 'int': <NativeTemplate 0>, 'priority': 0, 'float': None, 'string': None, 'block': False, 'player': None, 'condition': None}, 'training_missles_complete': {'action': 'set', 'int': <NativeTemplate 0>, 'priority': 0, 'float': None, 'string': None, 'block': False, 'player': None, 'condition': None}, 'training_afterburner_complete': {'action': 'set', 'int': <NativeTemplate 0>, 'priority': 0, 'float': None, 'string': None, 'block': False, 'player': None, 'condition': None}, 'training_wingman_complete': {'action': 'set', 'int': <NativeTemplate 0>, 'priority': 0, 'float': None, 'string': None, 'block': False, 'player': None, 'condition': None}, 'training_dogfight_complete': {'action': 'set', 'int': <NativeTemplate 0>, 'priority': 0, 'float': None, 'string': None, 'block': False, 'player': None, 'condition': None}}}, key=UUID('a1b74a26-377c-4996-8d52-a5861e97ae00'), condition=None, blocking_facility=None)]. The order of those handlers is not defined and they will be executed in random order. This might lead to race conditions and potential bugs.
2025-10-31 22:03:45,856 : INFO : EventManager : Unordered handler for class ConfigPlayer.variable_player/variables on event player_added with priority 200. Handlers: [RegisteredHandler(callback=<bound method ConfigPlayer.config_play_callback of ConfigPlayer.variable_player/variables>, priority=200, kwargs={'calling_context': 'player_added', 'mode': <Mode.mig_letters>, 'settings': {'mig_letter_m': {'action': 'set', 'int': <NativeTemplate 0>, 'priority': 0, 'float': None, 'string': None, 'block': False, 'player': None, 'condition': None}, 'mig_letter_i': {'action': 'set', 'int': <NativeTemplate 0>, 'priority': 0, 'float': None, 'string': None, 'block': False, 'player': None, 'condition': None}, 'mig_letter_g': {'action': 'set', 'int': <NativeTemplate 0>, 'priority': 0, 'float': None, 'string': None, 'block': False, 'player': None, 'condition': None}, 'bonus_multiplier': {'action': 'set', 'int': <NativeTemplate 1>, 'priority': 0, 'float': None, 'string': None, 'block': False, 'player': None, 'condition': None}, 'mig_completing': {'action': 'set', 'int': <NativeTemplate 0>, 'priority': 0, 'float': None, 'string': None, 'block': False, 'player': None, 'condition': None}}}, key=UUID('55dde31d-cbd8-4d1f-87cf-18a5f5609a91'), condition=None, blocking_facility=None), RegisteredHandler(callback=<bound method ConfigPlayer.config_play_callback of ConfigPlayer.variable_player/variables>, priority=200, kwargs={'calling_context': 'player_added', 'mode': <Mode.pilot_mission_qualifier>, 'settings': {'topgun_shots_collected': {'action': 'set', 'int': <NativeTemplate 0>, 'priority': 0, 'float': None, 'string': None, 'block': False, 'player': None, 'condition': None}, 'modes_completed_count': {'action': 'set', 'int': <NativeTemplate 0>, 'priority': 0, 'float': None, 'string': None, 'block': False, 'player': None, 'condition': None}, 'qualified_mode_number': {'action': 'set', 'int': <NativeTemplate 0>, 'priority': 0, 'float': None, 'string': None, 'block': False, 'player': None, 'condition': None}, 'pilot_qualifier_paused': {'action': 'set', 'int': <NativeTemplate 0>, 'priority': 0, 'float': None, 'string': None, 'block': False, 'player': None, 'condition': None}, 'topgun_letter_t': {'action': 'set', 'int': <NativeTemplate 0>, 'priority': 0, 'float': None, 'string': None, 'block': False, 'player': None, 'condition': None}, 'topgun_letter_o': {'action': 'set', 'int': <NativeTemplate 0>, 'priority': 0, 'float': None, 'string': None, 'block': False, 'player': None, 'condition': None}, 'topgun_letter_p': {'action': 'set', 'int': <NativeTemplate 0>, 'priority': 0, 'float': None, 'string': None, 'block': False, 'player': None, 'condition': None}, 'topgun_letter_g': {'action': 'set', 'int': <NativeTemplate 0>, 'priority': 0, 'float': None, 'string': None, 'block': False, 'player': None, 'condition': None}, 'topgun_letter_u': {'action': 'set', 'int': <NativeTemplate 0>, 'priority': 0, 'float': None, 'string': None, 'block': False, 'player': None, 'condition': None}, 'topgun_letter_n': {'action': 'set', 'int': <NativeTemplate 0>, 'priority': 0, 'float': None, 'string': None, 'block': False, 'player': None, 'condition': None}, 'mode_rescue_cougar_complete': {'action': 'set', 'int': <NativeTemplate 0>, 'priority': 0, 'float': None, 'string': None, 'block': False, 'player': None, 'condition': None}, 'mode_balls_of_fire_complete': {'action': 'set', 'int': <NativeTemplate 0>, 'priority': 0, 'float': None, 'string': None, 'block': False, 'player': None, 'condition': None}, 'mode_cool_under_pressure_complete': {'action': 'set', 'int': <NativeTemplate 0>, 'priority': 0, 'float': None, 'string': None, 'block': False, 'player': None, 'condition': None}, 'mode_battle_jester_complete': {'action': 'set', 'int': <NativeTemplate 0>, 'priority': 0, 'float': None, 'string': None, 'block': False, 'player': None, 'condition': None}, 'mode_no_points_for_second_place_complete': {'action': 'set', 'int': <NativeTemplate 0>, 'priority': 0, 'float': None, 'string': None, 'block': False, 'player': None, 'condition': None}, 'mode_edge_of_space_complete': {'action': 'set', 'int': <NativeTemplate 0>, 'priority': 0, 'float': None, 'string': None, 'block': False, 'player': None, 'condition': None}, 'mode_below_the_hard_deck_complete': {'action': 'set', 'int': <NativeTemplate 0>, 'priority': 0, 'float': None, 'string': None, 'block': False, 'player': None, 'condition': None}, 'mode_canyon_run_complete': {'action': 'set', 'int': <NativeTemplate 0>, 'priority': 0, 'float': None, 'string': None, 'block': False, 'player': None, 'condition': None}, 'mode_rise_of_phoenix_complete': {'action': 'set', 'int': <NativeTemplate 0>, 'priority': 0, 'float': None, 'string': None, 'block': False, 'player': None, 'condition': None}, 'mode_no_margin_for_error_complete': {'action': 'set', 'int': <NativeTemplate 0>, 'priority': 0, 'float': None, 'string': None, 'block': False, 'player': None, 'condition': None}}}, key=UUID('3a602825-e3d8-4b13-a901-dcbb2d092eaa'), condition=None, blocking_facility=None), RegisteredHandler(callback=<bound method ConfigPlayer.config_play_callback of ConfigPlayer.variable_player/variables>, priority=200, kwargs={'calling_context': 'player_added', 'mode': <Mode.iceman_letters>, 'settings': {'iceman_letter_i': {'action': 'set', 'int': <NativeTemplate 0>, 'priority': 0, 'float': None, 'string': None, 'block': False, 'player': None, 'condition': None}, 'iceman_letter_c': {'action': 'set', 'int': <NativeTemplate 0>, 'priority': 0, 'float': None, 'string': None, 'block': False, 'player': None, 'condition': None}, 'iceman_letter_e': {'action': 'set', 'int': <NativeTemplate 0>, 'priority': 0, 'float': None, 'string': None, 'block': False, 'player': None, 'condition': None}, 'iceman_letter_m': {'action': 'set', 'int': <NativeTemplate 0>, 'priority': 0, 'float': None, 'string': None, 'block': False, 'player': None, 'condition': None}, 'iceman_letter_a': {'action': 'set', 'int': <NativeTemplate 0>, 'priority': 0, 'float': None, 'string': None, 'block': False, 'player': None, 'condition': None}, 'iceman_letter_n': {'action': 'set', 'int': <NativeTemplate 0>, 'priority': 0, 'float': None, 'string': None, 'block': False, 'player': None, 'condition': None}, 'iceman_completing': {'action': 'set', 'int': <NativeTemplate 0>, 'priority': 0, 'float': None, 'string': None, 'block': False, 'player': None, 'condition': None}, 'training_mission_qualified': {'action': 'set', 'int': <NativeTemplate 0>, 'priority': 0, 'float': None, 'string': None, 'block': False, 'player': None, 'condition': None}, 'training_inverted_complete': {'action': 'set', 'int': <NativeTemplate 0>, 'priority': 0, 'float': None, 'string': None, 'block': False, 'player': None, 'condition': None}, 'training_missles_complete': {'action': 'set', 'int': <NativeTemplate 0>, 'priority': 0, 'float': None, 'string': None, 'block': False, 'player': None, 'condition': None}, 'training_afterburner_complete': {'action': 'set', 'int': <NativeTemplate 0>, 'priority': 0, 'float': None, 'string': None, 'block': False, 'player': None, 'condition': None}, 'training_wingman_complete': {'action': 'set', 'int': <NativeTemplate 0>, 'priority': 0, 'float': None, 'string': None, 'block': False, 'player': None, 'condition': None}, 'training_dogfight_complete': {'action': 'set', 'int': <NativeTemplate 0>, 'priority': 0, 'float': None, 'string': None, 'block': False, 'player': None, 'condition': None}}}, key=UUID('a1b74a26-377c-4996-8d52-a5861e97ae00'), condition=None, blocking_facility=None)]. The order of those handlers is not defined and they will be executed in random order. This might lead to race conditions and potential bugs.
2025-10-31 22:03:45,857 : INFO : EventManager : Event: ======'mode_iceman_letters_starting'====== Args={'queue': <QueuedEvent>, 'player': 1, 'ball': 1, 'balls_remaining': 2, 'is_extra_ball': False}
2025-10-31 22:03:45,857 : INFO : EventManager : Event: ======'start_mode_bumpers'====== Args={'priority': 0}
2025-10-31 22:03:45,858 : INFO : EventManager : Event: ======'mode_bumpers_will_start'====== Args={'priority': 0}
2025-10-31 22:03:45,858 : INFO : EventManager : Event: ======'player_shot_bumper_left_enabled'====== Args={'value': True, 'prev_value': 0, 'change': 1, 'player_num': 1}
2025-10-31 22:03:45,858 : INFO : EventManager : Event: ======'player_shot_bumper_center_enabled'====== Args={'value': True, 'prev_value': 0, 'change': 1, 'player_num': 1}
2025-10-31 22:03:45,858 : INFO : EventManager : Event: ======'player_shot_bumper_right_enabled'====== Args={'value': True, 'prev_value': 0, 'change': 1, 'player_num': 1}
2025-10-31 22:03:45,859 : INFO : EventManager : Event: ======'bumpers_complete'====== Args={'state': 'unlit'}
2025-10-31 22:03:45,859 : INFO : EventManager : Event: ======'bumpers_unlit_complete'====== Args={}
2025-10-31 22:03:45,859 : INFO : EventManager : Event: ======'mode_bumpers_starting'====== Args={'priority': 0}
2025-10-31 22:03:45,859 : INFO : Mode.bumpers : Started. Priority: 200
2025-10-31 22:03:45,859 : INFO : EventManager : Event: ======'modes_active_modes_changed'====== Args={}
2025-10-31 22:03:45,859 : INFO : EventManager : Event: ======'mode_bumpers_started'====== Args={'priority': 0}
2025-10-31 22:03:45,859 : INFO : Mode.iceman_letters : Started. Priority: 200
2025-10-31 22:03:45,859 : INFO : EventManager : Event: ======'modes_active_modes_changed'====== Args={}
2025-10-31 22:03:45,859 : INFO : EventManager : Event: ======'mode_iceman_letters_started'====== Args={'queue': <QueuedEvent>, 'player': 1, 'ball': 1, 'balls_remaining': 2, 'is_extra_ball': False}
2025-10-31 22:03:45,860 : INFO : EventManager : Event: ======'restore_training_mission_light'====== Args={'priority': 0}
2025-10-31 22:03:45,860 : INFO : Mode.pilot_mission_qualifier : Started. Priority: 200
2025-10-31 22:03:45,861 : INFO : EventManager : Event: ======'modes_active_modes_changed'====== Args={}
2025-10-31 22:03:45,861 : INFO : EventManager : Event: ======'mode_pilot_mission_qualifier_started'====== Args={'queue': <QueuedEvent>, 'player': 1, 'ball': 1, 'balls_remaining': 2, 'is_extra_ball': False}
2025-10-31 22:03:45,862 : INFO : Mode.mig_letters : Started. Priority: 200
2025-10-31 22:03:45,862 : INFO : EventManager : Event: ======'modes_active_modes_changed'====== Args={}
2025-10-31 22:03:45,862 : INFO : EventManager : Event: ======'mode_mig_letters_started'====== Args={'queue': <QueuedEvent>, 'player': 1, 'ball': 1, 'balls_remaining': 2, 'is_extra_ball': False}
2025-10-31 22:03:45,862 : INFO : Mode.goose_letters : Started. Priority: 210
2025-10-31 22:03:45,862 : INFO : EventManager : Event: ======'modes_active_modes_changed'====== Args={}
2025-10-31 22:03:45,862 : INFO : EventManager : Event: ======'mode_goose_letters_started'====== Args={'queue': <QueuedEvent>, 'player': 1, 'ball': 1, 'balls_remaining': 2, 'is_extra_ball': False}
2025-10-31 22:03:45,863 : ERROR : asyncio : Exception in callback EventManager.process_event_queue()
handle: <Handle EventManager.process_event_queue()>
Traceback (most recent call last):
  File "C:\Users\White\mpf\Lib\site-packages\mpf\core\placeholder_manager.py", line 79, in evaluate
    result = self.placeholder_manager.evaluate_template(self.template, parameters)
             ^^^^^^^^^^^^^^^^^^^^^^^^^^^^^^^^^^^^^^^^^^^^^^^^^^^^^^^^^^^^^^^^^^^^^
  File "C:\Users\White\mpf\Lib\site-packages\mpf\core\placeholder_manager.py", line 836, in evaluate_template
    return self._eval(template, parameters, False)[0]
           ^^^^^^^^^^^^^^^^^^^^^^^^^^^^^^^^^^^^^^^
  File "C:\Users\White\mpf\Lib\site-packages\mpf\core\placeholder_manager.py", line 778, in _eval
    return self._eval_methods[type(node)](node, variables, subscribe)
           ^^^^^^^^^^^^^^^^^^^^^^^^^^^^^^^^^^^^^^^^^^^^^^^^^^^^^^^^^^
  File "C:\Users\White\mpf\Lib\site-packages\mpf\core\placeholder_manager.py", line 701, in _eval_compare
    return COMPARISONS[type(node.ops[0])](left_value, right_value), left_subscription + right_subscription
           ~~~~~~~~~~~^^^^^^^^^^^^^^^^^^^
KeyError: <class 'ast.Is'>

The above exception was the direct cause of the following exception:

Traceback (most recent call last):
  File "C:\Users\White\mpf\Lib\site-packages\mpf\core\events.py", line 755, in _run_handlers
    result = handler.callback(**merged_kwargs)
             ^^^^^^^^^^^^^^^^^^^^^^^^^^^^^^^^^
  File "C:\Users\White\mpf\Lib\site-packages\mpf\core\config_player.py", line 348, in config_play_callback
    return self.play(settings=settings, context=context, calling_context=calling_context, priority=priority,
           ^^^^^^^^^^^^^^^^^^^^^^^^^^^^^^^^^^^^^^^^^^^^^^^^^^^^^^^^^^^^^^^^^^^^^^^^^^^^^^^^^^^^^^^^^^^^^^^^^
  File "C:\Users\White\mpf\Lib\site-packages\mpf\config_players\variable_player.py", line 74, in play
    if s['condition'] and not s['condition'].evaluate(kwargs):
                              ^^^^^^^^^^^^^^^^^^^^^^^^^^^^^^^
  File "C:\Users\White\mpf\Lib\site-packages\mpf\core\placeholder_manager.py", line 89, in evaluate
    raise AssertionError(
AssertionError: Failed to evaluate <class 'mpf.core.placeholder_manager.BoolTemplate'> template current_player.ejection_shots_completed is None with parameters {'queue': <QueuedEvent>, 'player': 1, 'ball': 1, 'balls_remaining': 2, 'is_extra_ball': False}

The above exception was the direct cause of the following exception:

Traceback (most recent call last):
  File "C:\Users\White\AppData\Local\Programs\Python\Python312\Lib\asyncio\events.py", line 88, in _run
    self._context.run(self._callback, *self._args)
  File "C:\Users\White\mpf\Lib\site-packages\mpf\core\events.py", line 846, in process_event_queue
    self._process_event(event=event[0],
  File "C:\Users\White\mpf\Lib\site-packages\mpf\core\events.py", line 808, in _process_event
    result = self._run_handlers(event, ev_type, kwargs)
             ^^^^^^^^^^^^^^^^^^^^^^^^^^^^^^^^^^^^^^^^^^
  File "C:\Users\White\mpf\Lib\site-packages\mpf\core\events.py", line 757, in _run_handlers
    raise EventHandlerException(
mpf.core.events.EventHandlerException: Exception while processing RegisteredHandler(callback=<bound method ConfigPlayer.config_play_callback of ConfigPlayer.variable_player/variables>, priority=210, kwargs={'calling_context': 'mode_goose_letters_started', 'mode': <Mode.goose_letters>, 'settings': {'ejection_shots_completed': {'action': 'set', 'int': <NativeTemplate 0>, 'priority': 0, 'float': None, 'string': None, 'block': False, 'player': None, 'condition': <Template current_player.ejection_shots_completed is None>}, 'ejection_shots_needed': {'action': 'set', 'int': <NativeTemplate 3>, 'priority': 0, 'float': None, 'string': None, 'block': False, 'player': None, 'condition': <Template current_player.ejection_shots_needed is None>}, 'goose_milestone': {'action': 'set', 'int': <NativeTemplate 3>, 'priority': 0, 'float': None, 'string': None, 'block': False, 'player': None, 'condition': <Template current_player.goose_milestone is None>}, 'goose_completions': {'action': 'set', 'int': <NativeTemplate 0>, 'priority': 0, 'float': None, 'string': None, 'block': False, 'player': None, 'condition': <Template current_player.goose_completions is None>}, 'eject_mode_qualified': {'action': 'set', 'int': <NativeTemplate 0>, 'priority': 0, 'float': None, 'string': None, 'block': False, 'player': None, 'condition': <Template current_player.eject_mode_qualified is None>}}}, key=UUID('e1cbd5ba-b83e-48bf-b933-e0afde01f9c9'), condition=None, blocking_facility=None) for event mode_goose_letters_started. Failed to evaluate <class 'mpf.core.placeholder_manager.BoolTemplate'> template current_player.ejection_shots_completed is None with parameters {'queue': <QueuedEvent>, 'player': 1, 'ball': 1, 'balls_remaining': 2, 'is_extra_ball': False}
2025-10-31 22:03:45,910 : INFO : EventManager : Event: ======'balls_in_play'====== Args={'balls': 1}
2025-10-31 22:03:45,910 : INFO : EventManager : Event: ======'ball_started'====== Args={'player': 1, 'ball': 1, 'balls_remaining': 2, 'is_extra_ball': False}
2025-10-31 22:03:45,912 : INFO : Mode.mach_scoring : Will not start because machine is shutting down.
2025-10-31 22:03:45,913 : INFO : EventManager : Event: ======'single_player_ball_started'====== Args={}
2025-10-31 22:03:45,913 : INFO : Machine : Shutting down...
2025-10-31 22:03:45,913 : INFO : EventManager : Event: ======'shutdown'====== Args={}
2025-10-31 22:03:45,915 : INFO : EventManager : Event: ======'mode_game_will_stop'====== Args={}
2025-10-31 22:03:45,915 : INFO : EventManager : Event: ======'mode_game_stopping'====== Args={}
2025-10-31 22:03:45,916 : INFO : EventManager : Event: ======'mode_mig_letters_will_stop'====== Args={}
2025-10-31 22:03:45,916 : INFO : EventManager : Event: ======'mode_mig_letters_stopping'====== Args={}
2025-10-31 22:03:45,916 : INFO : EventManager : Event: ======'mode_goose_letters_will_stop'====== Args={}
2025-10-31 22:03:45,916 : INFO : EventManager : Event: ======'mode_goose_letters_stopping'====== Args={}
2025-10-31 22:03:45,917 : INFO : EventManager : Event: ======'mode_base_will_stop'====== Args={}
2025-10-31 22:03:45,917 : INFO : EventManager : Event: ======'mode_base_stopping'====== Args={}
2025-10-31 22:03:45,917 : INFO : EventManager : Event: ======'mode_bumpers_will_stop'====== Args={}
2025-10-31 22:03:45,917 : INFO : EventManager : Event: ======'mode_bumpers_stopping'====== Args={}
2025-10-31 22:03:45,917 : INFO : EventManager : Event: ======'mode_pilot_mission_qualifier_will_stop'====== Args={}
2025-10-31 22:03:45,917 : INFO : EventManager : Event: ======'mode_pilot_mission_qualifier_stopping'====== Args={}
2025-10-31 22:03:45,917 : INFO : EventManager : Event: ======'mode_iceman_letters_will_stop'====== Args={}
2025-10-31 22:03:45,917 : INFO : EventManager : Event: ======'mode_iceman_letters_stopping'====== Args={}
2025-10-31 22:03:45,917 : INFO : EventManager : Event: ======'stop_mode_bumpers'====== Args={'priority': 0}
2025-10-31 22:03:45,918 : INFO : Mode.iceman_letters : Stopped.
2025-10-31 22:03:45,918 : INFO : EventManager : Event: ======'modes_active_modes_changed'====== Args={}
2025-10-31 22:03:45,918 : INFO : EventManager : Event: ======'mode_iceman_letters_stopped'====== Args={}
2025-10-31 22:03:45,918 : INFO : EventManager : Event: ======'clear'====== Args={'key': 'iceman_letters'}
2025-10-31 22:03:45,919 : INFO : Timer.iceman_reset : Stopping Timer
2025-10-31 22:03:45,919 : INFO : EventManager : Event: ======'timer_iceman_reset_stopped'====== Args={'ticks': 0, 'ticks_remaining': 0}
2025-10-31 22:03:45,919 : INFO : Mode.pilot_mission_qualifier : Stopped.
2025-10-31 22:03:45,919 : INFO : EventManager : Event: ======'modes_active_modes_changed'====== Args={}
2025-10-31 22:03:45,920 : INFO : EventManager : Event: ======'mode_pilot_mission_qualifier_stopped'====== Args={}
2025-10-31 22:03:45,921 : INFO : EventManager : Event: ======'clear'====== Args={'key': 'pilot_mission_qualifier'}
2025-10-31 22:03:45,921 : INFO : Mode.bumpers : Stopped.
2025-10-31 22:03:45,921 : INFO : EventManager : Event: ======'modes_active_modes_changed'====== Args={}
2025-10-31 22:03:45,921 : INFO : EventManager : Event: ======'mode_bumpers_stopped'====== Args={}
2025-10-31 22:03:45,921 : INFO : EventManager : Event: ======'clear'====== Args={'key': 'bumpers'}
2025-10-31 22:03:45,921 : INFO : Mode.base : Stopped.
2025-10-31 22:03:45,921 : INFO : EventManager : Event: ======'modes_active_modes_changed'====== Args={}
2025-10-31 22:03:45,921 : INFO : EventManager : Event: ======'mode_base_stopped'====== Args={}
2025-10-31 22:03:45,921 : INFO : EventManager : Event: ======'clear'====== Args={'key': 'base'}
2025-10-31 22:03:45,922 : INFO : Mode.goose_letters : Stopped.
2025-10-31 22:03:45,922 : INFO : EventManager : Event: ======'modes_active_modes_changed'====== Args={}
2025-10-31 22:03:45,922 : INFO : EventManager : Event: ======'mode_goose_letters_stopped'====== Args={}
2025-10-31 22:03:45,922 : INFO : EventManager : Event: ======'clear'====== Args={'key': 'goose_letters'}
2025-10-31 22:03:45,922 : INFO : Mode.mig_letters : Stopped.
2025-10-31 22:03:45,922 : INFO : EventManager : Event: ======'modes_active_modes_changed'====== Args={}
2025-10-31 22:03:45,922 : INFO : EventManager : Event: ======'mode_mig_letters_stopped'====== Args={}
2025-10-31 22:03:45,922 : INFO : EventManager : Event: ======'clear'====== Args={'key': 'mig_letters'}
2025-10-31 22:03:45,922 : INFO : Timer.mig_reset : Stopping Timer
2025-10-31 22:03:45,922 : INFO : EventManager : Event: ======'timer_mig_reset_stopped'====== Args={'ticks': 0, 'ticks_remaining': 0}
2025-10-31 22:03:45,923 : INFO : Mode.game : Stopped.
2025-10-31 22:03:45,923 : INFO : EventManager : Event: ======'modes_active_modes_changed'====== Args={}
2025-10-31 22:03:45,923 : INFO : EventManager : Event: ======'mode_game_stopped'====== Args={}
2025-10-31 22:03:45,923 : INFO : EventManager : Event: ======'clear'====== Args={'key': 'game'}
2025-10-31 22:03:45,929 : ERROR : Machine : Runtime Exception
Traceback (most recent call last):
  File "C:\Users\White\mpf\Lib\site-packages\mpf\core\placeholder_manager.py", line 79, in evaluate
    result = self.placeholder_manager.evaluate_template(self.template, parameters)
             ^^^^^^^^^^^^^^^^^^^^^^^^^^^^^^^^^^^^^^^^^^^^^^^^^^^^^^^^^^^^^^^^^^^^^
  File "C:\Users\White\mpf\Lib\site-packages\mpf\core\placeholder_manager.py", line 836, in evaluate_template
    return self._eval(template, parameters, False)[0]
           ^^^^^^^^^^^^^^^^^^^^^^^^^^^^^^^^^^^^^^^
  File "C:\Users\White\mpf\Lib\site-packages\mpf\core\placeholder_manager.py", line 778, in _eval
    return self._eval_methods[type(node)](node, variables, subscribe)
           ^^^^^^^^^^^^^^^^^^^^^^^^^^^^^^^^^^^^^^^^^^^^^^^^^^^^^^^^^^
  File "C:\Users\White\mpf\Lib\site-packages\mpf\core\placeholder_manager.py", line 701, in _eval_compare
    return COMPARISONS[type(node.ops[0])](left_value, right_value), left_subscription + right_subscription
           ~~~~~~~~~~~^^^^^^^^^^^^^^^^^^^
KeyError: <class 'ast.Is'>

The above exception was the direct cause of the following exception:

Traceback (most recent call last):
  File "C:\Users\White\mpf\Lib\site-packages\mpf\core\events.py", line 755, in _run_handlers
    result = handler.callback(**merged_kwargs)
             ^^^^^^^^^^^^^^^^^^^^^^^^^^^^^^^^^
  File "C:\Users\White\mpf\Lib\site-packages\mpf\core\config_player.py", line 348, in config_play_callback
    return self.play(settings=settings, context=context, calling_context=calling_context, priority=priority,
           ^^^^^^^^^^^^^^^^^^^^^^^^^^^^^^^^^^^^^^^^^^^^^^^^^^^^^^^^^^^^^^^^^^^^^^^^^^^^^^^^^^^^^^^^^^^^^^^^^
  File "C:\Users\White\mpf\Lib\site-packages\mpf\config_players\variable_player.py", line 74, in play
    if s['condition'] and not s['condition'].evaluate(kwargs):
                              ^^^^^^^^^^^^^^^^^^^^^^^^^^^^^^^
  File "C:\Users\White\mpf\Lib\site-packages\mpf\core\placeholder_manager.py", line 89, in evaluate
    raise AssertionError(
AssertionError: Failed to evaluate <class 'mpf.core.placeholder_manager.BoolTemplate'> template current_player.ejection_shots_completed is None with parameters {'queue': <QueuedEvent>, 'player': 1, 'ball': 1, 'balls_remaining': 2, 'is_extra_ball': False}

The above exception was the direct cause of the following exception:

Traceback (most recent call last):
  File "C:\Users\White\mpf\Lib\site-packages\mpf\core\machine.py", line 808, in _run_loop
    raise self._exception['exception']
  File "C:\Users\White\AppData\Local\Programs\Python\Python312\Lib\asyncio\events.py", line 88, in _run
    self._context.run(self._callback, *self._args)
  File "C:\Users\White\mpf\Lib\site-packages\mpf\core\events.py", line 846, in process_event_queue
    self._process_event(event=event[0],
  File "C:\Users\White\mpf\Lib\site-packages\mpf\core\events.py", line 808, in _process_event
    result = self._run_handlers(event, ev_type, kwargs)
             ^^^^^^^^^^^^^^^^^^^^^^^^^^^^^^^^^^^^^^^^^^
  File "C:\Users\White\mpf\Lib\site-packages\mpf\core\events.py", line 757, in _run_handlers
    raise EventHandlerException(
mpf.core.events.EventHandlerException: Exception while processing RegisteredHandler(callback=<bound method ConfigPlayer.config_play_callback of ConfigPlayer.variable_player/variables>, priority=210, kwargs={'calling_context': 'mode_goose_letters_started', 'mode': <Mode.goose_letters>, 'settings': {'ejection_shots_completed': {'action': 'set', 'int': <NativeTemplate 0>, 'priority': 0, 'float': None, 'string': None, 'block': False, 'player': None, 'condition': <Template current_player.ejection_shots_completed is None>}, 'ejection_shots_needed': {'action': 'set', 'int': <NativeTemplate 3>, 'priority': 0, 'float': None, 'string': None, 'block': False, 'player': None, 'condition': <Template current_player.ejection_shots_needed is None>}, 'goose_milestone': {'action': 'set', 'int': <NativeTemplate 3>, 'priority': 0, 'float': None, 'string': None, 'block': False, 'player': None, 'condition': <Template current_player.goose_milestone is None>}, 'goose_completions': {'action': 'set', 'int': <NativeTemplate 0>, 'priority': 0, 'float': None, 'string': None, 'block': False, 'player': None, 'condition': <Template current_player.goose_completions is None>}, 'eject_mode_qualified': {'action': 'set', 'int': <NativeTemplate 0>, 'priority': 0, 'float': None, 'string': None, 'block': False, 'player': None, 'condition': <Template current_player.eject_mode_qualified is None>}}}, key=UUID('e1cbd5ba-b83e-48bf-b933-e0afde01f9c9'), condition=None, blocking_facility=None) for event mode_goose_letters_started. Failed to evaluate <class 'mpf.core.placeholder_manager.BoolTemplate'> template current_player.ejection_shots_completed is None with parameters {'queue': <QueuedEvent>, 'player': 1, 'ball': 1, 'balls_remaining': 2, 'is_extra_ball': False}
2025-10-31 22:03:45,933 : INFO : root : MPF run loop ended.
