2025-12-23 14:10:09,676 : INFO : root : Loading config.
2025-12-23 14:10:09,681 : INFO : YamlMultifileConfigLoader : Machine config file #1: config.yaml
2025-12-23 14:10:09,681 : INFO : ConfigProcessor : Loading config from cache: C:\Users\White\AppData\Local\Temp\cfa6ecba65704a931c9dd214c44986c8.mpf_cache
2025-12-23 14:10:09,798 : INFO : ConfigProcessor : Loading config from cache: C:\Users\White\AppData\Local\Temp\f98ffc0ff5962effface7d86bc406d5c.mpf_cache
2025-12-23 14:10:09,798 : INFO : ConfigProcessor : Loading config from cache: C:\Users\White\AppData\Local\Temp\91cc4d1c993c58dc354e34974b9cfeac.mpf_cache
2025-12-23 14:10:09,799 : INFO : ConfigProcessor : Loading config from cache: C:\Users\White\AppData\Local\Temp\06cda66dcbfac63db843289c7a70df06.mpf_cache
2025-12-23 14:10:09,800 : INFO : ConfigProcessor : Loading config from cache: C:\Users\White\AppData\Local\Temp\f98ffc0ff5962effface7d86bc406d5c.mpf_cache
2025-12-23 14:10:09,800 : INFO : ConfigProcessor : Loading config from cache: C:\Users\White\AppData\Local\Temp\76792f1d686f89709887dba7bd69667a.mpf_cache
2025-12-23 14:10:09,801 : INFO : ConfigProcessor : Loading config from cache: C:\Users\White\AppData\Local\Temp\176d79242bea00d274c03db045c683a5.mpf_cache
2025-12-23 14:10:09,803 : INFO : ConfigProcessor : Loading config from cache: C:\Users\White\AppData\Local\Temp\21a78aba3d3d1b90ac0751bb3793c6b5.mpf_cache
2025-12-23 14:10:09,804 : INFO : ConfigProcessor : Loading config from cache: C:\Users\White\AppData\Local\Temp\142bbae4707335cc8e3efaa4364c4893.mpf_cache
2025-12-23 14:10:09,804 : INFO : ConfigProcessor : Loading config from cache: C:\Users\White\AppData\Local\Temp\d586631024bd380382ddba1caafd4910.mpf_cache
2025-12-23 14:10:09,805 : INFO : ConfigProcessor : Loading config from cache: C:\Users\White\AppData\Local\Temp\202647b69b904517343fecdf4579c275.mpf_cache
2025-12-23 14:10:09,806 : INFO : ConfigProcessor : Loading config from cache: C:\Users\White\AppData\Local\Temp\d069db2c83fe896d88972cde9b686138.mpf_cache
2025-12-23 14:10:09,807 : INFO : ConfigProcessor : Loading config from cache: C:\Users\White\AppData\Local\Temp\58ab893dda10a3d2ba8fe97b81891df0.mpf_cache
2025-12-23 14:10:09,807 : INFO : ConfigProcessor : Loading config from cache: C:\Users\White\AppData\Local\Temp\01459f90d1e62798d63c702fb8b44bf1.mpf_cache
2025-12-23 14:10:09,809 : INFO : ConfigProcessor : Loading config from cache: C:\Users\White\AppData\Local\Temp\b2bb5a5e6173c591d0617ad718ad38fa.mpf_cache
2025-12-23 14:10:09,810 : INFO : ConfigProcessor : Loading config from cache: C:\Users\White\AppData\Local\Temp\0f5f0ac41d1a2672d0d32cef2b12699e.mpf_cache
2025-12-23 14:10:09,810 : INFO : ConfigProcessor : Loading config from cache: C:\Users\White\AppData\Local\Temp\3a419899266be7cd41a083be5a3a8ebb.mpf_cache
2025-12-23 14:10:09,812 : INFO : ConfigProcessor : Loading config from cache: C:\Users\White\AppData\Local\Temp\82e20c7c6490dd2e5fed726a3aa8d652.mpf_cache
2025-12-23 14:10:09,814 : INFO : ConfigProcessor : Loading config from cache: C:\Users\White\AppData\Local\Temp\359114d5ba2a6ad6c93d1559776bbb30.mpf_cache
2025-12-23 14:10:09,817 : INFO : ConfigProcessor : Loading config from cache: C:\Users\White\AppData\Local\Temp\f8c9a3739ec88c539117633fa55f5d20.mpf_cache
2025-12-23 14:10:09,820 : INFO : ConfigProcessor : Loading config from cache: C:\Users\White\AppData\Local\Temp\d421369d6df802e4e6f8aa58f446b1a6.mpf_cache
2025-12-23 14:10:09,821 : INFO : ConfigProcessor : Loading config from cache: C:\Users\White\AppData\Local\Temp\2151caa0419aeb1e56d3d8934477383e.mpf_cache
2025-12-23 14:10:09,824 : INFO : ConfigProcessor : Loading config from cache: C:\Users\White\AppData\Local\Temp\17003635873251b4f6841bf4ab3bdcdd.mpf_cache
2025-12-23 14:10:09,825 : INFO : ConfigProcessor : Loading config from cache: C:\Users\White\AppData\Local\Temp\c8ceed3d7c617b2f1fa85b3487b918c6.mpf_cache
2025-12-23 14:10:09,827 : INFO : ConfigProcessor : Loading config from cache: C:\Users\White\AppData\Local\Temp\f70c640a816343cb9040222d7a9269d3.mpf_cache
2025-12-23 14:10:09,831 : INFO : ConfigProcessor : Loading config from cache: C:\Users\White\AppData\Local\Temp\30922048be1d0c17ea15fc75f7fbfe10.mpf_cache
2025-12-23 14:10:09,834 : INFO : ConfigProcessor : Loading config from cache: C:\Users\White\AppData\Local\Temp\2e44e1a8157cd8d5be0e623de5bcf3cd.mpf_cache
2025-12-23 14:10:09,836 : INFO : ConfigProcessor : Loading config from cache: C:\Users\White\AppData\Local\Temp\58d7809d3d969de03aaf131fc45863f8.mpf_cache
2025-12-23 14:10:09,837 : INFO : ConfigProcessor : Loading config from cache: C:\Users\White\AppData\Local\Temp\4e95f2eaa43343f38d175080f6df06c1.mpf_cache
2025-12-23 14:10:09,838 : INFO : ConfigProcessor : Loading config from cache: C:\Users\White\AppData\Local\Temp\c2887b00fa0ac0da610074d0be214594.mpf_cache
2025-12-23 14:10:09,839 : INFO : ConfigProcessor : Loading config from cache: C:\Users\White\AppData\Local\Temp\884cb3a34e233442bca3eae177384b60.mpf_cache
2025-12-23 14:10:09,840 : INFO : ConfigProcessor : Loading config from cache: C:\Users\White\AppData\Local\Temp\a2ff6e5c252adf2ba75ad894f77f7ce6.mpf_cache
2025-12-23 14:10:09,841 : INFO : ConfigProcessor : Loading config from cache: C:\Users\White\AppData\Local\Temp\2ebcf623e49efab13a66f36a8282b4e9.mpf_cache
2025-12-23 14:10:09,842 : INFO : ConfigProcessor : Loading config from cache: C:\Users\White\AppData\Local\Temp\d380fa2863f93e197660f0281ffd272b.mpf_cache
2025-12-23 14:10:09,843 : INFO : ConfigProcessor : Loading config from cache: C:\Users\White\AppData\Local\Temp\88e41ae7dcea899a043a2f63da55a8b7.mpf_cache
2025-12-23 14:10:09,843 : INFO : Machine : Mission Pinball Framework Core Engine v0.80.0.dev9
2025-12-23 14:10:09,843 : INFO : Machine : Command line arguments: {'no_load_cache': False, 'create_config_cache': True, 'bcp': True, 'configfile': ['config.yaml'], 'force_assets_load': False, 'platform_integration_test': False, 'jsonlogging': False, 'logfile': 'logs\\2025-12-23-14-10-09-mpf-TopGunPinball.log', 'pause': False, 'production': False, 'text_ui': False, 'loglevel': 15, 'consoleloglevel': 20, 'force_platform': None, 'syslog_address': None, 'full_logfile_path': 'C:\\Users\\White\\Documents\\Top_Gun_Pinball\\logs\\2025-12-23-14-10-09-mpf-TopGunPinball.log'}
2025-12-23 14:10:09,843 : INFO : Machine : MPF path: C:\Users\White\mpf\Lib\site-packages\mpf
2025-12-23 14:10:09,843 : INFO : Machine : Machine path: C:\Users\White\Documents\Top_Gun_Pinball
2025-12-23 14:10:09,844 : INFO : Machine : Platform: win32
2025-12-23 14:10:09,844 : INFO : Machine : Python executable location: C:\Users\White\mpf\Scripts\python.exe
2025-12-23 14:10:09,844 : INFO : Machine : Python version: 3.12.7 (64-bit)
2025-12-23 14:10:09,846 : INFO : Machine : Initializing MPF...
2025-12-23 14:10:09,952 : INFO : FAST : Auto-detecting ports for the following connections: ['net', 'exp']
2025-12-23 14:10:10,206 : INFO : FAST : Detected NET on port COM3
2025-12-23 14:10:10,237 : INFO : FAST : Detected EXP on port COM4
2025-12-23 14:10:10,348 : INFO : FAST [NET] : Trying to connect to COM3 at 921600bps
2025-12-23 14:10:10,424 : INFO : FAST [NET] : Connected to COM3 at 921600bps
2025-12-23 14:10:10,440 : INFO : FAST [NET] : Connected to FP-CPU-2000 with firmware v02.26
2025-12-23 14:10:10,472 : INFO : FAST [NET] : Registered I/O Board 0: Model: FP-I/O-0024, Firmware: 01.10, Switches: 24, Drivers: 8
2025-12-23 14:10:10,488 : INFO : FAST [NET] : Registered I/O Board 1: Model: FP-I/O-3208, Firmware: 01.10, Switches: 32, Drivers: 8
2025-12-23 14:10:10,504 : INFO : FAST [NET] : Registered I/O Board 2: Model: FP-I/O-3208, Firmware: 01.10, Switches: 32, Drivers: 8
2025-12-23 14:10:10,507 : INFO : FAST [EXP] : Trying to connect to COM4 at 921600bps
2025-12-23 14:10:10,584 : INFO : FAST [EXP] : Connected to COM4 at 921600bps
2025-12-23 14:10:10,598 : INFO : FAST [EXP] : Verifying hardware for EXP "light_expansion_board" (FP-EXP-0071, @B4) with ID string "EXP FP-EXP-0071  0.38", board address B4
2025-12-23 14:10:10,613 : INFO : FAST [EXP] : Verifying hardware for EXP "light_expansion_board" (FP-EXP-0071, @B4) with ID string "BRK FP-EXP-0071  0.38", board address B40
2025-12-23 14:10:10,629 : INFO : EventManager : Event: ======'machine_var_credits_string'====== Args={'value': 'FREE PLAY', 'prev_value': None, 'change': True}
2025-12-23 14:10:10,659 : INFO : EventManager : Event: ======'machine_var_master_volume'====== Args={'value': 0.5, 'prev_value': None, 'change': True}
2025-12-23 14:10:10,659 : INFO : EventManager : Event: ======'machine_var_player1_score'====== Args={'value': 314100, 'prev_value': None, 'change': True}
2025-12-23 14:10:10,659 : INFO : EventManager : Event: ======'machine_var_mpf_version'====== Args={'value': 'Mission Pinball Framework v0.80.0.dev9', 'prev_value': None, 'change': True}
2025-12-23 14:10:10,659 : INFO : EventManager : Event: ======'machine_var_mpf_extended_version'====== Args={'value': 'Mission Pinball Framework v0.80.0.dev9, Config version:6, Show version: 6, BCP version:1.1', 'prev_value': None, 'change': True}
2025-12-23 14:10:10,659 : INFO : EventManager : Event: ======'machine_var_python_version'====== Args={'value': '3.12.7', 'prev_value': None, 'change': True}
2025-12-23 14:10:10,759 : INFO : EventManager : Event: ======'machine_var_platform'====== Args={'value': 'Windows-11-10.0.26100-SP0', 'prev_value': None, 'change': True}
2025-12-23 14:10:10,759 : INFO : EventManager : Event: ======'machine_var_platform_system'====== Args={'value': 'Windows', 'prev_value': None, 'change': True}
2025-12-23 14:10:10,759 : INFO : EventManager : Event: ======'machine_var_platform_release'====== Args={'value': '11', 'prev_value': None, 'change': True}
2025-12-23 14:10:10,759 : INFO : EventManager : Event: ======'machine_var_platform_version'====== Args={'value': '10.0.26100', 'prev_value': None, 'change': True}
2025-12-23 14:10:10,759 : INFO : EventManager : Event: ======'machine_var_platform_machine'====== Args={'value': 'AMD64', 'prev_value': None, 'change': True}
2025-12-23 14:10:10,759 : INFO : EventManager : Event: ======'machine_var_log_file_path'====== Args={'value': 'C:\\Users\\White\\Documents\\Top_Gun_Pinball\\logs\\2025-12-23-14-10-09-mpf-TopGunPinball.log', 'prev_value': None, 'change': True}
2025-12-23 14:10:10,759 : INFO : EventManager : Event: ======'init_phase_1'====== Args={}
2025-12-23 14:10:10,822 : ERROR : asyncio : Task exception was never retrieved
future: <Task finished name='Task-29' coro=<SystemWideDevice.device_added_system_wide() done, defined at C:\Users\White\mpf\Lib\site-packages\mpf\core\system_wide_device.py:15> exception=AssertionError('Failed to configure driver c_left_orbit_diverter in platform. See error above')>
Traceback (most recent call last):
  File "C:\Users\White\mpf\Lib\site-packages\mpf\platforms\fast\fast.py", line 345, in _parse_driver_number
    board = self.io_boards_by_name[board_str]
            ~~~~~~~~~~~~~~~~~~~~~~^^^^^^^^^^^
KeyError: 'playfield_board_mags_diverter_mechs'

During handling of the above exception, another exception occurred:

Traceback (most recent call last):
  File "C:\Users\White\mpf\Lib\site-packages\mpf\devices\driver.py", line 118, in _initialize
    self.hw_driver = self.platform.configure_driver(config, self.config['number'], platform_settings)
                     ^^^^^^^^^^^^^^^^^^^^^^^^^^^^^^^^^^^^^^^^^^^^^^^^^^^^^^^^^^^^^^^^^^^^^^^^^^^^^^^^
  File "C:\Users\White\mpf\Lib\site-packages\mpf\platforms\fast\fast.py", line 394, in configure_driver
    index = self._parse_driver_number(number)
            ^^^^^^^^^^^^^^^^^^^^^^^^^^^^^^^^^
  File "C:\Users\White\mpf\Lib\site-packages\mpf\platforms\fast\fast.py", line 347, in _parse_driver_number
    raise AssertionError(f"I/O Board {board_str} does not exist for driver {number}")
AssertionError: I/O Board playfield_board_mags_diverter_mechs does not exist for driver playfield_board_mags_diverter_mechs-0

The above exception was the direct cause of the following exception:

Traceback (most recent call last):
  File "C:\Users\White\mpf\Lib\site-packages\mpf\core\system_wide_device.py", line 17, in device_added_system_wide
    await self._initialize()
  File "C:\Users\White\mpf\Lib\site-packages\mpf\devices\driver.py", line 120, in _initialize
    raise AssertionError("Failed to configure driver {} in platform. See error above".format(self.name)) from e
AssertionError: Failed to configure driver c_left_orbit_diverter in platform. See error above
2025-12-23 14:10:10,826 : ERROR : asyncio : Task exception was never retrieved
future: <Task finished name='Task-30' coro=<SystemWideDevice.device_added_system_wide() done, defined at C:\Users\White\mpf\Lib\site-packages\mpf\core\system_wide_device.py:15> exception=AssertionError('Failed to configure driver c_right_orbit_diverter in platform. See error above')>
Traceback (most recent call last):
  File "C:\Users\White\mpf\Lib\site-packages\mpf\platforms\fast\fast.py", line 345, in _parse_driver_number
    board = self.io_boards_by_name[board_str]
            ~~~~~~~~~~~~~~~~~~~~~~^^^^^^^^^^^
KeyError: 'playfield_board_mags_diverter_mechs'

During handling of the above exception, another exception occurred:

Traceback (most recent call last):
  File "C:\Users\White\mpf\Lib\site-packages\mpf\devices\driver.py", line 118, in _initialize
    self.hw_driver = self.platform.configure_driver(config, self.config['number'], platform_settings)
                     ^^^^^^^^^^^^^^^^^^^^^^^^^^^^^^^^^^^^^^^^^^^^^^^^^^^^^^^^^^^^^^^^^^^^^^^^^^^^^^^^
  File "C:\Users\White\mpf\Lib\site-packages\mpf\platforms\fast\fast.py", line 394, in configure_driver
    index = self._parse_driver_number(number)
            ^^^^^^^^^^^^^^^^^^^^^^^^^^^^^^^^^
  File "C:\Users\White\mpf\Lib\site-packages\mpf\platforms\fast\fast.py", line 347, in _parse_driver_number
    raise AssertionError(f"I/O Board {board_str} does not exist for driver {number}")
AssertionError: I/O Board playfield_board_mags_diverter_mechs does not exist for driver playfield_board_mags_diverter_mechs-1

The above exception was the direct cause of the following exception:

Traceback (most recent call last):
  File "C:\Users\White\mpf\Lib\site-packages\mpf\core\system_wide_device.py", line 17, in device_added_system_wide
    await self._initialize()
  File "C:\Users\White\mpf\Lib\site-packages\mpf\devices\driver.py", line 120, in _initialize
    raise AssertionError("Failed to configure driver {} in platform. See error above".format(self.name)) from e
AssertionError: Failed to configure driver c_right_orbit_diverter in platform. See error above
2025-12-23 14:10:10,827 : ERROR : asyncio : Task exception was never retrieved
future: <Task finished name='Task-33' coro=<SystemWideDevice.device_added_system_wide() done, defined at C:\Users\White\mpf\Lib\site-packages\mpf\core\system_wide_device.py:15> exception=AssertionError('Failed to configure driver c_right_ramp_lifter in platform. See error above')>
Traceback (most recent call last):
  File "C:\Users\White\mpf\Lib\site-packages\mpf\platforms\fast\fast.py", line 345, in _parse_driver_number
    board = self.io_boards_by_name[board_str]
            ~~~~~~~~~~~~~~~~~~~~~~^^^^^^^^^^^
KeyError: 'playfield_board_lock_ramps_mechs'

During handling of the above exception, another exception occurred:

Traceback (most recent call last):
  File "C:\Users\White\mpf\Lib\site-packages\mpf\devices\driver.py", line 118, in _initialize
    self.hw_driver = self.platform.configure_driver(config, self.config['number'], platform_settings)
                     ^^^^^^^^^^^^^^^^^^^^^^^^^^^^^^^^^^^^^^^^^^^^^^^^^^^^^^^^^^^^^^^^^^^^^^^^^^^^^^^^
  File "C:\Users\White\mpf\Lib\site-packages\mpf\platforms\fast\fast.py", line 394, in configure_driver
    index = self._parse_driver_number(number)
            ^^^^^^^^^^^^^^^^^^^^^^^^^^^^^^^^^
  File "C:\Users\White\mpf\Lib\site-packages\mpf\platforms\fast\fast.py", line 347, in _parse_driver_number
    raise AssertionError(f"I/O Board {board_str} does not exist for driver {number}")
AssertionError: I/O Board playfield_board_lock_ramps_mechs does not exist for driver playfield_board_lock_ramps_mechs-0

The above exception was the direct cause of the following exception:

Traceback (most recent call last):
  File "C:\Users\White\mpf\Lib\site-packages\mpf\core\system_wide_device.py", line 17, in device_added_system_wide
    await self._initialize()
  File "C:\Users\White\mpf\Lib\site-packages\mpf\devices\driver.py", line 120, in _initialize
    raise AssertionError("Failed to configure driver {} in platform. See error above".format(self.name)) from e
AssertionError: Failed to configure driver c_right_ramp_lifter in platform. See error above
2025-12-23 14:10:10,828 : ERROR : asyncio : Task exception was never retrieved
future: <Task finished name='Task-34' coro=<SystemWideDevice.device_added_system_wide() done, defined at C:\Users\White\mpf\Lib\site-packages\mpf\core\system_wide_device.py:15> exception=AssertionError('Failed to configure driver c_top_ramp_lifter in platform. See error above')>
Traceback (most recent call last):
  File "C:\Users\White\mpf\Lib\site-packages\mpf\platforms\fast\fast.py", line 345, in _parse_driver_number
    board = self.io_boards_by_name[board_str]
            ~~~~~~~~~~~~~~~~~~~~~~^^^^^^^^^^^
KeyError: 'playfield_board_lock_ramps_mechs'

During handling of the above exception, another exception occurred:

Traceback (most recent call last):
  File "C:\Users\White\mpf\Lib\site-packages\mpf\devices\driver.py", line 118, in _initialize
    self.hw_driver = self.platform.configure_driver(config, self.config['number'], platform_settings)
                     ^^^^^^^^^^^^^^^^^^^^^^^^^^^^^^^^^^^^^^^^^^^^^^^^^^^^^^^^^^^^^^^^^^^^^^^^^^^^^^^^
  File "C:\Users\White\mpf\Lib\site-packages\mpf\platforms\fast\fast.py", line 394, in configure_driver
    index = self._parse_driver_number(number)
            ^^^^^^^^^^^^^^^^^^^^^^^^^^^^^^^^^
  File "C:\Users\White\mpf\Lib\site-packages\mpf\platforms\fast\fast.py", line 347, in _parse_driver_number
    raise AssertionError(f"I/O Board {board_str} does not exist for driver {number}")
AssertionError: I/O Board playfield_board_lock_ramps_mechs does not exist for driver playfield_board_lock_ramps_mechs-1

The above exception was the direct cause of the following exception:

Traceback (most recent call last):
  File "C:\Users\White\mpf\Lib\site-packages\mpf\core\system_wide_device.py", line 17, in device_added_system_wide
    await self._initialize()
  File "C:\Users\White\mpf\Lib\site-packages\mpf\devices\driver.py", line 120, in _initialize
    raise AssertionError("Failed to configure driver {} in platform. See error above".format(self.name)) from e
AssertionError: Failed to configure driver c_top_ramp_lifter in platform. See error above
2025-12-23 14:10:10,829 : ERROR : asyncio : Task exception was never retrieved
future: <Task finished name='Task-35' coro=<SystemWideDevice.device_added_system_wide() done, defined at C:\Users\White\mpf\Lib\site-packages\mpf\core\system_wide_device.py:15> exception=AssertionError('Failed to configure driver c_lock_release in platform. See error above')>
Traceback (most recent call last):
  File "C:\Users\White\mpf\Lib\site-packages\mpf\platforms\fast\fast.py", line 345, in _parse_driver_number
    board = self.io_boards_by_name[board_str]
            ~~~~~~~~~~~~~~~~~~~~~~^^^^^^^^^^^
KeyError: 'playfield_board_lock_ramps_mechs'

During handling of the above exception, another exception occurred:

Traceback (most recent call last):
  File "C:\Users\White\mpf\Lib\site-packages\mpf\devices\driver.py", line 118, in _initialize
    self.hw_driver = self.platform.configure_driver(config, self.config['number'], platform_settings)
                     ^^^^^^^^^^^^^^^^^^^^^^^^^^^^^^^^^^^^^^^^^^^^^^^^^^^^^^^^^^^^^^^^^^^^^^^^^^^^^^^^
  File "C:\Users\White\mpf\Lib\site-packages\mpf\platforms\fast\fast.py", line 394, in configure_driver
    index = self._parse_driver_number(number)
            ^^^^^^^^^^^^^^^^^^^^^^^^^^^^^^^^^
  File "C:\Users\White\mpf\Lib\site-packages\mpf\platforms\fast\fast.py", line 347, in _parse_driver_number
    raise AssertionError(f"I/O Board {board_str} does not exist for driver {number}")
AssertionError: I/O Board playfield_board_lock_ramps_mechs does not exist for driver playfield_board_lock_ramps_mechs-2

The above exception was the direct cause of the following exception:

Traceback (most recent call last):
  File "C:\Users\White\mpf\Lib\site-packages\mpf\core\system_wide_device.py", line 17, in device_added_system_wide
    await self._initialize()
  File "C:\Users\White\mpf\Lib\site-packages\mpf\devices\driver.py", line 120, in _initialize
    raise AssertionError("Failed to configure driver {} in platform. See error above".format(self.name)) from e
AssertionError: Failed to configure driver c_lock_release in platform. See error above
2025-12-23 14:10:10,830 : ERROR : asyncio : Task exception was never retrieved
future: <Task finished name='Task-36' coro=<SystemWideDevice.device_added_system_wide() done, defined at C:\Users\White\mpf\Lib\site-packages\mpf\core\system_wide_device.py:15> exception=AssertionError('Failed to configure driver c_lock_upkicker in platform. See error above')>
Traceback (most recent call last):
  File "C:\Users\White\mpf\Lib\site-packages\mpf\platforms\fast\fast.py", line 345, in _parse_driver_number
    board = self.io_boards_by_name[board_str]
            ~~~~~~~~~~~~~~~~~~~~~~^^^^^^^^^^^
KeyError: 'playfield_board_lock_ramps_mechs'

During handling of the above exception, another exception occurred:

Traceback (most recent call last):
  File "C:\Users\White\mpf\Lib\site-packages\mpf\devices\driver.py", line 118, in _initialize
    self.hw_driver = self.platform.configure_driver(config, self.config['number'], platform_settings)
                     ^^^^^^^^^^^^^^^^^^^^^^^^^^^^^^^^^^^^^^^^^^^^^^^^^^^^^^^^^^^^^^^^^^^^^^^^^^^^^^^^
  File "C:\Users\White\mpf\Lib\site-packages\mpf\platforms\fast\fast.py", line 394, in configure_driver
    index = self._parse_driver_number(number)
            ^^^^^^^^^^^^^^^^^^^^^^^^^^^^^^^^^
  File "C:\Users\White\mpf\Lib\site-packages\mpf\platforms\fast\fast.py", line 347, in _parse_driver_number
    raise AssertionError(f"I/O Board {board_str} does not exist for driver {number}")
AssertionError: I/O Board playfield_board_lock_ramps_mechs does not exist for driver playfield_board_lock_ramps_mechs-3

The above exception was the direct cause of the following exception:

Traceback (most recent call last):
  File "C:\Users\White\mpf\Lib\site-packages\mpf\core\system_wide_device.py", line 17, in device_added_system_wide
    await self._initialize()
  File "C:\Users\White\mpf\Lib\site-packages\mpf\devices\driver.py", line 120, in _initialize
    raise AssertionError("Failed to configure driver {} in platform. See error above".format(self.name)) from e
AssertionError: Failed to configure driver c_lock_upkicker in platform. See error above
2025-12-23 14:10:10,831 : INFO : Machine : Starting the main run loop with active modes: []
2025-12-23 14:10:10,831 : WARNING : Machine : Attract mode is not active, game will not be playable. Please check your attract mode configuration.
2025-12-23 14:10:10,832 : INFO : Machine : Shutting down...
2025-12-23 14:10:10,832 : INFO : EventManager : Event: ======'shutdown'====== Args={}
2025-12-23 14:10:17,237 : ERROR : root : Received second SIGINT. Will exit ungracefully!
NoneType: None
