2025-11-06 14:31:43,730 : INFO : root : Loading config.
2025-11-06 14:31:43,733 : INFO : YamlMultifileConfigLoader : Machine config file #1: config.yaml
2025-11-06 14:31:43,735 : INFO : ConfigProcessor : Loading config from cache: C:\Users\White\AppData\Local\Temp\cfa6ecba65704a931c9dd214c44986c8.mpf_cache
2025-11-06 14:31:43,840 : INFO : ConfigProcessor : Loading config from cache: C:\Users\White\AppData\Local\Temp\f98ffc0ff5962effface7d86bc406d5c.mpf_cache
2025-11-06 14:31:43,841 : INFO : ConfigProcessor : Loading config from cache: C:\Users\White\AppData\Local\Temp\91cc4d1c993c58dc354e34974b9cfeac.mpf_cache
2025-11-06 14:31:43,843 : INFO : ConfigProcessor : Loading config from cache: C:\Users\White\AppData\Local\Temp\06cda66dcbfac63db843289c7a70df06.mpf_cache
2025-11-06 14:31:43,843 : INFO : ConfigProcessor : Loading config from cache: C:\Users\White\AppData\Local\Temp\f98ffc0ff5962effface7d86bc406d5c.mpf_cache
2025-11-06 14:31:43,844 : INFO : ConfigProcessor : Loading config from cache: C:\Users\White\AppData\Local\Temp\76792f1d686f89709887dba7bd69667a.mpf_cache
2025-11-06 14:31:43,844 : INFO : ConfigProcessor : Loading config from cache: C:\Users\White\AppData\Local\Temp\142bbae4707335cc8e3efaa4364c4893.mpf_cache
2025-11-06 14:31:43,845 : INFO : ConfigProcessor : Loading config from cache: C:\Users\White\AppData\Local\Temp\d586631024bd380382ddba1caafd4910.mpf_cache
2025-11-06 14:31:43,845 : INFO : ConfigProcessor : Loading config from cache: C:\Users\White\AppData\Local\Temp\202647b69b904517343fecdf4579c275.mpf_cache
2025-11-06 14:31:43,846 : INFO : ConfigProcessor : Loading config from cache: C:\Users\White\AppData\Local\Temp\d069db2c83fe896d88972cde9b686138.mpf_cache
2025-11-06 14:31:43,847 : INFO : ConfigProcessor : Loading config from cache: C:\Users\White\AppData\Local\Temp\58ab893dda10a3d2ba8fe97b81891df0.mpf_cache
2025-11-06 14:31:43,848 : INFO : ConfigProcessor : Loading config from file C:\Users\White\Documents\Top_Gun_Pinball\modes\rescue_cougar\config\rescue_cougar.yaml.
2025-11-06 14:31:43,879 : INFO : ConfigProcessor : Loading config: C:\Users\White\Documents\Top_Gun_Pinball\modes\rescue_cougar\config\rescue_cougar.yaml
2025-11-06 14:31:43,880 : INFO : ConfigProcessor : Config file cache created: C:\Users\White\AppData\Local\Temp\01459f90d1e62798d63c702fb8b44bf1.mpf_cache
2025-11-06 14:31:43,881 : INFO : ConfigProcessor : Loading config from cache: C:\Users\White\AppData\Local\Temp\0f5f0ac41d1a2672d0d32cef2b12699e.mpf_cache
2025-11-06 14:31:43,882 : INFO : ConfigProcessor : Loading config from cache: C:\Users\White\AppData\Local\Temp\3a419899266be7cd41a083be5a3a8ebb.mpf_cache
2025-11-06 14:31:43,896 : INFO : ConfigProcessor : Loading config from cache: C:\Users\White\AppData\Local\Temp\82e20c7c6490dd2e5fed726a3aa8d652.mpf_cache
2025-11-06 14:31:43,898 : INFO : ConfigProcessor : Loading config from cache: C:\Users\White\AppData\Local\Temp\359114d5ba2a6ad6c93d1559776bbb30.mpf_cache
2025-11-06 14:31:43,901 : INFO : ConfigProcessor : Loading config from cache: C:\Users\White\AppData\Local\Temp\f8c9a3739ec88c539117633fa55f5d20.mpf_cache
2025-11-06 14:31:43,904 : INFO : ConfigProcessor : Loading config from cache: C:\Users\White\AppData\Local\Temp\d421369d6df802e4e6f8aa58f446b1a6.mpf_cache
2025-11-06 14:31:43,905 : INFO : ConfigProcessor : Loading config from cache: C:\Users\White\AppData\Local\Temp\2151caa0419aeb1e56d3d8934477383e.mpf_cache
2025-11-06 14:31:43,907 : INFO : ConfigProcessor : Loading config from cache: C:\Users\White\AppData\Local\Temp\17003635873251b4f6841bf4ab3bdcdd.mpf_cache
2025-11-06 14:31:43,907 : INFO : ConfigProcessor : Loading config from cache: C:\Users\White\AppData\Local\Temp\c8ceed3d7c617b2f1fa85b3487b918c6.mpf_cache
2025-11-06 14:31:43,908 : INFO : ConfigProcessor : Loading config from cache: C:\Users\White\AppData\Local\Temp\f70c640a816343cb9040222d7a9269d3.mpf_cache
2025-11-06 14:31:43,913 : INFO : ConfigProcessor : Loading config from cache: C:\Users\White\AppData\Local\Temp\30922048be1d0c17ea15fc75f7fbfe10.mpf_cache
2025-11-06 14:31:43,915 : INFO : ConfigProcessor : Loading config from cache: C:\Users\White\AppData\Local\Temp\2e44e1a8157cd8d5be0e623de5bcf3cd.mpf_cache
2025-11-06 14:31:43,917 : INFO : ConfigProcessor : Loading config from cache: C:\Users\White\AppData\Local\Temp\58d7809d3d969de03aaf131fc45863f8.mpf_cache
2025-11-06 14:31:43,918 : INFO : ConfigProcessor : Loading config from cache: C:\Users\White\AppData\Local\Temp\c2887b00fa0ac0da610074d0be214594.mpf_cache
2025-11-06 14:31:43,919 : INFO : ConfigProcessor : Loading config from cache: C:\Users\White\AppData\Local\Temp\884cb3a34e233442bca3eae177384b60.mpf_cache
2025-11-06 14:31:43,920 : INFO : ConfigProcessor : Loading config from cache: C:\Users\White\AppData\Local\Temp\a2ff6e5c252adf2ba75ad894f77f7ce6.mpf_cache
2025-11-06 14:31:43,921 : INFO : ConfigProcessor : Loading config from cache: C:\Users\White\AppData\Local\Temp\2ebcf623e49efab13a66f36a8282b4e9.mpf_cache
2025-11-06 14:31:43,922 : INFO : ConfigProcessor : Loading config from cache: C:\Users\White\AppData\Local\Temp\d380fa2863f93e197660f0281ffd272b.mpf_cache
2025-11-06 14:31:43,923 : INFO : ConfigProcessor : Loading config from cache: C:\Users\White\AppData\Local\Temp\88e41ae7dcea899a043a2f63da55a8b7.mpf_cache
2025-11-06 14:31:43,924 : INFO : Machine : Mission Pinball Framework Core Engine v0.80.0.dev9
2025-11-06 14:31:43,924 : INFO : Machine : Command line arguments: {'no_load_cache': False, 'create_config_cache': True, 'bcp': True, 'configfile': ['config.yaml'], 'force_assets_load': False, 'platform_integration_test': False, 'jsonlogging': False, 'logfile': 'logs\\2025-11-06-14-31-43-mpf-TopGunPinball.log', 'pause': False, 'production': False, 'text_ui': False, 'loglevel': 15, 'consoleloglevel': 20, 'force_platform': 'virtual', 'syslog_address': None, 'full_logfile_path': 'C:\\Users\\White\\Documents\\Top_Gun_Pinball\\logs\\2025-11-06-14-31-43-mpf-TopGunPinball.log'}
2025-11-06 14:31:43,924 : INFO : Machine : MPF path: C:\Users\White\mpf\Lib\site-packages\mpf
2025-11-06 14:31:43,924 : INFO : Machine : Machine path: C:\Users\White\Documents\Top_Gun_Pinball
2025-11-06 14:31:43,924 : INFO : Machine : Platform: win32
2025-11-06 14:31:43,924 : INFO : Machine : Python executable location: C:\Users\White\mpf\Scripts\python.exe
2025-11-06 14:31:43,924 : INFO : Machine : Python version: 3.12.7 (64-bit)
2025-11-06 14:31:43,927 : INFO : Machine : Initializing MPF...
2025-11-06 14:31:44,014 : INFO : EventManager : Event: ======'machine_var_credits_string'====== Args={'value': 'FREE PLAY', 'prev_value': None, 'change': True}
2025-11-06 14:31:44,041 : INFO : EventManager : Event: ======'machine_var_master_volume'====== Args={'value': 0.5, 'prev_value': None, 'change': True}
2025-11-06 14:31:44,042 : INFO : EventManager : Event: ======'machine_var_player1_score'====== Args={'value': 2229000, 'prev_value': None, 'change': True}
2025-11-06 14:31:44,042 : INFO : EventManager : Event: ======'machine_var_mpf_version'====== Args={'value': 'Mission Pinball Framework v0.80.0.dev9', 'prev_value': None, 'change': True}
2025-11-06 14:31:44,042 : INFO : EventManager : Event: ======'machine_var_mpf_extended_version'====== Args={'value': 'Mission Pinball Framework v0.80.0.dev9, Config version:6, Show version: 6, BCP version:1.1', 'prev_value': None, 'change': True}
2025-11-06 14:31:44,042 : INFO : EventManager : Event: ======'machine_var_python_version'====== Args={'value': '3.12.7', 'prev_value': None, 'change': True}
2025-11-06 14:31:44,189 : INFO : EventManager : Event: ======'machine_var_platform'====== Args={'value': 'Windows-11-10.0.26100-SP0', 'prev_value': None, 'change': True}
2025-11-06 14:31:44,189 : INFO : EventManager : Event: ======'machine_var_platform_system'====== Args={'value': 'Windows', 'prev_value': None, 'change': True}
2025-11-06 14:31:44,189 : INFO : EventManager : Event: ======'machine_var_platform_release'====== Args={'value': '11', 'prev_value': None, 'change': True}
2025-11-06 14:31:44,189 : INFO : EventManager : Event: ======'machine_var_platform_version'====== Args={'value': '10.0.26100', 'prev_value': None, 'change': True}
2025-11-06 14:31:44,189 : INFO : EventManager : Event: ======'machine_var_platform_machine'====== Args={'value': 'AMD64', 'prev_value': None, 'change': True}
2025-11-06 14:31:44,189 : INFO : EventManager : Event: ======'machine_var_log_file_path'====== Args={'value': 'C:\\Users\\White\\Documents\\Top_Gun_Pinball\\logs\\2025-11-06-14-31-43-mpf-TopGunPinball.log', 'prev_value': None, 'change': True}
2025-11-06 14:31:44,189 : INFO : EventManager : Event: ======'init_phase_1'====== Args={}
2025-11-06 14:31:44,225 : ERROR : asyncio : Exception in callback EventManager._async_handler_done(<QueuedEvent>)(<Task finishe...ate "500ms"')>) at C:\Users\White\mpf\Lib\site-packages\mpf\core\events.py:124
handle: <Handle EventManager._async_handler_done(<QueuedEvent>)(<Task finishe...ate "500ms"')>) at C:\Users\White\mpf\Lib\site-packages\mpf\core\events.py:124>
Traceback (most recent call last):
  File "C:\Users\White\mpf\Lib\site-packages\mpf\core\placeholder_manager.py", line 663, in _parse_template
    return ast.parse(template_str, mode='eval').body
           ^^^^^^^^^^^^^^^^^^^^^^^^^^^^^^^^^^^^
  File "C:\Users\White\AppData\Local\Programs\Python\Python312\Lib\ast.py", line 52, in parse
    return compile(source, filename, mode, flags,
           ^^^^^^^^^^^^^^^^^^^^^^^^^^^^^^^^^^^^^^
  File "<unknown>", line 1
    500ms
      ^
SyntaxError: invalid decimal literal

During handling of the above exception, another exception occurred:

Traceback (most recent call last):
  File "C:\Users\White\AppData\Local\Programs\Python\Python312\Lib\asyncio\events.py", line 88, in _run
    self._context.run(self._callback, *self._args)
  File "C:\Users\White\mpf\Lib\site-packages\mpf\core\events.py", line 127, in _async_handler_done
    future.result()
  File "C:\Users\White\mpf\Lib\site-packages\mpf\core\device_manager.py", line 89, in _load_device_modules
    await self.machine.mode_controller.load_mode_devices()
  File "C:\Users\White\mpf\Lib\site-packages\mpf\core\mode_controller.py", line 86, in load_mode_devices
    await mode.load_mode_devices()
  File "C:\Users\White\mpf\Lib\site-packages\mpf\core\mode.py", line 438, in load_mode_devices
    settings = device.validate_and_parse_config(settings, True, "mode:" + self.name)
               ^^^^^^^^^^^^^^^^^^^^^^^^^^^^^^^^^^^^^^^^^^^^^^^^^^^^^^^^^^^^^^^^^^^^^
  File "C:\Users\White\mpf\Lib\site-packages\mpf\core\device.py", line 108, in validate_and_parse_config
    self.machine.config_validator.validate_config(
  File "C:\Users\White\mpf\Lib\site-packages\mpf\core\config_validator.py", line 164, in validate_config
    return self._validate_config(config_spec, source, base_spec=base_spec, add_missing_keys=add_missing_keys,
           ^^^^^^^^^^^^^^^^^^^^^^^^^^^^^^^^^^^^^^^^^^^^^^^^^^^^^^^^^^^^^^^^^^^^^^^^^^^^^^^^^^^^^^^^^^^^^^^^^^
  File "C:\Users\White\mpf\Lib\site-packages\mpf\core\config_validator.py", line 204, in _validate_config
    processed_config[k] = self.validate_config_item(
                          ^^^^^^^^^^^^^^^^^^^^^^^^^^
  File "C:\Users\White\mpf\Lib\site-packages\mpf\core\config_validator.py", line 243, in validate_config_item
    return self.validate_item(item, validation, validation_failure_info)
           ^^^^^^^^^^^^^^^^^^^^^^^^^^^^^^^^^^^^^^^^^^^^^^^^^^^^^^^^^^^^^
  File "C:\Users\White\mpf\Lib\site-packages\mpf\core\config_validator.py", line 701, in validate_item
    return self.validator_list[validator](item, validation_failure_info=validation_failure_info)
           ^^^^^^^^^^^^^^^^^^^^^^^^^^^^^^^^^^^^^^^^^^^^^^^^^^^^^^^^^^^^^^^^^^^^^^^^^^^^^^^^^^^^^
  File "C:\Users\White\mpf\Lib\site-packages\mpf\core\config_validator.py", line 508, in _validate_type_template_int
    return self.machine.placeholder_manager.build_int_template(item)
           ^^^^^^^^^^^^^^^^^^^^^^^^^^^^^^^^^^^^^^^^^^^^^^^^^^^^^^^^^
  File "C:\Users\White\mpf\Lib\site-packages\mpf\core\placeholder_manager.py", line 804, in build_int_template
    return IntTemplate(self._parse_template(template_str), template_str, self, default_value)
                       ^^^^^^^^^^^^^^^^^^^^^^^^^^^^^^^^^^
  File "C:\Users\White\mpf\Lib\site-packages\mpf\core\placeholder_manager.py", line 665, in _parse_template
    raise AssertionError('Failed to parse template "{}"'.format(template_str))
AssertionError: Failed to parse template "500ms"
2025-11-06 14:31:44,367 : INFO : Machine : Starting the main run loop with active modes: []
2025-11-06 14:31:44,367 : WARNING : Machine : Attract mode is not active, game will not be playable. Please check your attract mode configuration.
2025-11-06 14:31:44,367 : INFO : Machine : Shutting down...
2025-11-06 14:31:44,367 : INFO : EventManager : Event: ======'shutdown'====== Args={}
2025-11-06 14:31:45,379 : ERROR : Machine : Runtime Exception
Traceback (most recent call last):
  File "C:\Users\White\mpf\Lib\site-packages\mpf\core\placeholder_manager.py", line 663, in _parse_template
    return ast.parse(template_str, mode='eval').body
           ^^^^^^^^^^^^^^^^^^^^^^^^^^^^^^^^^^^^
  File "C:\Users\White\AppData\Local\Programs\Python\Python312\Lib\ast.py", line 52, in parse
    return compile(source, filename, mode, flags,
           ^^^^^^^^^^^^^^^^^^^^^^^^^^^^^^^^^^^^^^
  File "<unknown>", line 1
    500ms
      ^
SyntaxError: invalid decimal literal

During handling of the above exception, another exception occurred:

Traceback (most recent call last):
  File "C:\Users\White\mpf\Lib\site-packages\mpf\core\machine.py", line 808, in _run_loop
    raise self._exception['exception']
  File "C:\Users\White\AppData\Local\Programs\Python\Python312\Lib\asyncio\events.py", line 88, in _run
    self._context.run(self._callback, *self._args)
  File "C:\Users\White\mpf\Lib\site-packages\mpf\core\events.py", line 127, in _async_handler_done
    future.result()
  File "C:\Users\White\mpf\Lib\site-packages\mpf\core\device_manager.py", line 89, in _load_device_modules
    await self.machine.mode_controller.load_mode_devices()
  File "C:\Users\White\mpf\Lib\site-packages\mpf\core\mode_controller.py", line 86, in load_mode_devices
    await mode.load_mode_devices()
  File "C:\Users\White\mpf\Lib\site-packages\mpf\core\mode.py", line 438, in load_mode_devices
    settings = device.validate_and_parse_config(settings, True, "mode:" + self.name)
               ^^^^^^^^^^^^^^^^^^^^^^^^^^^^^^^^^^^^^^^^^^^^^^^^^^^^^^^^^^^^^^^^^^^^^
  File "C:\Users\White\mpf\Lib\site-packages\mpf\core\device.py", line 108, in validate_and_parse_config
    self.machine.config_validator.validate_config(
  File "C:\Users\White\mpf\Lib\site-packages\mpf\core\config_validator.py", line 164, in validate_config
    return self._validate_config(config_spec, source, base_spec=base_spec, add_missing_keys=add_missing_keys,
           ^^^^^^^^^^^^^^^^^^^^^^^^^^^^^^^^^^^^^^^^^^^^^^^^^^^^^^^^^^^^^^^^^^^^^^^^^^^^^^^^^^^^^^^^^^^^^^^^^^
  File "C:\Users\White\mpf\Lib\site-packages\mpf\core\config_validator.py", line 204, in _validate_config
    processed_config[k] = self.validate_config_item(
                          ^^^^^^^^^^^^^^^^^^^^^^^^^^
  File "C:\Users\White\mpf\Lib\site-packages\mpf\core\config_validator.py", line 243, in validate_config_item
    return self.validate_item(item, validation, validation_failure_info)
           ^^^^^^^^^^^^^^^^^^^^^^^^^^^^^^^^^^^^^^^^^^^^^^^^^^^^^^^^^^^^^
  File "C:\Users\White\mpf\Lib\site-packages\mpf\core\config_validator.py", line 701, in validate_item
    return self.validator_list[validator](item, validation_failure_info=validation_failure_info)
           ^^^^^^^^^^^^^^^^^^^^^^^^^^^^^^^^^^^^^^^^^^^^^^^^^^^^^^^^^^^^^^^^^^^^^^^^^^^^^^^^^^^^^
  File "C:\Users\White\mpf\Lib\site-packages\mpf\core\config_validator.py", line 508, in _validate_type_template_int
    return self.machine.placeholder_manager.build_int_template(item)
           ^^^^^^^^^^^^^^^^^^^^^^^^^^^^^^^^^^^^^^^^^^^^^^^^^^^^^^^^^
  File "C:\Users\White\mpf\Lib\site-packages\mpf\core\placeholder_manager.py", line 804, in build_int_template
    return IntTemplate(self._parse_template(template_str), template_str, self, default_value)
                       ^^^^^^^^^^^^^^^^^^^^^^^^^^^^^^^^^^
  File "C:\Users\White\mpf\Lib\site-packages\mpf\core\placeholder_manager.py", line 665, in _parse_template
    raise AssertionError('Failed to parse template "{}"'.format(template_str))
AssertionError: Failed to parse template "500ms"
2025-11-06 14:31:45,403 : INFO : root : MPF run loop ended.
