2025-10-29 19:52:18,713 : INFO : root : Loading config.
2025-10-29 19:52:18,717 : INFO : YamlMultifileConfigLoader : Machine config file #1: config.yaml
2025-10-29 19:52:18,718 : INFO : ConfigProcessor : Loading config from cache: C:\Users\White\AppData\Local\Temp\4d2409115979d2066280cf8a522910f3.mpf_cache
2025-10-29 19:52:18,831 : INFO : ConfigProcessor : Loading config from cache: C:\Users\White\AppData\Local\Temp\e29f700f4dd412c341ced84fe54a834e.mpf_cache
2025-10-29 19:52:18,833 : INFO : ConfigProcessor : Loading config from cache: C:\Users\White\AppData\Local\Temp\91cc4d1c993c58dc354e34974b9cfeac.mpf_cache
2025-10-29 19:52:18,833 : INFO : ConfigProcessor : Loading config from cache: C:\Users\White\AppData\Local\Temp\e29f700f4dd412c341ced84fe54a834e.mpf_cache
2025-10-29 19:52:18,834 : INFO : ConfigProcessor : Loading config from cache: C:\Users\White\AppData\Local\Temp\3424101e418333c494b4f7abb38a6bbc.mpf_cache
2025-10-29 19:52:18,834 : INFO : ConfigProcessor : Loading config from cache: C:\Users\White\AppData\Local\Temp\928267ba5ce09cfb7bef110abe29482e.mpf_cache
2025-10-29 19:52:18,834 : WARNING : ConfigProcessor : Config file in cache changed: C:\Users\White\documents\Top_Gun_Pinball\modes\mach_scoring\config\mach_scoring.yaml
2025-10-29 19:52:18,836 : INFO : ConfigProcessor : Loading config from file C:\Users\White\documents\Top_Gun_Pinball\modes\mach_scoring\config\mach_scoring.yaml.
2025-10-29 19:52:18,867 : INFO : ConfigProcessor : Loading config: C:\Users\White\documents\Top_Gun_Pinball\modes\mach_scoring\config\mach_scoring.yaml
2025-10-29 19:52:18,867 : ERROR : ConfigProcessor : Config section 'sounds' is removed in MPF 0.80 and will be ignored.
2025-10-29 19:52:18,868 : INFO : ConfigProcessor : Config file cache created: C:\Users\White\AppData\Local\Temp\fcd858616785c392a2718eef83d6bdec.mpf_cache
2025-10-29 19:52:18,869 : INFO : ConfigProcessor : Loading config from cache: C:\Users\White\AppData\Local\Temp\cbf9c95ed33e797787d40a3c26fb1f29.mpf_cache
2025-10-29 19:52:18,870 : INFO : ConfigProcessor : Loading config from cache: C:\Users\White\AppData\Local\Temp\0f477732e86fa3539be0c16808cbc3a4.mpf_cache
2025-10-29 19:52:18,871 : INFO : ConfigProcessor : Loading config from cache: C:\Users\White\AppData\Local\Temp\5252be9889d0ea92e9251ccb139bb96e.mpf_cache
2025-10-29 19:52:18,875 : INFO : ConfigProcessor : Loading config from cache: C:\Users\White\AppData\Local\Temp\bbd12103fd66360c81da95fa3b5d5cac.mpf_cache
2025-10-29 19:52:18,878 : INFO : ConfigProcessor : Loading config from cache: C:\Users\White\AppData\Local\Temp\aecbb0084a39aaddc8e1af6d86d05e57.mpf_cache
2025-10-29 19:52:18,879 : INFO : ConfigProcessor : Loading config from cache: C:\Users\White\AppData\Local\Temp\a64c515fc9f6d1ba4d043d8acedc61d8.mpf_cache
2025-10-29 19:52:18,880 : INFO : ConfigProcessor : Loading config from cache: C:\Users\White\AppData\Local\Temp\157e473ad106aaf7621d4ff67f908349.mpf_cache
2025-10-29 19:52:18,883 : INFO : ConfigProcessor : Loading config from cache: C:\Users\White\AppData\Local\Temp\b42daedb456e388e83b54e0791e694a7.mpf_cache
2025-10-29 19:52:18,884 : INFO : ConfigProcessor : Loading config from cache: C:\Users\White\AppData\Local\Temp\faf1d2b55b8b754be547ffd9950d5977.mpf_cache
2025-10-29 19:52:18,886 : INFO : ConfigProcessor : Loading config from cache: C:\Users\White\AppData\Local\Temp\881befc175503515b6a677d4b92fd8f6.mpf_cache
2025-10-29 19:52:18,889 : INFO : ConfigProcessor : Loading config from cache: C:\Users\White\AppData\Local\Temp\e02fdb456b236b981c3cd16c62d08cdd.mpf_cache
2025-10-29 19:52:18,892 : INFO : ConfigProcessor : Loading config from cache: C:\Users\White\AppData\Local\Temp\60f49b772835308c8a63a813f3984bd2.mpf_cache
2025-10-29 19:52:18,893 : INFO : ConfigProcessor : Loading config from cache: C:\Users\White\AppData\Local\Temp\b44eabe64ef7d1af51d3871ffce6e8a0.mpf_cache
2025-10-29 19:52:18,894 : INFO : ConfigProcessor : Loading config from cache: C:\Users\White\AppData\Local\Temp\79c411a388f93dc9361da8ba68c71f8b.mpf_cache
2025-10-29 19:52:18,895 : INFO : ConfigProcessor : Loading config from cache: C:\Users\White\AppData\Local\Temp\ca5bd3174630703f931f1610d9f2db91.mpf_cache
2025-10-29 19:52:18,895 : INFO : ConfigProcessor : Loading config from cache: C:\Users\White\AppData\Local\Temp\806e2c11867b05313045539710e5cf3e.mpf_cache
2025-10-29 19:52:18,896 : INFO : ConfigProcessor : Loading config from cache: C:\Users\White\AppData\Local\Temp\d4cc51f9996852dab0efd4baeb323b9c.mpf_cache
2025-10-29 19:52:18,897 : INFO : Machine : Mission Pinball Framework Core Engine v0.80.0.dev9
2025-10-29 19:52:18,897 : INFO : Machine : Command line arguments: {'no_load_cache': False, 'create_config_cache': True, 'bcp': True, 'configfile': ['config.yaml'], 'force_assets_load': False, 'platform_integration_test': False, 'jsonlogging': False, 'logfile': 'logs\\2025-10-29-19-52-18-mpf-TopGunPinball.log', 'pause': False, 'production': False, 'text_ui': False, 'loglevel': 15, 'consoleloglevel': 20, 'force_platform': 'virtual', 'syslog_address': None, 'full_logfile_path': 'C:\\Users\\White\\documents\\Top_Gun_Pinball\\logs\\2025-10-29-19-52-18-mpf-TopGunPinball.log'}
2025-10-29 19:52:18,897 : INFO : Machine : MPF path: C:\Users\White\mpf\Lib\site-packages\mpf
2025-10-29 19:52:18,897 : INFO : Machine : Machine path: C:\Users\White\documents\Top_Gun_Pinball
2025-10-29 19:52:18,897 : INFO : Machine : Platform: win32
2025-10-29 19:52:18,897 : INFO : Machine : Python executable location: C:\Users\White\mpf\Scripts\python.exe
2025-10-29 19:52:18,897 : INFO : Machine : Python version: 3.12.7 (64-bit)
2025-10-29 19:52:18,900 : INFO : Machine : Initializing MPF...
2025-10-29 19:52:18,994 : INFO : EventManager : Event: ======'machine_var_credits_string'====== Args={'value': 'FREE PLAY', 'prev_value': None, 'change': True}
2025-10-29 19:52:19,025 : INFO : EventManager : Event: ======'machine_var_master_volume'====== Args={'value': 0.5, 'prev_value': None, 'change': True}
2025-10-29 19:52:19,025 : INFO : EventManager : Event: ======'machine_var_player1_score'====== Args={'value': 2229000, 'prev_value': None, 'change': True}
2025-10-29 19:52:19,025 : INFO : EventManager : Event: ======'machine_var_mpf_version'====== Args={'value': 'Mission Pinball Framework v0.80.0.dev9', 'prev_value': None, 'change': True}
2025-10-29 19:52:19,025 : INFO : EventManager : Event: ======'machine_var_mpf_extended_version'====== Args={'value': 'Mission Pinball Framework v0.80.0.dev9, Config version:6, Show version: 6, BCP version:1.1', 'prev_value': None, 'change': True}
2025-10-29 19:52:19,026 : INFO : EventManager : Event: ======'machine_var_python_version'====== Args={'value': '3.12.7', 'prev_value': None, 'change': True}
2025-10-29 19:52:19,124 : INFO : EventManager : Event: ======'machine_var_platform'====== Args={'value': 'Windows-11-10.0.26100-SP0', 'prev_value': None, 'change': True}
2025-10-29 19:52:19,124 : INFO : EventManager : Event: ======'machine_var_platform_system'====== Args={'value': 'Windows', 'prev_value': None, 'change': True}
2025-10-29 19:52:19,124 : INFO : EventManager : Event: ======'machine_var_platform_release'====== Args={'value': '11', 'prev_value': None, 'change': True}
2025-10-29 19:52:19,124 : INFO : EventManager : Event: ======'machine_var_platform_version'====== Args={'value': '10.0.26100', 'prev_value': None, 'change': True}
2025-10-29 19:52:19,124 : INFO : EventManager : Event: ======'machine_var_platform_machine'====== Args={'value': 'AMD64', 'prev_value': None, 'change': True}
2025-10-29 19:52:19,124 : INFO : EventManager : Event: ======'machine_var_log_file_path'====== Args={'value': 'C:\\Users\\White\\documents\\Top_Gun_Pinball\\logs\\2025-10-29-19-52-18-mpf-TopGunPinball.log', 'prev_value': None, 'change': True}
2025-10-29 19:52:19,124 : INFO : EventManager : Event: ======'init_phase_1'====== Args={}
2025-10-29 19:52:19,171 : INFO : EventManager : Event: ======'init_phase_2'====== Args={}
2025-10-29 19:52:19,171 : INFO : SwitchController : Found active switch: ('playfield_board_lower-3208-0', <Platform.Virtual>) <switch.s_trough_1>
2025-10-29 19:52:19,171 : INFO : SwitchController : Found active switch: ('playfield_board_lower-3208-1', <Platform.Virtual>) <switch.s_trough_2>
2025-10-29 19:52:19,171 : INFO : SwitchController : Found active switch: ('playfield_board_lower-3208-2', <Platform.Virtual>) <switch.s_trough_3>
2025-10-29 19:52:19,171 : INFO : SwitchController : Found active switch: ('playfield_board_lower-3208-3', <Platform.Virtual>) <switch.s_trough_4>
2025-10-29 19:52:19,171 : INFO : SwitchController : Found active switch: ('playfield_board_lower-3208-4', <Platform.Virtual>) <switch.s_trough_5>
2025-10-29 19:52:19,171 : INFO : SwitchController : Found active switch: ('playfield_board_lower-3208-5', <Platform.Virtual>) <switch.s_trough_6>
2025-10-29 19:52:19,197 : INFO : EventManager : Event: ======'bcp_connection_attempt'====== Args={'name': 'local_display', 'host': 'localhost', 'port': 5050}
2025-10-29 19:52:19,198 : INFO : BCPClientSocket : Connecting BCP to 'local_display' at localhost:5050...
2025-10-29 19:52:19,229 : INFO : BCPClientSocket : Connected BCP to 'local_display' localhost:5050
2025-10-29 19:52:19,229 : INFO : EventManager : Event: ======'bcp_clients_connected'====== Args={}
2025-10-29 19:52:19,229 : INFO : ball_device.bd_plunger : BCH: Initial count: 0
2025-10-29 19:52:19,229 : INFO : ball_device.bd_plunger : State: idle
2025-10-29 19:52:19,231 : INFO : ball_device.bd_trough : BCH: Initial count: 6
2025-10-29 19:52:19,231 : INFO : ball_device.bd_trough : State: idle
2025-10-29 19:52:19,231 : INFO : ball_device.bd_lock_elevator : BCH: Initial count: 0
2025-10-29 19:52:19,232 : INFO : ball_device.bd_lock_elevator : State: idle
2025-10-29 19:52:19,232 : INFO : ball_device.bd_mode_scoop : BCH: Initial count: 0
2025-10-29 19:52:19,232 : INFO : ball_device.bd_mode_scoop : State: idle
2025-10-29 19:52:19,258 : INFO : EventManager : Event: ======'init_phase_3'====== Args={}
2025-10-29 19:52:20,455 : INFO : EventManager : Event: ======'init_phase_4'====== Args={}
2025-10-29 19:52:20,456 : INFO : BallController : Initial balls found: 6
2025-10-29 19:52:20,458 : INFO : EventManager : Event: ======'machine_var_audits_events_game_ended'====== Args={'value': 2, 'prev_value': None, 'change': True}
2025-10-29 19:52:20,458 : INFO : EventManager : Event: ======'machine_var_audits_events_game_started'====== Args={'value': 295, 'prev_value': None, 'change': True}
2025-10-29 19:52:20,458 : INFO : EventManager : Event: ======'machine_var_audits_missing_switches_s_a_iceman_target'====== Args={'value': 13, 'prev_value': None, 'change': True}
2025-10-29 19:52:20,458 : INFO : EventManager : Event: ======'machine_var_audits_missing_switches_s_barrier_target'====== Args={'value': 43, 'prev_value': None, 'change': True}
2025-10-29 19:52:20,458 : INFO : EventManager : Event: ======'machine_var_audits_missing_switches_s_bumper_center'====== Args={'value': 7, 'prev_value': None, 'change': True}
2025-10-29 19:52:20,458 : INFO : EventManager : Event: ======'machine_var_audits_missing_switches_s_bumper_left'====== Args={'value': 2, 'prev_value': None, 'change': True}
2025-10-29 19:52:20,458 : INFO : EventManager : Event: ======'machine_var_audits_missing_switches_s_bumper_right'====== Args={'value': 88, 'prev_value': None, 'change': True}
2025-10-29 19:52:20,458 : INFO : EventManager : Event: ======'machine_var_audits_missing_switches_s_c_iceman_target'====== Args={'value': 129, 'prev_value': None, 'change': True}
2025-10-29 19:52:20,458 : INFO : EventManager : Event: ======'machine_var_audits_missing_switches_s_c_lock_target'====== Args={'value': 55, 'prev_value': None, 'change': True}
2025-10-29 19:52:20,458 : INFO : EventManager : Event: ======'machine_var_audits_missing_switches_s_coin_door'====== Args={'value': 182, 'prev_value': None, 'change': True}
2025-10-29 19:52:20,458 : INFO : EventManager : Event: ======'machine_var_audits_missing_switches_s_coin_door_credit_left'====== Args={'value': 89, 'prev_value': None, 'change': True}
2025-10-29 19:52:20,458 : INFO : EventManager : Event: ======'machine_var_audits_missing_switches_s_coin_door_credit_right'====== Args={'value': 89, 'prev_value': None, 'change': True}
2025-10-29 19:52:20,458 : INFO : EventManager : Event: ======'machine_var_audits_missing_switches_s_coin_door_service_1'====== Args={'value': 182, 'prev_value': None, 'change': True}
2025-10-29 19:52:20,458 : INFO : EventManager : Event: ======'machine_var_audits_missing_switches_s_coin_door_service_2'====== Args={'value': 182, 'prev_value': None, 'change': True}
2025-10-29 19:52:20,458 : INFO : EventManager : Event: ======'machine_var_audits_missing_switches_s_coin_door_service_3'====== Args={'value': 182, 'prev_value': None, 'change': True}
2025-10-29 19:52:20,459 : INFO : EventManager : Event: ======'machine_var_audits_missing_switches_s_coin_door_service_4'====== Args={'value': 182, 'prev_value': None, 'change': True}
2025-10-29 19:52:20,459 : INFO : EventManager : Event: ======'machine_var_audits_missing_switches_s_e_iceman_target'====== Args={'value': 24, 'prev_value': None, 'change': True}
2025-10-29 19:52:20,459 : INFO : EventManager : Event: ======'machine_var_audits_missing_switches_s_flight_gear_target'====== Args={'value': 36, 'prev_value': None, 'change': True}
2025-10-29 19:52:20,459 : INFO : EventManager : Event: ======'machine_var_audits_missing_switches_s_flipper_left'====== Args={'value': 240, 'prev_value': None, 'change': True}
2025-10-29 19:52:20,459 : INFO : EventManager : Event: ======'machine_var_audits_missing_switches_s_flipper_left_eos'====== Args={'value': 242, 'prev_value': None, 'change': True}
2025-10-29 19:52:20,459 : INFO : EventManager : Event: ======'machine_var_audits_missing_switches_s_flipper_left_upper'====== Args={'value': 244, 'prev_value': None, 'change': True}
2025-10-29 19:52:20,459 : INFO : EventManager : Event: ======'machine_var_audits_missing_switches_s_flipper_left_upper_eos'====== Args={'value': 242, 'prev_value': None, 'change': True}
2025-10-29 19:52:20,459 : INFO : EventManager : Event: ======'machine_var_audits_missing_switches_s_flipper_right'====== Args={'value': 178, 'prev_value': None, 'change': True}
2025-10-29 19:52:20,459 : INFO : EventManager : Event: ======'machine_var_audits_missing_switches_s_flipper_right_eos'====== Args={'value': 242, 'prev_value': None, 'change': True}
2025-10-29 19:52:20,459 : INFO : EventManager : Event: ======'machine_var_audits_missing_switches_s_i_iceman_target'====== Args={'value': 41, 'prev_value': None, 'change': True}
2025-10-29 19:52:20,459 : INFO : EventManager : Event: ======'machine_var_audits_missing_switches_s_inlane_left'====== Args={'value': 175, 'prev_value': None, 'change': True}
2025-10-29 19:52:20,459 : INFO : EventManager : Event: ======'machine_var_audits_missing_switches_s_inner_inlane_right'====== Args={'value': 55, 'prev_value': None, 'change': True}
2025-10-29 19:52:20,459 : INFO : EventManager : Event: ======'machine_var_audits_missing_switches_s_jam'====== Args={'value': 181, 'prev_value': None, 'change': True}
2025-10-29 19:52:20,459 : INFO : EventManager : Event: ======'machine_var_audits_missing_switches_s_k_lock_target'====== Args={'value': 179, 'prev_value': None, 'change': True}
2025-10-29 19:52:20,459 : INFO : EventManager : Event: ======'machine_var_audits_missing_switches_s_l_lock_target'====== Args={'value': 179, 'prev_value': None, 'change': True}
2025-10-29 19:52:20,459 : INFO : EventManager : Event: ======'machine_var_audits_missing_switches_s_lane_left'====== Args={'value': 24, 'prev_value': None, 'change': True}
2025-10-29 19:52:20,459 : INFO : EventManager : Event: ======'machine_var_audits_missing_switches_s_lock_goose'====== Args={'value': 244, 'prev_value': None, 'change': True}
2025-10-29 19:52:20,459 : INFO : EventManager : Event: ======'machine_var_audits_missing_switches_s_lock_mav'====== Args={'value': 244, 'prev_value': None, 'change': True}
2025-10-29 19:52:20,459 : INFO : EventManager : Event: ======'machine_var_audits_missing_switches_s_lock_plunger'====== Args={'value': 78, 'prev_value': None, 'change': True}
2025-10-29 19:52:20,459 : INFO : EventManager : Event: ======'machine_var_audits_missing_switches_s_m_iceman_target'====== Args={'value': 13, 'prev_value': None, 'change': True}
2025-10-29 19:52:20,459 : INFO : EventManager : Event: ======'machine_var_audits_missing_switches_s_mig_lane_left'====== Args={'value': 13, 'prev_value': None, 'change': True}
2025-10-29 19:52:20,459 : INFO : EventManager : Event: ======'machine_var_audits_missing_switches_s_mig_lane_right'====== Args={'value': 79, 'prev_value': None, 'change': True}
2025-10-29 19:52:20,460 : INFO : EventManager : Event: ======'machine_var_audits_missing_switches_s_mode_start'====== Args={'value': 244, 'prev_value': None, 'change': True}
2025-10-29 19:52:20,460 : INFO : EventManager : Event: ======'machine_var_audits_missing_switches_s_o_lock_target'====== Args={'value': 179, 'prev_value': None, 'change': True}
2025-10-29 19:52:20,460 : INFO : EventManager : Event: ======'machine_var_audits_missing_switches_s_orbit_left'====== Args={'value': 36, 'prev_value': None, 'change': True}
2025-10-29 19:52:20,460 : INFO : EventManager : Event: ======'machine_var_audits_missing_switches_s_orbit_lower'====== Args={'value': 79, 'prev_value': None, 'change': True}
2025-10-29 19:52:20,460 : INFO : EventManager : Event: ======'machine_var_audits_missing_switches_s_orbit_right'====== Args={'value': 79, 'prev_value': None, 'change': True}
2025-10-29 19:52:20,460 : INFO : EventManager : Event: ======'machine_var_audits_missing_switches_s_orbit_upper'====== Args={'value': 36, 'prev_value': None, 'change': True}
2025-10-29 19:52:20,460 : INFO : EventManager : Event: ======'machine_var_audits_missing_switches_s_outer_inlane_right'====== Args={'value': 55, 'prev_value': None, 'change': True}
2025-10-29 19:52:20,460 : INFO : EventManager : Event: ======'machine_var_audits_missing_switches_s_outlane_left'====== Args={'value': 244, 'prev_value': None, 'change': True}
2025-10-29 19:52:20,460 : INFO : EventManager : Event: ======'machine_var_audits_missing_switches_s_outlane_right'====== Args={'value': 181, 'prev_value': None, 'change': True}
2025-10-29 19:52:20,460 : INFO : EventManager : Event: ======'machine_var_audits_missing_switches_s_plunger_lane'====== Args={'value': 10, 'prev_value': None, 'change': True}
2025-10-29 19:52:20,460 : INFO : EventManager : Event: ======'machine_var_audits_missing_switches_s_ramp_left_exit'====== Args={'value': 244, 'prev_value': None, 'change': True}
2025-10-29 19:52:20,460 : INFO : EventManager : Event: ======'machine_var_audits_missing_switches_s_ramp_right_exit'====== Args={'value': 36, 'prev_value': None, 'change': True}
2025-10-29 19:52:20,460 : INFO : EventManager : Event: ======'machine_var_audits_missing_switches_s_ramp_tower_exit'====== Args={'value': 36, 'prev_value': None, 'change': True}
2025-10-29 19:52:20,460 : INFO : EventManager : Event: ======'machine_var_audits_missing_switches_s_slingshot_left'====== Args={'value': 179, 'prev_value': None, 'change': True}
2025-10-29 19:52:20,460 : INFO : EventManager : Event: ======'machine_var_audits_missing_switches_s_slingshot_right'====== Args={'value': 179, 'prev_value': None, 'change': True}
2025-10-29 19:52:20,460 : INFO : EventManager : Event: ======'machine_var_audits_missing_switches_s_spinner'====== Args={'value': 36, 'prev_value': None, 'change': True}
2025-10-29 19:52:20,460 : INFO : EventManager : Event: ======'machine_var_audits_missing_switches_s_start'====== Args={'value': 15, 'prev_value': None, 'change': True}
2025-10-29 19:52:20,460 : INFO : EventManager : Event: ======'machine_var_audits_missing_switches_s_tilt'====== Args={'value': 182, 'prev_value': None, 'change': True}
2025-10-29 19:52:20,460 : INFO : EventManager : Event: ======'machine_var_audits_missing_switches_s_trough_1'====== Args={'value': 220, 'prev_value': None, 'change': True}
2025-10-29 19:52:20,460 : INFO : EventManager : Event: ======'machine_var_audits_missing_switches_s_trough_2'====== Args={'value': 220, 'prev_value': None, 'change': True}
2025-10-29 19:52:20,460 : INFO : EventManager : Event: ======'machine_var_audits_missing_switches_s_trough_3'====== Args={'value': 220, 'prev_value': None, 'change': True}
2025-10-29 19:52:20,460 : INFO : EventManager : Event: ======'machine_var_audits_missing_switches_s_trough_4'====== Args={'value': 295, 'prev_value': None, 'change': True}
2025-10-29 19:52:20,460 : INFO : EventManager : Event: ======'machine_var_audits_missing_switches_s_trough_5'====== Args={'value': 295, 'prev_value': None, 'change': True}
2025-10-29 19:52:20,460 : INFO : EventManager : Event: ======'machine_var_audits_missing_switches_s_trough_6'====== Args={'value': 11, 'prev_value': None, 'change': True}
2025-10-29 19:52:20,460 : INFO : EventManager : Event: ======'machine_var_audits_player_score'====== Args={'value': {'average': 787666, 'top': [2229000, 73000, 61000], 'total': 3}, 'prev_value': None, 'change': True}
2025-10-29 19:52:20,460 : INFO : EventManager : Event: ======'machine_var_audits_shots_bumper_center'====== Args={'value': 507, 'prev_value': None, 'change': True}
2025-10-29 19:52:20,460 : INFO : EventManager : Event: ======'machine_var_audits_shots_bumper_left'====== Args={'value': 612, 'prev_value': None, 'change': True}
2025-10-29 19:52:20,460 : INFO : EventManager : Event: ======'machine_var_audits_shots_bumper_right'====== Args={'value': 369, 'prev_value': None, 'change': True}
2025-10-29 19:52:20,460 : INFO : EventManager : Event: ======'machine_var_audits_shots_mach_ramp'====== Args={'value': 250, 'prev_value': None, 'change': True}
2025-10-29 19:52:20,460 : INFO : EventManager : Event: ======'machine_var_audits_shots_mig_lane_left'====== Args={'value': 93, 'prev_value': None, 'change': True}
2025-10-29 19:52:20,460 : INFO : EventManager : Event: ======'machine_var_audits_shots_mig_lane_right'====== Args={'value': 13, 'prev_value': None, 'change': True}
2025-10-29 19:52:20,460 : INFO : EventManager : Event: ======'machine_var_audits_shots_orbit_upper'====== Args={'value': 13, 'prev_value': None, 'change': True}
2025-10-29 19:52:20,460 : INFO : EventManager : Event: ======'machine_var_audits_shots_ramp_inner'====== Args={'value': 41, 'prev_value': None, 'change': True}
2025-10-29 19:52:20,461 : INFO : EventManager : Event: ======'machine_var_audits_shots_spinner'====== Args={'value': 5, 'prev_value': None, 'change': True}
2025-10-29 19:52:20,461 : INFO : EventManager : Event: ======'machine_var_audits_switches_s_a_iceman_target'====== Args={'value': 28, 'prev_value': None, 'change': True}
2025-10-29 19:52:20,461 : INFO : EventManager : Event: ======'machine_var_audits_switches_s_barrier_target'====== Args={'value': 8, 'prev_value': None, 'change': True}
2025-10-29 19:52:20,461 : INFO : EventManager : Event: ======'machine_var_audits_switches_s_bumper_center'====== Args={'value': 527, 'prev_value': None, 'change': True}
2025-10-29 19:52:20,461 : INFO : EventManager : Event: ======'machine_var_audits_switches_s_bumper_left'====== Args={'value': 643, 'prev_value': None, 'change': True}
2025-10-29 19:52:20,461 : INFO : EventManager : Event: ======'machine_var_audits_switches_s_bumper_right'====== Args={'value': 375, 'prev_value': None, 'change': True}
2025-10-29 19:52:20,461 : INFO : EventManager : Event: ======'machine_var_audits_switches_s_c_iceman_target'====== Args={'value': 41, 'prev_value': None, 'change': True}
2025-10-29 19:52:20,461 : INFO : EventManager : Event: ======'machine_var_audits_switches_s_c_lock_target'====== Args={'value': 5, 'prev_value': None, 'change': True}
2025-10-29 19:52:20,461 : INFO : EventManager : Event: ======'machine_var_audits_switches_s_coin_door'====== Args={'value': 0, 'prev_value': None, 'change': True}
2025-10-29 19:52:20,461 : INFO : EventManager : Event: ======'machine_var_audits_switches_s_coin_door_credit_left'====== Args={'value': 0, 'prev_value': None, 'change': True}
2025-10-29 19:52:20,461 : INFO : EventManager : Event: ======'machine_var_audits_switches_s_coin_door_credit_right'====== Args={'value': 0, 'prev_value': None, 'change': True}
2025-10-29 19:52:20,461 : INFO : EventManager : Event: ======'machine_var_audits_switches_s_coin_door_service_1'====== Args={'value': 0, 'prev_value': None, 'change': True}
2025-10-29 19:52:20,461 : INFO : EventManager : Event: ======'machine_var_audits_switches_s_coin_door_service_2'====== Args={'value': 0, 'prev_value': None, 'change': True}
2025-10-29 19:52:20,461 : INFO : EventManager : Event: ======'machine_var_audits_switches_s_coin_door_service_3'====== Args={'value': 0, 'prev_value': None, 'change': True}
2025-10-29 19:52:20,461 : INFO : EventManager : Event: ======'machine_var_audits_switches_s_coin_door_service_4'====== Args={'value': 0, 'prev_value': None, 'change': True}
2025-10-29 19:52:20,461 : INFO : EventManager : Event: ======'machine_var_audits_switches_s_e_iceman_target'====== Args={'value': 59, 'prev_value': None, 'change': True}
2025-10-29 19:52:20,461 : INFO : EventManager : Event: ======'machine_var_audits_switches_s_flight_gear_target'====== Args={'value': 54, 'prev_value': None, 'change': True}
2025-10-29 19:52:20,461 : INFO : EventManager : Event: ======'machine_var_audits_switches_s_flipper_left'====== Args={'value': 9, 'prev_value': None, 'change': True}
2025-10-29 19:52:20,461 : INFO : EventManager : Event: ======'machine_var_audits_switches_s_flipper_left_eos'====== Args={'value': 0, 'prev_value': None, 'change': True}
2025-10-29 19:52:20,461 : INFO : EventManager : Event: ======'machine_var_audits_switches_s_flipper_left_upper'====== Args={'value': 0, 'prev_value': None, 'change': True}
2025-10-29 19:52:20,461 : INFO : EventManager : Event: ======'machine_var_audits_switches_s_flipper_left_upper_eos'====== Args={'value': 0, 'prev_value': None, 'change': True}
2025-10-29 19:52:20,461 : INFO : EventManager : Event: ======'machine_var_audits_switches_s_flipper_right'====== Args={'value': 17, 'prev_value': None, 'change': True}
2025-10-29 19:52:20,461 : INFO : EventManager : Event: ======'machine_var_audits_switches_s_flipper_right_eos'====== Args={'value': 0, 'prev_value': None, 'change': True}
2025-10-29 19:52:20,461 : INFO : EventManager : Event: ======'machine_var_audits_switches_s_i_iceman_target'====== Args={'value': 10, 'prev_value': None, 'change': True}
2025-10-29 19:52:20,462 : INFO : EventManager : Event: ======'machine_var_audits_switches_s_inlane_left'====== Args={'value': 53, 'prev_value': None, 'change': True}
2025-10-29 19:52:20,462 : INFO : EventManager : Event: ======'machine_var_audits_switches_s_inner_inlane_right'====== Args={'value': 4, 'prev_value': None, 'change': True}
2025-10-29 19:52:20,462 : INFO : EventManager : Event: ======'machine_var_audits_switches_s_jam'====== Args={'value': 1, 'prev_value': None, 'change': True}
2025-10-29 19:52:20,462 : INFO : EventManager : Event: ======'machine_var_audits_switches_s_k_lock_target'====== Args={'value': 5, 'prev_value': None, 'change': True}
2025-10-29 19:52:20,462 : INFO : EventManager : Event: ======'machine_var_audits_switches_s_l_lock_target'====== Args={'value': 5, 'prev_value': None, 'change': True}
2025-10-29 19:52:20,462 : INFO : EventManager : Event: ======'machine_var_audits_switches_s_lane_left'====== Args={'value': 253, 'prev_value': None, 'change': True}
2025-10-29 19:52:20,462 : INFO : EventManager : Event: ======'machine_var_audits_switches_s_lane_right'====== Args={'value': 179, 'prev_value': None, 'change': True}
2025-10-29 19:52:20,462 : INFO : EventManager : Event: ======'machine_var_audits_switches_s_lock_goose'====== Args={'value': 0, 'prev_value': None, 'change': True}
2025-10-29 19:52:20,462 : INFO : EventManager : Event: ======'machine_var_audits_switches_s_lock_mav'====== Args={'value': 0, 'prev_value': None, 'change': True}
2025-10-29 19:52:20,462 : INFO : EventManager : Event: ======'machine_var_audits_switches_s_lock_plunger'====== Args={'value': 3, 'prev_value': None, 'change': True}
2025-10-29 19:52:20,462 : INFO : EventManager : Event: ======'machine_var_audits_switches_s_m_iceman_target'====== Args={'value': 32, 'prev_value': None, 'change': True}
2025-10-29 19:52:20,462 : INFO : EventManager : Event: ======'machine_var_audits_switches_s_mig_lane_left'====== Args={'value': 124, 'prev_value': None, 'change': True}
2025-10-29 19:52:20,462 : INFO : EventManager : Event: ======'machine_var_audits_switches_s_mig_lane_right'====== Args={'value': 16, 'prev_value': None, 'change': True}
2025-10-29 19:52:20,462 : INFO : EventManager : Event: ======'machine_var_audits_switches_s_mode_start'====== Args={'value': 0, 'prev_value': None, 'change': True}
2025-10-29 19:52:20,462 : INFO : EventManager : Event: ======'machine_var_audits_switches_s_n_iceman_target'====== Args={'value': 79, 'prev_value': None, 'change': True}
2025-10-29 19:52:20,462 : INFO : EventManager : Event: ======'machine_var_audits_switches_s_o_lock_target'====== Args={'value': 5, 'prev_value': None, 'change': True}
2025-10-29 19:52:20,462 : INFO : EventManager : Event: ======'machine_var_audits_switches_s_orbit_left'====== Args={'value': 58, 'prev_value': None, 'change': True}
2025-10-29 19:52:20,462 : INFO : EventManager : Event: ======'machine_var_audits_switches_s_orbit_lower'====== Args={'value': 2, 'prev_value': None, 'change': True}
2025-10-29 19:52:20,462 : INFO : EventManager : Event: ======'machine_var_audits_switches_s_orbit_right'====== Args={'value': 15, 'prev_value': None, 'change': True}
2025-10-29 19:52:20,462 : INFO : EventManager : Event: ======'machine_var_audits_switches_s_orbit_upper'====== Args={'value': 17, 'prev_value': None, 'change': True}
2025-10-29 19:52:20,462 : INFO : EventManager : Event: ======'machine_var_audits_switches_s_outer_inlane_right'====== Args={'value': 6, 'prev_value': None, 'change': True}
2025-10-29 19:52:20,462 : INFO : EventManager : Event: ======'machine_var_audits_switches_s_outlane_left'====== Args={'value': 0, 'prev_value': None, 'change': True}
2025-10-29 19:52:20,462 : INFO : EventManager : Event: ======'machine_var_audits_switches_s_outlane_right'====== Args={'value': 4, 'prev_value': None, 'change': True}
2025-10-29 19:52:20,462 : INFO : EventManager : Event: ======'machine_var_audits_switches_s_plunger_lane'====== Args={'value': 46, 'prev_value': None, 'change': True}
2025-10-29 19:52:20,463 : INFO : EventManager : Event: ======'machine_var_audits_switches_s_ramp_inner_exit'====== Args={'value': 295, 'prev_value': None, 'change': True}
2025-10-29 19:52:20,463 : INFO : EventManager : Event: ======'machine_var_audits_switches_s_ramp_left_exit'====== Args={'value': 0, 'prev_value': None, 'change': True}
2025-10-29 19:52:20,463 : INFO : EventManager : Event: ======'machine_var_audits_switches_s_ramp_right_exit'====== Args={'value': 7, 'prev_value': None, 'change': True}
2025-10-29 19:52:20,463 : INFO : EventManager : Event: ======'machine_var_audits_switches_s_ramp_tower_exit'====== Args={'value': 6, 'prev_value': None, 'change': True}
2025-10-29 19:52:20,463 : INFO : EventManager : Event: ======'machine_var_audits_switches_s_shooter_lane'====== Args={'value': 252, 'prev_value': None, 'change': True}
2025-10-29 19:52:20,463 : INFO : EventManager : Event: ======'machine_var_audits_switches_s_slingshot_left'====== Args={'value': 8, 'prev_value': None, 'change': True}
2025-10-29 19:52:20,463 : INFO : EventManager : Event: ======'machine_var_audits_switches_s_slingshot_right'====== Args={'value': 7, 'prev_value': None, 'change': True}
2025-10-29 19:52:20,463 : INFO : EventManager : Event: ======'machine_var_audits_switches_s_spinner'====== Args={'value': 112, 'prev_value': None, 'change': True}
2025-10-29 19:52:20,463 : INFO : EventManager : Event: ======'machine_var_audits_switches_s_start'====== Args={'value': 163, 'prev_value': None, 'change': True}
2025-10-29 19:52:20,463 : INFO : EventManager : Event: ======'machine_var_audits_switches_s_tilt'====== Args={'value': 0, 'prev_value': None, 'change': True}
2025-10-29 19:52:20,463 : INFO : EventManager : Event: ======'machine_var_audits_switches_s_trough_1'====== Args={'value': 2, 'prev_value': None, 'change': True}
2025-10-29 19:52:20,463 : INFO : EventManager : Event: ======'machine_var_audits_switches_s_trough_2'====== Args={'value': 1, 'prev_value': None, 'change': True}
2025-10-29 19:52:20,463 : INFO : EventManager : Event: ======'machine_var_audits_switches_s_trough_3'====== Args={'value': 1, 'prev_value': None, 'change': True}
2025-10-29 19:52:20,463 : INFO : EventManager : Event: ======'machine_var_audits_switches_s_trough_4'====== Args={'value': 0, 'prev_value': None, 'change': True}
2025-10-29 19:52:20,463 : INFO : EventManager : Event: ======'machine_var_audits_switches_s_trough_5'====== Args={'value': 0, 'prev_value': None, 'change': True}
2025-10-29 19:52:20,463 : INFO : EventManager : Event: ======'machine_var_audits_switches_s_trough_6'====== Args={'value': 166, 'prev_value': None, 'change': True}
2025-10-29 19:52:20,463 : INFO : EventManager : Event: ======'init_phase_5'====== Args={}
2025-10-29 19:52:20,464 : INFO : EventManager : Event: ======'init_done'====== Args={}
2025-10-29 19:52:20,464 : INFO : EventManager : Event: ======'machine_reset_phase_1'====== Args={}
2025-10-29 19:52:20,472 : INFO : EventManager : Event: ======'machine_reset_phase_2'====== Args={}
2025-10-29 19:52:20,472 : INFO : EventManager : Event: ======'machine_reset_phase_3'====== Args={}
2025-10-29 19:52:20,472 : INFO : EventManager : Event: ======'reset_complete'====== Args={}
2025-10-29 19:52:20,473 : INFO : EventManager : Event: ======'mode_attract_will_start'====== Args={}
2025-10-29 19:52:20,473 : INFO : Timer.attract_carousel_timer : Starting Timer.
2025-10-29 19:52:20,473 : INFO : EventManager : Event: ======'timer_attract_carousel_timer_started'====== Args={'ticks': 0, 'ticks_remaining': 1}
2025-10-29 19:52:20,473 : INFO : EventManager : Event: ======'timer_attract_carousel_timer_tick'====== Args={'ticks': 0, 'ticks_remaining': 1}
2025-10-29 19:52:20,474 : INFO : EventManager : Event: ======'mode_attract_starting'====== Args={}
2025-10-29 19:52:20,474 : INFO : Mode.attract : Started. Priority: 10
2025-10-29 19:52:20,474 : INFO : EventManager : Event: ======'modes_active_modes_changed'====== Args={}
2025-10-29 19:52:20,474 : INFO : EventManager : Event: ======'mode_attract_started'====== Args={}
2025-10-29 19:52:20,474 : INFO : EventManager : Event: ======'attract_cycle_step1'====== Args={'priority': 0}
2025-10-29 19:52:20,475 : INFO : EventManager : Event: ======'collecting_balls_complete'====== Args={}
2025-10-29 19:52:20,475 : INFO : EventManager : Event: ======'item_highlighted'====== Args={'carousel': 'attract', 'direction': None, 'item': 'title'}
2025-10-29 19:52:20,477 : INFO : EventManager : Event: ======'timer_attract_carousel_timer_tick'====== Args={'ticks': 0, 'ticks_remaining': 1}
2025-10-29 19:52:20,477 : INFO : Machine : Starting the main run loop with active modes: [<Mode.attract>]
2025-10-29 19:52:20,562 : INFO : EventManager : Event: ======'slide_attract_created'====== Args={'_from_bcp': True}
2025-10-29 19:52:20,563 : INFO : EventManager : Event: ======'slide__removed'====== Args={'_from_bcp': True}
2025-10-29 19:52:20,563 : INFO : EventManager : Event: ======'slide_attract_active'====== Args={'original_context': 'attract', 'original_calling_context': 'mode_attract_started', 'priority': 10.0, 'cmd': 'slides_play', '_from_bcp': True}
2025-10-29 19:52:20,851 : INFO : BcpServer : New client connected.
2025-10-29 19:52:27,385 : INFO : SwitchController : <<<<<<< 's_start' active >>>>>>>
2025-10-29 19:52:27,447 : INFO : SwitchController : <<<<<<< 's_start' inactive >>>>>>>
2025-10-29 19:52:27,448 : INFO : EventManager : Event: ======'request_to_start_game'====== Args={}
2025-10-29 19:52:27,448 : INFO : EventManager : Event: ======'game_start'====== Args={'buttons': [], 'hold_time': 0.06300000008195639}
2025-10-29 19:52:27,448 : INFO : EventManager : Event: ======'mode_game_will_start'====== Args={'buttons': [], 'hold_time': 0.06300000008195639}
2025-10-29 19:52:27,449 : INFO : EventManager : Event: ======'mode_game_starting'====== Args={'buttons': [], 'hold_time': 0.06300000008195639}
2025-10-29 19:52:27,449 : INFO : EventManager : Event: ======'mode_attract_will_stop'====== Args={}
2025-10-29 19:52:27,449 : INFO : EventManager : Event: ======'mode_attract_stopping'====== Args={}
2025-10-29 19:52:27,451 : INFO : Mode.game : Started. Priority: 20
2025-10-29 19:52:27,451 : INFO : EventManager : Event: ======'modes_active_modes_changed'====== Args={}
2025-10-29 19:52:27,451 : INFO : EventManager : Event: ======'mode_game_started'====== Args={'buttons': [], 'hold_time': 0.06300000008195639}
2025-10-29 19:52:27,452 : INFO : Mode.attract : Stopped.
2025-10-29 19:52:27,452 : INFO : EventManager : Event: ======'modes_active_modes_changed'====== Args={}
2025-10-29 19:52:27,453 : INFO : EventManager : Event: ======'mode_attract_stopped'====== Args={}
2025-10-29 19:52:27,453 : INFO : EventManager : Event: ======'clear'====== Args={'key': 'attract'}
2025-10-29 19:52:27,453 : INFO : Timer.attract_carousel_timer : Stopping Timer
2025-10-29 19:52:27,453 : INFO : EventManager : Event: ======'timer_attract_carousel_timer_stopped'====== Args={'ticks': 0, 'ticks_remaining': 1}
2025-10-29 19:52:27,453 : INFO : EventManager : Event: ======'game_will_start'====== Args={}
2025-10-29 19:52:27,454 : INFO : EventManager : Event: ======'game_starting'====== Args={'game': <Mode.game>}
2025-10-29 19:52:27,457 : INFO : EventManager : Unordered handler for class <Auditor> on event game_ended with priority 1. Handlers: [RegisteredHandler(callback=<bound method Auditor.disable of <Auditor>>, priority=1, kwargs={}, key=UUID('e709c216-5f5e-48fa-8a04-3281ad98ba8d'), condition=None, blocking_facility=None), RegisteredHandler(callback=<bound method Auditor._save_audits of <Auditor>>, priority=1, kwargs={}, key=UUID('5a004366-9933-458a-bbcb-3ab233b9f81a'), condition=None, blocking_facility=None)]. The order of those handlers is not defined and they will be executed in random order. This might lead to race conditions and potential bugs.
2025-10-29 19:52:27,457 : INFO : EventManager : Event: ======'player_add_request'====== Args={}
2025-10-29 19:52:27,457 : INFO : EventManager : Event: ======'player_will_add'====== Args={'number': 1}
2025-10-29 19:52:27,457 : INFO : EventManager : Event: ======'player_adding'====== Args={'player': <Player 1>, 'number': 1}
2025-10-29 19:52:27,458 : INFO : EventManager : Event: ======'player_added'====== Args={'player': <Player 1>, 'num': 1}
2025-10-29 19:52:27,458 : INFO : Mode.game : Player added successfully. Total players: 1
2025-10-29 19:52:27,458 : INFO : EventManager : Event: ======'player_index'====== Args={'value': 0, 'prev_value': 0, 'change': 0, 'player_num': 1}
2025-10-29 19:52:27,458 : INFO : EventManager : Event: ======'player_number'====== Args={'value': 1, 'prev_value': 1, 'change': 0, 'player_num': 1}
2025-10-29 19:52:27,459 : INFO : EventManager : Event: ======'player_mach_level'====== Args={'value': 1.0, 'prev_value': 1.0, 'change': 0, 'player_num': 1}
2025-10-29 19:52:27,459 : INFO : EventManager : Event: ======'player_mach_step'====== Args={'value': 0, 'prev_value': 0, 'change': 0, 'player_num': 1}
2025-10-29 19:52:27,459 : INFO : EventManager : Event: ======'player_score'====== Args={'value': 0, 'prev_value': 0, 'change': 0, 'player_num': 1}
2025-10-29 19:52:27,459 : INFO : EventManager : Event: ======'game_started'====== Args={}
2025-10-29 19:52:27,460 : INFO : EventManager : Event: ======'player_turn_will_start'====== Args={'player': <Player 1>, 'number': 1}
2025-10-29 19:52:27,461 : INFO : EventManager : Event: ======'player_turn_starting'====== Args={'player': <Player 1>, 'number': 1}
2025-10-29 19:52:27,468 : INFO : EventManager : Event: ======'player_ball'====== Args={'value': 1, 'prev_value': 0, 'change': 1, 'player_num': 1}
2025-10-29 19:52:27,469 : INFO : EventManager : Event: ======'player_turn_started'====== Args={'player': <Player 1>, 'number': 1}
2025-10-29 19:52:27,470 : INFO : EventManager : Event: ======'ui_player_1_up'====== Args={'priority': 0}
2025-10-29 19:52:27,470 : INFO : EventManager : Event: ======'ball_will_start'====== Args={'player': 1, 'ball': 1, 'balls_remaining': 2, 'is_extra_ball': False}
2025-10-29 19:52:27,471 : INFO : EventManager : Event: ======'ball_starting'====== Args={'player': 1, 'ball': 1, 'balls_remaining': 2, 'is_extra_ball': False}
2025-10-29 19:52:27,471 : INFO : EventManager : Event: ======'mode_base_will_start'====== Args={'queue': <QueuedEvent>, 'player': 1, 'ball': 1, 'balls_remaining': 2, 'is_extra_ball': False}
2025-10-29 19:52:27,473 : INFO : EventManager : Event: ======'mode_base_starting'====== Args={'queue': <QueuedEvent>, 'player': 1, 'ball': 1, 'balls_remaining': 2, 'is_extra_ball': False}
2025-10-29 19:52:27,473 : INFO : Mode.base : Started. Priority: 100
2025-10-29 19:52:27,474 : INFO : EventManager : Event: ======'modes_active_modes_changed'====== Args={}
2025-10-29 19:52:27,474 : INFO : EventManager : Event: ======'mode_base_started'====== Args={'queue': <QueuedEvent>, 'player': 1, 'ball': 1, 'balls_remaining': 2, 'is_extra_ball': False}
2025-10-29 19:52:27,474 : INFO : EventManager : Event: ======'mode_mach_scoring_will_start'====== Args={'queue': <QueuedEvent>, 'player': 1, 'ball': 1, 'balls_remaining': 2, 'is_extra_ball': False}
2025-10-29 19:52:27,475 : INFO : EventManager : Event: ======'player_shot_mach_ramp_enabled'====== Args={'value': True, 'prev_value': 0, 'change': 1, 'player_num': 1}
2025-10-29 19:52:27,476 : INFO : EventManager : Event: ======'player_mach_scoring_mach_qualify_timer_tick'====== Args={'value': 10, 'prev_value': 0, 'change': 10, 'player_num': 1}
2025-10-29 19:52:27,476 : INFO : EventManager : Event: ======'player_mach_scoring_mach_timer_tick'====== Args={'value': 20, 'prev_value': 0, 'change': 20, 'player_num': 1}
2025-10-29 19:52:27,483 : INFO : EventManager : Event: ======'mode_mach_scoring_starting'====== Args={'queue': <QueuedEvent>, 'player': 1, 'ball': 1, 'balls_remaining': 2, 'is_extra_ball': False}
2025-10-29 19:52:27,484 : INFO : EventManager : Event: ======'mode_pilot_mission_qualifier_will_start'====== Args={'queue': <QueuedEvent>, 'player': 1, 'ball': 1, 'balls_remaining': 2, 'is_extra_ball': False}
2025-10-29 19:52:27,526 : INFO : EventManager : Event: ======'mode_pilot_mission_qualifier_starting'====== Args={'queue': <QueuedEvent>, 'player': 1, 'ball': 1, 'balls_remaining': 2, 'is_extra_ball': False}
2025-10-29 19:52:27,526 : INFO : EventManager : Event: ======'start_mode_bumpers'====== Args={'priority': 0}
2025-10-29 19:52:27,526 : INFO : EventManager : Event: ======'mode_bumpers_will_start'====== Args={'priority': 0}
2025-10-29 19:52:27,527 : INFO : EventManager : Event: ======'player_shot_bumper_left_enabled'====== Args={'value': True, 'prev_value': 0, 'change': 1, 'player_num': 1}
2025-10-29 19:52:27,527 : INFO : EventManager : Event: ======'player_shot_bumper_center_enabled'====== Args={'value': True, 'prev_value': 0, 'change': 1, 'player_num': 1}
2025-10-29 19:52:27,527 : INFO : EventManager : Event: ======'player_shot_bumper_right_enabled'====== Args={'value': True, 'prev_value': 0, 'change': 1, 'player_num': 1}
2025-10-29 19:52:27,528 : INFO : EventManager : Event: ======'bumpers_complete'====== Args={'state': 'unlit'}
2025-10-29 19:52:27,528 : INFO : EventManager : Event: ======'bumpers_unlit_complete'====== Args={}
2025-10-29 19:52:27,529 : INFO : EventManager : Event: ======'mode_bumpers_starting'====== Args={'priority': 0}
2025-10-29 19:52:27,529 : INFO : Mode.bumpers : Started. Priority: 200
2025-10-29 19:52:27,530 : INFO : EventManager : Event: ======'modes_active_modes_changed'====== Args={}
2025-10-29 19:52:27,530 : INFO : EventManager : Event: ======'mode_bumpers_started'====== Args={'priority': 0}
2025-10-29 19:52:27,530 : INFO : Mode.pilot_mission_qualifier : Started. Priority: 200
2025-10-29 19:52:27,530 : INFO : EventManager : Event: ======'modes_active_modes_changed'====== Args={}
2025-10-29 19:52:27,530 : INFO : EventManager : Event: ======'mode_pilot_mission_qualifier_started'====== Args={'queue': <QueuedEvent>, 'player': 1, 'ball': 1, 'balls_remaining': 2, 'is_extra_ball': False}
2025-10-29 19:52:27,531 : INFO : Mode.mach_scoring : Started. Priority: 500
2025-10-29 19:52:27,532 : INFO : EventManager : Event: ======'modes_active_modes_changed'====== Args={}
2025-10-29 19:52:27,532 : INFO : EventManager : Event: ======'mode_mach_scoring_started'====== Args={'queue': <QueuedEvent>, 'player': 1, 'ball': 1, 'balls_remaining': 2, 'is_extra_ball': False}
2025-10-29 19:52:27,532 : INFO : EventManager : Event: ======'balls_in_play'====== Args={'balls': 1}
2025-10-29 19:52:27,533 : INFO : EventManager : Event: ======'ball_started'====== Args={'player': 1, 'ball': 1, 'balls_remaining': 2, 'is_extra_ball': False}
2025-10-29 19:52:27,533 : INFO : EventManager : Event: ======'single_player_ball_started'====== Args={}
2025-10-29 19:52:27,535 : INFO : EventManager : Event: ======'ball_start_target'====== Args={'target': 'playfield'}
2025-10-29 19:52:27,535 : INFO : ball_device.bd_plunger : Setting up player-controlled eject. Balls: 1, Target: <playfield.playfield>, player_controlled_eject_event: None
2025-10-29 19:52:27,536 : INFO : EventManager : Event: ======'balldevice_balls_available'====== Args={}
2025-10-29 19:52:27,536 : INFO : ball_device.bd_trough : State: waiting_for_target_ready
2025-10-29 19:52:27,537 : INFO : EventManager : Event: ======'balldevice_bd_trough_ball_eject_attempt'====== Args={'balls': 1, 'target': <ball_device.bd_plunger>, 'source': <ball_device.bd_trough>, 'mechanical_eject': True, 'num_attempts': 0}
2025-10-29 19:52:27,537 : INFO : ball_device.bd_plunger : State: waiting_for_ball
2025-10-29 19:52:27,537 : INFO : ball_device.bd_trough : State: ejecting
2025-10-29 19:52:27,537 : INFO : ball_device.bd_trough : Ejecting ball to <ball_device.bd_plunger>
2025-10-29 19:52:27,538 : INFO : EventManager : Event: ======'balldevice_bd_trough_ejecting_ball'====== Args={'balls': 1, 'target': <ball_device.bd_plunger>, 'source': <ball_device.bd_trough>, 'mechanical_eject': True, 'num_attempts': 0}
2025-10-29 19:52:27,538 : INFO : ball_device.bd_trough : Wait for ball to leave device
2025-10-29 19:52:27,540 : INFO : coil.c_trough_eject : Pulsing Driver for 10ms (0.75 pulse_power)
2025-10-29 19:52:27,594 : INFO : EventManager : Event: ======'slide_base_slide_created'====== Args={'_from_bcp': True}
2025-10-29 19:52:27,596 : INFO : EventManager : Event: ======'slide_attract_inactive'====== Args={'is_removing': True, '_from_bcp': True}
2025-10-29 19:52:27,596 : INFO : EventManager : Event: ======'slide_base_slide_active'====== Args={'original_context': 'base', 'original_calling_context': 'mode_base_started', 'priority': 100.0, 'queue': '<QueuedEvent>', 'player': 1.0, 'ball': 1.0, 'balls_remaining': 2.0, 'is_extra_ball': False, 'cmd': 'slides_play', '_from_bcp': True}
2025-10-29 19:52:27,601 : INFO : EventManager : Event: ======'slide_attract_removed'====== Args={'_from_bcp': True}
2025-10-29 19:52:27,614 : INFO : EventManager : Event: ======'slide_topgun_0_created'====== Args={'_from_bcp': True}
2025-10-29 19:52:27,615 : INFO : EventManager : Event: ======'slide_base_slide_inactive'====== Args={'is_removing': False, '_from_bcp': True}
2025-10-29 19:52:27,616 : INFO : EventManager : Event: ======'slide_topgun_0_active'====== Args={'original_context': 'pilot_mission_qualifier', 'original_calling_context': 'mode_pilot_mission_qualifier_started{current_player.topgun_shots_collected==0 and current_player.qualified_mode_number==0}', 'priority': 200.0, 'queue': '<QueuedEvent>', 'player': 1.0, 'ball': 1.0, 'balls_remaining': 2.0, 'is_extra_ball': False, 'cmd': 'slides_play', '_from_bcp': True}
2025-10-29 19:52:27,620 : INFO : EventManager : Event: ======'slide_mach_1_created'====== Args={'_from_bcp': True}
2025-10-29 19:52:27,621 : INFO : EventManager : Event: ======'slide_topgun_0_inactive'====== Args={'is_removing': False, '_from_bcp': True}
2025-10-29 19:52:27,622 : INFO : EventManager : Event: ======'slide_mach_1_active'====== Args={'original_context': 'mach_scoring', 'original_calling_context': 'mode_mach_scoring_started', 'priority': 500.0, 'queue': '<QueuedEvent>', 'player': 1.0, 'ball': 1.0, 'balls_remaining': 2.0, 'is_extra_ball': False, 'cmd': 'slides_play', '_from_bcp': True}
2025-10-29 19:52:28,167 : INFO : SwitchController : <<<<<<< 's_trough_6' inactive >>>>>>>
2025-10-29 19:52:28,167 : INFO : ball_device.bd_trough : State: ball_left
2025-10-29 19:52:28,167 : INFO : ball_device.bd_trough : Ball left
2025-10-29 19:52:28,167 : INFO : ball_device.bd_trough : Wait for confirm with timeout 3.0
2025-10-29 19:52:29,905 : INFO : SwitchController : <<<<<<< 's_shooter_lane' active >>>>>>>
2025-10-29 19:52:29,905 : INFO : EventManager : Event: ======'s_shooter_lane_active'====== Args={}
2025-10-29 19:52:29,905 : INFO : EventManager : Event: ======'machine_var_audits_switches_s_shooter_lane'====== Args={'value': 253, 'prev_value': 252, 'change': 1}
2025-10-29 19:52:29,906 : INFO : EventManager : Event: ======'mode_skillshot_will_start'====== Args={}
2025-10-29 19:52:29,906 : INFO : EventManager : Event: ======'player_shot_mig_lane_left_enabled'====== Args={'value': True, 'prev_value': 0, 'change': 1, 'player_num': 1}
2025-10-29 19:52:29,907 : INFO : EventManager : Event: ======'player_shot_mig_lane_right_enabled'====== Args={'value': True, 'prev_value': 0, 'change': 1, 'player_num': 1}
2025-10-29 19:52:29,907 : INFO : EventManager : Event: ======'player_shot_spinner_enabled'====== Args={'value': True, 'prev_value': 0, 'change': 1, 'player_num': 1}
2025-10-29 19:52:29,907 : INFO : EventManager : Event: ======'player_shot_orbit_upper_enabled'====== Args={'value': True, 'prev_value': 0, 'change': 1, 'player_num': 1}
2025-10-29 19:52:29,908 : INFO : EventManager : Event: ======'player_shot_ramp_inner_enabled'====== Args={'value': True, 'prev_value': 0, 'change': 1, 'player_num': 1}
2025-10-29 19:52:29,908 : INFO : EventManager : Event: ======'skillshot_group_complete'====== Args={'state': 'off'}
2025-10-29 19:52:29,908 : INFO : EventManager : Event: ======'skillshot_group_off_complete'====== Args={}
2025-10-29 19:52:29,908 : INFO : EventManager : Event: ======'player_skillshot_skillshot_tick'====== Args={'value': 9, 'prev_value': 0, 'change': 9, 'player_num': 1}
2025-10-29 19:52:29,908 : INFO : EventManager : Event: ======'player_skillshot_skillshot_sound_loop_tick'====== Args={'value': 0, 'prev_value': 0, 'change': 0, 'player_num': 1}
2025-10-29 19:52:29,912 : INFO : EventManager : Event: ======'mode_skillshot_starting'====== Args={}
2025-10-29 19:52:29,912 : INFO : Mode.skillshot : Started. Priority: 100
2025-10-29 19:52:29,912 : INFO : EventManager : Event: ======'modes_active_modes_changed'====== Args={}
2025-10-29 19:52:29,913 : INFO : EventManager : Event: ======'mode_skillshot_started'====== Args={}
2025-10-29 19:52:29,913 : INFO : EventManager : Event: ======'player_pilot_qualifier_paused'====== Args={'value': 1, 'prev_value': 0, 'change': 1, 'player_num': 1, 'source': 'pilot_mission_qualifier'}
2025-10-29 19:52:29,913 : INFO : EventManager : Event: ======'player_shot_mig_lane_left'====== Args={'value': 1, 'prev_value': 0, 'change': 1, 'player_num': 1}
2025-10-29 19:52:29,914 : INFO : EventManager : Event: ======'player_shot_mig_lane_right'====== Args={'value': 1, 'prev_value': 0, 'change': 1, 'player_num': 1}
2025-10-29 19:52:29,914 : INFO : EventManager : Event: ======'player_shot_spinner'====== Args={'value': 1, 'prev_value': 0, 'change': 1, 'player_num': 1}
2025-10-29 19:52:29,914 : INFO : EventManager : Event: ======'player_shot_orbit_upper'====== Args={'value': 1, 'prev_value': 0, 'change': 1, 'player_num': 1}
2025-10-29 19:52:29,915 : INFO : EventManager : Event: ======'player_shot_ramp_inner'====== Args={'value': 1, 'prev_value': 0, 'change': 1, 'player_num': 1}
2025-10-29 19:52:29,915 : INFO : Timer.skillshot_sound_loop : Starting Timer.
2025-10-29 19:52:29,915 : INFO : EventManager : Event: ======'timer_skillshot_sound_loop_started'====== Args={'ticks': 0, 'ticks_remaining': 999}
2025-10-29 19:52:29,915 : INFO : EventManager : Event: ======'timer_skillshot_sound_loop_tick'====== Args={'ticks': 0, 'ticks_remaining': 999}
2025-10-29 19:52:29,915 : INFO : EventManager : Event: ======'skillshot_group_complete'====== Args={'state': 'lit'}
2025-10-29 19:52:29,915 : INFO : EventManager : Event: ======'skillshot_group_lit_complete'====== Args={}
2025-10-29 19:52:29,957 : INFO : EventManager : Event: ======'slide_skillshot_ball_in_shooter_lane_created'====== Args={'_from_bcp': True}
2025-10-29 19:52:30,203 : INFO : ball_device.bd_plunger : Received ball from <ball_device.bd_trough>
2025-10-29 19:52:30,204 : INFO : EventManager : Event: ======'balldevice_bd_plunger_ball_enter'====== Args={'new_balls': 1, 'unclaimed_balls': 0, 'new_available_balls': 0, 'device': <ball_device.bd_plunger>}
2025-10-29 19:52:30,204 : INFO : EventManager : Event: ======'balldevice_bd_plunger_ball_entered'====== Args={'new_balls': 0, 'device': <ball_device.bd_plunger>}
2025-10-29 19:52:30,205 : INFO : EventManager : Event: ======'balldevice_bd_plunger_ball_count_changed'====== Args={'balls': 1}
2025-10-29 19:52:30,205 : INFO : ball_device.bd_trough : Got eject confirm
2025-10-29 19:52:30,207 : INFO : ball_device.bd_trough : Eject successful
2025-10-29 19:52:30,207 : INFO : EventManager : Event: ======'balldevice_bd_trough_ball_eject_success'====== Args={'balls': 1, 'target': <ball_device.bd_plunger>}
2025-10-29 19:52:30,207 : INFO : EventManager : Event: ======'balldevice_bd_trough_ball_count_changed'====== Args={'balls': 5}
2025-10-29 19:52:30,207 : INFO : ball_device.bd_trough : State: idle
2025-10-29 19:52:30,208 : INFO : ball_device.bd_plunger : State: waiting_for_target_ready
2025-10-29 19:52:30,208 : INFO : EventManager : Event: ======'balldevice_bd_plunger_ball_eject_attempt'====== Args={'balls': 1, 'target': <playfield.playfield>, 'source': <ball_device.bd_plunger>, 'mechanical_eject': True, 'num_attempts': 0}
2025-10-29 19:52:30,209 : INFO : ball_device.bd_plunger : State: ejecting
2025-10-29 19:52:30,209 : INFO : ball_device.bd_plunger : Ejecting ball to <playfield.playfield>
2025-10-29 19:52:30,209 : INFO : EventManager : Event: ======'balldevice_bd_plunger_ejecting_ball'====== Args={'balls': 1, 'target': <playfield.playfield>, 'source': <ball_device.bd_plunger>, 'mechanical_eject': True, 'num_attempts': 0}
2025-10-29 19:52:30,209 : INFO : EventManager : Event: ======'video_idle_start'====== Args={'priority': 0}
2025-10-29 19:52:30,210 : INFO : ball_device.bd_plunger : Wait for ball to leave device
2025-10-29 19:52:30,545 : INFO : SwitchController : <<<<<<< 's_shooter_lane' inactive >>>>>>>
2025-10-29 19:52:30,546 : INFO : EventManager : Event: ======'s_shooter_lane_inactive'====== Args={}
2025-10-29 19:52:30,547 : INFO : Timer.skillshot : Starting Timer.
2025-10-29 19:52:30,548 : INFO : EventManager : Event: ======'timer_skillshot_started'====== Args={'ticks': 9, 'ticks_remaining': 9}
2025-10-29 19:52:30,548 : INFO : EventManager : Event: ======'timer_skillshot_tick'====== Args={'ticks': 9, 'ticks_remaining': 9}
2025-10-29 19:52:30,548 : INFO : Timer.skillshot_sound_loop : Stopping Timer
2025-10-29 19:52:30,548 : INFO : EventManager : Event: ======'timer_skillshot_sound_loop_stopped'====== Args={'ticks': 0, 'ticks_remaining': 999}
2025-10-29 19:52:30,548 : INFO : EventManager : Event: ======'video_launch_start'====== Args={'priority': 0}
2025-10-29 19:52:30,550 : INFO : ball_device.bd_plunger : State: ball_left
2025-10-29 19:52:30,550 : INFO : ball_device.bd_plunger : Ball left
2025-10-29 19:52:30,550 : INFO : ball_device.bd_plunger : Wait for confirm with timeout 3.0
2025-10-29 19:52:30,551 : INFO : EventManager : Event: ======'slide_skillshot_ball_in_shooter_lane_removed'====== Args={'_from_bcp': True}
2025-10-29 19:52:30,573 : INFO : EventManager : Event: ======'slide_skillshot_ball_launched_created'====== Args={'_from_bcp': True}
2025-10-29 19:52:31,470 : INFO : SwitchController : <<<<<<< 's_lane_right' active >>>>>>>
2025-10-29 19:52:31,470 : INFO : EventManager : Event: ======'sw_playfield_active'====== Args={}
2025-10-29 19:52:31,470 : INFO : EventManager : Event: ======'machine_var_audits_switches_s_lane_right'====== Args={'value': 180, 'prev_value': 179, 'change': 1}
2025-10-29 19:52:31,472 : INFO : EventManager : Event: ======'playfield_active'====== Args={'source': None}
2025-10-29 19:52:31,574 : INFO : EventManager : Event: ======'player_skillshot_skillshot_tick'====== Args={'value': 8, 'prev_value': 9, 'change': -1, 'player_num': 1}
2025-10-29 19:52:31,575 : INFO : EventManager : Event: ======'timer_skillshot_tick'====== Args={'ticks': 8, 'ticks_remaining': 8}
2025-10-29 19:52:31,628 : INFO : SwitchController : <<<<<<< 's_lane_right' inactive >>>>>>>
2025-10-29 19:52:32,072 : INFO : SwitchController : <<<<<<< 's_n_iceman_target' active >>>>>>>
2025-10-29 19:52:32,072 : INFO : EventManager : Event: ======'s_n_iceman_target_active'====== Args={}
2025-10-29 19:52:32,073 : INFO : EventManager : Event: ======'sw_playfield_active'====== Args={}
2025-10-29 19:52:32,073 : INFO : EventManager : Event: ======'sw_playfield_active'====== Args={}
2025-10-29 19:52:32,073 : INFO : EventManager : Event: ======'machine_var_audits_switches_s_n_iceman_target'====== Args={'value': 80, 'prev_value': 79, 'change': 1}
2025-10-29 19:52:32,074 : INFO : EventManager : Event: ======'mode_skillshot_will_stop'====== Args={}
2025-10-29 19:52:32,074 : INFO : EventManager : Event: ======'mode_skillshot_stopping'====== Args={}
2025-10-29 19:52:32,075 : INFO : Timer.skillshot : Stopping Timer
2025-10-29 19:52:32,075 : INFO : EventManager : Event: ======'timer_skillshot_stopped'====== Args={'ticks': 8, 'ticks_remaining': 8}
2025-10-29 19:52:32,075 : INFO : Timer.skillshot_sound_loop : Stopping Timer
2025-10-29 19:52:32,075 : INFO : EventManager : Event: ======'timer_skillshot_sound_loop_stopped'====== Args={'ticks': 0, 'ticks_remaining': 999}
2025-10-29 19:52:32,075 : INFO : EventManager : Event: ======'playfield_active'====== Args={'source': None}
2025-10-29 19:52:32,075 : INFO : EventManager : Event: ======'playfield_active'====== Args={'source': None}
2025-10-29 19:52:32,076 : INFO : Mode.skillshot : Stopped.
2025-10-29 19:52:32,076 : INFO : EventManager : Event: ======'modes_active_modes_changed'====== Args={}
2025-10-29 19:52:32,076 : INFO : EventManager : Event: ======'mode_skillshot_stopped'====== Args={}
2025-10-29 19:52:32,077 : INFO : EventManager : Event: ======'clear'====== Args={'key': 'skillshot'}
2025-10-29 19:52:32,077 : INFO : EventManager : Event: ======'player_pilot_qualifier_paused'====== Args={'value': 0, 'prev_value': 1, 'change': -1, 'player_num': 1, 'source': 'pilot_mission_qualifier'}
2025-10-29 19:52:32,077 : INFO : Timer.skillshot_sound_loop : Stopping Timer
2025-10-29 19:52:32,078 : INFO : EventManager : Event: ======'timer_skillshot_sound_loop_stopped'====== Args={'ticks': 0, 'ticks_remaining': 999}
2025-10-29 19:52:32,078 : INFO : Timer.skillshot : Stopping Timer
2025-10-29 19:52:32,078 : INFO : EventManager : Event: ======'timer_skillshot_stopped'====== Args={'ticks': 8, 'ticks_remaining': 8}
2025-10-29 19:52:32,088 : INFO : EventManager : Event: ======'slide_skillshot_ball_launched_removed'====== Args={'_from_bcp': True}
2025-10-29 19:52:32,188 : INFO : SwitchController : <<<<<<< 's_n_iceman_target' inactive >>>>>>>
2025-10-29 19:52:33,559 : INFO : ball_device.bd_plunger : State: failed_confirm
2025-10-29 19:52:33,559 : INFO : ball_device.bd_plunger : Got timeout (3.0s) before confirm from <playfield.playfield>
2025-10-29 19:52:33,653 : INFO : ball_device.bd_plunger : Confirming eject because target is playfield and ball did not return.
2025-10-29 19:52:33,653 : INFO : ball_device.bd_plunger : Eject successful
2025-10-29 19:52:33,653 : INFO : EventManager : Event: ======'balldevice_bd_plunger_ball_eject_success'====== Args={'balls': 1, 'target': <playfield.playfield>}
2025-10-29 19:52:33,654 : INFO : EventManager : Event: ======'balldevice_playfield_ball_enter'====== Args={'new_balls': 1, 'unclaimed_balls': 1, 'device': <playfield.playfield>}
2025-10-29 19:52:33,655 : INFO : EventManager : Event: ======'playfield_ball_count_change'====== Args={'balls': 1, 'change': 1}
2025-10-29 19:52:33,655 : INFO : EventManager : Event: ======'balldevice_bd_plunger_ball_count_changed'====== Args={'balls': 0}
2025-10-29 19:52:33,656 : INFO : ball_device.bd_plunger : State: idle
2025-10-29 19:52:36,025 : INFO : SwitchController : <<<<<<< 's_ramp_inner_exit' active >>>>>>>
2025-10-29 19:52:36,025 : INFO : EventManager : Event: ======'s_ramp_inner_exit_active'====== Args={}
2025-10-29 19:52:36,026 : INFO : EventManager : Event: ======'sw_playfield_active'====== Args={}
2025-10-29 19:52:36,026 : INFO : EventManager : Event: ======'sw_playfield_active'====== Args={}
2025-10-29 19:52:36,026 : INFO : EventManager : Event: ======'machine_var_audits_switches_s_ramp_inner_exit'====== Args={'value': 296, 'prev_value': 295, 'change': 1}
2025-10-29 19:52:36,027 : INFO : EventManager : Event: ======'player_shot_mach_ramp'====== Args={'value': 1, 'prev_value': 0, 'change': 1, 'player_num': 1}
2025-10-29 19:52:36,027 : INFO : EventManager : Event: ======'machine_var_audits_shots_mach_ramp'====== Args={'value': 251, 'prev_value': 250, 'change': 1}
2025-10-29 19:52:36,028 : INFO : EventManager : Event: ======'mach_ramp_hit'====== Args={'profile': 'default', 'state': 'unlit', 'advancing': True}
2025-10-29 19:52:36,028 : INFO : EventManager : Event: ======'mach_ramp_default_hit'====== Args={'profile': 'default', 'state': 'unlit', 'advancing': True}
2025-10-29 19:52:36,028 : INFO : EventManager : Event: ======'mach_ramp_default_unlit_hit'====== Args={'profile': 'default', 'state': 'unlit', 'advancing': True}
2025-10-29 19:52:36,028 : INFO : EventManager : Event: ======'mach_ramp_unlit_hit'====== Args={'profile': 'default', 'state': 'unlit', 'advancing': True}
2025-10-29 19:52:36,028 : INFO : EventManager : Event: ======'player_topgun_shots_collected'====== Args={'value': 1, 'prev_value': 0, 'change': 1, 'player_num': 1, 'source': 'pilot_mission_qualifier'}
2025-10-29 19:52:36,029 : INFO : EventManager : Event: ======'mach_first_hit'====== Args={'priority': 0}
2025-10-29 19:52:36,029 : INFO : EventManager : Event: ======'player_mach_step'====== Args={'value': 1, 'prev_value': 0, 'change': 1, 'player_num': 1, 'source': 'mach_scoring'}
2025-10-29 19:52:36,030 : INFO : Timer.mach_qualify_timer : Starting Timer.
2025-10-29 19:52:36,030 : INFO : EventManager : Event: ======'timer_mach_qualify_timer_started'====== Args={'ticks': 10, 'ticks_remaining': 10}
2025-10-29 19:52:36,030 : INFO : EventManager : Event: ======'timer_mach_qualify_timer_tick'====== Args={'ticks': 10, 'ticks_remaining': 10}
2025-10-29 19:52:36,030 : INFO : EventManager : Event: ======'player_topgun_letter_t'====== Args={'value': 1, 'prev_value': 0, 'change': 1, 'player_num': 1, 'source': 'pilot_mission_qualifier'}
2025-10-29 19:52:36,030 : INFO : EventManager : Event: ======'topgun_letter_t_lit'====== Args={'priority': 0}
2025-10-29 19:52:36,042 : INFO : EventManager : Event: ======'slide_topgun_0_removed'====== Args={'_from_bcp': True}
2025-10-29 19:52:36,054 : INFO : EventManager : Event: ======'slide_topgun_1_created'====== Args={'_from_bcp': True}
2025-10-29 19:52:36,148 : INFO : SwitchController : <<<<<<< 's_ramp_inner_exit' inactive >>>>>>>
2025-10-29 19:52:36,954 : INFO : SwitchController : <<<<<<< 's_ramp_inner_exit' active >>>>>>>
2025-10-29 19:52:36,954 : INFO : EventManager : Event: ======'s_ramp_inner_exit_active'====== Args={}
2025-10-29 19:52:36,956 : INFO : EventManager : Event: ======'sw_playfield_active'====== Args={}
2025-10-29 19:52:36,956 : INFO : EventManager : Event: ======'sw_playfield_active'====== Args={}
2025-10-29 19:52:36,956 : INFO : EventManager : Event: ======'machine_var_audits_switches_s_ramp_inner_exit'====== Args={'value': 297, 'prev_value': 296, 'change': 1}
2025-10-29 19:52:36,957 : INFO : EventManager : Event: ======'machine_var_audits_shots_mach_ramp'====== Args={'value': 252, 'prev_value': 251, 'change': 1}
2025-10-29 19:52:36,957 : INFO : EventManager : Event: ======'mach_ramp_hit'====== Args={'profile': 'default', 'state': 'lit', 'advancing': False}
2025-10-29 19:52:36,958 : INFO : EventManager : Event: ======'mach_ramp_default_hit'====== Args={'profile': 'default', 'state': 'lit', 'advancing': False}
2025-10-29 19:52:36,958 : INFO : EventManager : Event: ======'mach_ramp_default_lit_hit'====== Args={'profile': 'default', 'state': 'lit', 'advancing': False}
2025-10-29 19:52:36,958 : INFO : EventManager : Event: ======'mach_ramp_lit_hit'====== Args={'profile': 'default', 'state': 'lit', 'advancing': False}
2025-10-29 19:52:36,958 : INFO : EventManager : Event: ======'player_topgun_shots_collected'====== Args={'value': 2, 'prev_value': 1, 'change': 1, 'player_num': 1, 'source': 'pilot_mission_qualifier'}
2025-10-29 19:52:36,959 : INFO : EventManager : Event: ======'mach_qualified'====== Args={'priority': 0}
2025-10-29 19:52:36,959 : INFO : EventManager : Event: ======'player_mach_step'====== Args={'value': 2, 'prev_value': 1, 'change': 1, 'player_num': 1, 'source': 'mach_scoring'}
2025-10-29 19:52:36,959 : INFO : EventManager : Event: ======'player_mach_level'====== Args={'value': 1.25, 'prev_value': 1.0, 'change': 0.25, 'player_num': 1, 'source': 'mach_scoring'}
2025-10-29 19:52:36,960 : INFO : Timer.mach_qualify_timer : Stopping Timer
2025-10-29 19:52:36,961 : INFO : EventManager : Event: ======'timer_mach_qualify_timer_stopped'====== Args={'ticks': 10, 'ticks_remaining': 10}
2025-10-29 19:52:36,961 : INFO : Timer.mach_timer : Starting Timer.
2025-10-29 19:52:36,961 : INFO : EventManager : Event: ======'timer_mach_timer_started'====== Args={'ticks': 20, 'ticks_remaining': 20}
2025-10-29 19:52:36,961 : INFO : EventManager : Event: ======'timer_mach_timer_tick'====== Args={'ticks': 20, 'ticks_remaining': 20}
2025-10-29 19:52:36,962 : INFO : EventManager : Event: ======'show_mach_1_25_video'====== Args={'priority': 0}
2025-10-29 19:52:36,964 : INFO : EventManager : Event: ======'player_topgun_letter_o'====== Args={'value': 1, 'prev_value': 0, 'change': 1, 'player_num': 1, 'source': 'pilot_mission_qualifier'}
2025-10-29 19:52:36,964 : INFO : EventManager : Event: ======'topgun_letter_o_lit'====== Args={'priority': 0}
2025-10-29 19:52:36,973 : INFO : EventManager : Event: ======'slide_mach_1_inactive'====== Args={'is_removing': True, '_from_bcp': True}
2025-10-29 19:52:36,974 : INFO : EventManager : Event: ======'slide_topgun_1_active'====== Args={'_from_bcp': True}
2025-10-29 19:52:36,975 : INFO : EventManager : Event: ======'slide_mach_1_removed'====== Args={'_from_bcp': True}
2025-10-29 19:52:36,979 : INFO : EventManager : Event: ======'slide_mach_1_25_created'====== Args={'_from_bcp': True}
2025-10-29 19:52:36,980 : INFO : EventManager : Event: ======'slide_topgun_1_inactive'====== Args={'is_removing': False, '_from_bcp': True}
2025-10-29 19:52:36,980 : INFO : EventManager : Event: ======'slide_mach_1_25_active'====== Args={'original_context': 'mach_scoring', 'original_calling_context': 'player_mach_level{value==1.25}', 'priority': 500.0, 'value': 1.25, 'prev_value': 1.0, 'change': 0.25, 'player_num': 1.0, 'source': 'mach_scoring', 'cmd': 'slides_play', '_from_bcp': True}
2025-10-29 19:52:36,994 : INFO : EventManager : Event: ======'slide_mach_1_25_video_created'====== Args={'_from_bcp': True}
2025-10-29 19:52:36,995 : INFO : EventManager : Event: ======'slide_mach_1_25_inactive'====== Args={'is_removing': False, '_from_bcp': True}
2025-10-29 19:52:36,996 : INFO : EventManager : Event: ======'slide_mach_1_25_video_active'====== Args={'original_context': 'mach_scoring', 'original_calling_context': 'show_mach_1_25_video', 'priority': 500.0, 'cmd': 'slides_play', '_from_bcp': True}
2025-10-29 19:52:37,001 : INFO : EventManager : Event: ======'slide_timer20_created'====== Args={'_from_bcp': True}
2025-10-29 19:52:37,002 : INFO : EventManager : Event: ======'slide_topgun_1_removed'====== Args={'_from_bcp': True}
2025-10-29 19:52:37,014 : INFO : EventManager : Event: ======'slide_topgun_2_created'====== Args={'_from_bcp': True}
2025-10-29 19:52:37,088 : INFO : SwitchController : <<<<<<< 's_ramp_inner_exit' inactive >>>>>>>
2025-10-29 19:52:37,957 : INFO : EventManager : Event: ======'player_mach_scoring_mach_timer_tick'====== Args={'value': 19, 'prev_value': 20, 'change': -1, 'player_num': 1}
2025-10-29 19:52:37,958 : INFO : EventManager : Event: ======'timer_mach_timer_tick'====== Args={'ticks': 19, 'ticks_remaining': 19}
2025-10-29 19:52:37,974 : INFO : EventManager : Event: ======'slide_timer20_removed'====== Args={'_from_bcp': True}
2025-10-29 19:52:37,981 : INFO : EventManager : Event: ======'slide_timer19_created'====== Args={'_from_bcp': True}
2025-10-29 19:52:38,940 : INFO : EventManager : Event: ======'player_mach_scoring_mach_timer_tick'====== Args={'value': 18, 'prev_value': 19, 'change': -1, 'player_num': 1}
2025-10-29 19:52:38,940 : INFO : EventManager : Event: ======'timer_mach_timer_tick'====== Args={'ticks': 18, 'ticks_remaining': 18}
2025-10-29 19:52:38,958 : INFO : EventManager : Event: ======'slide_timer19_removed'====== Args={'_from_bcp': True}
2025-10-29 19:52:38,966 : INFO : EventManager : Event: ======'slide_timer18_created'====== Args={'_from_bcp': True}
2025-10-29 19:52:39,048 : INFO : EventManager : Event: ======'slide_mach_1_25_video_inactive'====== Args={'is_removing': True, '_from_bcp': True}
2025-10-29 19:52:39,049 : INFO : EventManager : Event: ======'slide_timer18_active'====== Args={'_from_bcp': True}
2025-10-29 19:52:39,050 : INFO : EventManager : Event: ======'slide_mach_1_25_video_removed'====== Args={'_from_bcp': True}
2025-10-29 19:52:39,483 : INFO : SwitchController : <<<<<<< 's_ramp_inner_exit' active >>>>>>>
2025-10-29 19:52:39,483 : INFO : EventManager : Event: ======'s_ramp_inner_exit_active'====== Args={}
2025-10-29 19:52:39,483 : INFO : EventManager : Event: ======'sw_playfield_active'====== Args={}
2025-10-29 19:52:39,483 : INFO : EventManager : Event: ======'sw_playfield_active'====== Args={}
2025-10-29 19:52:39,483 : INFO : EventManager : Event: ======'machine_var_audits_switches_s_ramp_inner_exit'====== Args={'value': 298, 'prev_value': 297, 'change': 1}
2025-10-29 19:52:39,485 : INFO : EventManager : Event: ======'machine_var_audits_shots_mach_ramp'====== Args={'value': 253, 'prev_value': 252, 'change': 1}
2025-10-29 19:52:39,485 : INFO : EventManager : Event: ======'mach_ramp_hit'====== Args={'profile': 'default', 'state': 'lit', 'advancing': False}
2025-10-29 19:52:39,485 : INFO : EventManager : Event: ======'mach_ramp_default_hit'====== Args={'profile': 'default', 'state': 'lit', 'advancing': False}
2025-10-29 19:52:39,485 : INFO : EventManager : Event: ======'mach_ramp_default_lit_hit'====== Args={'profile': 'default', 'state': 'lit', 'advancing': False}
2025-10-29 19:52:39,485 : INFO : EventManager : Event: ======'mach_ramp_lit_hit'====== Args={'profile': 'default', 'state': 'lit', 'advancing': False}
2025-10-29 19:52:39,486 : INFO : EventManager : Event: ======'player_topgun_shots_collected'====== Args={'value': 3, 'prev_value': 2, 'change': 1, 'player_num': 1, 'source': 'pilot_mission_qualifier'}
2025-10-29 19:52:39,486 : INFO : EventManager : Event: ======'mach_level_up'====== Args={'priority': 0}
2025-10-29 19:52:39,486 : INFO : EventManager : Event: ======'remove_timer_slides'====== Args={'priority': 0}
2025-10-29 19:52:39,487 : ERROR : asyncio : Exception in callback EventManager.process_event_queue()
handle: <Handle EventManager.process_event_queue()>
Traceback (most recent call last):
  File "C:\Users\White\mpf\Lib\site-packages\mpf\core\show_controller.py", line 130, in replace_or_advance_show
    show_obj = self.machine.shows[config.name]
               ~~~~~~~~~~~~~~~~~~^^^^^^^^^^^^^
KeyError: 'mach_scoring_increased'

During handling of the above exception, another exception occurred:

Traceback (most recent call last):
  File "C:\Users\White\mpf\Lib\site-packages\mpf\core\events.py", line 755, in _run_handlers
    result = handler.callback(**merged_kwargs)
             ^^^^^^^^^^^^^^^^^^^^^^^^^^^^^^^^^
  File "C:\Users\White\mpf\Lib\site-packages\mpf\core\config_player.py", line 348, in config_play_callback
    return self.play(settings=settings, context=context, calling_context=calling_context, priority=priority,
           ^^^^^^^^^^^^^^^^^^^^^^^^^^^^^^^^^^^^^^^^^^^^^^^^^^^^^^^^^^^^^^^^^^^^^^^^^^^^^^^^^^^^^^^^^^^^^^^^^
  File "C:\Users\White\mpf\Lib\site-packages\mpf\config_players\show_player.py", line 60, in play
    self._update_show(show.name, show_settings, context, queue, start_time, show_tokens)
  File "C:\Users\White\mpf\Lib\site-packages\mpf\config_players\show_player.py", line 225, in _update_show
    action(key, instance_dict, show_name, show_settings, queue, start_time, placeholder_args)
  File "C:\Users\White\mpf\Lib\site-packages\mpf\config_players\show_player.py", line 117, in _play
    instance_dict[key] = self.machine.show_controller.replace_or_advance_show(previous_show, show_config,
                         ^^^^^^^^^^^^^^^^^^^^^^^^^^^^^^^^^^^^^^^^^^^^^^^^^^^^^^^^^^^^^^^^^^^^^^^^^^^^^^^^
  File "C:\Users\White\mpf\Lib\site-packages\mpf\core\show_controller.py", line 132, in replace_or_advance_show
    raise KeyError("Cannot play show '{}'. No show with that "
KeyError: "Cannot play show 'mach_scoring_increased'. No show with that name."

The above exception was the direct cause of the following exception:

Traceback (most recent call last):
  File "C:\Users\White\AppData\Local\Programs\Python\Python312\Lib\asyncio\events.py", line 88, in _run
    self._context.run(self._callback, *self._args)
  File "C:\Users\White\mpf\Lib\site-packages\mpf\core\events.py", line 846, in process_event_queue
    self._process_event(event=event[0],
  File "C:\Users\White\mpf\Lib\site-packages\mpf\core\events.py", line 808, in _process_event
    result = self._run_handlers(event, ev_type, kwargs)
             ^^^^^^^^^^^^^^^^^^^^^^^^^^^^^^^^^^^^^^^^^^
  File "C:\Users\White\mpf\Lib\site-packages\mpf\core\events.py", line 757, in _run_handlers
    raise EventHandlerException(
mpf.core.events.EventHandlerException: Exception while processing RegisteredHandler(callback=<bound method ConfigPlayer.config_play_callback of ConfigPlayer.show_player/shows>, priority=500, kwargs={'calling_context': 'mach_level_up', 'mode': <Mode.mach_scoring>, 'settings': {mach_scoring_increased-None-None: {'loops': 0, 'sync_ms': 1, 'priority': 0, 'action': 'play', 'show': None, 'speed': <NativeTemplate 1.0>, 'block_queue': False, 'start_step': <NativeTemplate 1>, 'start_running': <Template True>, 'manual_advance': False, 'show_queue': None, 'key': None, 'show_tokens': {}, 'events_when_played': [], 'events_when_stopped': [], 'events_when_looped': [], 'events_when_paused': [], 'events_when_resumed': [], 'events_when_advanced': [], 'events_when_stepped_back': [], 'events_when_updated': [], 'events_when_completed': []}}}, key=UUID('032106df-abd2-4e14-81e7-c11f479f93cf'), condition=None, blocking_facility=None) for event mach_level_up. "Cannot play show 'mach_scoring_increased'. No show with that name."
2025-10-29 19:52:39,563 : INFO : Machine : Shutting down...
2025-10-29 19:52:39,564 : INFO : EventManager : Event: ======'shutdown'====== Args={}
2025-10-29 19:52:39,565 : INFO : EventManager : Event: ======'mode_game_will_stop'====== Args={}
2025-10-29 19:52:39,565 : INFO : EventManager : Event: ======'mode_game_stopping'====== Args={}
2025-10-29 19:52:39,566 : INFO : EventManager : Event: ======'mode_pilot_mission_qualifier_will_stop'====== Args={}
2025-10-29 19:52:39,566 : INFO : EventManager : Event: ======'mode_pilot_mission_qualifier_stopping'====== Args={}
2025-10-29 19:52:39,566 : INFO : EventManager : Event: ======'mode_mach_scoring_will_stop'====== Args={}
2025-10-29 19:52:39,566 : INFO : EventManager : Event: ======'mode_mach_scoring_stopping'====== Args={}
2025-10-29 19:52:39,567 : INFO : EventManager : Event: ======'mode_base_will_stop'====== Args={}
2025-10-29 19:52:39,567 : INFO : EventManager : Event: ======'mode_base_stopping'====== Args={}
2025-10-29 19:52:39,567 : INFO : EventManager : Event: ======'mode_bumpers_will_stop'====== Args={}
2025-10-29 19:52:39,567 : INFO : EventManager : Event: ======'mode_bumpers_stopping'====== Args={}
2025-10-29 19:52:39,567 : INFO : EventManager : Event: ======'stop_mode_bumpers'====== Args={'priority': 0}
2025-10-29 19:52:39,567 : INFO : Mode.bumpers : Stopped.
2025-10-29 19:52:39,567 : INFO : EventManager : Event: ======'modes_active_modes_changed'====== Args={}
2025-10-29 19:52:39,568 : INFO : EventManager : Event: ======'mode_bumpers_stopped'====== Args={}
2025-10-29 19:52:39,568 : INFO : EventManager : Event: ======'clear'====== Args={'key': 'bumpers'}
2025-10-29 19:52:39,568 : INFO : Mode.base : Stopped.
2025-10-29 19:52:39,568 : INFO : EventManager : Event: ======'modes_active_modes_changed'====== Args={}
2025-10-29 19:52:39,568 : INFO : EventManager : Event: ======'mode_base_stopped'====== Args={}
2025-10-29 19:52:39,568 : INFO : EventManager : Event: ======'clear'====== Args={'key': 'base'}
2025-10-29 19:52:39,569 : INFO : Mode.mach_scoring : Stopped.
2025-10-29 19:52:39,569 : INFO : EventManager : Event: ======'modes_active_modes_changed'====== Args={}
2025-10-29 19:52:39,569 : INFO : EventManager : Event: ======'mode_mach_scoring_stopped'====== Args={}
2025-10-29 19:52:39,569 : INFO : EventManager : Event: ======'clear'====== Args={'key': 'mach_scoring'}
2025-10-29 19:52:39,569 : INFO : Timer.mach_qualify_timer : Stopping Timer
2025-10-29 19:52:39,569 : INFO : EventManager : Event: ======'timer_mach_qualify_timer_stopped'====== Args={'ticks': 10, 'ticks_remaining': 10}
2025-10-29 19:52:39,569 : INFO : Timer.mach_timer : Stopping Timer
2025-10-29 19:52:39,569 : INFO : EventManager : Event: ======'timer_mach_timer_stopped'====== Args={'ticks': 18, 'ticks_remaining': 18}
2025-10-29 19:52:39,570 : INFO : Mode.pilot_mission_qualifier : Stopped.
2025-10-29 19:52:39,570 : INFO : EventManager : Event: ======'modes_active_modes_changed'====== Args={}
2025-10-29 19:52:39,574 : INFO : EventManager : Event: ======'mode_pilot_mission_qualifier_stopped'====== Args={}
2025-10-29 19:52:39,574 : INFO : EventManager : Event: ======'clear'====== Args={'key': 'pilot_mission_qualifier'}
2025-10-29 19:52:39,574 : INFO : Mode.game : Stopped.
2025-10-29 19:52:39,574 : INFO : EventManager : Event: ======'modes_active_modes_changed'====== Args={}
2025-10-29 19:52:39,574 : INFO : EventManager : Event: ======'mode_game_stopped'====== Args={}
2025-10-29 19:52:39,576 : INFO : EventManager : Event: ======'clear'====== Args={'key': 'game'}
2025-10-29 19:52:39,580 : ERROR : Machine : Runtime Exception
Traceback (most recent call last):
  File "C:\Users\White\mpf\Lib\site-packages\mpf\core\show_controller.py", line 130, in replace_or_advance_show
    show_obj = self.machine.shows[config.name]
               ~~~~~~~~~~~~~~~~~~^^^^^^^^^^^^^
KeyError: 'mach_scoring_increased'

During handling of the above exception, another exception occurred:

Traceback (most recent call last):
  File "C:\Users\White\mpf\Lib\site-packages\mpf\core\events.py", line 755, in _run_handlers
    result = handler.callback(**merged_kwargs)
             ^^^^^^^^^^^^^^^^^^^^^^^^^^^^^^^^^
  File "C:\Users\White\mpf\Lib\site-packages\mpf\core\config_player.py", line 348, in config_play_callback
    return self.play(settings=settings, context=context, calling_context=calling_context, priority=priority,
           ^^^^^^^^^^^^^^^^^^^^^^^^^^^^^^^^^^^^^^^^^^^^^^^^^^^^^^^^^^^^^^^^^^^^^^^^^^^^^^^^^^^^^^^^^^^^^^^^^
  File "C:\Users\White\mpf\Lib\site-packages\mpf\config_players\show_player.py", line 60, in play
    self._update_show(show.name, show_settings, context, queue, start_time, show_tokens)
  File "C:\Users\White\mpf\Lib\site-packages\mpf\config_players\show_player.py", line 225, in _update_show
    action(key, instance_dict, show_name, show_settings, queue, start_time, placeholder_args)
  File "C:\Users\White\mpf\Lib\site-packages\mpf\config_players\show_player.py", line 117, in _play
    instance_dict[key] = self.machine.show_controller.replace_or_advance_show(previous_show, show_config,
                         ^^^^^^^^^^^^^^^^^^^^^^^^^^^^^^^^^^^^^^^^^^^^^^^^^^^^^^^^^^^^^^^^^^^^^^^^^^^^^^^^
  File "C:\Users\White\mpf\Lib\site-packages\mpf\core\show_controller.py", line 132, in replace_or_advance_show
    raise KeyError("Cannot play show '{}'. No show with that "
KeyError: "Cannot play show 'mach_scoring_increased'. No show with that name."

The above exception was the direct cause of the following exception:

Traceback (most recent call last):
  File "C:\Users\White\mpf\Lib\site-packages\mpf\core\machine.py", line 808, in _run_loop
    raise self._exception['exception']
  File "C:\Users\White\AppData\Local\Programs\Python\Python312\Lib\asyncio\events.py", line 88, in _run
    self._context.run(self._callback, *self._args)
  File "C:\Users\White\mpf\Lib\site-packages\mpf\core\events.py", line 846, in process_event_queue
    self._process_event(event=event[0],
  File "C:\Users\White\mpf\Lib\site-packages\mpf\core\events.py", line 808, in _process_event
    result = self._run_handlers(event, ev_type, kwargs)
             ^^^^^^^^^^^^^^^^^^^^^^^^^^^^^^^^^^^^^^^^^^
  File "C:\Users\White\mpf\Lib\site-packages\mpf\core\events.py", line 757, in _run_handlers
    raise EventHandlerException(
mpf.core.events.EventHandlerException: Exception while processing RegisteredHandler(callback=<bound method ConfigPlayer.config_play_callback of ConfigPlayer.show_player/shows>, priority=500, kwargs={'calling_context': 'mach_level_up', 'mode': <Mode.mach_scoring>, 'settings': {mach_scoring_increased-None-None: {'loops': 0, 'sync_ms': 1, 'priority': 0, 'action': 'play', 'show': None, 'speed': <NativeTemplate 1.0>, 'block_queue': False, 'start_step': <NativeTemplate 1>, 'start_running': <Template True>, 'manual_advance': False, 'show_queue': None, 'key': None, 'show_tokens': {}, 'events_when_played': [], 'events_when_stopped': [], 'events_when_looped': [], 'events_when_paused': [], 'events_when_resumed': [], 'events_when_advanced': [], 'events_when_stepped_back': [], 'events_when_updated': [], 'events_when_completed': []}}}, key=UUID('032106df-abd2-4e14-81e7-c11f479f93cf'), condition=None, blocking_facility=None) for event mach_level_up. "Cannot play show 'mach_scoring_increased'. No show with that name."
2025-10-29 19:52:39,601 : INFO : root : MPF run loop ended.
