2025-12-25 16:22:31,488 : INFO : root : Loading config.
2025-12-25 16:22:31,492 : INFO : YamlMultifileConfigLoader : Machine config file #1: config.yaml
2025-12-25 16:22:31,493 : INFO : ConfigProcessor : Loading config from cache: C:\Users\White\AppData\Local\Temp\4d2409115979d2066280cf8a522910f3.mpf_cache
2025-12-25 16:22:31,604 : INFO : ConfigProcessor : Loading config from cache: C:\Users\White\AppData\Local\Temp\e29f700f4dd412c341ced84fe54a834e.mpf_cache
2025-12-25 16:22:31,605 : INFO : ConfigProcessor : Loading config from cache: C:\Users\White\AppData\Local\Temp\91cc4d1c993c58dc354e34974b9cfeac.mpf_cache
2025-12-25 16:22:31,606 : INFO : ConfigProcessor : Loading config from cache: C:\Users\White\AppData\Local\Temp\153a6f35d2fbc89e8611fc222f5041e6.mpf_cache
2025-12-25 16:22:31,606 : INFO : ConfigProcessor : Loading config from cache: C:\Users\White\AppData\Local\Temp\e29f700f4dd412c341ced84fe54a834e.mpf_cache
2025-12-25 16:22:31,607 : INFO : ConfigProcessor : Loading config from cache: C:\Users\White\AppData\Local\Temp\3424101e418333c494b4f7abb38a6bbc.mpf_cache
2025-12-25 16:22:31,608 : INFO : ConfigProcessor : Loading config from cache: C:\Users\White\AppData\Local\Temp\2baac919e756d495657c096c87a61da2.mpf_cache
2025-12-25 16:22:31,609 : INFO : ConfigProcessor : Loading config from cache: C:\Users\White\AppData\Local\Temp\515c33aaf7882d3e576ea3c42b7bfe2a.mpf_cache
2025-12-25 16:22:31,610 : INFO : ConfigProcessor : Loading config from cache: C:\Users\White\AppData\Local\Temp\928267ba5ce09cfb7bef110abe29482e.mpf_cache
2025-12-25 16:22:31,610 : INFO : ConfigProcessor : Loading config from cache: C:\Users\White\AppData\Local\Temp\143f2aa6ea6c447c37835b1fcf1e2392.mpf_cache
2025-12-25 16:22:31,612 : INFO : ConfigProcessor : Loading config from cache: C:\Users\White\AppData\Local\Temp\32a647433343f2a8dbd97369798bc91c.mpf_cache
2025-12-25 16:22:31,613 : INFO : ConfigProcessor : Loading config from cache: C:\Users\White\AppData\Local\Temp\fcd858616785c392a2718eef83d6bdec.mpf_cache
2025-12-25 16:22:31,614 : INFO : ConfigProcessor : Loading config from cache: C:\Users\White\AppData\Local\Temp\bc528c0552a0292e8ecb958c9df9be52.mpf_cache
2025-12-25 16:22:31,614 : INFO : ConfigProcessor : Loading config from cache: C:\Users\White\AppData\Local\Temp\079d5d4f78adbdc9511df3472695879d.mpf_cache
2025-12-25 16:22:31,615 : INFO : ConfigProcessor : Loading config from cache: C:\Users\White\AppData\Local\Temp\3d7624af3136b167d055570c605d2391.mpf_cache
2025-12-25 16:22:31,616 : INFO : ConfigProcessor : Loading config from cache: C:\Users\White\AppData\Local\Temp\cbf9c95ed33e797787d40a3c26fb1f29.mpf_cache
2025-12-25 16:22:31,617 : INFO : ConfigProcessor : Loading config from cache: C:\Users\White\AppData\Local\Temp\0f477732e86fa3539be0c16808cbc3a4.mpf_cache
2025-12-25 16:22:31,618 : INFO : ConfigProcessor : Loading config from cache: C:\Users\White\AppData\Local\Temp\5252be9889d0ea92e9251ccb139bb96e.mpf_cache
2025-12-25 16:22:31,621 : INFO : ConfigProcessor : Loading config from cache: C:\Users\White\AppData\Local\Temp\bbd12103fd66360c81da95fa3b5d5cac.mpf_cache
2025-12-25 16:22:31,624 : INFO : ConfigProcessor : Loading config from cache: C:\Users\White\AppData\Local\Temp\aecbb0084a39aaddc8e1af6d86d05e57.mpf_cache
2025-12-25 16:22:31,626 : INFO : ConfigProcessor : Loading config from cache: C:\Users\White\AppData\Local\Temp\a64c515fc9f6d1ba4d043d8acedc61d8.mpf_cache
2025-12-25 16:22:31,627 : INFO : ConfigProcessor : Loading config from cache: C:\Users\White\AppData\Local\Temp\157e473ad106aaf7621d4ff67f908349.mpf_cache
2025-12-25 16:22:31,630 : INFO : ConfigProcessor : Loading config from cache: C:\Users\White\AppData\Local\Temp\b42daedb456e388e83b54e0791e694a7.mpf_cache
2025-12-25 16:22:31,631 : INFO : ConfigProcessor : Loading config from cache: C:\Users\White\AppData\Local\Temp\faf1d2b55b8b754be547ffd9950d5977.mpf_cache
2025-12-25 16:22:31,632 : INFO : ConfigProcessor : Loading config from cache: C:\Users\White\AppData\Local\Temp\881befc175503515b6a677d4b92fd8f6.mpf_cache
2025-12-25 16:22:31,636 : INFO : ConfigProcessor : Loading config from cache: C:\Users\White\AppData\Local\Temp\e02fdb456b236b981c3cd16c62d08cdd.mpf_cache
2025-12-25 16:22:31,638 : INFO : ConfigProcessor : Loading config from cache: C:\Users\White\AppData\Local\Temp\60f49b772835308c8a63a813f3984bd2.mpf_cache
2025-12-25 16:22:31,641 : INFO : ConfigProcessor : Loading config from cache: C:\Users\White\AppData\Local\Temp\b44eabe64ef7d1af51d3871ffce6e8a0.mpf_cache
2025-12-25 16:22:31,642 : INFO : ConfigProcessor : Loading config from cache: C:\Users\White\AppData\Local\Temp\c53f4b0025ffe033d8b4913dcf5d894f.mpf_cache
2025-12-25 16:22:31,643 : INFO : ConfigProcessor : Loading config from cache: C:\Users\White\AppData\Local\Temp\859a13897bab67859dc37e71c8deb7f3.mpf_cache
2025-12-25 16:22:31,644 : INFO : ConfigProcessor : Loading config from cache: C:\Users\White\AppData\Local\Temp\1df928f99f2fd0a162eaba4dfecade40.mpf_cache
2025-12-25 16:22:31,644 : INFO : ConfigProcessor : Loading config from cache: C:\Users\White\AppData\Local\Temp\79c411a388f93dc9361da8ba68c71f8b.mpf_cache
2025-12-25 16:22:31,645 : INFO : ConfigProcessor : Loading config from cache: C:\Users\White\AppData\Local\Temp\a2e6743439269288443fc316af74c4e3.mpf_cache
2025-12-25 16:22:31,646 : INFO : ConfigProcessor : Loading config from cache: C:\Users\White\AppData\Local\Temp\806e2c11867b05313045539710e5cf3e.mpf_cache
2025-12-25 16:22:31,647 : INFO : ConfigProcessor : Loading config from cache: C:\Users\White\AppData\Local\Temp\d4cc51f9996852dab0efd4baeb323b9c.mpf_cache
2025-12-25 16:22:31,648 : INFO : Machine : Mission Pinball Framework Core Engine v0.80.0.dev9
2025-12-25 16:22:31,648 : INFO : Machine : Command line arguments: {'no_load_cache': False, 'create_config_cache': True, 'bcp': True, 'configfile': ['config.yaml'], 'force_assets_load': False, 'platform_integration_test': False, 'jsonlogging': False, 'logfile': 'logs\\2025-12-25-16-22-31-mpf-TopGunPinball.log', 'pause': False, 'production': False, 'text_ui': False, 'loglevel': 15, 'consoleloglevel': 20, 'force_platform': None, 'syslog_address': None, 'full_logfile_path': 'C:\\Users\\White\\documents\\Top_Gun_Pinball\\logs\\2025-12-25-16-22-31-mpf-TopGunPinball.log'}
2025-12-25 16:22:31,648 : INFO : Machine : MPF path: C:\Users\White\mpf\Lib\site-packages\mpf
2025-12-25 16:22:31,648 : INFO : Machine : Machine path: C:\Users\White\documents\Top_Gun_Pinball
2025-12-25 16:22:31,648 : INFO : Machine : Platform: win32
2025-12-25 16:22:31,648 : INFO : Machine : Python executable location: C:\Users\White\mpf\Scripts\python.exe
2025-12-25 16:22:31,648 : INFO : Machine : Python version: 3.12.7 (64-bit)
2025-12-25 16:22:31,650 : INFO : Machine : Initializing MPF...
2025-12-25 16:22:31,764 : INFO : FAST : Auto-detecting ports for the following connections: ['net', 'exp', 'aud']
2025-12-25 16:22:32,073 : INFO : FAST : Detected NET on port COM3
2025-12-25 16:22:32,084 : INFO : FAST : Detected EXP on port COM4
2025-12-25 16:22:37,169 : INFO : FAST [NET] : Trying to connect to COM3 at 921600bps
2025-12-25 16:22:37,245 : INFO : FAST [NET] : Connected to COM3 at 921600bps
2025-12-25 16:22:37,260 : INFO : FAST [NET] : Connected to FP-CPU-2000 with firmware v02.26
2025-12-25 16:22:37,291 : INFO : FAST [NET] : Registered I/O Board 0: Model: FP-I/O-0024, Firmware: 01.10, Switches: 24, Drivers: 8
2025-12-25 16:22:37,307 : INFO : FAST [NET] : Registered I/O Board 1: Model: FP-I/O-3208, Firmware: 01.10, Switches: 32, Drivers: 8
2025-12-25 16:22:37,323 : INFO : FAST [NET] : Registered I/O Board 2: Model: FP-I/O-3208, Firmware: 01.10, Switches: 32, Drivers: 8
2025-12-25 16:22:37,338 : INFO : FAST [NET] : Registered I/O Board 3: Model: FP-I/O-0804, Firmware: 01.10, Switches: 8, Drivers: 4
2025-12-25 16:22:37,353 : INFO : FAST [NET] : Registered I/O Board 4: Model: FP-I/O-0804, Firmware: 01.10, Switches: 8, Drivers: 4
2025-12-25 16:22:37,356 : INFO : FAST [EXP] : Trying to connect to COM4 at 921600bps
2025-12-25 16:22:37,432 : INFO : FAST [EXP] : Connected to COM4 at 921600bps
2025-12-25 16:22:37,445 : INFO : FAST [EXP] : Verifying hardware for EXP "neuron" (FP-EXP-2000, @48) with ID string "EXP FP-EXP-2000  0.38", board address 48
2025-12-25 16:22:37,460 : INFO : FAST [EXP] : Verifying hardware for EXP "neuron" (FP-EXP-2000, @48) with ID string "LED FP-BRK-0001  0.8", board address 480
2025-12-25 16:22:37,491 : INFO : FAST [EXP] : Verifying hardware for EXP "light_expansion_board" (FP-EXP-0071, @B4) with ID string "EXP FP-EXP-0071  0.38", board address B4
2025-12-25 16:22:37,507 : INFO : FAST [EXP] : Verifying hardware for EXP "light_expansion_board" (FP-EXP-0071, @B4) with ID string "BRK FP-EXP-0071  0.38", board address B40
2025-12-25 16:22:37,524 : ERROR : FAST [AUD] : Failed to connect to any of the specified ports.
2025-12-25 16:22:37,525 : INFO : Machine : Shutting down...
2025-12-25 16:22:37,525 : INFO : EventManager : Event: ======'shutdown'====== Args={}
2025-12-25 16:22:37,619 : ERROR : Machine : Failed to initialize MPF
Traceback (most recent call last):
  File "C:\Users\White\mpf\Lib\site-packages\mpf\platforms\fast\fast.py", line 284, in _connect_to_hardware
    await communicator.connect()
  File "C:\Users\White\mpf\Lib\site-packages\mpf\platforms\fast\communicators\base.py", line 114, in connect
    raise SerialException(f"{self} could not connect to a serial port. Is it open in CoolTerm? ;)")
serial.serialutil.SerialException: [FAST AUD] could not connect to a serial port. Is it open in CoolTerm? ;)

The above exception was the direct cause of the following exception:

Traceback (most recent call last):
  File "C:\Users\White\mpf\Lib\site-packages\mpf\core\machine.py", line 686, in initialize_mpf
    raise init.exception()
  File "C:\Users\White\mpf\Lib\site-packages\mpf\core\machine.py", line 248, in initialize
    await self.initialize_core_and_hardware()
  File "C:\Users\White\mpf\Lib\site-packages\mpf\core\machine.py", line 244, in initialize_core_and_hardware
    await self._initialize_platforms()
  File "C:\Users\White\mpf\Lib\site-packages\mpf\core\machine.py", line 334, in _initialize_platforms
    result.result()
  File "C:\Users\White\mpf\Lib\site-packages\mpf\platforms\fast\fast.py", line 125, in initialize
    await self._connect_to_hardware()
  File "C:\Users\White\mpf\Lib\site-packages\mpf\platforms\fast\fast.py", line 291, in _connect_to_hardware
    raise MpfRuntimeError(f"Could not open serial port {port}. Is something else connected to the port? "
mpf.exceptions.runtime_error.MpfRuntimeError: Runtime Error in FAST: Could not open serial port aud. Is something else connected to the port? Did the port number or your computer change? Do you have permissions to access the port? Error Code: RE-FAST-1 (https://missionpinball.org/logs)
2025-12-25 16:22:37,622 : INFO : root : MPF run loop ended.
