2025-09-24 14:39:45,338 : INFO : root : Loading config.
2025-09-24 14:39:45,342 : INFO : YamlMultifileConfigLoader : Machine config file #1: config.yaml
2025-09-24 14:39:45,343 : INFO : ConfigProcessor : Loading config from cache: C:\Users\White\AppData\Local\Temp\cfa6ecba65704a931c9dd214c44986c8.mpf_cache
2025-09-24 14:39:45,452 : INFO : ConfigProcessor : Loading config from cache: C:\Users\White\AppData\Local\Temp\f98ffc0ff5962effface7d86bc406d5c.mpf_cache
2025-09-24 14:39:45,453 : INFO : ConfigProcessor : Loading config from cache: C:\Users\White\AppData\Local\Temp\91cc4d1c993c58dc354e34974b9cfeac.mpf_cache
2025-09-24 14:39:45,453 : INFO : ConfigProcessor : Loading config from cache: C:\Users\White\AppData\Local\Temp\f98ffc0ff5962effface7d86bc406d5c.mpf_cache
2025-09-24 14:39:45,455 : INFO : ConfigProcessor : Loading config from cache: C:\Users\White\AppData\Local\Temp\76792f1d686f89709887dba7bd69667a.mpf_cache
2025-09-24 14:39:45,455 : INFO : ConfigProcessor : Loading config from cache: C:\Users\White\AppData\Local\Temp\142bbae4707335cc8e3efaa4364c4893.mpf_cache
2025-09-24 14:39:45,456 : INFO : ConfigProcessor : Loading config from cache: C:\Users\White\AppData\Local\Temp\0f5f0ac41d1a2672d0d32cef2b12699e.mpf_cache
2025-09-24 14:39:45,456 : INFO : ConfigProcessor : Loading config from cache: C:\Users\White\AppData\Local\Temp\82e20c7c6490dd2e5fed726a3aa8d652.mpf_cache
2025-09-24 14:39:45,456 : INFO : ConfigProcessor : Loading config from cache: C:\Users\White\AppData\Local\Temp\359114d5ba2a6ad6c93d1559776bbb30.mpf_cache
2025-09-24 14:39:45,460 : INFO : ConfigProcessor : Loading config from cache: C:\Users\White\AppData\Local\Temp\d421369d6df802e4e6f8aa58f446b1a6.mpf_cache
2025-09-24 14:39:45,461 : INFO : ConfigProcessor : Loading config from cache: C:\Users\White\AppData\Local\Temp\310aa541ce6545037d37da470e7bd790.mpf_cache
2025-09-24 14:39:45,462 : INFO : ConfigProcessor : Loading config from cache: C:\Users\White\AppData\Local\Temp\2151caa0419aeb1e56d3d8934477383e.mpf_cache
2025-09-24 14:39:45,465 : INFO : ConfigProcessor : Loading config from cache: C:\Users\White\AppData\Local\Temp\17003635873251b4f6841bf4ab3bdcdd.mpf_cache
2025-09-24 14:39:45,466 : INFO : ConfigProcessor : Loading config from cache: C:\Users\White\AppData\Local\Temp\f70c640a816343cb9040222d7a9269d3.mpf_cache
2025-09-24 14:39:45,467 : INFO : ConfigProcessor : Loading config from cache: C:\Users\White\AppData\Local\Temp\30922048be1d0c17ea15fc75f7fbfe10.mpf_cache
2025-09-24 14:39:45,469 : INFO : ConfigProcessor : Loading config from cache: C:\Users\White\AppData\Local\Temp\58d7809d3d969de03aaf131fc45863f8.mpf_cache
2025-09-24 14:39:45,469 : INFO : Machine : Mission Pinball Framework Core Engine v0.80.0.dev9
2025-09-24 14:39:45,469 : INFO : Machine : Command line arguments: {'no_load_cache': False, 'create_config_cache': True, 'bcp': True, 'configfile': ['config.yaml'], 'force_assets_load': False, 'platform_integration_test': False, 'jsonlogging': False, 'logfile': 'logs\\2025-09-24-14-39-45-mpf-TopGunPinball.log', 'pause': False, 'production': False, 'text_ui': False, 'loglevel': 15, 'consoleloglevel': 20, 'force_platform': 'virtual', 'syslog_address': None, 'full_logfile_path': 'C:\\Users\\White\\Documents\\Top_Gun_Pinball\\logs\\2025-09-24-14-39-45-mpf-TopGunPinball.log'}
2025-09-24 14:39:45,469 : INFO : Machine : MPF path: C:\Users\White\mpf\Lib\site-packages\mpf
2025-09-24 14:39:45,469 : INFO : Machine : Machine path: C:\Users\White\Documents\Top_Gun_Pinball
2025-09-24 14:39:45,469 : INFO : Machine : Platform: win32
2025-09-24 14:39:45,469 : INFO : Machine : Python executable location: C:\Users\White\mpf\Scripts\python.exe
2025-09-24 14:39:45,469 : INFO : Machine : Python version: 3.12.7 (64-bit)
2025-09-24 14:39:45,473 : INFO : Machine : Initializing MPF...
2025-09-24 14:39:45,568 : INFO : EventManager : Event: ======'machine_var_credits_string'====== Args={'value': 'FREE PLAY', 'prev_value': None, 'change': True}
2025-09-24 14:39:45,599 : INFO : EventManager : Event: ======'machine_var_master_volume'====== Args={'value': 0.5, 'prev_value': None, 'change': True}
2025-09-24 14:39:45,599 : INFO : EventManager : Event: ======'machine_var_player1_score'====== Args={'value': 61000, 'prev_value': None, 'change': True}
2025-09-24 14:39:45,599 : INFO : EventManager : Event: ======'machine_var_player2_score'====== Args={'value': 73000, 'prev_value': None, 'change': True}
2025-09-24 14:39:45,599 : INFO : EventManager : Event: ======'machine_var_mpf_version'====== Args={'value': 'Mission Pinball Framework v0.80.0.dev9', 'prev_value': None, 'change': True}
2025-09-24 14:39:45,599 : INFO : EventManager : Event: ======'machine_var_mpf_extended_version'====== Args={'value': 'Mission Pinball Framework v0.80.0.dev9, Config version:6, Show version: 6, BCP version:1.1', 'prev_value': None, 'change': True}
2025-09-24 14:39:45,599 : INFO : EventManager : Event: ======'machine_var_python_version'====== Args={'value': '3.12.7', 'prev_value': None, 'change': True}
2025-09-24 14:39:45,680 : INFO : EventManager : Event: ======'machine_var_platform'====== Args={'value': 'Windows-11-10.0.26100-SP0', 'prev_value': None, 'change': True}
2025-09-24 14:39:45,680 : INFO : EventManager : Event: ======'machine_var_platform_system'====== Args={'value': 'Windows', 'prev_value': None, 'change': True}
2025-09-24 14:39:45,680 : INFO : EventManager : Event: ======'machine_var_platform_release'====== Args={'value': '11', 'prev_value': None, 'change': True}
2025-09-24 14:39:45,680 : INFO : EventManager : Event: ======'machine_var_platform_version'====== Args={'value': '10.0.26100', 'prev_value': None, 'change': True}
2025-09-24 14:39:45,680 : INFO : EventManager : Event: ======'machine_var_platform_machine'====== Args={'value': 'AMD64', 'prev_value': None, 'change': True}
2025-09-24 14:39:45,681 : INFO : EventManager : Event: ======'machine_var_log_file_path'====== Args={'value': 'C:\\Users\\White\\Documents\\Top_Gun_Pinball\\logs\\2025-09-24-14-39-45-mpf-TopGunPinball.log', 'prev_value': None, 'change': True}
2025-09-24 14:39:45,681 : INFO : EventManager : Event: ======'init_phase_1'====== Args={}
2025-09-24 14:39:45,727 : INFO : EventManager : Event: ======'init_phase_2'====== Args={}
2025-09-24 14:39:45,727 : INFO : SwitchController : Found active switch: ('playfield_board_lower-3208-0', <Platform.Virtual>) <switch.s_trough_1>
2025-09-24 14:39:45,727 : INFO : SwitchController : Found active switch: ('playfield_board_lower-3208-1', <Platform.Virtual>) <switch.s_trough_2>
2025-09-24 14:39:45,727 : INFO : SwitchController : Found active switch: ('playfield_board_lower-3208-2', <Platform.Virtual>) <switch.s_trough_3>
2025-09-24 14:39:45,728 : INFO : SwitchController : Found active switch: ('playfield_board_lower-3208-3', <Platform.Virtual>) <switch.s_trough_4>
2025-09-24 14:39:45,728 : INFO : SwitchController : Found active switch: ('playfield_board_lower-3208-4', <Platform.Virtual>) <switch.s_trough_5>
2025-09-24 14:39:45,728 : INFO : SwitchController : Found active switch: ('playfield_board_lower-3208-5', <Platform.Virtual>) <switch.s_trough_6>
2025-09-24 14:39:45,731 : INFO : EventManager : Event: ======'bcp_connection_attempt'====== Args={'name': 'local_display', 'host': 'localhost', 'port': 5050}
2025-09-24 14:39:45,733 : INFO : BCPClientSocket : Connecting BCP to 'local_display' at localhost:5050...
2025-09-24 14:39:45,743 : INFO : BCPClientSocket : Connected BCP to 'local_display' localhost:5050
2025-09-24 14:39:45,744 : INFO : EventManager : Event: ======'bcp_clients_connected'====== Args={}
2025-09-24 14:39:45,744 : INFO : ball_device.bd_plunger : BCH: Initial count: 0
2025-09-24 14:39:45,744 : INFO : ball_device.bd_plunger : State: idle
2025-09-24 14:39:45,745 : INFO : ball_device.bd_trough : BCH: Initial count: 6
2025-09-24 14:39:45,745 : INFO : ball_device.bd_trough : State: idle
2025-09-24 14:39:45,746 : INFO : ball_device.bd_lock_elevator : BCH: Initial count: 0
2025-09-24 14:39:45,746 : INFO : ball_device.bd_lock_elevator : State: idle
2025-09-24 14:39:45,746 : INFO : ball_device.bd_mode_scoop : BCH: Initial count: 0
2025-09-24 14:39:45,746 : INFO : ball_device.bd_mode_scoop : State: idle
2025-09-24 14:39:45,771 : INFO : EventManager : Event: ======'init_phase_3'====== Args={}
2025-09-24 14:39:46,326 : INFO : EventManager : Event: ======'init_phase_4'====== Args={}
2025-09-24 14:39:46,326 : INFO : BallController : Initial balls found: 6
2025-09-24 14:39:46,327 : INFO : EventManager : Event: ======'machine_var_audits_events_game_ended'====== Args={'value': 1, 'prev_value': None, 'change': True}
2025-09-24 14:39:46,328 : INFO : EventManager : Event: ======'machine_var_audits_events_game_started'====== Args={'value': 129, 'prev_value': None, 'change': True}
2025-09-24 14:39:46,328 : INFO : EventManager : Event: ======'machine_var_audits_missing_switches_s_a_iceman_target'====== Args={'value': 15, 'prev_value': None, 'change': True}
2025-09-24 14:39:46,328 : INFO : EventManager : Event: ======'machine_var_audits_missing_switches_s_barrier_target'====== Args={'value': 13, 'prev_value': None, 'change': True}
2025-09-24 14:39:46,328 : INFO : EventManager : Event: ======'machine_var_audits_missing_switches_s_bumper_center'====== Args={'value': 4, 'prev_value': None, 'change': True}
2025-09-24 14:39:46,328 : INFO : EventManager : Event: ======'machine_var_audits_missing_switches_s_bumper_left'====== Args={'value': 4, 'prev_value': None, 'change': True}
2025-09-24 14:39:46,328 : INFO : EventManager : Event: ======'machine_var_audits_missing_switches_s_bumper_right'====== Args={'value': 4, 'prev_value': None, 'change': True}
2025-09-24 14:39:46,328 : INFO : EventManager : Event: ======'machine_var_audits_missing_switches_s_c_iceman_target'====== Args={'value': 7, 'prev_value': None, 'change': True}
2025-09-24 14:39:46,328 : INFO : EventManager : Event: ======'machine_var_audits_missing_switches_s_c_lock_target'====== Args={'value': 13, 'prev_value': None, 'change': True}
2025-09-24 14:39:46,328 : INFO : EventManager : Event: ======'machine_var_audits_missing_switches_s_coin_door'====== Args={'value': 16, 'prev_value': None, 'change': True}
2025-09-24 14:39:46,328 : INFO : EventManager : Event: ======'machine_var_audits_missing_switches_s_coin_door_service_1'====== Args={'value': 16, 'prev_value': None, 'change': True}
2025-09-24 14:39:46,328 : INFO : EventManager : Event: ======'machine_var_audits_missing_switches_s_coin_door_service_2'====== Args={'value': 16, 'prev_value': None, 'change': True}
2025-09-24 14:39:46,328 : INFO : EventManager : Event: ======'machine_var_audits_missing_switches_s_coin_door_service_3'====== Args={'value': 16, 'prev_value': None, 'change': True}
2025-09-24 14:39:46,328 : INFO : EventManager : Event: ======'machine_var_audits_missing_switches_s_coin_door_service_4'====== Args={'value': 16, 'prev_value': None, 'change': True}
2025-09-24 14:39:46,328 : INFO : EventManager : Event: ======'machine_var_audits_missing_switches_s_e_iceman_target'====== Args={'value': 8, 'prev_value': None, 'change': True}
2025-09-24 14:39:46,328 : INFO : EventManager : Event: ======'machine_var_audits_missing_switches_s_flight_gear_target'====== Args={'value': 13, 'prev_value': None, 'change': True}
2025-09-24 14:39:46,328 : INFO : EventManager : Event: ======'machine_var_audits_missing_switches_s_flipper_left'====== Args={'value': 74, 'prev_value': None, 'change': True}
2025-09-24 14:39:46,329 : INFO : EventManager : Event: ======'machine_var_audits_missing_switches_s_flipper_left_eos'====== Args={'value': 76, 'prev_value': None, 'change': True}
2025-09-24 14:39:46,329 : INFO : EventManager : Event: ======'machine_var_audits_missing_switches_s_flipper_left_upper'====== Args={'value': 78, 'prev_value': None, 'change': True}
2025-09-24 14:39:46,329 : INFO : EventManager : Event: ======'machine_var_audits_missing_switches_s_flipper_left_upper_eos'====== Args={'value': 76, 'prev_value': None, 'change': True}
2025-09-24 14:39:46,329 : INFO : EventManager : Event: ======'machine_var_audits_missing_switches_s_flipper_right'====== Args={'value': 12, 'prev_value': None, 'change': True}
2025-09-24 14:39:46,329 : INFO : EventManager : Event: ======'machine_var_audits_missing_switches_s_flipper_right_eos'====== Args={'value': 76, 'prev_value': None, 'change': True}
2025-09-24 14:39:46,329 : INFO : EventManager : Event: ======'machine_var_audits_missing_switches_s_i_iceman_target'====== Args={'value': 13, 'prev_value': None, 'change': True}
2025-09-24 14:39:46,329 : INFO : EventManager : Event: ======'machine_var_audits_missing_switches_s_inlane_left'====== Args={'value': 9, 'prev_value': None, 'change': True}
2025-09-24 14:39:46,329 : INFO : EventManager : Event: ======'machine_var_audits_missing_switches_s_inner_inlane_right'====== Args={'value': 13, 'prev_value': None, 'change': True}
2025-09-24 14:39:46,329 : INFO : EventManager : Event: ======'machine_var_audits_missing_switches_s_jam'====== Args={'value': 15, 'prev_value': None, 'change': True}
2025-09-24 14:39:46,329 : INFO : EventManager : Event: ======'machine_var_audits_missing_switches_s_k_lock_target'====== Args={'value': 13, 'prev_value': None, 'change': True}
2025-09-24 14:39:46,329 : INFO : EventManager : Event: ======'machine_var_audits_missing_switches_s_l_lock_target'====== Args={'value': 13, 'prev_value': None, 'change': True}
2025-09-24 14:39:46,329 : INFO : EventManager : Event: ======'machine_var_audits_missing_switches_s_lane_left'====== Args={'value': 128, 'prev_value': None, 'change': True}
2025-09-24 14:39:46,329 : INFO : EventManager : Event: ======'machine_var_audits_missing_switches_s_lane_right'====== Args={'value': 3, 'prev_value': None, 'change': True}
2025-09-24 14:39:46,329 : INFO : EventManager : Event: ======'machine_var_audits_missing_switches_s_lock_goose'====== Args={'value': 78, 'prev_value': None, 'change': True}
2025-09-24 14:39:46,329 : INFO : EventManager : Event: ======'machine_var_audits_missing_switches_s_lock_mav'====== Args={'value': 78, 'prev_value': None, 'change': True}
2025-09-24 14:39:46,329 : INFO : EventManager : Event: ======'machine_var_audits_missing_switches_s_lock_plunger'====== Args={'value': 78, 'prev_value': None, 'change': True}
2025-09-24 14:39:46,329 : INFO : EventManager : Event: ======'machine_var_audits_missing_switches_s_m_iceman_target'====== Args={'value': 3, 'prev_value': None, 'change': True}
2025-09-24 14:39:46,329 : INFO : EventManager : Event: ======'machine_var_audits_missing_switches_s_mig_lane_left'====== Args={'value': 78, 'prev_value': None, 'change': True}
2025-09-24 14:39:46,329 : INFO : EventManager : Event: ======'machine_var_audits_missing_switches_s_mig_lane_right'====== Args={'value': 78, 'prev_value': None, 'change': True}
2025-09-24 14:39:46,329 : INFO : EventManager : Event: ======'machine_var_audits_missing_switches_s_mode_start'====== Args={'value': 78, 'prev_value': None, 'change': True}
2025-09-24 14:39:46,329 : INFO : EventManager : Event: ======'machine_var_audits_missing_switches_s_n_iceman_target'====== Args={'value': 15, 'prev_value': None, 'change': True}
2025-09-24 14:39:46,329 : INFO : EventManager : Event: ======'machine_var_audits_missing_switches_s_o_lock_target'====== Args={'value': 13, 'prev_value': None, 'change': True}
2025-09-24 14:39:46,330 : INFO : EventManager : Event: ======'machine_var_audits_missing_switches_s_orbit_left'====== Args={'value': 13, 'prev_value': None, 'change': True}
2025-09-24 14:39:46,330 : INFO : EventManager : Event: ======'machine_var_audits_missing_switches_s_orbit_lower'====== Args={'value': 78, 'prev_value': None, 'change': True}
2025-09-24 14:39:46,330 : INFO : EventManager : Event: ======'machine_var_audits_missing_switches_s_orbit_right'====== Args={'value': 78, 'prev_value': None, 'change': True}
2025-09-24 14:39:46,330 : INFO : EventManager : Event: ======'machine_var_audits_missing_switches_s_orbit_upper'====== Args={'value': 2, 'prev_value': None, 'change': True}
2025-09-24 14:39:46,330 : INFO : EventManager : Event: ======'machine_var_audits_missing_switches_s_outer_inlane_right'====== Args={'value': 11, 'prev_value': None, 'change': True}
2025-09-24 14:39:46,330 : INFO : EventManager : Event: ======'machine_var_audits_missing_switches_s_outlane_left'====== Args={'value': 78, 'prev_value': None, 'change': True}
2025-09-24 14:39:46,330 : INFO : EventManager : Event: ======'machine_var_audits_missing_switches_s_outlane_right'====== Args={'value': 15, 'prev_value': None, 'change': True}
2025-09-24 14:39:46,330 : INFO : EventManager : Event: ======'machine_var_audits_missing_switches_s_plunger_lane'====== Args={'value': 10, 'prev_value': None, 'change': True}
2025-09-24 14:39:46,330 : INFO : EventManager : Event: ======'machine_var_audits_missing_switches_s_ramp_inner_exit'====== Args={'value': 78, 'prev_value': None, 'change': True}
2025-09-24 14:39:46,330 : INFO : EventManager : Event: ======'machine_var_audits_missing_switches_s_ramp_left_exit'====== Args={'value': 78, 'prev_value': None, 'change': True}
2025-09-24 14:39:46,330 : INFO : EventManager : Event: ======'machine_var_audits_missing_switches_s_ramp_right_exit'====== Args={'value': 78, 'prev_value': None, 'change': True}
2025-09-24 14:39:46,330 : INFO : EventManager : Event: ======'machine_var_audits_missing_switches_s_ramp_tower_exit'====== Args={'value': 78, 'prev_value': None, 'change': True}
2025-09-24 14:39:46,330 : INFO : EventManager : Event: ======'machine_var_audits_missing_switches_s_shooter_lane'====== Args={'value': 1, 'prev_value': None, 'change': True}
2025-09-24 14:39:46,330 : INFO : EventManager : Event: ======'machine_var_audits_missing_switches_s_slingshot_left'====== Args={'value': 13, 'prev_value': None, 'change': True}
2025-09-24 14:39:46,330 : INFO : EventManager : Event: ======'machine_var_audits_missing_switches_s_slingshot_right'====== Args={'value': 13, 'prev_value': None, 'change': True}
2025-09-24 14:39:46,330 : INFO : EventManager : Event: ======'machine_var_audits_missing_switches_s_spinner'====== Args={'value': 78, 'prev_value': None, 'change': True}
2025-09-24 14:39:46,330 : INFO : EventManager : Event: ======'machine_var_audits_missing_switches_s_start'====== Args={'value': 4, 'prev_value': None, 'change': True}
2025-09-24 14:39:46,330 : INFO : EventManager : Event: ======'machine_var_audits_missing_switches_s_tilt'====== Args={'value': 16, 'prev_value': None, 'change': True}
2025-09-24 14:39:46,330 : INFO : EventManager : Event: ======'machine_var_audits_missing_switches_s_trough_1'====== Args={'value': 54, 'prev_value': None, 'change': True}
2025-09-24 14:39:46,330 : INFO : EventManager : Event: ======'machine_var_audits_missing_switches_s_trough_2'====== Args={'value': 54, 'prev_value': None, 'change': True}
2025-09-24 14:39:46,330 : INFO : EventManager : Event: ======'machine_var_audits_missing_switches_s_trough_3'====== Args={'value': 54, 'prev_value': None, 'change': True}
2025-09-24 14:39:46,330 : INFO : EventManager : Event: ======'machine_var_audits_missing_switches_s_trough_4'====== Args={'value': 129, 'prev_value': None, 'change': True}
2025-09-24 14:39:46,330 : INFO : EventManager : Event: ======'machine_var_audits_missing_switches_s_trough_5'====== Args={'value': 129, 'prev_value': None, 'change': True}
2025-09-24 14:39:46,331 : INFO : EventManager : Event: ======'machine_var_audits_missing_switches_s_trough_6'====== Args={'value': 3, 'prev_value': None, 'change': True}
2025-09-24 14:39:46,331 : INFO : EventManager : Event: ======'machine_var_audits_player_score'====== Args={'value': {'average': 67000, 'top': [73000, 61000], 'total': 2}, 'prev_value': None, 'change': True}
2025-09-24 14:39:46,331 : INFO : EventManager : Event: ======'machine_var_audits_shots_bumper_center'====== Args={'value': 470, 'prev_value': None, 'change': True}
2025-09-24 14:39:46,331 : INFO : EventManager : Event: ======'machine_var_audits_shots_bumper_left'====== Args={'value': 475, 'prev_value': None, 'change': True}
2025-09-24 14:39:46,331 : INFO : EventManager : Event: ======'machine_var_audits_shots_bumper_right'====== Args={'value': 347, 'prev_value': None, 'change': True}
2025-09-24 14:39:46,331 : INFO : EventManager : Event: ======'machine_var_audits_switches_s_a_iceman_target'====== Args={'value': 24, 'prev_value': None, 'change': True}
2025-09-24 14:39:46,331 : INFO : EventManager : Event: ======'machine_var_audits_switches_s_barrier_target'====== Args={'value': 6, 'prev_value': None, 'change': True}
2025-09-24 14:39:46,331 : INFO : EventManager : Event: ======'machine_var_audits_switches_s_bumper_center'====== Args={'value': 483, 'prev_value': None, 'change': True}
2025-09-24 14:39:46,331 : INFO : EventManager : Event: ======'machine_var_audits_switches_s_bumper_left'====== Args={'value': 490, 'prev_value': None, 'change': True}
2025-09-24 14:39:46,331 : INFO : EventManager : Event: ======'machine_var_audits_switches_s_bumper_right'====== Args={'value': 351, 'prev_value': None, 'change': True}
2025-09-24 14:39:46,331 : INFO : EventManager : Event: ======'machine_var_audits_switches_s_c_iceman_target'====== Args={'value': 37, 'prev_value': None, 'change': True}
2025-09-24 14:39:46,331 : INFO : EventManager : Event: ======'machine_var_audits_switches_s_c_lock_target'====== Args={'value': 4, 'prev_value': None, 'change': True}
2025-09-24 14:39:46,331 : INFO : EventManager : Event: ======'machine_var_audits_switches_s_coin_door'====== Args={'value': 0, 'prev_value': None, 'change': True}
2025-09-24 14:39:46,331 : INFO : EventManager : Event: ======'machine_var_audits_switches_s_coin_door_service_1'====== Args={'value': 0, 'prev_value': None, 'change': True}
2025-09-24 14:39:46,331 : INFO : EventManager : Event: ======'machine_var_audits_switches_s_coin_door_service_2'====== Args={'value': 0, 'prev_value': None, 'change': True}
2025-09-24 14:39:46,331 : INFO : EventManager : Event: ======'machine_var_audits_switches_s_coin_door_service_3'====== Args={'value': 0, 'prev_value': None, 'change': True}
2025-09-24 14:39:46,331 : INFO : EventManager : Event: ======'machine_var_audits_switches_s_coin_door_service_4'====== Args={'value': 0, 'prev_value': None, 'change': True}
2025-09-24 14:39:46,331 : INFO : EventManager : Event: ======'machine_var_audits_switches_s_e_iceman_target'====== Args={'value': 40, 'prev_value': None, 'change': True}
2025-09-24 14:39:46,331 : INFO : EventManager : Event: ======'machine_var_audits_switches_s_flight_gear_target'====== Args={'value': 6, 'prev_value': None, 'change': True}
2025-09-24 14:39:46,331 : INFO : EventManager : Event: ======'machine_var_audits_switches_s_flipper_left'====== Args={'value': 9, 'prev_value': None, 'change': True}
2025-09-24 14:39:46,333 : INFO : EventManager : Event: ======'machine_var_audits_switches_s_flipper_left_eos'====== Args={'value': 0, 'prev_value': None, 'change': True}
2025-09-24 14:39:46,333 : INFO : EventManager : Event: ======'machine_var_audits_switches_s_flipper_left_upper'====== Args={'value': 0, 'prev_value': None, 'change': True}
2025-09-24 14:39:46,333 : INFO : EventManager : Event: ======'machine_var_audits_switches_s_flipper_left_upper_eos'====== Args={'value': 0, 'prev_value': None, 'change': True}
2025-09-24 14:39:46,333 : INFO : EventManager : Event: ======'machine_var_audits_switches_s_flipper_right'====== Args={'value': 17, 'prev_value': None, 'change': True}
2025-09-24 14:39:46,333 : INFO : EventManager : Event: ======'machine_var_audits_switches_s_flipper_right_eos'====== Args={'value': 0, 'prev_value': None, 'change': True}
2025-09-24 14:39:46,333 : INFO : EventManager : Event: ======'machine_var_audits_switches_s_i_iceman_target'====== Args={'value': 2, 'prev_value': None, 'change': True}
2025-09-24 14:39:46,333 : INFO : EventManager : Event: ======'machine_var_audits_switches_s_inlane_left'====== Args={'value': 53, 'prev_value': None, 'change': True}
2025-09-24 14:39:46,333 : INFO : EventManager : Event: ======'machine_var_audits_switches_s_inner_inlane_right'====== Args={'value': 3, 'prev_value': None, 'change': True}
2025-09-24 14:39:46,333 : INFO : EventManager : Event: ======'machine_var_audits_switches_s_jam'====== Args={'value': 1, 'prev_value': None, 'change': True}
2025-09-24 14:39:46,333 : INFO : EventManager : Event: ======'machine_var_audits_switches_s_k_lock_target'====== Args={'value': 5, 'prev_value': None, 'change': True}
2025-09-24 14:39:46,333 : INFO : EventManager : Event: ======'machine_var_audits_switches_s_l_lock_target'====== Args={'value': 5, 'prev_value': None, 'change': True}
2025-09-24 14:39:46,333 : INFO : EventManager : Event: ======'machine_var_audits_switches_s_lane_left'====== Args={'value': 1, 'prev_value': None, 'change': True}
2025-09-24 14:39:46,333 : INFO : EventManager : Event: ======'machine_var_audits_switches_s_lane_right'====== Args={'value': 1, 'prev_value': None, 'change': True}
2025-09-24 14:39:46,333 : INFO : EventManager : Event: ======'machine_var_audits_switches_s_lock_goose'====== Args={'value': 0, 'prev_value': None, 'change': True}
2025-09-24 14:39:46,333 : INFO : EventManager : Event: ======'machine_var_audits_switches_s_lock_mav'====== Args={'value': 0, 'prev_value': None, 'change': True}
2025-09-24 14:39:46,333 : INFO : EventManager : Event: ======'machine_var_audits_switches_s_lock_plunger'====== Args={'value': 0, 'prev_value': None, 'change': True}
2025-09-24 14:39:46,333 : INFO : EventManager : Event: ======'machine_var_audits_switches_s_m_iceman_target'====== Args={'value': 25, 'prev_value': None, 'change': True}
2025-09-24 14:39:46,333 : INFO : EventManager : Event: ======'machine_var_audits_switches_s_mig_lane_left'====== Args={'value': 0, 'prev_value': None, 'change': True}
2025-09-24 14:39:46,333 : INFO : EventManager : Event: ======'machine_var_audits_switches_s_mig_lane_right'====== Args={'value': 0, 'prev_value': None, 'change': True}
2025-09-24 14:39:46,333 : INFO : EventManager : Event: ======'machine_var_audits_switches_s_mode_start'====== Args={'value': 0, 'prev_value': None, 'change': True}
2025-09-24 14:39:46,333 : INFO : EventManager : Event: ======'machine_var_audits_switches_s_n_iceman_target'====== Args={'value': 32, 'prev_value': None, 'change': True}
2025-09-24 14:39:46,333 : INFO : EventManager : Event: ======'machine_var_audits_switches_s_o_lock_target'====== Args={'value': 5, 'prev_value': None, 'change': True}
2025-09-24 14:39:46,333 : INFO : EventManager : Event: ======'machine_var_audits_switches_s_orbit_left'====== Args={'value': 7, 'prev_value': None, 'change': True}
2025-09-24 14:39:46,334 : INFO : EventManager : Event: ======'machine_var_audits_switches_s_orbit_lower'====== Args={'value': 0, 'prev_value': None, 'change': True}
2025-09-24 14:39:46,334 : INFO : EventManager : Event: ======'machine_var_audits_switches_s_orbit_right'====== Args={'value': 0, 'prev_value': None, 'change': True}
2025-09-24 14:39:46,334 : INFO : EventManager : Event: ======'machine_var_audits_switches_s_orbit_upper'====== Args={'value': 1, 'prev_value': None, 'change': True}
2025-09-24 14:39:46,334 : INFO : EventManager : Event: ======'machine_var_audits_switches_s_outer_inlane_right'====== Args={'value': 5, 'prev_value': None, 'change': True}
2025-09-24 14:39:46,334 : INFO : EventManager : Event: ======'machine_var_audits_switches_s_outlane_left'====== Args={'value': 0, 'prev_value': None, 'change': True}
2025-09-24 14:39:46,334 : INFO : EventManager : Event: ======'machine_var_audits_switches_s_outlane_right'====== Args={'value': 4, 'prev_value': None, 'change': True}
2025-09-24 14:39:46,334 : INFO : EventManager : Event: ======'machine_var_audits_switches_s_plunger_lane'====== Args={'value': 46, 'prev_value': None, 'change': True}
2025-09-24 14:39:46,334 : INFO : EventManager : Event: ======'machine_var_audits_switches_s_ramp_inner_exit'====== Args={'value': 0, 'prev_value': None, 'change': True}
2025-09-24 14:39:46,334 : INFO : EventManager : Event: ======'machine_var_audits_switches_s_ramp_left_exit'====== Args={'value': 0, 'prev_value': None, 'change': True}
2025-09-24 14:39:46,334 : INFO : EventManager : Event: ======'machine_var_audits_switches_s_ramp_right_exit'====== Args={'value': 0, 'prev_value': None, 'change': True}
2025-09-24 14:39:46,334 : INFO : EventManager : Event: ======'machine_var_audits_switches_s_ramp_tower_exit'====== Args={'value': 0, 'prev_value': None, 'change': True}
2025-09-24 14:39:46,334 : INFO : EventManager : Event: ======'machine_var_audits_switches_s_shooter_lane'====== Args={'value': 5, 'prev_value': None, 'change': True}
2025-09-24 14:39:46,334 : INFO : EventManager : Event: ======'machine_var_audits_switches_s_slingshot_left'====== Args={'value': 8, 'prev_value': None, 'change': True}
2025-09-24 14:39:46,334 : INFO : EventManager : Event: ======'machine_var_audits_switches_s_slingshot_right'====== Args={'value': 7, 'prev_value': None, 'change': True}
2025-09-24 14:39:46,334 : INFO : EventManager : Event: ======'machine_var_audits_switches_s_spinner'====== Args={'value': 0, 'prev_value': None, 'change': True}
2025-09-24 14:39:46,334 : INFO : EventManager : Event: ======'machine_var_audits_switches_s_start'====== Args={'value': 136, 'prev_value': None, 'change': True}
2025-09-24 14:39:46,334 : INFO : EventManager : Event: ======'machine_var_audits_switches_s_tilt'====== Args={'value': 0, 'prev_value': None, 'change': True}
2025-09-24 14:39:46,334 : INFO : EventManager : Event: ======'machine_var_audits_switches_s_trough_1'====== Args={'value': 2, 'prev_value': None, 'change': True}
2025-09-24 14:39:46,334 : INFO : EventManager : Event: ======'machine_var_audits_switches_s_trough_2'====== Args={'value': 1, 'prev_value': None, 'change': True}
2025-09-24 14:39:46,334 : INFO : EventManager : Event: ======'machine_var_audits_switches_s_trough_3'====== Args={'value': 1, 'prev_value': None, 'change': True}
2025-09-24 14:39:46,334 : INFO : EventManager : Event: ======'machine_var_audits_switches_s_trough_4'====== Args={'value': 0, 'prev_value': None, 'change': True}
2025-09-24 14:39:46,334 : INFO : EventManager : Event: ======'machine_var_audits_switches_s_trough_5'====== Args={'value': 0, 'prev_value': None, 'change': True}
2025-09-24 14:39:46,334 : INFO : EventManager : Event: ======'machine_var_audits_switches_s_trough_6'====== Args={'value': 62, 'prev_value': None, 'change': True}
2025-09-24 14:39:46,335 : INFO : EventManager : Event: ======'init_phase_5'====== Args={}
2025-09-24 14:39:46,335 : INFO : EventManager : Event: ======'init_done'====== Args={}
2025-09-24 14:39:46,335 : INFO : EventManager : Event: ======'machine_reset_phase_1'====== Args={}
2025-09-24 14:39:46,348 : INFO : EventManager : Event: ======'machine_reset_phase_2'====== Args={}
2025-09-24 14:39:46,348 : INFO : EventManager : Event: ======'machine_reset_phase_3'====== Args={}
2025-09-24 14:39:46,348 : INFO : EventManager : Event: ======'reset_complete'====== Args={}
2025-09-24 14:39:46,348 : INFO : EventManager : Event: ======'mode_attract_will_start'====== Args={}
2025-09-24 14:39:46,350 : INFO : Timer.attract_carousel_timer : Starting Timer.
2025-09-24 14:39:46,350 : INFO : EventManager : Event: ======'timer_attract_carousel_timer_started'====== Args={'ticks': 0, 'ticks_remaining': 1}
2025-09-24 14:39:46,350 : INFO : EventManager : Event: ======'timer_attract_carousel_timer_tick'====== Args={'ticks': 0, 'ticks_remaining': 1}
2025-09-24 14:39:46,351 : INFO : EventManager : Event: ======'mode_attract_starting'====== Args={}
2025-09-24 14:39:46,351 : INFO : Mode.attract : Started. Priority: 10
2025-09-24 14:39:46,351 : INFO : EventManager : Event: ======'modes_active_modes_changed'====== Args={}
2025-09-24 14:39:46,351 : INFO : EventManager : Event: ======'mode_attract_started'====== Args={}
2025-09-24 14:39:46,351 : INFO : EventManager : Event: ======'attract_cycle_step1'====== Args={'priority': 0}
2025-09-24 14:39:46,352 : INFO : EventManager : Event: ======'collecting_balls_complete'====== Args={}
2025-09-24 14:39:46,352 : INFO : EventManager : Event: ======'item_highlighted'====== Args={'carousel': 'attract', 'direction': None, 'item': 'title'}
2025-09-24 14:39:46,352 : INFO : EventManager : Event: ======'timer_attract_carousel_timer_tick'====== Args={'ticks': 0, 'ticks_remaining': 1}
2025-09-24 14:39:46,353 : INFO : Machine : Starting the main run loop with active modes: [<Mode.attract>]
2025-09-24 14:39:46,433 : INFO : EventManager : Event: ======'slide_attract_created'====== Args={'_from_bcp': True}
2025-09-24 14:39:46,433 : INFO : EventManager : Event: ======'slide__removed'====== Args={'_from_bcp': True}
2025-09-24 14:39:46,434 : INFO : EventManager : Event: ======'slide_attract_active'====== Args={'original_context': 'attract', 'original_calling_context': 'mode_attract_started', 'priority': 10.0, 'cmd': 'slides_play', '_from_bcp': True}
2025-09-24 14:39:46,579 : INFO : BcpServer : New client connected.
2025-09-24 14:39:51,960 : INFO : SwitchController : <<<<<<< 's_start' active >>>>>>>
2025-09-24 14:39:52,071 : INFO : SwitchController : <<<<<<< 's_start' inactive >>>>>>>
2025-09-24 14:39:52,071 : INFO : EventManager : Event: ======'request_to_start_game'====== Args={}
2025-09-24 14:39:52,075 : INFO : EventManager : Event: ======'game_start'====== Args={'buttons': [], 'hold_time': 0.10900000000401633}
2025-09-24 14:39:52,075 : INFO : EventManager : Event: ======'mode_game_will_start'====== Args={'buttons': [], 'hold_time': 0.10900000000401633}
2025-09-24 14:39:52,076 : INFO : EventManager : Event: ======'mode_game_starting'====== Args={'buttons': [], 'hold_time': 0.10900000000401633}
2025-09-24 14:39:52,076 : INFO : EventManager : Event: ======'mode_attract_will_stop'====== Args={}
2025-09-24 14:39:52,076 : INFO : EventManager : Event: ======'mode_attract_stopping'====== Args={}
2025-09-24 14:39:52,077 : INFO : Mode.game : Started. Priority: 20
2025-09-24 14:39:52,077 : INFO : EventManager : Event: ======'modes_active_modes_changed'====== Args={}
2025-09-24 14:39:52,077 : INFO : EventManager : Event: ======'mode_game_started'====== Args={'buttons': [], 'hold_time': 0.10900000000401633}
2025-09-24 14:39:52,078 : INFO : Mode.attract : Stopped.
2025-09-24 14:39:52,078 : INFO : EventManager : Event: ======'modes_active_modes_changed'====== Args={}
2025-09-24 14:39:52,079 : INFO : EventManager : Event: ======'mode_attract_stopped'====== Args={}
2025-09-24 14:39:52,079 : INFO : EventManager : Event: ======'clear'====== Args={'key': 'attract'}
2025-09-24 14:39:52,079 : INFO : Timer.attract_carousel_timer : Stopping Timer
2025-09-24 14:39:52,079 : INFO : EventManager : Event: ======'timer_attract_carousel_timer_stopped'====== Args={'ticks': 0, 'ticks_remaining': 1}
2025-09-24 14:39:52,079 : INFO : EventManager : Event: ======'game_will_start'====== Args={}
2025-09-24 14:39:52,080 : INFO : EventManager : Event: ======'game_starting'====== Args={'game': <Mode.game>}
2025-09-24 14:39:52,084 : INFO : EventManager : Unordered handler for class <Auditor> on event game_ended with priority 1. Handlers: [RegisteredHandler(callback=<bound method Auditor.disable of <Auditor>>, priority=1, kwargs={}, key=UUID('61975bff-cf7b-4d18-9428-697fd32c2123'), condition=None, blocking_facility=None), RegisteredHandler(callback=<bound method Auditor._save_audits of <Auditor>>, priority=1, kwargs={}, key=UUID('59e8ed22-18a2-4b8b-b529-9e6065e946cc'), condition=None, blocking_facility=None)]. The order of those handlers is not defined and they will be executed in random order. This might lead to race conditions and potential bugs.
2025-09-24 14:39:52,084 : INFO : EventManager : Event: ======'player_add_request'====== Args={}
2025-09-24 14:39:52,085 : INFO : EventManager : Event: ======'player_will_add'====== Args={'number': 1}
2025-09-24 14:39:52,085 : INFO : EventManager : Event: ======'player_adding'====== Args={'player': <Player 1>, 'number': 1}
2025-09-24 14:39:52,085 : INFO : EventManager : Event: ======'player_added'====== Args={'player': <Player 1>, 'num': 1}
2025-09-24 14:39:52,085 : INFO : Mode.game : Player added successfully. Total players: 1
2025-09-24 14:39:52,086 : INFO : EventManager : Event: ======'player_index'====== Args={'value': 0, 'prev_value': 0, 'change': 0, 'player_num': 1}
2025-09-24 14:39:52,086 : INFO : EventManager : Event: ======'player_number'====== Args={'value': 1, 'prev_value': 1, 'change': 0, 'player_num': 1}
2025-09-24 14:39:52,086 : INFO : EventManager : Event: ======'player_score'====== Args={'value': 0, 'prev_value': 0, 'change': 0, 'player_num': 1}
2025-09-24 14:39:52,087 : INFO : EventManager : Event: ======'game_started'====== Args={}
2025-09-24 14:39:52,088 : INFO : EventManager : Event: ======'player_turn_will_start'====== Args={'player': <Player 1>, 'number': 1}
2025-09-24 14:39:52,089 : INFO : EventManager : Event: ======'player_turn_starting'====== Args={'player': <Player 1>, 'number': 1}
2025-09-24 14:39:52,089 : INFO : EventManager : Event: ======'player_ball'====== Args={'value': 1, 'prev_value': 0, 'change': 1, 'player_num': 1}
2025-09-24 14:39:52,095 : INFO : EventManager : Event: ======'player_turn_started'====== Args={'player': <Player 1>, 'number': 1}
2025-09-24 14:39:52,097 : INFO : EventManager : Event: ======'ui_player_1_up'====== Args={'priority': 0}
2025-09-24 14:39:52,097 : INFO : EventManager : Event: ======'ball_will_start'====== Args={'player': 1, 'ball': 1, 'balls_remaining': 2, 'is_extra_ball': False}
2025-09-24 14:39:52,098 : INFO : EventManager : Event: ======'ball_starting'====== Args={'player': 1, 'ball': 1, 'balls_remaining': 2, 'is_extra_ball': False}
2025-09-24 14:39:52,098 : INFO : EventManager : Event: ======'mode_base_will_start'====== Args={'queue': <QueuedEvent>, 'player': 1, 'ball': 1, 'balls_remaining': 2, 'is_extra_ball': False}
2025-09-24 14:39:52,100 : INFO : EventManager : Event: ======'mode_base_starting'====== Args={'queue': <QueuedEvent>, 'player': 1, 'ball': 1, 'balls_remaining': 2, 'is_extra_ball': False}
2025-09-24 14:39:52,101 : INFO : Mode.base : Started. Priority: 100
2025-09-24 14:39:52,101 : INFO : EventManager : Event: ======'modes_active_modes_changed'====== Args={}
2025-09-24 14:39:52,101 : INFO : EventManager : Event: ======'mode_base_started'====== Args={'queue': <QueuedEvent>, 'player': 1, 'ball': 1, 'balls_remaining': 2, 'is_extra_ball': False}
2025-09-24 14:39:52,101 : INFO : EventManager : Event: ======'start_mode_bumpers'====== Args={'priority': 0}
2025-09-24 14:39:52,101 : INFO : EventManager : Event: ======'mode_bumpers_will_start'====== Args={'priority': 0}
2025-09-24 14:39:52,102 : INFO : EventManager : Event: ======'player_shot_bumper_left_enabled'====== Args={'value': True, 'prev_value': 0, 'change': 1, 'player_num': 1}
2025-09-24 14:39:52,102 : INFO : EventManager : Event: ======'player_shot_bumper_center_enabled'====== Args={'value': True, 'prev_value': 0, 'change': 1, 'player_num': 1}
2025-09-24 14:39:52,102 : INFO : EventManager : Event: ======'player_shot_bumper_right_enabled'====== Args={'value': True, 'prev_value': 0, 'change': 1, 'player_num': 1}
2025-09-24 14:39:52,103 : INFO : EventManager : Event: ======'bumpers_complete'====== Args={'state': 'unlit'}
2025-09-24 14:39:52,103 : INFO : EventManager : Event: ======'bumpers_unlit_complete'====== Args={}
2025-09-24 14:39:52,104 : INFO : EventManager : Event: ======'mode_bumpers_starting'====== Args={'priority': 0}
2025-09-24 14:39:52,104 : INFO : Mode.bumpers : Started. Priority: 200
2025-09-24 14:39:52,104 : INFO : EventManager : Event: ======'modes_active_modes_changed'====== Args={}
2025-09-24 14:39:52,104 : INFO : EventManager : Event: ======'mode_bumpers_started'====== Args={'priority': 0}
2025-09-24 14:39:52,105 : INFO : EventManager : Event: ======'balls_in_play'====== Args={'balls': 1}
2025-09-24 14:39:52,105 : INFO : EventManager : Event: ======'ball_started'====== Args={'player': 1, 'ball': 1, 'balls_remaining': 2, 'is_extra_ball': False}
2025-09-24 14:39:52,107 : INFO : EventManager : Event: ======'single_player_ball_started'====== Args={}
2025-09-24 14:39:52,107 : INFO : EventManager : Event: ======'ball_start_target'====== Args={'target': 'playfield'}
2025-09-24 14:39:52,108 : INFO : ball_device.bd_plunger : Setting up player-controlled eject. Balls: 1, Target: <playfield.playfield>, player_controlled_eject_event: None
2025-09-24 14:39:52,108 : INFO : EventManager : Event: ======'balldevice_balls_available'====== Args={}
2025-09-24 14:39:52,109 : INFO : ball_device.bd_trough : State: waiting_for_target_ready
2025-09-24 14:39:52,109 : INFO : EventManager : Event: ======'balldevice_bd_trough_ball_eject_attempt'====== Args={'balls': 1, 'target': <ball_device.bd_plunger>, 'source': <ball_device.bd_trough>, 'mechanical_eject': True, 'num_attempts': 0}
2025-09-24 14:39:52,109 : INFO : ball_device.bd_plunger : State: waiting_for_ball
2025-09-24 14:39:52,110 : INFO : ball_device.bd_trough : State: ejecting
2025-09-24 14:39:52,110 : INFO : ball_device.bd_trough : Ejecting ball to <ball_device.bd_plunger>
2025-09-24 14:39:52,110 : INFO : EventManager : Event: ======'balldevice_bd_trough_ejecting_ball'====== Args={'balls': 1, 'target': <ball_device.bd_plunger>, 'source': <ball_device.bd_trough>, 'mechanical_eject': True, 'num_attempts': 0}
2025-09-24 14:39:52,112 : INFO : ball_device.bd_trough : Wait for ball to leave device
2025-09-24 14:39:52,112 : INFO : coil.c_trough_eject : Pulsing Driver for 10ms (0.75 pulse_power)
2025-09-24 14:39:52,184 : INFO : EventManager : Event: ======'slide_base_slide_created'====== Args={'_from_bcp': True}
2025-09-24 14:39:52,185 : INFO : EventManager : Event: ======'slide_attract_inactive'====== Args={'is_removing': True, '_from_bcp': True}
2025-09-24 14:39:52,186 : INFO : EventManager : Event: ======'slide_base_slide_active'====== Args={'original_context': 'base', 'original_calling_context': 'mode_base_started', 'priority': 100.0, 'queue': '<QueuedEvent>', 'player': 1.0, 'ball': 1.0, 'balls_remaining': 2.0, 'is_extra_ball': False, 'cmd': 'slides_play', '_from_bcp': True}
2025-09-24 14:39:52,189 : INFO : EventManager : Event: ======'slide_attract_removed'====== Args={'_from_bcp': True}
2025-09-24 14:39:54,168 : INFO : SwitchController : <<<<<<< 's_trough_6' inactive >>>>>>>
2025-09-24 14:39:54,169 : INFO : ball_device.bd_trough : State: ball_left
2025-09-24 14:39:54,169 : INFO : ball_device.bd_trough : Ball left
2025-09-24 14:39:54,169 : INFO : ball_device.bd_trough : Wait for confirm with timeout 3.0
2025-09-24 14:39:55,295 : INFO : SwitchController : <<<<<<< 's_shooter_lane' active >>>>>>>
2025-09-24 14:39:55,295 : INFO : EventManager : Event: ======'s_shooter_lane_active'====== Args={}
2025-09-24 14:39:55,295 : INFO : EventManager : Event: ======'machine_var_audits_switches_s_shooter_lane'====== Args={'value': 6, 'prev_value': 5, 'change': 1}
2025-09-24 14:39:55,296 : INFO : EventManager : Event: ======'mode_skillshot_will_start'====== Args={}
2025-09-24 14:39:55,296 : ERROR : asyncio : Exception in callback EventManager.process_event_queue()
handle: <Handle EventManager.process_event_queue()>
Traceback (most recent call last):
  File "C:\Users\White\mpf\Lib\site-packages\mpf\core\events.py", line 755, in _run_handlers
    result = handler.callback(**merged_kwargs)
             ^^^^^^^^^^^^^^^^^^^^^^^^^^^^^^^^^
  File "C:\Users\White\mpf\Lib\site-packages\mpf\core\mode.py", line 198, in start
    self._add_mode_devices()
  File "C:\Users\White\mpf\Lib\site-packages\mpf\core\mode.py", line 403, in _add_mode_devices
    raise AssertionError("Device {} cannot exist in non game-mode {}.".format(
AssertionError: Device <shot.mig_lane_left> cannot exist in non game-mode skillshot.

The above exception was the direct cause of the following exception:

Traceback (most recent call last):
  File "C:\Users\White\AppData\Local\Programs\Python\Python312\Lib\asyncio\events.py", line 88, in _run
    self._context.run(self._callback, *self._args)
  File "C:\Users\White\mpf\Lib\site-packages\mpf\core\events.py", line 846, in process_event_queue
    self._process_event(event=event[0],
  File "C:\Users\White\mpf\Lib\site-packages\mpf\core\events.py", line 808, in _process_event
    result = self._run_handlers(event, ev_type, kwargs)
             ^^^^^^^^^^^^^^^^^^^^^^^^^^^^^^^^^^^^^^^^^^
  File "C:\Users\White\mpf\Lib\site-packages\mpf\core\events.py", line 757, in _run_handlers
    raise EventHandlerException(
mpf.core.events.EventHandlerException: Exception while processing RegisteredHandler(callback=<bound method Mode.start of <Mode.skillshot>>, priority=100, kwargs={}, key=UUID('ccf73bbf-dbf8-47ac-938e-97e4b968fc2a'), condition=None, blocking_facility=None) for event s_shooter_lane_active. Device <shot.mig_lane_left> cannot exist in non game-mode skillshot.
2025-09-24 14:39:55,307 : INFO : Machine : Shutting down...
2025-09-24 14:39:55,307 : INFO : EventManager : Event: ======'shutdown'====== Args={}
2025-09-24 14:39:55,309 : INFO : EventManager : Event: ======'mode_game_will_stop'====== Args={}
2025-09-24 14:39:55,309 : INFO : EventManager : Event: ======'mode_game_stopping'====== Args={}
2025-09-24 14:39:55,310 : INFO : EventManager : Event: ======'mode_base_will_stop'====== Args={}
2025-09-24 14:39:55,310 : INFO : EventManager : Event: ======'mode_base_stopping'====== Args={}
2025-09-24 14:39:55,310 : INFO : EventManager : Event: ======'mode_bumpers_will_stop'====== Args={}
2025-09-24 14:39:55,310 : INFO : EventManager : Event: ======'mode_bumpers_stopping'====== Args={}
2025-09-24 14:39:55,310 : INFO : EventManager : Event: ======'stop_mode_bumpers'====== Args={'priority': 0}
2025-09-24 14:39:55,311 : INFO : Mode.bumpers : Stopped.
2025-09-24 14:39:55,311 : INFO : EventManager : Event: ======'modes_active_modes_changed'====== Args={}
2025-09-24 14:39:55,311 : INFO : EventManager : Event: ======'mode_bumpers_stopped'====== Args={}
2025-09-24 14:39:55,311 : INFO : EventManager : Event: ======'clear'====== Args={'key': 'bumpers'}
2025-09-24 14:39:55,311 : INFO : Mode.base : Stopped.
2025-09-24 14:39:55,311 : INFO : EventManager : Event: ======'modes_active_modes_changed'====== Args={}
2025-09-24 14:39:55,311 : INFO : EventManager : Event: ======'mode_base_stopped'====== Args={}
2025-09-24 14:39:55,312 : INFO : EventManager : Event: ======'clear'====== Args={'key': 'base'}
2025-09-24 14:39:55,312 : INFO : Mode.game : Stopped.
2025-09-24 14:39:55,312 : INFO : EventManager : Event: ======'modes_active_modes_changed'====== Args={}
2025-09-24 14:39:55,312 : INFO : EventManager : Event: ======'mode_game_stopped'====== Args={}
2025-09-24 14:39:55,312 : INFO : EventManager : Event: ======'clear'====== Args={'key': 'game'}
2025-09-24 14:39:55,316 : ERROR : Machine : Runtime Exception
Traceback (most recent call last):
  File "C:\Users\White\mpf\Lib\site-packages\mpf\core\events.py", line 755, in _run_handlers
    result = handler.callback(**merged_kwargs)
             ^^^^^^^^^^^^^^^^^^^^^^^^^^^^^^^^^
  File "C:\Users\White\mpf\Lib\site-packages\mpf\core\mode.py", line 198, in start
    self._add_mode_devices()
  File "C:\Users\White\mpf\Lib\site-packages\mpf\core\mode.py", line 403, in _add_mode_devices
    raise AssertionError("Device {} cannot exist in non game-mode {}.".format(
AssertionError: Device <shot.mig_lane_left> cannot exist in non game-mode skillshot.

The above exception was the direct cause of the following exception:

Traceback (most recent call last):
  File "C:\Users\White\mpf\Lib\site-packages\mpf\core\machine.py", line 808, in _run_loop
    raise self._exception['exception']
  File "C:\Users\White\AppData\Local\Programs\Python\Python312\Lib\asyncio\events.py", line 88, in _run
    self._context.run(self._callback, *self._args)
  File "C:\Users\White\mpf\Lib\site-packages\mpf\core\events.py", line 846, in process_event_queue
    self._process_event(event=event[0],
  File "C:\Users\White\mpf\Lib\site-packages\mpf\core\events.py", line 808, in _process_event
    result = self._run_handlers(event, ev_type, kwargs)
             ^^^^^^^^^^^^^^^^^^^^^^^^^^^^^^^^^^^^^^^^^^
  File "C:\Users\White\mpf\Lib\site-packages\mpf\core\events.py", line 757, in _run_handlers
    raise EventHandlerException(
mpf.core.events.EventHandlerException: Exception while processing RegisteredHandler(callback=<bound method Mode.start of <Mode.skillshot>>, priority=100, kwargs={}, key=UUID('ccf73bbf-dbf8-47ac-938e-97e4b968fc2a'), condition=None, blocking_facility=None) for event s_shooter_lane_active. Device <shot.mig_lane_left> cannot exist in non game-mode skillshot.
2025-09-24 14:39:55,318 : INFO : root : MPF run loop ended.
