2025-11-20 08:44:54,342 : INFO : root : Loading config.
2025-11-20 08:44:54,348 : INFO : YamlMultifileConfigLoader : Machine config file #1: config.yaml
2025-11-20 08:44:54,348 : INFO : ConfigProcessor : Loading config from cache: C:\Users\White\AppData\Local\Temp\4d2409115979d2066280cf8a522910f3.mpf_cache
2025-11-20 08:44:54,465 : INFO : ConfigProcessor : Loading config from cache: C:\Users\White\AppData\Local\Temp\e29f700f4dd412c341ced84fe54a834e.mpf_cache
2025-11-20 08:44:54,466 : INFO : ConfigProcessor : Loading config from cache: C:\Users\White\AppData\Local\Temp\91cc4d1c993c58dc354e34974b9cfeac.mpf_cache
2025-11-20 08:44:54,467 : INFO : ConfigProcessor : Loading config from cache: C:\Users\White\AppData\Local\Temp\153a6f35d2fbc89e8611fc222f5041e6.mpf_cache
2025-11-20 08:44:54,467 : INFO : ConfigProcessor : Loading config from cache: C:\Users\White\AppData\Local\Temp\e29f700f4dd412c341ced84fe54a834e.mpf_cache
2025-11-20 08:44:54,468 : INFO : ConfigProcessor : Loading config from cache: C:\Users\White\AppData\Local\Temp\3424101e418333c494b4f7abb38a6bbc.mpf_cache
2025-11-20 08:44:54,469 : INFO : ConfigProcessor : Loading config from cache: C:\Users\White\AppData\Local\Temp\2baac919e756d495657c096c87a61da2.mpf_cache
2025-11-20 08:44:54,470 : INFO : ConfigProcessor : Loading config from cache: C:\Users\White\AppData\Local\Temp\515c33aaf7882d3e576ea3c42b7bfe2a.mpf_cache
2025-11-20 08:44:54,470 : INFO : ConfigProcessor : Loading config from cache: C:\Users\White\AppData\Local\Temp\928267ba5ce09cfb7bef110abe29482e.mpf_cache
2025-11-20 08:44:54,471 : INFO : ConfigProcessor : Loading config from cache: C:\Users\White\AppData\Local\Temp\143f2aa6ea6c447c37835b1fcf1e2392.mpf_cache
2025-11-20 08:44:54,472 : INFO : ConfigProcessor : Loading config from cache: C:\Users\White\AppData\Local\Temp\32a647433343f2a8dbd97369798bc91c.mpf_cache
2025-11-20 08:44:54,472 : INFO : ConfigProcessor : Loading config from cache: C:\Users\White\AppData\Local\Temp\fcd858616785c392a2718eef83d6bdec.mpf_cache
2025-11-20 08:44:54,473 : INFO : ConfigProcessor : Loading config from cache: C:\Users\White\AppData\Local\Temp\bc528c0552a0292e8ecb958c9df9be52.mpf_cache
2025-11-20 08:44:54,474 : INFO : ConfigProcessor : Loading config from cache: C:\Users\White\AppData\Local\Temp\079d5d4f78adbdc9511df3472695879d.mpf_cache
2025-11-20 08:44:54,475 : INFO : ConfigProcessor : Loading config from cache: C:\Users\White\AppData\Local\Temp\3d7624af3136b167d055570c605d2391.mpf_cache
2025-11-20 08:44:54,476 : INFO : ConfigProcessor : Loading config from cache: C:\Users\White\AppData\Local\Temp\cbf9c95ed33e797787d40a3c26fb1f29.mpf_cache
2025-11-20 08:44:54,477 : INFO : ConfigProcessor : Loading config from cache: C:\Users\White\AppData\Local\Temp\0f477732e86fa3539be0c16808cbc3a4.mpf_cache
2025-11-20 08:44:54,479 : INFO : ConfigProcessor : Loading config from cache: C:\Users\White\AppData\Local\Temp\5252be9889d0ea92e9251ccb139bb96e.mpf_cache
2025-11-20 08:44:54,482 : INFO : ConfigProcessor : Loading config from cache: C:\Users\White\AppData\Local\Temp\bbd12103fd66360c81da95fa3b5d5cac.mpf_cache
2025-11-20 08:44:54,485 : INFO : ConfigProcessor : Loading config from cache: C:\Users\White\AppData\Local\Temp\aecbb0084a39aaddc8e1af6d86d05e57.mpf_cache
2025-11-20 08:44:54,487 : INFO : ConfigProcessor : Loading config from cache: C:\Users\White\AppData\Local\Temp\a64c515fc9f6d1ba4d043d8acedc61d8.mpf_cache
2025-11-20 08:44:54,488 : INFO : ConfigProcessor : Loading config from cache: C:\Users\White\AppData\Local\Temp\157e473ad106aaf7621d4ff67f908349.mpf_cache
2025-11-20 08:44:54,491 : INFO : ConfigProcessor : Loading config from cache: C:\Users\White\AppData\Local\Temp\b42daedb456e388e83b54e0791e694a7.mpf_cache
2025-11-20 08:44:54,492 : INFO : ConfigProcessor : Loading config from cache: C:\Users\White\AppData\Local\Temp\faf1d2b55b8b754be547ffd9950d5977.mpf_cache
2025-11-20 08:44:54,495 : INFO : ConfigProcessor : Loading config from cache: C:\Users\White\AppData\Local\Temp\881befc175503515b6a677d4b92fd8f6.mpf_cache
2025-11-20 08:44:54,499 : INFO : ConfigProcessor : Loading config from cache: C:\Users\White\AppData\Local\Temp\e02fdb456b236b981c3cd16c62d08cdd.mpf_cache
2025-11-20 08:44:54,501 : INFO : ConfigProcessor : Loading config from cache: C:\Users\White\AppData\Local\Temp\60f49b772835308c8a63a813f3984bd2.mpf_cache
2025-11-20 08:44:54,502 : INFO : ConfigProcessor : Loading config from cache: C:\Users\White\AppData\Local\Temp\b44eabe64ef7d1af51d3871ffce6e8a0.mpf_cache
2025-11-20 08:44:54,504 : INFO : ConfigProcessor : Loading config from cache: C:\Users\White\AppData\Local\Temp\c53f4b0025ffe033d8b4913dcf5d894f.mpf_cache
2025-11-20 08:44:54,506 : INFO : ConfigProcessor : Loading config from cache: C:\Users\White\AppData\Local\Temp\859a13897bab67859dc37e71c8deb7f3.mpf_cache
2025-11-20 08:44:54,506 : INFO : ConfigProcessor : Loading config from cache: C:\Users\White\AppData\Local\Temp\1df928f99f2fd0a162eaba4dfecade40.mpf_cache
2025-11-20 08:44:54,507 : INFO : ConfigProcessor : Loading config from cache: C:\Users\White\AppData\Local\Temp\79c411a388f93dc9361da8ba68c71f8b.mpf_cache
2025-11-20 08:44:54,509 : INFO : ConfigProcessor : Loading config from cache: C:\Users\White\AppData\Local\Temp\a2e6743439269288443fc316af74c4e3.mpf_cache
2025-11-20 08:44:54,510 : INFO : ConfigProcessor : Loading config from cache: C:\Users\White\AppData\Local\Temp\806e2c11867b05313045539710e5cf3e.mpf_cache
2025-11-20 08:44:54,511 : INFO : ConfigProcessor : Loading config from cache: C:\Users\White\AppData\Local\Temp\d4cc51f9996852dab0efd4baeb323b9c.mpf_cache
2025-11-20 08:44:54,512 : INFO : Machine : Mission Pinball Framework Core Engine v0.80.0.dev9
2025-11-20 08:44:54,512 : INFO : Machine : Command line arguments: {'no_load_cache': False, 'create_config_cache': True, 'bcp': True, 'configfile': ['config.yaml'], 'force_assets_load': False, 'platform_integration_test': False, 'jsonlogging': False, 'logfile': 'logs\\2025-11-20-08-44-54-mpf-TopGunPinball.log', 'pause': False, 'production': False, 'text_ui': False, 'loglevel': 15, 'consoleloglevel': 20, 'force_platform': 'virtual', 'syslog_address': None, 'full_logfile_path': 'C:\\Users\\White\\documents\\Top_Gun_Pinball\\logs\\2025-11-20-08-44-54-mpf-TopGunPinball.log'}
2025-11-20 08:44:54,512 : INFO : Machine : MPF path: C:\Users\White\mpf\Lib\site-packages\mpf
2025-11-20 08:44:54,512 : INFO : Machine : Machine path: C:\Users\White\documents\Top_Gun_Pinball
2025-11-20 08:44:54,512 : INFO : Machine : Platform: win32
2025-11-20 08:44:54,512 : INFO : Machine : Python executable location: C:\Users\White\mpf\Scripts\python.exe
2025-11-20 08:44:54,512 : INFO : Machine : Python version: 3.12.7 (64-bit)
2025-11-20 08:44:54,515 : INFO : Machine : Initializing MPF...
2025-11-20 08:44:54,609 : INFO : EventManager : Event: ======'machine_var_credits_string'====== Args={'value': 'FREE PLAY', 'prev_value': None, 'change': True}
2025-11-20 08:44:54,639 : INFO : EventManager : Event: ======'machine_var_master_volume'====== Args={'value': 0.5, 'prev_value': None, 'change': True}
2025-11-20 08:44:54,639 : INFO : EventManager : Event: ======'machine_var_player1_score'====== Args={'value': 310250, 'prev_value': None, 'change': True}
2025-11-20 08:44:54,639 : INFO : EventManager : Event: ======'machine_var_mpf_version'====== Args={'value': 'Mission Pinball Framework v0.80.0.dev9', 'prev_value': None, 'change': True}
2025-11-20 08:44:54,639 : INFO : EventManager : Event: ======'machine_var_mpf_extended_version'====== Args={'value': 'Mission Pinball Framework v0.80.0.dev9, Config version:6, Show version: 6, BCP version:1.1', 'prev_value': None, 'change': True}
2025-11-20 08:44:54,640 : INFO : EventManager : Event: ======'machine_var_python_version'====== Args={'value': '3.12.7', 'prev_value': None, 'change': True}
2025-11-20 08:44:54,756 : INFO : EventManager : Event: ======'machine_var_platform'====== Args={'value': 'Windows-11-10.0.26100-SP0', 'prev_value': None, 'change': True}
2025-11-20 08:44:54,756 : INFO : EventManager : Event: ======'machine_var_platform_system'====== Args={'value': 'Windows', 'prev_value': None, 'change': True}
2025-11-20 08:44:54,756 : INFO : EventManager : Event: ======'machine_var_platform_release'====== Args={'value': '11', 'prev_value': None, 'change': True}
2025-11-20 08:44:54,756 : INFO : EventManager : Event: ======'machine_var_platform_version'====== Args={'value': '10.0.26100', 'prev_value': None, 'change': True}
2025-11-20 08:44:54,756 : INFO : EventManager : Event: ======'machine_var_platform_machine'====== Args={'value': 'AMD64', 'prev_value': None, 'change': True}
2025-11-20 08:44:54,756 : INFO : EventManager : Event: ======'machine_var_log_file_path'====== Args={'value': 'C:\\Users\\White\\documents\\Top_Gun_Pinball\\logs\\2025-11-20-08-44-54-mpf-TopGunPinball.log', 'prev_value': None, 'change': True}
2025-11-20 08:44:54,756 : INFO : EventManager : Event: ======'init_phase_1'====== Args={}
2025-11-20 08:44:54,816 : INFO : EventManager : Event: ======'init_phase_2'====== Args={}
2025-11-20 08:44:54,817 : INFO : SwitchController : Found active switch: ('playfield_board_lower-3208-0', <Platform.Virtual>) <switch.s_trough_1>
2025-11-20 08:44:54,817 : INFO : SwitchController : Found active switch: ('playfield_board_lower-3208-1', <Platform.Virtual>) <switch.s_trough_2>
2025-11-20 08:44:54,817 : INFO : SwitchController : Found active switch: ('playfield_board_lower-3208-2', <Platform.Virtual>) <switch.s_trough_3>
2025-11-20 08:44:54,817 : INFO : SwitchController : Found active switch: ('playfield_board_lower-3208-3', <Platform.Virtual>) <switch.s_trough_4>
2025-11-20 08:44:54,817 : INFO : SwitchController : Found active switch: ('playfield_board_lower-3208-4', <Platform.Virtual>) <switch.s_trough_5>
2025-11-20 08:44:54,817 : INFO : SwitchController : Found active switch: ('playfield_board_lower-3208-5', <Platform.Virtual>) <switch.s_trough_6>
2025-11-20 08:44:54,910 : INFO : EventManager : Event: ======'bcp_connection_attempt'====== Args={'name': 'local_display', 'host': 'localhost', 'port': 5050}
2025-11-20 08:44:54,912 : INFO : BCPClientSocket : Connecting BCP to 'local_display' at localhost:5050...
2025-11-20 08:44:54,922 : INFO : BCPClientSocket : Connected BCP to 'local_display' localhost:5050
2025-11-20 08:44:54,924 : INFO : EventManager : Event: ======'bcp_clients_connected'====== Args={}
2025-11-20 08:44:54,924 : INFO : ball_device.bd_plunger : BCH: Initial count: 0
2025-11-20 08:44:54,924 : INFO : ball_device.bd_plunger : State: idle
2025-11-20 08:44:54,925 : INFO : ball_device.bd_trough : BCH: Initial count: 6
2025-11-20 08:44:54,925 : INFO : ball_device.bd_trough : State: idle
2025-11-20 08:44:54,925 : INFO : ball_device.bd_lock_elevator : BCH: Initial count: 0
2025-11-20 08:44:54,925 : INFO : ball_device.bd_lock_elevator : State: idle
2025-11-20 08:44:54,926 : INFO : ball_device.bd_mode_scoop : BCH: Initial count: 0
2025-11-20 08:44:54,926 : INFO : ball_device.bd_mode_scoop : State: idle
2025-11-20 08:44:54,942 : INFO : EventManager : Event: ======'init_phase_3'====== Args={}
2025-11-20 08:44:56,216 : INFO : EventManager : Event: ======'init_phase_4'====== Args={}
2025-11-20 08:44:56,216 : INFO : BallController : Initial balls found: 6
2025-11-20 08:44:56,217 : ERROR : asyncio : Task exception was never retrieved
future: <Task finished name='Task-242' coro=<BcpServer.start() done, defined at C:\Users\White\mpf\Lib\site-packages\mpf\core\bcp\bcp_server.py:23> exception=MpfRuntimeError('Failed to bind BCP Socket to 127.0.0.1 on port 5051. Is there another application running on that port?')>
Traceback (most recent call last):
  File "C:\Users\White\mpf\Lib\site-packages\mpf\core\bcp\bcp_server.py", line 26, in start
    self._server = await self.machine.clock.start_server(
                   ^^^^^^^^^^^^^^^^^^^^^^^^^^^^^^^^^^^^^^
  File "C:\Users\White\AppData\Local\Programs\Python\Python312\Lib\asyncio\streams.py", line 84, in start_server
    return await loop.create_server(factory, host, port, **kwds)
           ^^^^^^^^^^^^^^^^^^^^^^^^^^^^^^^^^^^^^^^^^^^^^^^^^^^^^
  File "C:\Users\White\AppData\Local\Programs\Python\Python312\Lib\asyncio\base_events.py", line 1571, in create_server
    raise OSError(err.errno, msg) from None
OSError: [Errno 10048] error while attempting to bind on address ('127.0.0.1', 5051): [winerror 10048] only one usage of each socket address (protocol/network address/port) is normally permitted

The above exception was the direct cause of the following exception:

Traceback (most recent call last):
  File "C:\Users\White\mpf\Lib\site-packages\mpf\core\bcp\bcp_server.py", line 29, in start
    raise MpfRuntimeError("Failed to bind BCP Socket to {} on port {}. "
mpf.exceptions.runtime_error.MpfRuntimeError: Runtime Error in MPF BCP Server: Failed to bind BCP Socket to 127.0.0.1 on port 5051. Is there another application running on that port? Error Code: RE-MPF_BCP_Server-1 (https://missionpinball.org/logs)
2025-11-20 08:44:56,282 : INFO : EventManager : Event: ======'machine_var_audits_events_game_ended'====== Args={'value': 3, 'prev_value': None, 'change': True}
2025-11-20 08:44:56,282 : INFO : EventManager : Event: ======'machine_var_audits_events_game_started'====== Args={'value': 567, 'prev_value': None, 'change': True}
2025-11-20 08:44:56,282 : INFO : EventManager : Event: ======'machine_var_audits_missing_switches_s_a_iceman_target'====== Args={'value': 11, 'prev_value': None, 'change': True}
2025-11-20 08:44:56,282 : INFO : EventManager : Event: ======'machine_var_audits_missing_switches_s_barrier_target'====== Args={'value': 4, 'prev_value': None, 'change': True}
2025-11-20 08:44:56,282 : INFO : EventManager : Event: ======'machine_var_audits_missing_switches_s_bumper_center'====== Args={'value': 31, 'prev_value': None, 'change': True}
2025-11-20 08:44:56,282 : INFO : EventManager : Event: ======'machine_var_audits_missing_switches_s_bumper_left'====== Args={'value': 39, 'prev_value': None, 'change': True}
2025-11-20 08:44:56,282 : INFO : EventManager : Event: ======'machine_var_audits_missing_switches_s_bumper_right'====== Args={'value': 67, 'prev_value': None, 'change': True}
2025-11-20 08:44:56,283 : INFO : EventManager : Event: ======'machine_var_audits_missing_switches_s_c_iceman_target'====== Args={'value': 30, 'prev_value': None, 'change': True}
2025-11-20 08:44:56,283 : INFO : EventManager : Event: ======'machine_var_audits_missing_switches_s_c_lock_target'====== Args={'value': 4, 'prev_value': None, 'change': True}
2025-11-20 08:44:56,283 : INFO : EventManager : Event: ======'machine_var_audits_missing_switches_s_coin_door'====== Args={'value': 454, 'prev_value': None, 'change': True}
2025-11-20 08:44:56,283 : INFO : EventManager : Event: ======'machine_var_audits_missing_switches_s_coin_door_credit_left'====== Args={'value': 361, 'prev_value': None, 'change': True}
2025-11-20 08:44:56,283 : INFO : EventManager : Event: ======'machine_var_audits_missing_switches_s_coin_door_credit_right'====== Args={'value': 361, 'prev_value': None, 'change': True}
2025-11-20 08:44:56,283 : INFO : EventManager : Event: ======'machine_var_audits_missing_switches_s_coin_door_service_1'====== Args={'value': 454, 'prev_value': None, 'change': True}
2025-11-20 08:44:56,283 : INFO : EventManager : Event: ======'machine_var_audits_missing_switches_s_coin_door_service_2'====== Args={'value': 454, 'prev_value': None, 'change': True}
2025-11-20 08:44:56,283 : INFO : EventManager : Event: ======'machine_var_audits_missing_switches_s_coin_door_service_3'====== Args={'value': 454, 'prev_value': None, 'change': True}
2025-11-20 08:44:56,283 : INFO : EventManager : Event: ======'machine_var_audits_missing_switches_s_coin_door_service_4'====== Args={'value': 454, 'prev_value': None, 'change': True}
2025-11-20 08:44:56,283 : INFO : EventManager : Event: ======'machine_var_audits_missing_switches_s_e_iceman_target'====== Args={'value': 30, 'prev_value': None, 'change': True}
2025-11-20 08:44:56,283 : INFO : EventManager : Event: ======'machine_var_audits_missing_switches_s_flight_gear_target'====== Args={'value': 6, 'prev_value': None, 'change': True}
2025-11-20 08:44:56,283 : INFO : EventManager : Event: ======'machine_var_audits_missing_switches_s_flipper_left'====== Args={'value': 2, 'prev_value': None, 'change': True}
2025-11-20 08:44:56,283 : INFO : EventManager : Event: ======'machine_var_audits_missing_switches_s_flipper_left_eos'====== Args={'value': 514, 'prev_value': None, 'change': True}
2025-11-20 08:44:56,283 : INFO : EventManager : Event: ======'machine_var_audits_missing_switches_s_flipper_left_upper'====== Args={'value': 516, 'prev_value': None, 'change': True}
2025-11-20 08:44:56,284 : INFO : EventManager : Event: ======'machine_var_audits_missing_switches_s_flipper_left_upper_eos'====== Args={'value': 514, 'prev_value': None, 'change': True}
2025-11-20 08:44:56,284 : INFO : EventManager : Event: ======'machine_var_audits_missing_switches_s_flipper_right'====== Args={'value': 4, 'prev_value': None, 'change': True}
2025-11-20 08:44:56,284 : INFO : EventManager : Event: ======'machine_var_audits_missing_switches_s_flipper_right_eos'====== Args={'value': 514, 'prev_value': None, 'change': True}
2025-11-20 08:44:56,284 : INFO : EventManager : Event: ======'machine_var_audits_missing_switches_s_i_iceman_target'====== Args={'value': 30, 'prev_value': None, 'change': True}
2025-11-20 08:44:56,284 : INFO : EventManager : Event: ======'machine_var_audits_missing_switches_s_inlane_left'====== Args={'value': 30, 'prev_value': None, 'change': True}
2025-11-20 08:44:56,284 : INFO : EventManager : Event: ======'machine_var_audits_missing_switches_s_inner_inlane_right'====== Args={'value': 9, 'prev_value': None, 'change': True}
2025-11-20 08:44:56,284 : INFO : EventManager : Event: ======'machine_var_audits_missing_switches_s_jam'====== Args={'value': 453, 'prev_value': None, 'change': True}
2025-11-20 08:44:56,284 : INFO : EventManager : Event: ======'machine_var_audits_missing_switches_s_k_lock_target'====== Args={'value': 9, 'prev_value': None, 'change': True}
2025-11-20 08:44:56,284 : INFO : EventManager : Event: ======'machine_var_audits_missing_switches_s_l_lock_target'====== Args={'value': 4, 'prev_value': None, 'change': True}
2025-11-20 08:44:56,284 : INFO : EventManager : Event: ======'machine_var_audits_missing_switches_s_lane_left'====== Args={'value': 6, 'prev_value': None, 'change': True}
2025-11-20 08:44:56,284 : INFO : EventManager : Event: ======'machine_var_audits_missing_switches_s_lane_right'====== Args={'value': 1, 'prev_value': None, 'change': True}
2025-11-20 08:44:56,284 : INFO : EventManager : Event: ======'machine_var_audits_missing_switches_s_lock_goose'====== Args={'value': 516, 'prev_value': None, 'change': True}
2025-11-20 08:44:56,284 : INFO : EventManager : Event: ======'machine_var_audits_missing_switches_s_lock_mav'====== Args={'value': 516, 'prev_value': None, 'change': True}
2025-11-20 08:44:56,284 : INFO : EventManager : Event: ======'machine_var_audits_missing_switches_s_lock_plunger'====== Args={'value': 350, 'prev_value': None, 'change': True}
2025-11-20 08:44:56,284 : INFO : EventManager : Event: ======'machine_var_audits_missing_switches_s_m_iceman_target'====== Args={'value': 11, 'prev_value': None, 'change': True}
2025-11-20 08:44:56,284 : INFO : EventManager : Event: ======'machine_var_audits_missing_switches_s_mig_lane_left'====== Args={'value': 1, 'prev_value': None, 'change': True}
2025-11-20 08:44:56,284 : INFO : EventManager : Event: ======'machine_var_audits_missing_switches_s_mig_lane_right'====== Args={'value': 2, 'prev_value': None, 'change': True}
2025-11-20 08:44:56,284 : INFO : EventManager : Event: ======'machine_var_audits_missing_switches_s_n_iceman_target'====== Args={'value': 10, 'prev_value': None, 'change': True}
2025-11-20 08:44:56,284 : INFO : EventManager : Event: ======'machine_var_audits_missing_switches_s_o_lock_target'====== Args={'value': 4, 'prev_value': None, 'change': True}
2025-11-20 08:44:56,284 : INFO : EventManager : Event: ======'machine_var_audits_missing_switches_s_orbit_lower'====== Args={'value': 25, 'prev_value': None, 'change': True}
2025-11-20 08:44:56,284 : INFO : EventManager : Event: ======'machine_var_audits_missing_switches_s_orbit_right'====== Args={'value': 4, 'prev_value': None, 'change': True}
2025-11-20 08:44:56,284 : INFO : EventManager : Event: ======'machine_var_audits_missing_switches_s_orbit_upper'====== Args={'value': 4, 'prev_value': None, 'change': True}
2025-11-20 08:44:56,284 : INFO : EventManager : Event: ======'machine_var_audits_missing_switches_s_outer_inlane_right'====== Args={'value': 9, 'prev_value': None, 'change': True}
2025-11-20 08:44:56,284 : INFO : EventManager : Event: ======'machine_var_audits_missing_switches_s_outlane_left'====== Args={'value': 30, 'prev_value': None, 'change': True}
2025-11-20 08:44:56,284 : INFO : EventManager : Event: ======'machine_var_audits_missing_switches_s_outlane_right'====== Args={'value': 9, 'prev_value': None, 'change': True}
2025-11-20 08:44:56,284 : INFO : EventManager : Event: ======'machine_var_audits_missing_switches_s_plunger_lane'====== Args={'value': 10, 'prev_value': None, 'change': True}
2025-11-20 08:44:56,284 : INFO : EventManager : Event: ======'machine_var_audits_missing_switches_s_ramp_inner_exit'====== Args={'value': 4, 'prev_value': None, 'change': True}
2025-11-20 08:44:56,284 : INFO : EventManager : Event: ======'machine_var_audits_missing_switches_s_ramp_tower_exit'====== Args={'value': 4, 'prev_value': None, 'change': True}
2025-11-20 08:44:56,284 : INFO : EventManager : Event: ======'machine_var_audits_missing_switches_s_slingshot_left'====== Args={'value': 451, 'prev_value': None, 'change': True}
2025-11-20 08:44:56,284 : INFO : EventManager : Event: ======'machine_var_audits_missing_switches_s_slingshot_right'====== Args={'value': 53, 'prev_value': None, 'change': True}
2025-11-20 08:44:56,285 : INFO : EventManager : Event: ======'machine_var_audits_missing_switches_s_start'====== Args={'value': 53, 'prev_value': None, 'change': True}
2025-11-20 08:44:56,285 : INFO : EventManager : Event: ======'machine_var_audits_missing_switches_s_tilt'====== Args={'value': 454, 'prev_value': None, 'change': True}
2025-11-20 08:44:56,285 : INFO : EventManager : Event: ======'machine_var_audits_missing_switches_s_trough_1'====== Args={'value': 492, 'prev_value': None, 'change': True}
2025-11-20 08:44:56,285 : INFO : EventManager : Event: ======'machine_var_audits_missing_switches_s_trough_2'====== Args={'value': 492, 'prev_value': None, 'change': True}
2025-11-20 08:44:56,285 : INFO : EventManager : Event: ======'machine_var_audits_missing_switches_s_trough_3'====== Args={'value': 492, 'prev_value': None, 'change': True}
2025-11-20 08:44:56,285 : INFO : EventManager : Event: ======'machine_var_audits_missing_switches_s_trough_4'====== Args={'value': 567, 'prev_value': None, 'change': True}
2025-11-20 08:44:56,285 : INFO : EventManager : Event: ======'machine_var_audits_missing_switches_s_trough_5'====== Args={'value': 567, 'prev_value': None, 'change': True}
2025-11-20 08:44:56,285 : INFO : EventManager : Event: ======'machine_var_audits_missing_switches_s_trough_6'====== Args={'value': 31, 'prev_value': None, 'change': True}
2025-11-20 08:44:56,285 : INFO : EventManager : Event: ======'machine_var_audits_player_score'====== Args={'value': {'average': 668312, 'top': [2229000, 310250, 73000, 61000], 'total': 4}, 'prev_value': None, 'change': True}
2025-11-20 08:44:56,285 : INFO : EventManager : Event: ======'machine_var_audits_shots_bumper_center'====== Args={'value': 650, 'prev_value': None, 'change': True}
2025-11-20 08:44:56,285 : INFO : EventManager : Event: ======'machine_var_audits_shots_bumper_left'====== Args={'value': 658, 'prev_value': None, 'change': True}
2025-11-20 08:44:56,285 : INFO : EventManager : Event: ======'machine_var_audits_shots_bumper_right'====== Args={'value': 421, 'prev_value': None, 'change': True}
2025-11-20 08:44:56,285 : INFO : EventManager : Event: ======'machine_var_audits_shots_mach_ramp'====== Args={'value': 691, 'prev_value': None, 'change': True}
2025-11-20 08:44:56,285 : INFO : EventManager : Event: ======'machine_var_audits_shots_mig_lane_left'====== Args={'value': 165, 'prev_value': None, 'change': True}
2025-11-20 08:44:56,285 : INFO : EventManager : Event: ======'machine_var_audits_shots_mig_lane_right'====== Args={'value': 25, 'prev_value': None, 'change': True}
2025-11-20 08:44:56,285 : INFO : EventManager : Event: ======'machine_var_audits_shots_orbit_upper'====== Args={'value': 19, 'prev_value': None, 'change': True}
2025-11-20 08:44:56,285 : INFO : EventManager : Event: ======'machine_var_audits_shots_ramp_inner'====== Args={'value': 56, 'prev_value': None, 'change': True}
2025-11-20 08:44:56,285 : INFO : EventManager : Event: ======'machine_var_audits_shots_spinner'====== Args={'value': 21, 'prev_value': None, 'change': True}
2025-11-20 08:44:56,285 : INFO : EventManager : Event: ======'machine_var_audits_switches_s_a_iceman_target'====== Args={'value': 160, 'prev_value': None, 'change': True}
2025-11-20 08:44:56,285 : INFO : EventManager : Event: ======'machine_var_audits_switches_s_barrier_target'====== Args={'value': 23, 'prev_value': None, 'change': True}
2025-11-20 08:44:56,287 : INFO : EventManager : Event: ======'machine_var_audits_switches_s_bumper_center'====== Args={'value': 670, 'prev_value': None, 'change': True}
2025-11-20 08:44:56,287 : INFO : EventManager : Event: ======'machine_var_audits_switches_s_bumper_left'====== Args={'value': 689, 'prev_value': None, 'change': True}
2025-11-20 08:44:56,287 : INFO : EventManager : Event: ======'machine_var_audits_switches_s_bumper_right'====== Args={'value': 427, 'prev_value': None, 'change': True}
2025-11-20 08:44:56,287 : INFO : EventManager : Event: ======'machine_var_audits_switches_s_c_iceman_target'====== Args={'value': 144, 'prev_value': None, 'change': True}
2025-11-20 08:44:56,287 : INFO : EventManager : Event: ======'machine_var_audits_switches_s_c_lock_target'====== Args={'value': 14, 'prev_value': None, 'change': True}
2025-11-20 08:44:56,287 : INFO : EventManager : Event: ======'machine_var_audits_switches_s_coin_door'====== Args={'value': 0, 'prev_value': None, 'change': True}
2025-11-20 08:44:56,287 : INFO : EventManager : Event: ======'machine_var_audits_switches_s_coin_door_credit_left'====== Args={'value': 0, 'prev_value': None, 'change': True}
2025-11-20 08:44:56,287 : INFO : EventManager : Event: ======'machine_var_audits_switches_s_coin_door_credit_right'====== Args={'value': 0, 'prev_value': None, 'change': True}
2025-11-20 08:44:56,287 : INFO : EventManager : Event: ======'machine_var_audits_switches_s_coin_door_service_1'====== Args={'value': 0, 'prev_value': None, 'change': True}
2025-11-20 08:44:56,287 : INFO : EventManager : Event: ======'machine_var_audits_switches_s_coin_door_service_2'====== Args={'value': 0, 'prev_value': None, 'change': True}
2025-11-20 08:44:56,287 : INFO : EventManager : Event: ======'machine_var_audits_switches_s_coin_door_service_3'====== Args={'value': 0, 'prev_value': None, 'change': True}
2025-11-20 08:44:56,287 : INFO : EventManager : Event: ======'machine_var_audits_switches_s_coin_door_service_4'====== Args={'value': 0, 'prev_value': None, 'change': True}
2025-11-20 08:44:56,287 : INFO : EventManager : Event: ======'machine_var_audits_switches_s_e_iceman_target'====== Args={'value': 162, 'prev_value': None, 'change': True}
2025-11-20 08:44:56,287 : INFO : EventManager : Event: ======'machine_var_audits_switches_s_flight_gear_target'====== Args={'value': 255, 'prev_value': None, 'change': True}
2025-11-20 08:44:56,287 : INFO : EventManager : Event: ======'machine_var_audits_switches_s_flipper_left'====== Args={'value': 292, 'prev_value': None, 'change': True}
2025-11-20 08:44:56,287 : INFO : EventManager : Event: ======'machine_var_audits_switches_s_flipper_left_eos'====== Args={'value': 0, 'prev_value': None, 'change': True}
2025-11-20 08:44:56,287 : INFO : EventManager : Event: ======'machine_var_audits_switches_s_flipper_left_upper'====== Args={'value': 0, 'prev_value': None, 'change': True}
2025-11-20 08:44:56,287 : INFO : EventManager : Event: ======'machine_var_audits_switches_s_flipper_left_upper_eos'====== Args={'value': 0, 'prev_value': None, 'change': True}
2025-11-20 08:44:56,287 : INFO : EventManager : Event: ======'machine_var_audits_switches_s_flipper_right'====== Args={'value': 141, 'prev_value': None, 'change': True}
2025-11-20 08:44:56,287 : INFO : EventManager : Event: ======'machine_var_audits_switches_s_flipper_right_eos'====== Args={'value': 0, 'prev_value': None, 'change': True}
2025-11-20 08:44:56,288 : INFO : EventManager : Event: ======'machine_var_audits_switches_s_i_iceman_target'====== Args={'value': 120, 'prev_value': None, 'change': True}
2025-11-20 08:44:56,288 : INFO : EventManager : Event: ======'machine_var_audits_switches_s_inlane_left'====== Args={'value': 276, 'prev_value': None, 'change': True}
2025-11-20 08:44:56,288 : INFO : EventManager : Event: ======'machine_var_audits_switches_s_inner_inlane_right'====== Args={'value': 235, 'prev_value': None, 'change': True}
2025-11-20 08:44:56,288 : INFO : EventManager : Event: ======'machine_var_audits_switches_s_jam'====== Args={'value': 1, 'prev_value': None, 'change': True}
2025-11-20 08:44:56,288 : INFO : EventManager : Event: ======'machine_var_audits_switches_s_k_lock_target'====== Args={'value': 9, 'prev_value': None, 'change': True}
2025-11-20 08:44:56,288 : INFO : EventManager : Event: ======'machine_var_audits_switches_s_l_lock_target'====== Args={'value': 22, 'prev_value': None, 'change': True}
2025-11-20 08:44:56,288 : INFO : EventManager : Event: ======'machine_var_audits_switches_s_lane_left'====== Args={'value': 599, 'prev_value': None, 'change': True}
2025-11-20 08:44:56,288 : INFO : EventManager : Event: ======'machine_var_audits_switches_s_lane_right'====== Args={'value': 345, 'prev_value': None, 'change': True}
2025-11-20 08:44:56,288 : INFO : EventManager : Event: ======'machine_var_audits_switches_s_lock_goose'====== Args={'value': 0, 'prev_value': None, 'change': True}
2025-11-20 08:44:56,288 : INFO : EventManager : Event: ======'machine_var_audits_switches_s_lock_mav'====== Args={'value': 0, 'prev_value': None, 'change': True}
2025-11-20 08:44:56,288 : INFO : EventManager : Event: ======'machine_var_audits_switches_s_lock_plunger'====== Args={'value': 3, 'prev_value': None, 'change': True}
2025-11-20 08:44:56,288 : INFO : EventManager : Event: ======'machine_var_audits_switches_s_m_iceman_target'====== Args={'value': 158, 'prev_value': None, 'change': True}
2025-11-20 08:44:56,288 : INFO : EventManager : Event: ======'machine_var_audits_switches_s_mig_lane_left'====== Args={'value': 507, 'prev_value': None, 'change': True}
2025-11-20 08:44:56,288 : INFO : EventManager : Event: ======'machine_var_audits_switches_s_mig_lane_right'====== Args={'value': 216, 'prev_value': None, 'change': True}
2025-11-20 08:44:56,288 : INFO : EventManager : Event: ======'machine_var_audits_switches_s_mode_start'====== Args={'value': 115, 'prev_value': None, 'change': True}
2025-11-20 08:44:56,288 : INFO : EventManager : Event: ======'machine_var_audits_switches_s_n_iceman_target'====== Args={'value': 252, 'prev_value': None, 'change': True}
2025-11-20 08:44:56,288 : INFO : EventManager : Event: ======'machine_var_audits_switches_s_o_lock_target'====== Args={'value': 28, 'prev_value': None, 'change': True}
2025-11-20 08:44:56,288 : INFO : EventManager : Event: ======'machine_var_audits_switches_s_orbit_left'====== Args={'value': 534, 'prev_value': None, 'change': True}
2025-11-20 08:44:56,288 : INFO : EventManager : Event: ======'machine_var_audits_switches_s_orbit_lower'====== Args={'value': 17, 'prev_value': None, 'change': True}
2025-11-20 08:44:56,288 : INFO : EventManager : Event: ======'machine_var_audits_switches_s_orbit_right'====== Args={'value': 100, 'prev_value': None, 'change': True}
2025-11-20 08:44:56,288 : INFO : EventManager : Event: ======'machine_var_audits_switches_s_orbit_upper'====== Args={'value': 74, 'prev_value': None, 'change': True}
2025-11-20 08:44:56,288 : INFO : EventManager : Event: ======'machine_var_audits_switches_s_outer_inlane_right'====== Args={'value': 221, 'prev_value': None, 'change': True}
2025-11-20 08:44:56,288 : INFO : EventManager : Event: ======'machine_var_audits_switches_s_outlane_left'====== Args={'value': 219, 'prev_value': None, 'change': True}
2025-11-20 08:44:56,289 : INFO : EventManager : Event: ======'machine_var_audits_switches_s_outlane_right'====== Args={'value': 227, 'prev_value': None, 'change': True}
2025-11-20 08:44:56,289 : INFO : EventManager : Event: ======'machine_var_audits_switches_s_plunger_lane'====== Args={'value': 46, 'prev_value': None, 'change': True}
2025-11-20 08:44:56,289 : INFO : EventManager : Event: ======'machine_var_audits_switches_s_ramp_inner_exit'====== Args={'value': 737, 'prev_value': None, 'change': True}
2025-11-20 08:44:56,289 : INFO : EventManager : Event: ======'machine_var_audits_switches_s_ramp_left_exit'====== Args={'value': 441, 'prev_value': None, 'change': True}
2025-11-20 08:44:56,289 : INFO : EventManager : Event: ======'machine_var_audits_switches_s_ramp_right_exit'====== Args={'value': 88, 'prev_value': None, 'change': True}
2025-11-20 08:44:56,289 : INFO : EventManager : Event: ======'machine_var_audits_switches_s_ramp_tower_exit'====== Args={'value': 44, 'prev_value': None, 'change': True}
2025-11-20 08:44:56,289 : INFO : EventManager : Event: ======'machine_var_audits_switches_s_shooter_lane'====== Args={'value': 551, 'prev_value': None, 'change': True}
2025-11-20 08:44:56,289 : INFO : EventManager : Event: ======'machine_var_audits_switches_s_slingshot_left'====== Args={'value': 8, 'prev_value': None, 'change': True}
2025-11-20 08:44:56,289 : INFO : EventManager : Event: ======'machine_var_audits_switches_s_slingshot_right'====== Args={'value': 9, 'prev_value': None, 'change': True}
2025-11-20 08:44:56,289 : INFO : EventManager : Event: ======'machine_var_audits_switches_s_spinner'====== Args={'value': 747, 'prev_value': None, 'change': True}
2025-11-20 08:44:56,289 : INFO : EventManager : Event: ======'machine_var_audits_switches_s_start'====== Args={'value': 170, 'prev_value': None, 'change': True}
2025-11-20 08:44:56,289 : INFO : EventManager : Event: ======'machine_var_audits_switches_s_tilt'====== Args={'value': 0, 'prev_value': None, 'change': True}
2025-11-20 08:44:56,289 : INFO : EventManager : Event: ======'machine_var_audits_switches_s_trough_1'====== Args={'value': 2, 'prev_value': None, 'change': True}
2025-11-20 08:44:56,289 : INFO : EventManager : Event: ======'machine_var_audits_switches_s_trough_2'====== Args={'value': 1, 'prev_value': None, 'change': True}
2025-11-20 08:44:56,289 : INFO : EventManager : Event: ======'machine_var_audits_switches_s_trough_3'====== Args={'value': 1, 'prev_value': None, 'change': True}
2025-11-20 08:44:56,289 : INFO : EventManager : Event: ======'machine_var_audits_switches_s_trough_4'====== Args={'value': 0, 'prev_value': None, 'change': True}
2025-11-20 08:44:56,289 : INFO : EventManager : Event: ======'machine_var_audits_switches_s_trough_5'====== Args={'value': 0, 'prev_value': None, 'change': True}
2025-11-20 08:44:56,289 : INFO : EventManager : Event: ======'machine_var_audits_switches_s_trough_6'====== Args={'value': 225, 'prev_value': None, 'change': True}
2025-11-20 08:44:56,290 : INFO : EventManager : Event: ======'init_phase_5'====== Args={}
2025-11-20 08:44:56,290 : INFO : EventManager : Event: ======'init_done'====== Args={}
2025-11-20 08:44:56,290 : INFO : Machine : Starting the main run loop with active modes: []
2025-11-20 08:44:56,290 : WARNING : Machine : Attract mode is not active, game will not be playable. Please check your attract mode configuration.
2025-11-20 08:44:56,291 : INFO : Machine : Shutting down...
2025-11-20 08:44:56,291 : INFO : EventManager : Event: ======'shutdown'====== Args={}
2025-11-20 08:44:56,292 : INFO : EventManager : Event: ======'machine_reset_phase_1'====== Args={}
2025-11-20 08:44:56,292 : INFO : EventManager : Event: ======'machine_reset_phase_2'====== Args={}
2025-11-20 08:44:56,293 : INFO : EventManager : Event: ======'machine_reset_phase_3'====== Args={}
2025-11-20 08:44:56,293 : INFO : EventManager : Event: ======'reset_complete'====== Args={}
2025-11-20 08:44:56,294 : INFO : EventManager : Event: ======'mode_attract_will_start'====== Args={}
2025-11-20 08:44:56,294 : INFO : Timer.attract_carousel_timer : Starting Timer.
2025-11-20 08:44:56,294 : INFO : EventManager : Event: ======'timer_attract_carousel_timer_started'====== Args={'ticks': 0, 'ticks_remaining': 1}
2025-11-20 08:44:56,295 : INFO : EventManager : Event: ======'timer_attract_carousel_timer_tick'====== Args={'ticks': 0, 'ticks_remaining': 1}
2025-11-20 08:44:56,295 : INFO : EventManager : Event: ======'mode_attract_starting'====== Args={}
2025-11-20 08:44:56,295 : INFO : Mode.attract : Will not start because machine is shutting down.
2025-11-20 08:44:56,301 : ERROR : Machine : Runtime Exception
Traceback (most recent call last):
  File "C:\Users\White\mpf\Lib\site-packages\mpf\core\bcp\bcp_server.py", line 26, in start
    self._server = await self.machine.clock.start_server(
                   ^^^^^^^^^^^^^^^^^^^^^^^^^^^^^^^^^^^^^^
  File "C:\Users\White\AppData\Local\Programs\Python\Python312\Lib\asyncio\streams.py", line 84, in start_server
    return await loop.create_server(factory, host, port, **kwds)
           ^^^^^^^^^^^^^^^^^^^^^^^^^^^^^^^^^^^^^^^^^^^^^^^^^^^^^
  File "C:\Users\White\AppData\Local\Programs\Python\Python312\Lib\asyncio\base_events.py", line 1571, in create_server
    raise OSError(err.errno, msg) from None
OSError: [Errno 10048] error while attempting to bind on address ('127.0.0.1', 5051): [winerror 10048] only one usage of each socket address (protocol/network address/port) is normally permitted

The above exception was the direct cause of the following exception:

Traceback (most recent call last):
  File "C:\Users\White\mpf\Lib\site-packages\mpf\core\machine.py", line 808, in _run_loop
    raise self._exception['exception']
  File "C:\Users\White\mpf\Lib\site-packages\mpf\core\bcp\bcp_server.py", line 29, in start
    raise MpfRuntimeError("Failed to bind BCP Socket to {} on port {}. "
mpf.exceptions.runtime_error.MpfRuntimeError: Runtime Error in MPF BCP Server: Failed to bind BCP Socket to 127.0.0.1 on port 5051. Is there another application running on that port? Error Code: RE-MPF_BCP_Server-1 (https://missionpinball.org/logs)
2025-11-20 08:44:56,304 : INFO : root : MPF run loop ended.
