2025-12-23 13:00:59,163 : INFO : root : Loading config.
2025-12-23 13:00:59,178 : INFO : YamlMultifileConfigLoader : Machine config file #1: config.yaml
2025-12-23 13:00:59,179 : WARNING : ConfigProcessor : Config file in cache changed: C:\Users\White\Documents\Top_Gun_Pinball\config\config.yaml
2025-12-23 13:00:59,179 : INFO : ConfigProcessor : Loading config from file C:\Users\White\mpf\Lib\site-packages\mpf\mpfconfig.yaml.
2025-12-23 13:00:59,203 : INFO : ConfigProcessor : Loading config: C:\Users\White\mpf\Lib\site-packages\mpf\mpfconfig.yaml
2025-12-23 13:00:59,203 : INFO : ConfigProcessor : Loading config from file C:\Users\White\Documents\Top_Gun_Pinball\config\config.yaml.
2025-12-23 13:00:59,206 : INFO : ConfigProcessor : Loading config: C:\Users\White\Documents\Top_Gun_Pinball\config\config.yaml
2025-12-23 13:00:59,208 : INFO : ConfigProcessor : Loading config: C:\Users\White\Documents\Top_Gun_Pinball\config\config_autofire_coils.yaml
2025-12-23 13:00:59,210 : INFO : ConfigProcessor : Loading config: C:\Users\White\Documents\Top_Gun_Pinball\config\config_ball_devices.yaml
2025-12-23 13:00:59,217 : INFO : ConfigProcessor : Loading config: C:\Users\White\Documents\Top_Gun_Pinball\config\config_coils.yaml
2025-12-23 13:00:59,220 : INFO : ConfigProcessor : Loading config: C:\Users\White\Documents\Top_Gun_Pinball\config\config_flippers.yaml
2025-12-23 13:00:59,222 : INFO : ConfigProcessor : Loading config: C:\Users\White\Documents\Top_Gun_Pinball\config\config_hardware_fast.yaml
2025-12-23 13:00:59,230 : INFO : ConfigProcessor : Loading config: C:\Users\White\Documents\Top_Gun_Pinball\config\config_lights.yaml
2025-12-23 13:00:59,240 : INFO : ConfigProcessor : Loading config: C:\Users\White\Documents\Top_Gun_Pinball\config\config_switches.yaml
2025-12-23 13:00:59,242 : INFO : ConfigProcessor : Loading config: C:\Users\White\Documents\Top_Gun_Pinball\config\variable_player.yaml
2025-12-23 13:00:59,245 : INFO : ConfigProcessor : Loading config: C:\Users\White\Documents\Top_Gun_Pinball\config\config_videos.yaml
2025-12-23 13:00:59,249 : INFO : ConfigProcessor : Config file cache created: C:\Users\White\AppData\Local\Temp\cfa6ecba65704a931c9dd214c44986c8.mpf_cache
2025-12-23 13:00:59,376 : INFO : ConfigProcessor : Loading config from cache: C:\Users\White\AppData\Local\Temp\f98ffc0ff5962effface7d86bc406d5c.mpf_cache
2025-12-23 13:00:59,388 : INFO : ConfigProcessor : Loading config from cache: C:\Users\White\AppData\Local\Temp\91cc4d1c993c58dc354e34974b9cfeac.mpf_cache
2025-12-23 13:00:59,398 : INFO : ConfigProcessor : Loading config from cache: C:\Users\White\AppData\Local\Temp\06cda66dcbfac63db843289c7a70df06.mpf_cache
2025-12-23 13:00:59,410 : INFO : ConfigProcessor : Loading config from cache: C:\Users\White\AppData\Local\Temp\f98ffc0ff5962effface7d86bc406d5c.mpf_cache
2025-12-23 13:00:59,411 : INFO : ConfigProcessor : Loading config from cache: C:\Users\White\AppData\Local\Temp\76792f1d686f89709887dba7bd69667a.mpf_cache
2025-12-23 13:00:59,422 : INFO : ConfigProcessor : Loading config from cache: C:\Users\White\AppData\Local\Temp\176d79242bea00d274c03db045c683a5.mpf_cache
2025-12-23 13:00:59,436 : INFO : ConfigProcessor : Loading config from cache: C:\Users\White\AppData\Local\Temp\21a78aba3d3d1b90ac0751bb3793c6b5.mpf_cache
2025-12-23 13:00:59,446 : INFO : ConfigProcessor : Loading config from cache: C:\Users\White\AppData\Local\Temp\142bbae4707335cc8e3efaa4364c4893.mpf_cache
2025-12-23 13:00:59,457 : INFO : ConfigProcessor : Loading config from cache: C:\Users\White\AppData\Local\Temp\d586631024bd380382ddba1caafd4910.mpf_cache
2025-12-23 13:00:59,468 : INFO : ConfigProcessor : Loading config from cache: C:\Users\White\AppData\Local\Temp\202647b69b904517343fecdf4579c275.mpf_cache
2025-12-23 13:00:59,479 : INFO : ConfigProcessor : Loading config from cache: C:\Users\White\AppData\Local\Temp\d069db2c83fe896d88972cde9b686138.mpf_cache
2025-12-23 13:00:59,492 : INFO : ConfigProcessor : Loading config from cache: C:\Users\White\AppData\Local\Temp\58ab893dda10a3d2ba8fe97b81891df0.mpf_cache
2025-12-23 13:00:59,502 : INFO : ConfigProcessor : Loading config from cache: C:\Users\White\AppData\Local\Temp\01459f90d1e62798d63c702fb8b44bf1.mpf_cache
2025-12-23 13:00:59,513 : INFO : ConfigProcessor : Loading config from cache: C:\Users\White\AppData\Local\Temp\b2bb5a5e6173c591d0617ad718ad38fa.mpf_cache
2025-12-23 13:00:59,525 : INFO : ConfigProcessor : Loading config from cache: C:\Users\White\AppData\Local\Temp\0f5f0ac41d1a2672d0d32cef2b12699e.mpf_cache
2025-12-23 13:00:59,536 : INFO : ConfigProcessor : Loading config from cache: C:\Users\White\AppData\Local\Temp\3a419899266be7cd41a083be5a3a8ebb.mpf_cache
2025-12-23 13:00:59,546 : INFO : ConfigProcessor : Loading config from cache: C:\Users\White\AppData\Local\Temp\82e20c7c6490dd2e5fed726a3aa8d652.mpf_cache
2025-12-23 13:00:59,562 : INFO : ConfigProcessor : Loading config from cache: C:\Users\White\AppData\Local\Temp\359114d5ba2a6ad6c93d1559776bbb30.mpf_cache
2025-12-23 13:00:59,576 : INFO : ConfigProcessor : Loading config from cache: C:\Users\White\AppData\Local\Temp\f8c9a3739ec88c539117633fa55f5d20.mpf_cache
2025-12-23 13:00:59,590 : INFO : ConfigProcessor : Loading config from cache: C:\Users\White\AppData\Local\Temp\d421369d6df802e4e6f8aa58f446b1a6.mpf_cache
2025-12-23 13:00:59,600 : INFO : ConfigProcessor : Loading config from cache: C:\Users\White\AppData\Local\Temp\2151caa0419aeb1e56d3d8934477383e.mpf_cache
2025-12-23 13:00:59,614 : INFO : ConfigProcessor : Loading config from cache: C:\Users\White\AppData\Local\Temp\17003635873251b4f6841bf4ab3bdcdd.mpf_cache
2025-12-23 13:00:59,625 : INFO : ConfigProcessor : Loading config from cache: C:\Users\White\AppData\Local\Temp\c8ceed3d7c617b2f1fa85b3487b918c6.mpf_cache
2025-12-23 13:00:59,636 : INFO : ConfigProcessor : Loading config from cache: C:\Users\White\AppData\Local\Temp\f70c640a816343cb9040222d7a9269d3.mpf_cache
2025-12-23 13:00:59,654 : INFO : ConfigProcessor : Loading config from cache: C:\Users\White\AppData\Local\Temp\30922048be1d0c17ea15fc75f7fbfe10.mpf_cache
2025-12-23 13:00:59,665 : INFO : ConfigProcessor : Loading config from cache: C:\Users\White\AppData\Local\Temp\2e44e1a8157cd8d5be0e623de5bcf3cd.mpf_cache
2025-12-23 13:00:59,677 : INFO : ConfigProcessor : Loading config from cache: C:\Users\White\AppData\Local\Temp\58d7809d3d969de03aaf131fc45863f8.mpf_cache
2025-12-23 13:00:59,688 : INFO : ConfigProcessor : Loading config from cache: C:\Users\White\AppData\Local\Temp\4e95f2eaa43343f38d175080f6df06c1.mpf_cache
2025-12-23 13:00:59,699 : INFO : ConfigProcessor : Loading config from cache: C:\Users\White\AppData\Local\Temp\c2887b00fa0ac0da610074d0be214594.mpf_cache
2025-12-23 13:00:59,709 : INFO : ConfigProcessor : Loading config from cache: C:\Users\White\AppData\Local\Temp\884cb3a34e233442bca3eae177384b60.mpf_cache
2025-12-23 13:00:59,720 : INFO : ConfigProcessor : Loading config from cache: C:\Users\White\AppData\Local\Temp\a2ff6e5c252adf2ba75ad894f77f7ce6.mpf_cache
2025-12-23 13:00:59,728 : INFO : ConfigProcessor : Loading config from cache: C:\Users\White\AppData\Local\Temp\2ebcf623e49efab13a66f36a8282b4e9.mpf_cache
2025-12-23 13:00:59,743 : INFO : ConfigProcessor : Loading config from cache: C:\Users\White\AppData\Local\Temp\d380fa2863f93e197660f0281ffd272b.mpf_cache
2025-12-23 13:00:59,752 : INFO : ConfigProcessor : Loading config from cache: C:\Users\White\AppData\Local\Temp\88e41ae7dcea899a043a2f63da55a8b7.mpf_cache
2025-12-23 13:00:59,762 : INFO : Machine : Mission Pinball Framework Core Engine v0.80.0.dev9
2025-12-23 13:00:59,762 : INFO : Machine : Command line arguments: {'no_load_cache': False, 'create_config_cache': True, 'bcp': True, 'configfile': ['config.yaml'], 'force_assets_load': False, 'platform_integration_test': False, 'jsonlogging': False, 'logfile': 'logs\\2025-12-23-13-00-59-mpf-TopGunPinball.log', 'pause': False, 'production': False, 'text_ui': False, 'loglevel': 15, 'consoleloglevel': 20, 'force_platform': None, 'syslog_address': None, 'full_logfile_path': 'C:\\Users\\White\\Documents\\Top_Gun_Pinball\\logs\\2025-12-23-13-00-59-mpf-TopGunPinball.log'}
2025-12-23 13:00:59,762 : INFO : Machine : MPF path: C:\Users\White\mpf\Lib\site-packages\mpf
2025-12-23 13:00:59,762 : INFO : Machine : Machine path: C:\Users\White\Documents\Top_Gun_Pinball
2025-12-23 13:00:59,762 : INFO : Machine : Platform: win32
2025-12-23 13:00:59,762 : INFO : Machine : Python executable location: C:\Users\White\mpf\Scripts\python.exe
2025-12-23 13:00:59,762 : INFO : Machine : Python version: 3.12.7 (64-bit)
2025-12-23 13:00:59,768 : INFO : Machine : Initializing MPF...
2025-12-23 13:00:59,934 : INFO : FAST : Auto-detecting ports for the following connections: ['net', 'exp']
2025-12-23 13:01:00,191 : INFO : FAST : Detected NET on port COM3
2025-12-23 13:01:00,237 : INFO : FAST : Detected EXP on port COM4
2025-12-23 13:01:00,350 : INFO : FAST [NET] : Trying to connect to COM3 at 921600bps
2025-12-23 13:01:00,428 : INFO : FAST [NET] : Connected to COM3 at 921600bps
2025-12-23 13:01:00,439 : INFO : FAST [NET] : Connected to FP-CPU-2000 with firmware v02.26
2025-12-23 13:01:00,470 : INFO : FAST [NET] : Registered I/O Board 0: Model: FP-I/O-0024, Firmware: 01.10, Switches: 24, Drivers: 8
2025-12-23 13:01:00,485 : INFO : FAST [NET] : Registered I/O Board 1: Model: FP-I/O-3208, Firmware: 01.10, Switches: 32, Drivers: 8
2025-12-23 13:01:00,501 : INFO : FAST [NET] : Registered I/O Board 2: Model: FP-I/O-3208, Firmware: 01.10, Switches: 32, Drivers: 8
2025-12-23 13:01:00,505 : INFO : FAST [EXP] : Trying to connect to COM4 at 921600bps
2025-12-23 13:01:00,582 : INFO : FAST [EXP] : Connected to COM4 at 921600bps
2025-12-23 13:01:00,593 : INFO : FAST [EXP] : Verifying hardware for EXP "light_expansion_board" (FP-EXP-0071, @B4) with ID string "EXP FP-EXP-0071  0.38", board address B4
2025-12-23 13:01:00,608 : INFO : FAST [EXP] : Verifying hardware for EXP "light_expansion_board" (FP-EXP-0071, @B4) with ID string "BRK FP-EXP-0071  0.38", board address B40
2025-12-23 13:01:00,624 : INFO : EventManager : Event: ======'machine_var_credits_string'====== Args={'value': 'FREE PLAY', 'prev_value': None, 'change': True}
2025-12-23 13:01:00,663 : INFO : EventManager : Event: ======'machine_var_master_volume'====== Args={'value': 0.5, 'prev_value': None, 'change': True}
2025-12-23 13:01:00,663 : INFO : EventManager : Event: ======'machine_var_player1_score'====== Args={'value': 314100, 'prev_value': None, 'change': True}
2025-12-23 13:01:00,663 : INFO : EventManager : Event: ======'machine_var_mpf_version'====== Args={'value': 'Mission Pinball Framework v0.80.0.dev9', 'prev_value': None, 'change': True}
2025-12-23 13:01:00,663 : INFO : EventManager : Event: ======'machine_var_mpf_extended_version'====== Args={'value': 'Mission Pinball Framework v0.80.0.dev9, Config version:6, Show version: 6, BCP version:1.1', 'prev_value': None, 'change': True}
2025-12-23 13:01:00,664 : INFO : EventManager : Event: ======'machine_var_python_version'====== Args={'value': '3.12.7', 'prev_value': None, 'change': True}
2025-12-23 13:01:00,779 : INFO : EventManager : Event: ======'machine_var_platform'====== Args={'value': 'Windows-11-10.0.26100-SP0', 'prev_value': None, 'change': True}
2025-12-23 13:01:00,779 : INFO : EventManager : Event: ======'machine_var_platform_system'====== Args={'value': 'Windows', 'prev_value': None, 'change': True}
2025-12-23 13:01:00,779 : INFO : EventManager : Event: ======'machine_var_platform_release'====== Args={'value': '11', 'prev_value': None, 'change': True}
2025-12-23 13:01:00,779 : INFO : EventManager : Event: ======'machine_var_platform_version'====== Args={'value': '10.0.26100', 'prev_value': None, 'change': True}
2025-12-23 13:01:00,779 : INFO : EventManager : Event: ======'machine_var_platform_machine'====== Args={'value': 'AMD64', 'prev_value': None, 'change': True}
2025-12-23 13:01:00,779 : INFO : EventManager : Event: ======'machine_var_log_file_path'====== Args={'value': 'C:\\Users\\White\\Documents\\Top_Gun_Pinball\\logs\\2025-12-23-13-00-59-mpf-TopGunPinball.log', 'prev_value': None, 'change': True}
2025-12-23 13:01:00,779 : INFO : EventManager : Event: ======'init_phase_1'====== Args={}
2025-12-23 13:01:00,864 : ERROR : asyncio : Task exception was never retrieved
future: <Task finished name='Task-84' coro=<SystemWideDevice.device_added_system_wide() done, defined at C:\Users\White\mpf\Lib\site-packages\mpf\core\system_wide_device.py:15> exception=ConfigFileError('Failed to configure switch s_l_lock_target in platform. See error above')>
Traceback (most recent call last):
  File "C:\Users\White\mpf\Lib\site-packages\mpf\devices\switch.py", line 149, in _initialize
    self.hw_switch = self.platform.configure_switch(
                     ^^^^^^^^^^^^^^^^^^^^^^^^^^^^^^^
  File "C:\Users\White\mpf\Lib\site-packages\mpf\platforms\fast\fast.py", line 549, in configure_switch
    self.raise_config_error(f"Could not parse switch number {config.name}/{number}. Seems "
  File "C:\Users\White\mpf\Lib\site-packages\mpf\core\logging.py", line 175, in raise_config_error
    raise ConfigFileError(msg, error_no, self.log.name if self.log else "", context, self._url_base) \
mpf.exceptions.config_file_error.ConfigFileError: Config File Error in FAST: Could not parse switch number s_l_lock_target/playfield_board_upper-3208-0. Seems to be not a valid switch number for the FAST platform. Error Code: CFE-https://fastpinball.com/mpf/error-8 (https://missionpinball.org/logs)

The above exception was the direct cause of the following exception:

Traceback (most recent call last):
  File "C:\Users\White\mpf\Lib\site-packages\mpf\core\system_wide_device.py", line 17, in device_added_system_wide
    await self._initialize()
  File "C:\Users\White\mpf\Lib\site-packages\mpf\devices\switch.py", line 152, in _initialize
    raise ConfigFileError("Failed to configure switch {} in platform. See error above".format(self.name), 2,
mpf.exceptions.config_file_error.ConfigFileError: Config File Error in switch: Failed to configure switch s_l_lock_target in platform. See error above Error Code: CFE-switch-2 (https://missionpinball.org/logs)
2025-12-23 13:01:00,922 : ERROR : asyncio : Task exception was never retrieved
future: <Task finished name='Task-42' coro=<SystemWideDevice.device_added_system_wide() done, defined at C:\Users\White\mpf\Lib\site-packages\mpf\core\system_wide_device.py:15> exception=ConfigFileError('Failed to configure switch s_coin_door_service_3 in platform. See error above')>
Traceback (most recent call last):
  File "C:\Users\White\mpf\Lib\site-packages\mpf\devices\switch.py", line 149, in _initialize
    self.hw_switch = self.platform.configure_switch(
                     ^^^^^^^^^^^^^^^^^^^^^^^^^^^^^^^
  File "C:\Users\White\mpf\Lib\site-packages\mpf\platforms\fast\fast.py", line 549, in configure_switch
    self.raise_config_error(f"Could not parse switch number {config.name}/{number}. Seems "
  File "C:\Users\White\mpf\Lib\site-packages\mpf\core\logging.py", line 175, in raise_config_error
    raise ConfigFileError(msg, error_no, self.log.name if self.log else "", context, self._url_base) \
mpf.exceptions.config_file_error.ConfigFileError: Config File Error in FAST: Could not parse switch number s_coin_door_service_3/cabinet_board-0024-5. Seems to be not a valid switch number for the FAST platform. Error Code: CFE-https://fastpinball.com/mpf/error-8 (https://missionpinball.org/logs)

The above exception was the direct cause of the following exception:

Traceback (most recent call last):
  File "C:\Users\White\mpf\Lib\site-packages\mpf\core\system_wide_device.py", line 17, in device_added_system_wide
    await self._initialize()
  File "C:\Users\White\mpf\Lib\site-packages\mpf\devices\switch.py", line 152, in _initialize
    raise ConfigFileError("Failed to configure switch {} in platform. See error above".format(self.name), 2,
mpf.exceptions.config_file_error.ConfigFileError: Config File Error in switch: Failed to configure switch s_coin_door_service_3 in platform. See error above Error Code: CFE-switch-2 (https://missionpinball.org/logs)
2025-12-23 13:01:00,923 : ERROR : asyncio : Task exception was never retrieved
future: <Task finished name='Task-85' coro=<SystemWideDevice.device_added_system_wide() done, defined at C:\Users\White\mpf\Lib\site-packages\mpf\core\system_wide_device.py:15> exception=ConfigFileError('Failed to configure switch s_o_lock_target in platform. See error above')>
Traceback (most recent call last):
  File "C:\Users\White\mpf\Lib\site-packages\mpf\devices\switch.py", line 149, in _initialize
    self.hw_switch = self.platform.configure_switch(
                     ^^^^^^^^^^^^^^^^^^^^^^^^^^^^^^^
  File "C:\Users\White\mpf\Lib\site-packages\mpf\platforms\fast\fast.py", line 549, in configure_switch
    self.raise_config_error(f"Could not parse switch number {config.name}/{number}. Seems "
  File "C:\Users\White\mpf\Lib\site-packages\mpf\core\logging.py", line 175, in raise_config_error
    raise ConfigFileError(msg, error_no, self.log.name if self.log else "", context, self._url_base) \
mpf.exceptions.config_file_error.ConfigFileError: Config File Error in FAST: Could not parse switch number s_o_lock_target/playfield_board_upper-3208-1. Seems to be not a valid switch number for the FAST platform. Error Code: CFE-https://fastpinball.com/mpf/error-8 (https://missionpinball.org/logs)

The above exception was the direct cause of the following exception:

Traceback (most recent call last):
  File "C:\Users\White\mpf\Lib\site-packages\mpf\core\system_wide_device.py", line 17, in device_added_system_wide
    await self._initialize()
  File "C:\Users\White\mpf\Lib\site-packages\mpf\devices\switch.py", line 152, in _initialize
    raise ConfigFileError("Failed to configure switch {} in platform. See error above".format(self.name), 2,
mpf.exceptions.config_file_error.ConfigFileError: Config File Error in switch: Failed to configure switch s_o_lock_target in platform. See error above Error Code: CFE-switch-2 (https://missionpinball.org/logs)
2025-12-23 13:01:00,923 : ERROR : asyncio : Task exception was never retrieved
future: <Task finished name='Task-43' coro=<SystemWideDevice.device_added_system_wide() done, defined at C:\Users\White\mpf\Lib\site-packages\mpf\core\system_wide_device.py:15> exception=ConfigFileError('Failed to configure switch s_coin_door_service_4 in platform. See error above')>
Traceback (most recent call last):
  File "C:\Users\White\mpf\Lib\site-packages\mpf\devices\switch.py", line 149, in _initialize
    self.hw_switch = self.platform.configure_switch(
                     ^^^^^^^^^^^^^^^^^^^^^^^^^^^^^^^
  File "C:\Users\White\mpf\Lib\site-packages\mpf\platforms\fast\fast.py", line 549, in configure_switch
    self.raise_config_error(f"Could not parse switch number {config.name}/{number}. Seems "
  File "C:\Users\White\mpf\Lib\site-packages\mpf\core\logging.py", line 175, in raise_config_error
    raise ConfigFileError(msg, error_no, self.log.name if self.log else "", context, self._url_base) \
mpf.exceptions.config_file_error.ConfigFileError: Config File Error in FAST: Could not parse switch number s_coin_door_service_4/cabinet_board-0024-4. Seems to be not a valid switch number for the FAST platform. Error Code: CFE-https://fastpinball.com/mpf/error-8 (https://missionpinball.org/logs)

The above exception was the direct cause of the following exception:

Traceback (most recent call last):
  File "C:\Users\White\mpf\Lib\site-packages\mpf\core\system_wide_device.py", line 17, in device_added_system_wide
    await self._initialize()
  File "C:\Users\White\mpf\Lib\site-packages\mpf\devices\switch.py", line 152, in _initialize
    raise ConfigFileError("Failed to configure switch {} in platform. See error above".format(self.name), 2,
mpf.exceptions.config_file_error.ConfigFileError: Config File Error in switch: Failed to configure switch s_coin_door_service_4 in platform. See error above Error Code: CFE-switch-2 (https://missionpinball.org/logs)
2025-12-23 13:01:00,924 : ERROR : asyncio : Task exception was never retrieved
future: <Task finished name='Task-86' coro=<SystemWideDevice.device_added_system_wide() done, defined at C:\Users\White\mpf\Lib\site-packages\mpf\core\system_wide_device.py:15> exception=ConfigFileError('Failed to configure switch s_c_lock_target in platform. See error above')>
Traceback (most recent call last):
  File "C:\Users\White\mpf\Lib\site-packages\mpf\devices\switch.py", line 149, in _initialize
    self.hw_switch = self.platform.configure_switch(
                     ^^^^^^^^^^^^^^^^^^^^^^^^^^^^^^^
  File "C:\Users\White\mpf\Lib\site-packages\mpf\platforms\fast\fast.py", line 549, in configure_switch
    self.raise_config_error(f"Could not parse switch number {config.name}/{number}. Seems "
  File "C:\Users\White\mpf\Lib\site-packages\mpf\core\logging.py", line 175, in raise_config_error
    raise ConfigFileError(msg, error_no, self.log.name if self.log else "", context, self._url_base) \
mpf.exceptions.config_file_error.ConfigFileError: Config File Error in FAST: Could not parse switch number s_c_lock_target/playfield_board_upper-3208-2. Seems to be not a valid switch number for the FAST platform. Error Code: CFE-https://fastpinball.com/mpf/error-8 (https://missionpinball.org/logs)

The above exception was the direct cause of the following exception:

Traceback (most recent call last):
  File "C:\Users\White\mpf\Lib\site-packages\mpf\core\system_wide_device.py", line 17, in device_added_system_wide
    await self._initialize()
  File "C:\Users\White\mpf\Lib\site-packages\mpf\devices\switch.py", line 152, in _initialize
    raise ConfigFileError("Failed to configure switch {} in platform. See error above".format(self.name), 2,
mpf.exceptions.config_file_error.ConfigFileError: Config File Error in switch: Failed to configure switch s_c_lock_target in platform. See error above Error Code: CFE-switch-2 (https://missionpinball.org/logs)
2025-12-23 13:01:00,925 : ERROR : asyncio : Task exception was never retrieved
future: <Task finished name='Task-44' coro=<SystemWideDevice.device_added_system_wide() done, defined at C:\Users\White\mpf\Lib\site-packages\mpf\core\system_wide_device.py:15> exception=ConfigFileError('Failed to configure switch s_coin_door_credit_right in platform. See error above')>
Traceback (most recent call last):
  File "C:\Users\White\mpf\Lib\site-packages\mpf\devices\switch.py", line 149, in _initialize
    self.hw_switch = self.platform.configure_switch(
                     ^^^^^^^^^^^^^^^^^^^^^^^^^^^^^^^
  File "C:\Users\White\mpf\Lib\site-packages\mpf\platforms\fast\fast.py", line 549, in configure_switch
    self.raise_config_error(f"Could not parse switch number {config.name}/{number}. Seems "
  File "C:\Users\White\mpf\Lib\site-packages\mpf\core\logging.py", line 175, in raise_config_error
    raise ConfigFileError(msg, error_no, self.log.name if self.log else "", context, self._url_base) \
mpf.exceptions.config_file_error.ConfigFileError: Config File Error in FAST: Could not parse switch number s_coin_door_credit_right/cabinet_board-0024-3. Seems to be not a valid switch number for the FAST platform. Error Code: CFE-https://fastpinball.com/mpf/error-8 (https://missionpinball.org/logs)

The above exception was the direct cause of the following exception:

Traceback (most recent call last):
  File "C:\Users\White\mpf\Lib\site-packages\mpf\core\system_wide_device.py", line 17, in device_added_system_wide
    await self._initialize()
  File "C:\Users\White\mpf\Lib\site-packages\mpf\devices\switch.py", line 152, in _initialize
    raise ConfigFileError("Failed to configure switch {} in platform. See error above".format(self.name), 2,
mpf.exceptions.config_file_error.ConfigFileError: Config File Error in switch: Failed to configure switch s_coin_door_credit_right in platform. See error above Error Code: CFE-switch-2 (https://missionpinball.org/logs)
2025-12-23 13:01:00,926 : ERROR : asyncio : Task exception was never retrieved
future: <Task finished name='Task-87' coro=<SystemWideDevice.device_added_system_wide() done, defined at C:\Users\White\mpf\Lib\site-packages\mpf\core\system_wide_device.py:15> exception=ConfigFileError('Failed to configure switch s_k_lock_target in platform. See error above')>
Traceback (most recent call last):
  File "C:\Users\White\mpf\Lib\site-packages\mpf\devices\switch.py", line 149, in _initialize
    self.hw_switch = self.platform.configure_switch(
                     ^^^^^^^^^^^^^^^^^^^^^^^^^^^^^^^
  File "C:\Users\White\mpf\Lib\site-packages\mpf\platforms\fast\fast.py", line 549, in configure_switch
    self.raise_config_error(f"Could not parse switch number {config.name}/{number}. Seems "
  File "C:\Users\White\mpf\Lib\site-packages\mpf\core\logging.py", line 175, in raise_config_error
    raise ConfigFileError(msg, error_no, self.log.name if self.log else "", context, self._url_base) \
mpf.exceptions.config_file_error.ConfigFileError: Config File Error in FAST: Could not parse switch number s_k_lock_target/playfield_board_upper-3208-3. Seems to be not a valid switch number for the FAST platform. Error Code: CFE-https://fastpinball.com/mpf/error-8 (https://missionpinball.org/logs)

The above exception was the direct cause of the following exception:

Traceback (most recent call last):
  File "C:\Users\White\mpf\Lib\site-packages\mpf\core\system_wide_device.py", line 17, in device_added_system_wide
    await self._initialize()
  File "C:\Users\White\mpf\Lib\site-packages\mpf\devices\switch.py", line 152, in _initialize
    raise ConfigFileError("Failed to configure switch {} in platform. See error above".format(self.name), 2,
mpf.exceptions.config_file_error.ConfigFileError: Config File Error in switch: Failed to configure switch s_k_lock_target in platform. See error above Error Code: CFE-switch-2 (https://missionpinball.org/logs)
2025-12-23 13:01:00,927 : ERROR : asyncio : Task exception was never retrieved
future: <Task finished name='Task-45' coro=<SystemWideDevice.device_added_system_wide() done, defined at C:\Users\White\mpf\Lib\site-packages\mpf\core\system_wide_device.py:15> exception=ConfigFileError('Failed to configure switch s_coin_door_credit_left in platform. See error above')>
Traceback (most recent call last):
  File "C:\Users\White\mpf\Lib\site-packages\mpf\devices\switch.py", line 149, in _initialize
    self.hw_switch = self.platform.configure_switch(
                     ^^^^^^^^^^^^^^^^^^^^^^^^^^^^^^^
  File "C:\Users\White\mpf\Lib\site-packages\mpf\platforms\fast\fast.py", line 549, in configure_switch
    self.raise_config_error(f"Could not parse switch number {config.name}/{number}. Seems "
  File "C:\Users\White\mpf\Lib\site-packages\mpf\core\logging.py", line 175, in raise_config_error
    raise ConfigFileError(msg, error_no, self.log.name if self.log else "", context, self._url_base) \
mpf.exceptions.config_file_error.ConfigFileError: Config File Error in FAST: Could not parse switch number s_coin_door_credit_left/cabinet_board-0024-2. Seems to be not a valid switch number for the FAST platform. Error Code: CFE-https://fastpinball.com/mpf/error-8 (https://missionpinball.org/logs)

The above exception was the direct cause of the following exception:

Traceback (most recent call last):
  File "C:\Users\White\mpf\Lib\site-packages\mpf\core\system_wide_device.py", line 17, in device_added_system_wide
    await self._initialize()
  File "C:\Users\White\mpf\Lib\site-packages\mpf\devices\switch.py", line 152, in _initialize
    raise ConfigFileError("Failed to configure switch {} in platform. See error above".format(self.name), 2,
mpf.exceptions.config_file_error.ConfigFileError: Config File Error in switch: Failed to configure switch s_coin_door_credit_left in platform. See error above Error Code: CFE-switch-2 (https://missionpinball.org/logs)
2025-12-23 13:01:00,927 : ERROR : asyncio : Task exception was never retrieved
future: <Task finished name='Task-88' coro=<SystemWideDevice.device_added_system_wide() done, defined at C:\Users\White\mpf\Lib\site-packages\mpf\core\system_wide_device.py:15> exception=ConfigFileError('Failed to configure switch s_barrier_target in platform. See error above')>
Traceback (most recent call last):
  File "C:\Users\White\mpf\Lib\site-packages\mpf\devices\switch.py", line 149, in _initialize
    self.hw_switch = self.platform.configure_switch(
                     ^^^^^^^^^^^^^^^^^^^^^^^^^^^^^^^
  File "C:\Users\White\mpf\Lib\site-packages\mpf\platforms\fast\fast.py", line 549, in configure_switch
    self.raise_config_error(f"Could not parse switch number {config.name}/{number}. Seems "
  File "C:\Users\White\mpf\Lib\site-packages\mpf\core\logging.py", line 175, in raise_config_error
    raise ConfigFileError(msg, error_no, self.log.name if self.log else "", context, self._url_base) \
mpf.exceptions.config_file_error.ConfigFileError: Config File Error in FAST: Could not parse switch number s_barrier_target/playfield_board_upper-3208-5. Seems to be not a valid switch number for the FAST platform. Error Code: CFE-https://fastpinball.com/mpf/error-8 (https://missionpinball.org/logs)

The above exception was the direct cause of the following exception:

Traceback (most recent call last):
  File "C:\Users\White\mpf\Lib\site-packages\mpf\core\system_wide_device.py", line 17, in device_added_system_wide
    await self._initialize()
  File "C:\Users\White\mpf\Lib\site-packages\mpf\devices\switch.py", line 152, in _initialize
    raise ConfigFileError("Failed to configure switch {} in platform. See error above".format(self.name), 2,
mpf.exceptions.config_file_error.ConfigFileError: Config File Error in switch: Failed to configure switch s_barrier_target in platform. See error above Error Code: CFE-switch-2 (https://missionpinball.org/logs)
2025-12-23 13:01:00,928 : ERROR : asyncio : Task exception was never retrieved
future: <Task finished name='Task-46' coro=<SystemWideDevice.device_added_system_wide() done, defined at C:\Users\White\mpf\Lib\site-packages\mpf\core\system_wide_device.py:15> exception=ConfigFileError('Failed to configure switch s_flipper_left in platform. See error above')>
Traceback (most recent call last):
  File "C:\Users\White\mpf\Lib\site-packages\mpf\devices\switch.py", line 149, in _initialize
    self.hw_switch = self.platform.configure_switch(
                     ^^^^^^^^^^^^^^^^^^^^^^^^^^^^^^^
  File "C:\Users\White\mpf\Lib\site-packages\mpf\platforms\fast\fast.py", line 549, in configure_switch
    self.raise_config_error(f"Could not parse switch number {config.name}/{number}. Seems "
  File "C:\Users\White\mpf\Lib\site-packages\mpf\core\logging.py", line 175, in raise_config_error
    raise ConfigFileError(msg, error_no, self.log.name if self.log else "", context, self._url_base) \
mpf.exceptions.config_file_error.ConfigFileError: Config File Error in FAST: Could not parse switch number s_flipper_left/cabinet_board-0024-10. Seems to be not a valid switch number for the FAST platform. Error Code: CFE-https://fastpinball.com/mpf/error-8 (https://missionpinball.org/logs)

The above exception was the direct cause of the following exception:

Traceback (most recent call last):
  File "C:\Users\White\mpf\Lib\site-packages\mpf\core\system_wide_device.py", line 17, in device_added_system_wide
    await self._initialize()
  File "C:\Users\White\mpf\Lib\site-packages\mpf\devices\switch.py", line 152, in _initialize
    raise ConfigFileError("Failed to configure switch {} in platform. See error above".format(self.name), 2,
mpf.exceptions.config_file_error.ConfigFileError: Config File Error in switch: Failed to configure switch s_flipper_left in platform. See error above Error Code: CFE-switch-2 (https://missionpinball.org/logs)
2025-12-23 13:01:00,928 : ERROR : asyncio : Task exception was never retrieved
future: <Task finished name='Task-89' coro=<SystemWideDevice.device_added_system_wide() done, defined at C:\Users\White\mpf\Lib\site-packages\mpf\core\system_wide_device.py:15> exception=ConfigFileError('Failed to configure switch s_flight_gear_target in platform. See error above')>
Traceback (most recent call last):
  File "C:\Users\White\mpf\Lib\site-packages\mpf\devices\switch.py", line 149, in _initialize
    self.hw_switch = self.platform.configure_switch(
                     ^^^^^^^^^^^^^^^^^^^^^^^^^^^^^^^
  File "C:\Users\White\mpf\Lib\site-packages\mpf\platforms\fast\fast.py", line 549, in configure_switch
    self.raise_config_error(f"Could not parse switch number {config.name}/{number}. Seems "
  File "C:\Users\White\mpf\Lib\site-packages\mpf\core\logging.py", line 175, in raise_config_error
    raise ConfigFileError(msg, error_no, self.log.name if self.log else "", context, self._url_base) \
mpf.exceptions.config_file_error.ConfigFileError: Config File Error in FAST: Could not parse switch number s_flight_gear_target/playfield_board_upper-3208-4. Seems to be not a valid switch number for the FAST platform. Error Code: CFE-https://fastpinball.com/mpf/error-8 (https://missionpinball.org/logs)

The above exception was the direct cause of the following exception:

Traceback (most recent call last):
  File "C:\Users\White\mpf\Lib\site-packages\mpf\core\system_wide_device.py", line 17, in device_added_system_wide
    await self._initialize()
  File "C:\Users\White\mpf\Lib\site-packages\mpf\devices\switch.py", line 152, in _initialize
    raise ConfigFileError("Failed to configure switch {} in platform. See error above".format(self.name), 2,
mpf.exceptions.config_file_error.ConfigFileError: Config File Error in switch: Failed to configure switch s_flight_gear_target in platform. See error above Error Code: CFE-switch-2 (https://missionpinball.org/logs)
2025-12-23 13:01:00,930 : ERROR : asyncio : Task exception was never retrieved
future: <Task finished name='Task-47' coro=<SystemWideDevice.device_added_system_wide() done, defined at C:\Users\White\mpf\Lib\site-packages\mpf\core\system_wide_device.py:15> exception=ConfigFileError('Failed to configure switch s_flipper_left_eos in platform. See error above')>
Traceback (most recent call last):
  File "C:\Users\White\mpf\Lib\site-packages\mpf\devices\switch.py", line 149, in _initialize
    self.hw_switch = self.platform.configure_switch(
                     ^^^^^^^^^^^^^^^^^^^^^^^^^^^^^^^
  File "C:\Users\White\mpf\Lib\site-packages\mpf\platforms\fast\fast.py", line 549, in configure_switch
    self.raise_config_error(f"Could not parse switch number {config.name}/{number}. Seems "
  File "C:\Users\White\mpf\Lib\site-packages\mpf\core\logging.py", line 175, in raise_config_error
    raise ConfigFileError(msg, error_no, self.log.name if self.log else "", context, self._url_base) \
mpf.exceptions.config_file_error.ConfigFileError: Config File Error in FAST: Could not parse switch number s_flipper_left_eos/playfield_board_lower-3208-8. Seems to be not a valid switch number for the FAST platform. Error Code: CFE-https://fastpinball.com/mpf/error-8 (https://missionpinball.org/logs)

The above exception was the direct cause of the following exception:

Traceback (most recent call last):
  File "C:\Users\White\mpf\Lib\site-packages\mpf\core\system_wide_device.py", line 17, in device_added_system_wide
    await self._initialize()
  File "C:\Users\White\mpf\Lib\site-packages\mpf\devices\switch.py", line 152, in _initialize
    raise ConfigFileError("Failed to configure switch {} in platform. See error above".format(self.name), 2,
mpf.exceptions.config_file_error.ConfigFileError: Config File Error in switch: Failed to configure switch s_flipper_left_eos in platform. See error above Error Code: CFE-switch-2 (https://missionpinball.org/logs)
2025-12-23 13:01:00,931 : ERROR : asyncio : Task exception was never retrieved
future: <Task finished name='Task-90' coro=<SystemWideDevice.device_added_system_wide() done, defined at C:\Users\White\mpf\Lib\site-packages\mpf\core\system_wide_device.py:15> exception=ConfigFileError('Failed to configure switch s_spinner in platform. See error above')>
Traceback (most recent call last):
  File "C:\Users\White\mpf\Lib\site-packages\mpf\devices\switch.py", line 149, in _initialize
    self.hw_switch = self.platform.configure_switch(
                     ^^^^^^^^^^^^^^^^^^^^^^^^^^^^^^^
  File "C:\Users\White\mpf\Lib\site-packages\mpf\platforms\fast\fast.py", line 549, in configure_switch
    self.raise_config_error(f"Could not parse switch number {config.name}/{number}. Seems "
  File "C:\Users\White\mpf\Lib\site-packages\mpf\core\logging.py", line 175, in raise_config_error
    raise ConfigFileError(msg, error_no, self.log.name if self.log else "", context, self._url_base) \
mpf.exceptions.config_file_error.ConfigFileError: Config File Error in FAST: Could not parse switch number s_spinner/playfield_board_upper-3208-15. Seems to be not a valid switch number for the FAST platform. Error Code: CFE-https://fastpinball.com/mpf/error-8 (https://missionpinball.org/logs)

The above exception was the direct cause of the following exception:

Traceback (most recent call last):
  File "C:\Users\White\mpf\Lib\site-packages\mpf\core\system_wide_device.py", line 17, in device_added_system_wide
    await self._initialize()
  File "C:\Users\White\mpf\Lib\site-packages\mpf\devices\switch.py", line 152, in _initialize
    raise ConfigFileError("Failed to configure switch {} in platform. See error above".format(self.name), 2,
mpf.exceptions.config_file_error.ConfigFileError: Config File Error in switch: Failed to configure switch s_spinner in platform. See error above Error Code: CFE-switch-2 (https://missionpinball.org/logs)
2025-12-23 13:01:00,931 : ERROR : asyncio : Task exception was never retrieved
future: <Task finished name='Task-48' coro=<SystemWideDevice.device_added_system_wide() done, defined at C:\Users\White\mpf\Lib\site-packages\mpf\core\system_wide_device.py:15> exception=ConfigFileError('Failed to configure switch s_flipper_left_upper in platform. See error above')>
Traceback (most recent call last):
  File "C:\Users\White\mpf\Lib\site-packages\mpf\devices\switch.py", line 149, in _initialize
    self.hw_switch = self.platform.configure_switch(
                     ^^^^^^^^^^^^^^^^^^^^^^^^^^^^^^^
  File "C:\Users\White\mpf\Lib\site-packages\mpf\platforms\fast\fast.py", line 549, in configure_switch
    self.raise_config_error(f"Could not parse switch number {config.name}/{number}. Seems "
  File "C:\Users\White\mpf\Lib\site-packages\mpf\core\logging.py", line 175, in raise_config_error
    raise ConfigFileError(msg, error_no, self.log.name if self.log else "", context, self._url_base) \
mpf.exceptions.config_file_error.ConfigFileError: Config File Error in FAST: Could not parse switch number s_flipper_left_upper/cabinet_board-0024-11. Seems to be not a valid switch number for the FAST platform. Error Code: CFE-https://fastpinball.com/mpf/error-8 (https://missionpinball.org/logs)

The above exception was the direct cause of the following exception:

Traceback (most recent call last):
  File "C:\Users\White\mpf\Lib\site-packages\mpf\core\system_wide_device.py", line 17, in device_added_system_wide
    await self._initialize()
  File "C:\Users\White\mpf\Lib\site-packages\mpf\devices\switch.py", line 152, in _initialize
    raise ConfigFileError("Failed to configure switch {} in platform. See error above".format(self.name), 2,
mpf.exceptions.config_file_error.ConfigFileError: Config File Error in switch: Failed to configure switch s_flipper_left_upper in platform. See error above Error Code: CFE-switch-2 (https://missionpinball.org/logs)
2025-12-23 13:01:00,932 : ERROR : asyncio : Task exception was never retrieved
future: <Task finished name='Task-91' coro=<SystemWideDevice.device_added_system_wide() done, defined at C:\Users\White\mpf\Lib\site-packages\mpf\core\system_wide_device.py:15> exception=ConfigFileError('Failed to configure switch s_ramp_left_exit in platform. See error above')>
Traceback (most recent call last):
  File "C:\Users\White\mpf\Lib\site-packages\mpf\devices\switch.py", line 149, in _initialize
    self.hw_switch = self.platform.configure_switch(
                     ^^^^^^^^^^^^^^^^^^^^^^^^^^^^^^^
  File "C:\Users\White\mpf\Lib\site-packages\mpf\platforms\fast\fast.py", line 549, in configure_switch
    self.raise_config_error(f"Could not parse switch number {config.name}/{number}. Seems "
  File "C:\Users\White\mpf\Lib\site-packages\mpf\core\logging.py", line 175, in raise_config_error
    raise ConfigFileError(msg, error_no, self.log.name if self.log else "", context, self._url_base) \
mpf.exceptions.config_file_error.ConfigFileError: Config File Error in FAST: Could not parse switch number s_ramp_left_exit/playfield_board_upper-3208-16. Seems to be not a valid switch number for the FAST platform. Error Code: CFE-https://fastpinball.com/mpf/error-8 (https://missionpinball.org/logs)

The above exception was the direct cause of the following exception:

Traceback (most recent call last):
  File "C:\Users\White\mpf\Lib\site-packages\mpf\core\system_wide_device.py", line 17, in device_added_system_wide
    await self._initialize()
  File "C:\Users\White\mpf\Lib\site-packages\mpf\devices\switch.py", line 152, in _initialize
    raise ConfigFileError("Failed to configure switch {} in platform. See error above".format(self.name), 2,
mpf.exceptions.config_file_error.ConfigFileError: Config File Error in switch: Failed to configure switch s_ramp_left_exit in platform. See error above Error Code: CFE-switch-2 (https://missionpinball.org/logs)
2025-12-23 13:01:00,933 : ERROR : asyncio : Task exception was never retrieved
future: <Task finished name='Task-49' coro=<SystemWideDevice.device_added_system_wide() done, defined at C:\Users\White\mpf\Lib\site-packages\mpf\core\system_wide_device.py:15> exception=ConfigFileError('Failed to configure switch s_flipper_left_upper_eos in platform. See error above')>
Traceback (most recent call last):
  File "C:\Users\White\mpf\Lib\site-packages\mpf\devices\switch.py", line 149, in _initialize
    self.hw_switch = self.platform.configure_switch(
                     ^^^^^^^^^^^^^^^^^^^^^^^^^^^^^^^
  File "C:\Users\White\mpf\Lib\site-packages\mpf\platforms\fast\fast.py", line 549, in configure_switch
    self.raise_config_error(f"Could not parse switch number {config.name}/{number}. Seems "
  File "C:\Users\White\mpf\Lib\site-packages\mpf\core\logging.py", line 175, in raise_config_error
    raise ConfigFileError(msg, error_no, self.log.name if self.log else "", context, self._url_base) \
mpf.exceptions.config_file_error.ConfigFileError: Config File Error in FAST: Could not parse switch number s_flipper_left_upper_eos/playfield_board_lower-3208-10. Seems to be not a valid switch number for the FAST platform. Error Code: CFE-https://fastpinball.com/mpf/error-8 (https://missionpinball.org/logs)

The above exception was the direct cause of the following exception:

Traceback (most recent call last):
  File "C:\Users\White\mpf\Lib\site-packages\mpf\core\system_wide_device.py", line 17, in device_added_system_wide
    await self._initialize()
  File "C:\Users\White\mpf\Lib\site-packages\mpf\devices\switch.py", line 152, in _initialize
    raise ConfigFileError("Failed to configure switch {} in platform. See error above".format(self.name), 2,
mpf.exceptions.config_file_error.ConfigFileError: Config File Error in switch: Failed to configure switch s_flipper_left_upper_eos in platform. See error above Error Code: CFE-switch-2 (https://missionpinball.org/logs)
2025-12-23 13:01:00,934 : ERROR : asyncio : Task exception was never retrieved
future: <Task finished name='Task-92' coro=<SystemWideDevice.device_added_system_wide() done, defined at C:\Users\White\mpf\Lib\site-packages\mpf\core\system_wide_device.py:15> exception=ConfigFileError('Failed to configure switch s_ramp_right_exit in platform. See error above')>
Traceback (most recent call last):
  File "C:\Users\White\mpf\Lib\site-packages\mpf\devices\switch.py", line 149, in _initialize
    self.hw_switch = self.platform.configure_switch(
                     ^^^^^^^^^^^^^^^^^^^^^^^^^^^^^^^
  File "C:\Users\White\mpf\Lib\site-packages\mpf\platforms\fast\fast.py", line 549, in configure_switch
    self.raise_config_error(f"Could not parse switch number {config.name}/{number}. Seems "
  File "C:\Users\White\mpf\Lib\site-packages\mpf\core\logging.py", line 175, in raise_config_error
    raise ConfigFileError(msg, error_no, self.log.name if self.log else "", context, self._url_base) \
mpf.exceptions.config_file_error.ConfigFileError: Config File Error in FAST: Could not parse switch number s_ramp_right_exit/playfield_board_upper-3208-21. Seems to be not a valid switch number for the FAST platform. Error Code: CFE-https://fastpinball.com/mpf/error-8 (https://missionpinball.org/logs)

The above exception was the direct cause of the following exception:

Traceback (most recent call last):
  File "C:\Users\White\mpf\Lib\site-packages\mpf\core\system_wide_device.py", line 17, in device_added_system_wide
    await self._initialize()
  File "C:\Users\White\mpf\Lib\site-packages\mpf\devices\switch.py", line 152, in _initialize
    raise ConfigFileError("Failed to configure switch {} in platform. See error above".format(self.name), 2,
mpf.exceptions.config_file_error.ConfigFileError: Config File Error in switch: Failed to configure switch s_ramp_right_exit in platform. See error above Error Code: CFE-switch-2 (https://missionpinball.org/logs)
2025-12-23 13:01:00,934 : ERROR : asyncio : Task exception was never retrieved
future: <Task finished name='Task-50' coro=<SystemWideDevice.device_added_system_wide() done, defined at C:\Users\White\mpf\Lib\site-packages\mpf\core\system_wide_device.py:15> exception=ConfigFileError('Failed to configure switch s_flipper_right in platform. See error above')>
Traceback (most recent call last):
  File "C:\Users\White\mpf\Lib\site-packages\mpf\devices\switch.py", line 149, in _initialize
    self.hw_switch = self.platform.configure_switch(
                     ^^^^^^^^^^^^^^^^^^^^^^^^^^^^^^^
  File "C:\Users\White\mpf\Lib\site-packages\mpf\platforms\fast\fast.py", line 549, in configure_switch
    self.raise_config_error(f"Could not parse switch number {config.name}/{number}. Seems "
  File "C:\Users\White\mpf\Lib\site-packages\mpf\core\logging.py", line 175, in raise_config_error
    raise ConfigFileError(msg, error_no, self.log.name if self.log else "", context, self._url_base) \
mpf.exceptions.config_file_error.ConfigFileError: Config File Error in FAST: Could not parse switch number s_flipper_right/cabinet_board-0024-12. Seems to be not a valid switch number for the FAST platform. Error Code: CFE-https://fastpinball.com/mpf/error-8 (https://missionpinball.org/logs)

The above exception was the direct cause of the following exception:

Traceback (most recent call last):
  File "C:\Users\White\mpf\Lib\site-packages\mpf\core\system_wide_device.py", line 17, in device_added_system_wide
    await self._initialize()
  File "C:\Users\White\mpf\Lib\site-packages\mpf\devices\switch.py", line 152, in _initialize
    raise ConfigFileError("Failed to configure switch {} in platform. See error above".format(self.name), 2,
mpf.exceptions.config_file_error.ConfigFileError: Config File Error in switch: Failed to configure switch s_flipper_right in platform. See error above Error Code: CFE-switch-2 (https://missionpinball.org/logs)
2025-12-23 13:01:00,935 : ERROR : asyncio : Task exception was never retrieved
future: <Task finished name='Task-93' coro=<SystemWideDevice.device_added_system_wide() done, defined at C:\Users\White\mpf\Lib\site-packages\mpf\core\system_wide_device.py:15> exception=ConfigFileError('Failed to configure switch s_ramp_inner_exit in platform. See error above')>
Traceback (most recent call last):
  File "C:\Users\White\mpf\Lib\site-packages\mpf\devices\switch.py", line 149, in _initialize
    self.hw_switch = self.platform.configure_switch(
                     ^^^^^^^^^^^^^^^^^^^^^^^^^^^^^^^
  File "C:\Users\White\mpf\Lib\site-packages\mpf\platforms\fast\fast.py", line 549, in configure_switch
    self.raise_config_error(f"Could not parse switch number {config.name}/{number}. Seems "
  File "C:\Users\White\mpf\Lib\site-packages\mpf\core\logging.py", line 175, in raise_config_error
    raise ConfigFileError(msg, error_no, self.log.name if self.log else "", context, self._url_base) \
mpf.exceptions.config_file_error.ConfigFileError: Config File Error in FAST: Could not parse switch number s_ramp_inner_exit/playfield_board_upper-3208-22. Seems to be not a valid switch number for the FAST platform. Error Code: CFE-https://fastpinball.com/mpf/error-8 (https://missionpinball.org/logs)

The above exception was the direct cause of the following exception:

Traceback (most recent call last):
  File "C:\Users\White\mpf\Lib\site-packages\mpf\core\system_wide_device.py", line 17, in device_added_system_wide
    await self._initialize()
  File "C:\Users\White\mpf\Lib\site-packages\mpf\devices\switch.py", line 152, in _initialize
    raise ConfigFileError("Failed to configure switch {} in platform. See error above".format(self.name), 2,
mpf.exceptions.config_file_error.ConfigFileError: Config File Error in switch: Failed to configure switch s_ramp_inner_exit in platform. See error above Error Code: CFE-switch-2 (https://missionpinball.org/logs)
2025-12-23 13:01:00,936 : ERROR : asyncio : Task exception was never retrieved
future: <Task finished name='Task-51' coro=<SystemWideDevice.device_added_system_wide() done, defined at C:\Users\White\mpf\Lib\site-packages\mpf\core\system_wide_device.py:15> exception=ConfigFileError('Failed to configure switch s_flipper_right_eos in platform. See error above')>
Traceback (most recent call last):
  File "C:\Users\White\mpf\Lib\site-packages\mpf\devices\switch.py", line 149, in _initialize
    self.hw_switch = self.platform.configure_switch(
                     ^^^^^^^^^^^^^^^^^^^^^^^^^^^^^^^
  File "C:\Users\White\mpf\Lib\site-packages\mpf\platforms\fast\fast.py", line 549, in configure_switch
    self.raise_config_error(f"Could not parse switch number {config.name}/{number}. Seems "
  File "C:\Users\White\mpf\Lib\site-packages\mpf\core\logging.py", line 175, in raise_config_error
    raise ConfigFileError(msg, error_no, self.log.name if self.log else "", context, self._url_base) \
mpf.exceptions.config_file_error.ConfigFileError: Config File Error in FAST: Could not parse switch number s_flipper_right_eos/playfield_board_lower-3208-9. Seems to be not a valid switch number for the FAST platform. Error Code: CFE-https://fastpinball.com/mpf/error-8 (https://missionpinball.org/logs)

The above exception was the direct cause of the following exception:

Traceback (most recent call last):
  File "C:\Users\White\mpf\Lib\site-packages\mpf\core\system_wide_device.py", line 17, in device_added_system_wide
    await self._initialize()
  File "C:\Users\White\mpf\Lib\site-packages\mpf\devices\switch.py", line 152, in _initialize
    raise ConfigFileError("Failed to configure switch {} in platform. See error above".format(self.name), 2,
mpf.exceptions.config_file_error.ConfigFileError: Config File Error in switch: Failed to configure switch s_flipper_right_eos in platform. See error above Error Code: CFE-switch-2 (https://missionpinball.org/logs)
2025-12-23 13:01:00,938 : ERROR : asyncio : Task exception was never retrieved
future: <Task finished name='Task-94' coro=<SystemWideDevice.device_added_system_wide() done, defined at C:\Users\White\mpf\Lib\site-packages\mpf\core\system_wide_device.py:15> exception=ConfigFileError('Failed to configure switch s_ramp_tower_exit in platform. See error above')>
Traceback (most recent call last):
  File "C:\Users\White\mpf\Lib\site-packages\mpf\devices\switch.py", line 149, in _initialize
    self.hw_switch = self.platform.configure_switch(
                     ^^^^^^^^^^^^^^^^^^^^^^^^^^^^^^^
  File "C:\Users\White\mpf\Lib\site-packages\mpf\platforms\fast\fast.py", line 549, in configure_switch
    self.raise_config_error(f"Could not parse switch number {config.name}/{number}. Seems "
  File "C:\Users\White\mpf\Lib\site-packages\mpf\core\logging.py", line 175, in raise_config_error
    raise ConfigFileError(msg, error_no, self.log.name if self.log else "", context, self._url_base) \
mpf.exceptions.config_file_error.ConfigFileError: Config File Error in FAST: Could not parse switch number s_ramp_tower_exit/playfield_board_upper-3208-20. Seems to be not a valid switch number for the FAST platform. Error Code: CFE-https://fastpinball.com/mpf/error-8 (https://missionpinball.org/logs)

The above exception was the direct cause of the following exception:

Traceback (most recent call last):
  File "C:\Users\White\mpf\Lib\site-packages\mpf\core\system_wide_device.py", line 17, in device_added_system_wide
    await self._initialize()
  File "C:\Users\White\mpf\Lib\site-packages\mpf\devices\switch.py", line 152, in _initialize
    raise ConfigFileError("Failed to configure switch {} in platform. See error above".format(self.name), 2,
mpf.exceptions.config_file_error.ConfigFileError: Config File Error in switch: Failed to configure switch s_ramp_tower_exit in platform. See error above Error Code: CFE-switch-2 (https://missionpinball.org/logs)
2025-12-23 13:01:00,939 : ERROR : asyncio : Task exception was never retrieved
future: <Task finished name='Task-52' coro=<SystemWideDevice.device_added_system_wide() done, defined at C:\Users\White\mpf\Lib\site-packages\mpf\core\system_wide_device.py:15> exception=ConfigFileError('Failed to configure switch s_trough_1 in platform. See error above')>
Traceback (most recent call last):
  File "C:\Users\White\mpf\Lib\site-packages\mpf\devices\switch.py", line 149, in _initialize
    self.hw_switch = self.platform.configure_switch(
                     ^^^^^^^^^^^^^^^^^^^^^^^^^^^^^^^
  File "C:\Users\White\mpf\Lib\site-packages\mpf\platforms\fast\fast.py", line 549, in configure_switch
    self.raise_config_error(f"Could not parse switch number {config.name}/{number}. Seems "
  File "C:\Users\White\mpf\Lib\site-packages\mpf\core\logging.py", line 175, in raise_config_error
    raise ConfigFileError(msg, error_no, self.log.name if self.log else "", context, self._url_base) \
mpf.exceptions.config_file_error.ConfigFileError: Config File Error in FAST: Could not parse switch number s_trough_1/playfield_board_lower-3208-0. Seems to be not a valid switch number for the FAST platform. Error Code: CFE-https://fastpinball.com/mpf/error-8 (https://missionpinball.org/logs)

The above exception was the direct cause of the following exception:

Traceback (most recent call last):
  File "C:\Users\White\mpf\Lib\site-packages\mpf\core\system_wide_device.py", line 17, in device_added_system_wide
    await self._initialize()
  File "C:\Users\White\mpf\Lib\site-packages\mpf\devices\switch.py", line 152, in _initialize
    raise ConfigFileError("Failed to configure switch {} in platform. See error above".format(self.name), 2,
mpf.exceptions.config_file_error.ConfigFileError: Config File Error in switch: Failed to configure switch s_trough_1 in platform. See error above Error Code: CFE-switch-2 (https://missionpinball.org/logs)
2025-12-23 13:01:00,940 : ERROR : asyncio : Task exception was never retrieved
future: <Task finished name='Task-95' coro=<SystemWideDevice.device_added_system_wide() done, defined at C:\Users\White\mpf\Lib\site-packages\mpf\core\system_wide_device.py:15> exception=ConfigFileError('Failed to configure switch s_lock_plunger in platform. See error above')>
Traceback (most recent call last):
  File "C:\Users\White\mpf\Lib\site-packages\mpf\devices\switch.py", line 149, in _initialize
    self.hw_switch = self.platform.configure_switch(
                     ^^^^^^^^^^^^^^^^^^^^^^^^^^^^^^^
  File "C:\Users\White\mpf\Lib\site-packages\mpf\platforms\fast\fast.py", line 549, in configure_switch
    self.raise_config_error(f"Could not parse switch number {config.name}/{number}. Seems "
  File "C:\Users\White\mpf\Lib\site-packages\mpf\core\logging.py", line 175, in raise_config_error
    raise ConfigFileError(msg, error_no, self.log.name if self.log else "", context, self._url_base) \
mpf.exceptions.config_file_error.ConfigFileError: Config File Error in FAST: Could not parse switch number s_lock_plunger/playfield_board_upper-3208-19. Seems to be not a valid switch number for the FAST platform. Error Code: CFE-https://fastpinball.com/mpf/error-8 (https://missionpinball.org/logs)

The above exception was the direct cause of the following exception:

Traceback (most recent call last):
  File "C:\Users\White\mpf\Lib\site-packages\mpf\core\system_wide_device.py", line 17, in device_added_system_wide
    await self._initialize()
  File "C:\Users\White\mpf\Lib\site-packages\mpf\devices\switch.py", line 152, in _initialize
    raise ConfigFileError("Failed to configure switch {} in platform. See error above".format(self.name), 2,
mpf.exceptions.config_file_error.ConfigFileError: Config File Error in switch: Failed to configure switch s_lock_plunger in platform. See error above Error Code: CFE-switch-2 (https://missionpinball.org/logs)
2025-12-23 13:01:00,940 : ERROR : asyncio : Task exception was never retrieved
future: <Task finished name='Task-53' coro=<SystemWideDevice.device_added_system_wide() done, defined at C:\Users\White\mpf\Lib\site-packages\mpf\core\system_wide_device.py:15> exception=ConfigFileError('Failed to configure switch s_trough_2 in platform. See error above')>
Traceback (most recent call last):
  File "C:\Users\White\mpf\Lib\site-packages\mpf\devices\switch.py", line 149, in _initialize
    self.hw_switch = self.platform.configure_switch(
                     ^^^^^^^^^^^^^^^^^^^^^^^^^^^^^^^
  File "C:\Users\White\mpf\Lib\site-packages\mpf\platforms\fast\fast.py", line 549, in configure_switch
    self.raise_config_error(f"Could not parse switch number {config.name}/{number}. Seems "
  File "C:\Users\White\mpf\Lib\site-packages\mpf\core\logging.py", line 175, in raise_config_error
    raise ConfigFileError(msg, error_no, self.log.name if self.log else "", context, self._url_base) \
mpf.exceptions.config_file_error.ConfigFileError: Config File Error in FAST: Could not parse switch number s_trough_2/playfield_board_lower-3208-1. Seems to be not a valid switch number for the FAST platform. Error Code: CFE-https://fastpinball.com/mpf/error-8 (https://missionpinball.org/logs)

The above exception was the direct cause of the following exception:

Traceback (most recent call last):
  File "C:\Users\White\mpf\Lib\site-packages\mpf\core\system_wide_device.py", line 17, in device_added_system_wide
    await self._initialize()
  File "C:\Users\White\mpf\Lib\site-packages\mpf\devices\switch.py", line 152, in _initialize
    raise ConfigFileError("Failed to configure switch {} in platform. See error above".format(self.name), 2,
mpf.exceptions.config_file_error.ConfigFileError: Config File Error in switch: Failed to configure switch s_trough_2 in platform. See error above Error Code: CFE-switch-2 (https://missionpinball.org/logs)
2025-12-23 13:01:00,941 : ERROR : asyncio : Task exception was never retrieved
future: <Task finished name='Task-96' coro=<SystemWideDevice.device_added_system_wide() done, defined at C:\Users\White\mpf\Lib\site-packages\mpf\core\system_wide_device.py:15> exception=ConfigFileError('Failed to configure switch s_lock_mav in platform. See error above')>
Traceback (most recent call last):
  File "C:\Users\White\mpf\Lib\site-packages\mpf\devices\switch.py", line 149, in _initialize
    self.hw_switch = self.platform.configure_switch(
                     ^^^^^^^^^^^^^^^^^^^^^^^^^^^^^^^
  File "C:\Users\White\mpf\Lib\site-packages\mpf\platforms\fast\fast.py", line 549, in configure_switch
    self.raise_config_error(f"Could not parse switch number {config.name}/{number}. Seems "
  File "C:\Users\White\mpf\Lib\site-packages\mpf\core\logging.py", line 175, in raise_config_error
    raise ConfigFileError(msg, error_no, self.log.name if self.log else "", context, self._url_base) \
mpf.exceptions.config_file_error.ConfigFileError: Config File Error in FAST: Could not parse switch number s_lock_mav/playfield_board_upper-3208-17. Seems to be not a valid switch number for the FAST platform. Error Code: CFE-https://fastpinball.com/mpf/error-8 (https://missionpinball.org/logs)

The above exception was the direct cause of the following exception:

Traceback (most recent call last):
  File "C:\Users\White\mpf\Lib\site-packages\mpf\core\system_wide_device.py", line 17, in device_added_system_wide
    await self._initialize()
  File "C:\Users\White\mpf\Lib\site-packages\mpf\devices\switch.py", line 152, in _initialize
    raise ConfigFileError("Failed to configure switch {} in platform. See error above".format(self.name), 2,
mpf.exceptions.config_file_error.ConfigFileError: Config File Error in switch: Failed to configure switch s_lock_mav in platform. See error above Error Code: CFE-switch-2 (https://missionpinball.org/logs)
2025-12-23 13:01:00,942 : ERROR : asyncio : Task exception was never retrieved
future: <Task finished name='Task-54' coro=<SystemWideDevice.device_added_system_wide() done, defined at C:\Users\White\mpf\Lib\site-packages\mpf\core\system_wide_device.py:15> exception=ConfigFileError('Failed to configure switch s_trough_3 in platform. See error above')>
Traceback (most recent call last):
  File "C:\Users\White\mpf\Lib\site-packages\mpf\devices\switch.py", line 149, in _initialize
    self.hw_switch = self.platform.configure_switch(
                     ^^^^^^^^^^^^^^^^^^^^^^^^^^^^^^^
  File "C:\Users\White\mpf\Lib\site-packages\mpf\platforms\fast\fast.py", line 549, in configure_switch
    self.raise_config_error(f"Could not parse switch number {config.name}/{number}. Seems "
  File "C:\Users\White\mpf\Lib\site-packages\mpf\core\logging.py", line 175, in raise_config_error
    raise ConfigFileError(msg, error_no, self.log.name if self.log else "", context, self._url_base) \
mpf.exceptions.config_file_error.ConfigFileError: Config File Error in FAST: Could not parse switch number s_trough_3/playfield_board_lower-3208-2. Seems to be not a valid switch number for the FAST platform. Error Code: CFE-https://fastpinball.com/mpf/error-8 (https://missionpinball.org/logs)

The above exception was the direct cause of the following exception:

Traceback (most recent call last):
  File "C:\Users\White\mpf\Lib\site-packages\mpf\core\system_wide_device.py", line 17, in device_added_system_wide
    await self._initialize()
  File "C:\Users\White\mpf\Lib\site-packages\mpf\devices\switch.py", line 152, in _initialize
    raise ConfigFileError("Failed to configure switch {} in platform. See error above".format(self.name), 2,
mpf.exceptions.config_file_error.ConfigFileError: Config File Error in switch: Failed to configure switch s_trough_3 in platform. See error above Error Code: CFE-switch-2 (https://missionpinball.org/logs)
2025-12-23 13:01:00,943 : ERROR : asyncio : Task exception was never retrieved
future: <Task finished name='Task-97' coro=<SystemWideDevice.device_added_system_wide() done, defined at C:\Users\White\mpf\Lib\site-packages\mpf\core\system_wide_device.py:15> exception=ConfigFileError('Failed to configure switch s_lock_goose in platform. See error above')>
Traceback (most recent call last):
  File "C:\Users\White\mpf\Lib\site-packages\mpf\devices\switch.py", line 149, in _initialize
    self.hw_switch = self.platform.configure_switch(
                     ^^^^^^^^^^^^^^^^^^^^^^^^^^^^^^^
  File "C:\Users\White\mpf\Lib\site-packages\mpf\platforms\fast\fast.py", line 549, in configure_switch
    self.raise_config_error(f"Could not parse switch number {config.name}/{number}. Seems "
  File "C:\Users\White\mpf\Lib\site-packages\mpf\core\logging.py", line 175, in raise_config_error
    raise ConfigFileError(msg, error_no, self.log.name if self.log else "", context, self._url_base) \
mpf.exceptions.config_file_error.ConfigFileError: Config File Error in FAST: Could not parse switch number s_lock_goose/playfield_board_upper-3208-18. Seems to be not a valid switch number for the FAST platform. Error Code: CFE-https://fastpinball.com/mpf/error-8 (https://missionpinball.org/logs)

The above exception was the direct cause of the following exception:

Traceback (most recent call last):
  File "C:\Users\White\mpf\Lib\site-packages\mpf\core\system_wide_device.py", line 17, in device_added_system_wide
    await self._initialize()
  File "C:\Users\White\mpf\Lib\site-packages\mpf\devices\switch.py", line 152, in _initialize
    raise ConfigFileError("Failed to configure switch {} in platform. See error above".format(self.name), 2,
mpf.exceptions.config_file_error.ConfigFileError: Config File Error in switch: Failed to configure switch s_lock_goose in platform. See error above Error Code: CFE-switch-2 (https://missionpinball.org/logs)
2025-12-23 13:01:00,944 : ERROR : asyncio : Task exception was never retrieved
future: <Task finished name='Task-55' coro=<SystemWideDevice.device_added_system_wide() done, defined at C:\Users\White\mpf\Lib\site-packages\mpf\core\system_wide_device.py:15> exception=ConfigFileError('Failed to configure switch s_trough_4 in platform. See error above')>
Traceback (most recent call last):
  File "C:\Users\White\mpf\Lib\site-packages\mpf\devices\switch.py", line 149, in _initialize
    self.hw_switch = self.platform.configure_switch(
                     ^^^^^^^^^^^^^^^^^^^^^^^^^^^^^^^
  File "C:\Users\White\mpf\Lib\site-packages\mpf\platforms\fast\fast.py", line 549, in configure_switch
    self.raise_config_error(f"Could not parse switch number {config.name}/{number}. Seems "
  File "C:\Users\White\mpf\Lib\site-packages\mpf\core\logging.py", line 175, in raise_config_error
    raise ConfigFileError(msg, error_no, self.log.name if self.log else "", context, self._url_base) \
mpf.exceptions.config_file_error.ConfigFileError: Config File Error in FAST: Could not parse switch number s_trough_4/playfield_board_lower-3208-3. Seems to be not a valid switch number for the FAST platform. Error Code: CFE-https://fastpinball.com/mpf/error-8 (https://missionpinball.org/logs)

The above exception was the direct cause of the following exception:

Traceback (most recent call last):
  File "C:\Users\White\mpf\Lib\site-packages\mpf\core\system_wide_device.py", line 17, in device_added_system_wide
    await self._initialize()
  File "C:\Users\White\mpf\Lib\site-packages\mpf\devices\switch.py", line 152, in _initialize
    raise ConfigFileError("Failed to configure switch {} in platform. See error above".format(self.name), 2,
mpf.exceptions.config_file_error.ConfigFileError: Config File Error in switch: Failed to configure switch s_trough_4 in platform. See error above Error Code: CFE-switch-2 (https://missionpinball.org/logs)
2025-12-23 13:01:00,944 : ERROR : asyncio : Task exception was never retrieved
future: <Task finished name='Task-98' coro=<SystemWideDevice.device_added_system_wide() done, defined at C:\Users\White\mpf\Lib\site-packages\mpf\core\system_wide_device.py:15> exception=ConfigFileError('Failed to configure switch s_mode_start in platform. See error above')>
Traceback (most recent call last):
  File "C:\Users\White\mpf\Lib\site-packages\mpf\devices\switch.py", line 149, in _initialize
    self.hw_switch = self.platform.configure_switch(
                     ^^^^^^^^^^^^^^^^^^^^^^^^^^^^^^^
  File "C:\Users\White\mpf\Lib\site-packages\mpf\platforms\fast\fast.py", line 549, in configure_switch
    self.raise_config_error(f"Could not parse switch number {config.name}/{number}. Seems "
  File "C:\Users\White\mpf\Lib\site-packages\mpf\core\logging.py", line 175, in raise_config_error
    raise ConfigFileError(msg, error_no, self.log.name if self.log else "", context, self._url_base) \
mpf.exceptions.config_file_error.ConfigFileError: Config File Error in FAST: Could not parse switch number s_mode_start/playfield_board_upper-3208-6. Seems to be not a valid switch number for the FAST platform. Error Code: CFE-https://fastpinball.com/mpf/error-8 (https://missionpinball.org/logs)

The above exception was the direct cause of the following exception:

Traceback (most recent call last):
  File "C:\Users\White\mpf\Lib\site-packages\mpf\core\system_wide_device.py", line 17, in device_added_system_wide
    await self._initialize()
  File "C:\Users\White\mpf\Lib\site-packages\mpf\devices\switch.py", line 152, in _initialize
    raise ConfigFileError("Failed to configure switch {} in platform. See error above".format(self.name), 2,
mpf.exceptions.config_file_error.ConfigFileError: Config File Error in switch: Failed to configure switch s_mode_start in platform. See error above Error Code: CFE-switch-2 (https://missionpinball.org/logs)
2025-12-23 13:01:00,946 : ERROR : asyncio : Task exception was never retrieved
future: <Task finished name='Task-56' coro=<SystemWideDevice.device_added_system_wide() done, defined at C:\Users\White\mpf\Lib\site-packages\mpf\core\system_wide_device.py:15> exception=ConfigFileError('Failed to configure switch s_trough_5 in platform. See error above')>
Traceback (most recent call last):
  File "C:\Users\White\mpf\Lib\site-packages\mpf\devices\switch.py", line 149, in _initialize
    self.hw_switch = self.platform.configure_switch(
                     ^^^^^^^^^^^^^^^^^^^^^^^^^^^^^^^
  File "C:\Users\White\mpf\Lib\site-packages\mpf\platforms\fast\fast.py", line 549, in configure_switch
    self.raise_config_error(f"Could not parse switch number {config.name}/{number}. Seems "
  File "C:\Users\White\mpf\Lib\site-packages\mpf\core\logging.py", line 175, in raise_config_error
    raise ConfigFileError(msg, error_no, self.log.name if self.log else "", context, self._url_base) \
mpf.exceptions.config_file_error.ConfigFileError: Config File Error in FAST: Could not parse switch number s_trough_5/playfield_board_lower-3208-4. Seems to be not a valid switch number for the FAST platform. Error Code: CFE-https://fastpinball.com/mpf/error-8 (https://missionpinball.org/logs)

The above exception was the direct cause of the following exception:

Traceback (most recent call last):
  File "C:\Users\White\mpf\Lib\site-packages\mpf\core\system_wide_device.py", line 17, in device_added_system_wide
    await self._initialize()
  File "C:\Users\White\mpf\Lib\site-packages\mpf\devices\switch.py", line 152, in _initialize
    raise ConfigFileError("Failed to configure switch {} in platform. See error above".format(self.name), 2,
mpf.exceptions.config_file_error.ConfigFileError: Config File Error in switch: Failed to configure switch s_trough_5 in platform. See error above Error Code: CFE-switch-2 (https://missionpinball.org/logs)
2025-12-23 13:01:00,946 : ERROR : asyncio : Task exception was never retrieved
future: <Task finished name='Task-57' coro=<SystemWideDevice.device_added_system_wide() done, defined at C:\Users\White\mpf\Lib\site-packages\mpf\core\system_wide_device.py:15> exception=ConfigFileError('Failed to configure switch s_trough_6 in platform. See error above')>
Traceback (most recent call last):
  File "C:\Users\White\mpf\Lib\site-packages\mpf\devices\switch.py", line 149, in _initialize
    self.hw_switch = self.platform.configure_switch(
                     ^^^^^^^^^^^^^^^^^^^^^^^^^^^^^^^
  File "C:\Users\White\mpf\Lib\site-packages\mpf\platforms\fast\fast.py", line 549, in configure_switch
    self.raise_config_error(f"Could not parse switch number {config.name}/{number}. Seems "
  File "C:\Users\White\mpf\Lib\site-packages\mpf\core\logging.py", line 175, in raise_config_error
    raise ConfigFileError(msg, error_no, self.log.name if self.log else "", context, self._url_base) \
mpf.exceptions.config_file_error.ConfigFileError: Config File Error in FAST: Could not parse switch number s_trough_6/playfield_board_lower-3208-5. Seems to be not a valid switch number for the FAST platform. Error Code: CFE-https://fastpinball.com/mpf/error-8 (https://missionpinball.org/logs)

The above exception was the direct cause of the following exception:

Traceback (most recent call last):
  File "C:\Users\White\mpf\Lib\site-packages\mpf\core\system_wide_device.py", line 17, in device_added_system_wide
    await self._initialize()
  File "C:\Users\White\mpf\Lib\site-packages\mpf\devices\switch.py", line 152, in _initialize
    raise ConfigFileError("Failed to configure switch {} in platform. See error above".format(self.name), 2,
mpf.exceptions.config_file_error.ConfigFileError: Config File Error in switch: Failed to configure switch s_trough_6 in platform. See error above Error Code: CFE-switch-2 (https://missionpinball.org/logs)
2025-12-23 13:01:00,947 : ERROR : asyncio : Task exception was never retrieved
future: <Task finished name='Task-58' coro=<SystemWideDevice.device_added_system_wide() done, defined at C:\Users\White\mpf\Lib\site-packages\mpf\core\system_wide_device.py:15> exception=ConfigFileError('Failed to configure switch s_jam in platform. See error above')>
Traceback (most recent call last):
  File "C:\Users\White\mpf\Lib\site-packages\mpf\devices\switch.py", line 149, in _initialize
    self.hw_switch = self.platform.configure_switch(
                     ^^^^^^^^^^^^^^^^^^^^^^^^^^^^^^^
  File "C:\Users\White\mpf\Lib\site-packages\mpf\platforms\fast\fast.py", line 549, in configure_switch
    self.raise_config_error(f"Could not parse switch number {config.name}/{number}. Seems "
  File "C:\Users\White\mpf\Lib\site-packages\mpf\core\logging.py", line 175, in raise_config_error
    raise ConfigFileError(msg, error_no, self.log.name if self.log else "", context, self._url_base) \
mpf.exceptions.config_file_error.ConfigFileError: Config File Error in FAST: Could not parse switch number s_jam/playfield_board_lower-3208-6. Seems to be not a valid switch number for the FAST platform. Error Code: CFE-https://fastpinball.com/mpf/error-8 (https://missionpinball.org/logs)

The above exception was the direct cause of the following exception:

Traceback (most recent call last):
  File "C:\Users\White\mpf\Lib\site-packages\mpf\core\system_wide_device.py", line 17, in device_added_system_wide
    await self._initialize()
  File "C:\Users\White\mpf\Lib\site-packages\mpf\devices\switch.py", line 152, in _initialize
    raise ConfigFileError("Failed to configure switch {} in platform. See error above".format(self.name), 2,
mpf.exceptions.config_file_error.ConfigFileError: Config File Error in switch: Failed to configure switch s_jam in platform. See error above Error Code: CFE-switch-2 (https://missionpinball.org/logs)
2025-12-23 13:01:00,948 : ERROR : asyncio : Task exception was never retrieved
future: <Task finished name='Task-16' coro=<SystemWideDevice.device_added_system_wide() done, defined at C:\Users\White\mpf\Lib\site-packages\mpf\core\system_wide_device.py:15> exception=ValueError("invalid literal for int() with base 16: 'playfield_board_lower-3208-3'")>
Traceback (most recent call last):
  File "C:\Users\White\mpf\Lib\site-packages\mpf\platforms\fast\fast.py", line 339, in _parse_driver_number
    board_str, driver_str = number.split("-")
    ^^^^^^^^^^^^^^^^^^^^^
ValueError: too many values to unpack (expected 2)

During handling of the above exception, another exception occurred:

Traceback (most recent call last):
  File "C:\Users\White\mpf\Lib\site-packages\mpf\core\system_wide_device.py", line 17, in device_added_system_wide
    await self._initialize()
  File "C:\Users\White\mpf\Lib\site-packages\mpf\devices\driver.py", line 118, in _initialize
    self.hw_driver = self.platform.configure_driver(config, self.config['number'], platform_settings)
                     ^^^^^^^^^^^^^^^^^^^^^^^^^^^^^^^^^^^^^^^^^^^^^^^^^^^^^^^^^^^^^^^^^^^^^^^^^^^^^^^^
  File "C:\Users\White\mpf\Lib\site-packages\mpf\platforms\fast\fast.py", line 394, in configure_driver
    index = self._parse_driver_number(number)
            ^^^^^^^^^^^^^^^^^^^^^^^^^^^^^^^^^
  File "C:\Users\White\mpf\Lib\site-packages\mpf\platforms\fast\fast.py", line 342, in _parse_driver_number
    return int(number, 16)
           ^^^^^^^^^^^^^^^
ValueError: invalid literal for int() with base 16: 'playfield_board_lower-3208-3'
2025-12-23 13:01:00,963 : ERROR : asyncio : Task exception was never retrieved
future: <Task finished name='Task-59' coro=<SystemWideDevice.device_added_system_wide() done, defined at C:\Users\White\mpf\Lib\site-packages\mpf\core\system_wide_device.py:15> exception=ConfigFileError('Failed to configure switch s_shooter_lane in platform. See error above')>
Traceback (most recent call last):
  File "C:\Users\White\mpf\Lib\site-packages\mpf\devices\switch.py", line 149, in _initialize
    self.hw_switch = self.platform.configure_switch(
                     ^^^^^^^^^^^^^^^^^^^^^^^^^^^^^^^
  File "C:\Users\White\mpf\Lib\site-packages\mpf\platforms\fast\fast.py", line 549, in configure_switch
    self.raise_config_error(f"Could not parse switch number {config.name}/{number}. Seems "
  File "C:\Users\White\mpf\Lib\site-packages\mpf\core\logging.py", line 175, in raise_config_error
    raise ConfigFileError(msg, error_no, self.log.name if self.log else "", context, self._url_base) \
mpf.exceptions.config_file_error.ConfigFileError: Config File Error in FAST: Could not parse switch number s_shooter_lane/playfield_board_lower-3208-7. Seems to be not a valid switch number for the FAST platform. Error Code: CFE-https://fastpinball.com/mpf/error-8 (https://missionpinball.org/logs)

The above exception was the direct cause of the following exception:

Traceback (most recent call last):
  File "C:\Users\White\mpf\Lib\site-packages\mpf\core\system_wide_device.py", line 17, in device_added_system_wide
    await self._initialize()
  File "C:\Users\White\mpf\Lib\site-packages\mpf\devices\switch.py", line 152, in _initialize
    raise ConfigFileError("Failed to configure switch {} in platform. See error above".format(self.name), 2,
mpf.exceptions.config_file_error.ConfigFileError: Config File Error in switch: Failed to configure switch s_shooter_lane in platform. See error above Error Code: CFE-switch-2 (https://missionpinball.org/logs)
2025-12-23 13:01:00,965 : ERROR : asyncio : Task exception was never retrieved
future: <Task finished name='Task-17' coro=<SystemWideDevice.device_added_system_wide() done, defined at C:\Users\White\mpf\Lib\site-packages\mpf\core\system_wide_device.py:15> exception=ValueError("invalid literal for int() with base 16: 'playfield_board_upper-3208-0'")>
Traceback (most recent call last):
  File "C:\Users\White\mpf\Lib\site-packages\mpf\platforms\fast\fast.py", line 339, in _parse_driver_number
    board_str, driver_str = number.split("-")
    ^^^^^^^^^^^^^^^^^^^^^
ValueError: too many values to unpack (expected 2)

During handling of the above exception, another exception occurred:

Traceback (most recent call last):
  File "C:\Users\White\mpf\Lib\site-packages\mpf\core\system_wide_device.py", line 17, in device_added_system_wide
    await self._initialize()
  File "C:\Users\White\mpf\Lib\site-packages\mpf\devices\driver.py", line 118, in _initialize
    self.hw_driver = self.platform.configure_driver(config, self.config['number'], platform_settings)
                     ^^^^^^^^^^^^^^^^^^^^^^^^^^^^^^^^^^^^^^^^^^^^^^^^^^^^^^^^^^^^^^^^^^^^^^^^^^^^^^^^
  File "C:\Users\White\mpf\Lib\site-packages\mpf\platforms\fast\fast.py", line 394, in configure_driver
    index = self._parse_driver_number(number)
            ^^^^^^^^^^^^^^^^^^^^^^^^^^^^^^^^^
  File "C:\Users\White\mpf\Lib\site-packages\mpf\platforms\fast\fast.py", line 342, in _parse_driver_number
    return int(number, 16)
           ^^^^^^^^^^^^^^^
ValueError: invalid literal for int() with base 16: 'playfield_board_upper-3208-0'
2025-12-23 13:01:00,965 : ERROR : asyncio : Task exception was never retrieved
future: <Task finished name='Task-60' coro=<SystemWideDevice.device_added_system_wide() done, defined at C:\Users\White\mpf\Lib\site-packages\mpf\core\system_wide_device.py:15> exception=ConfigFileError('Failed to configure switch s_bumper_left in platform. See error above')>
Traceback (most recent call last):
  File "C:\Users\White\mpf\Lib\site-packages\mpf\devices\switch.py", line 149, in _initialize
    self.hw_switch = self.platform.configure_switch(
                     ^^^^^^^^^^^^^^^^^^^^^^^^^^^^^^^
  File "C:\Users\White\mpf\Lib\site-packages\mpf\platforms\fast\fast.py", line 549, in configure_switch
    self.raise_config_error(f"Could not parse switch number {config.name}/{number}. Seems "
  File "C:\Users\White\mpf\Lib\site-packages\mpf\core\logging.py", line 175, in raise_config_error
    raise ConfigFileError(msg, error_no, self.log.name if self.log else "", context, self._url_base) \
mpf.exceptions.config_file_error.ConfigFileError: Config File Error in FAST: Could not parse switch number s_bumper_left/playfield_board_upper-3208-9. Seems to be not a valid switch number for the FAST platform. Error Code: CFE-https://fastpinball.com/mpf/error-8 (https://missionpinball.org/logs)

The above exception was the direct cause of the following exception:

Traceback (most recent call last):
  File "C:\Users\White\mpf\Lib\site-packages\mpf\core\system_wide_device.py", line 17, in device_added_system_wide
    await self._initialize()
  File "C:\Users\White\mpf\Lib\site-packages\mpf\devices\switch.py", line 152, in _initialize
    raise ConfigFileError("Failed to configure switch {} in platform. See error above".format(self.name), 2,
mpf.exceptions.config_file_error.ConfigFileError: Config File Error in switch: Failed to configure switch s_bumper_left in platform. See error above Error Code: CFE-switch-2 (https://missionpinball.org/logs)
2025-12-23 13:01:00,967 : ERROR : asyncio : Task exception was never retrieved
future: <Task finished name='Task-18' coro=<SystemWideDevice.device_added_system_wide() done, defined at C:\Users\White\mpf\Lib\site-packages\mpf\core\system_wide_device.py:15> exception=ValueError("invalid literal for int() with base 16: 'playfield_board_lower-3208-5'")>
Traceback (most recent call last):
  File "C:\Users\White\mpf\Lib\site-packages\mpf\platforms\fast\fast.py", line 339, in _parse_driver_number
    board_str, driver_str = number.split("-")
    ^^^^^^^^^^^^^^^^^^^^^
ValueError: too many values to unpack (expected 2)

During handling of the above exception, another exception occurred:

Traceback (most recent call last):
  File "C:\Users\White\mpf\Lib\site-packages\mpf\core\system_wide_device.py", line 17, in device_added_system_wide
    await self._initialize()
  File "C:\Users\White\mpf\Lib\site-packages\mpf\devices\driver.py", line 118, in _initialize
    self.hw_driver = self.platform.configure_driver(config, self.config['number'], platform_settings)
                     ^^^^^^^^^^^^^^^^^^^^^^^^^^^^^^^^^^^^^^^^^^^^^^^^^^^^^^^^^^^^^^^^^^^^^^^^^^^^^^^^
  File "C:\Users\White\mpf\Lib\site-packages\mpf\platforms\fast\fast.py", line 394, in configure_driver
    index = self._parse_driver_number(number)
            ^^^^^^^^^^^^^^^^^^^^^^^^^^^^^^^^^
  File "C:\Users\White\mpf\Lib\site-packages\mpf\platforms\fast\fast.py", line 342, in _parse_driver_number
    return int(number, 16)
           ^^^^^^^^^^^^^^^
ValueError: invalid literal for int() with base 16: 'playfield_board_lower-3208-5'
2025-12-23 13:01:00,969 : ERROR : asyncio : Task exception was never retrieved
future: <Task finished name='Task-103' coro=<SystemWideDevice.device_added_system_wide() done, defined at C:\Users\White\mpf\Lib\site-packages\mpf\core\system_wide_device.py:15> exception=ConfigFileError('Failed to configure light l_goose_o_right in platform. See error above')>
Traceback (most recent call last):
  File "C:\Users\White\mpf\Lib\site-packages\mpf\devices\light.py", line 284, in _load_hw_driver
    return platform.configure_light(channel['number'], channel['subtype'], config, channel['platform_settings'])
           ^^^^^^^^^^^^^^^^^^^^^^^^^^^^^^^^^^^^^^^^^^^^^^^^^^^^^^^^^^^^^^^^^^^^^^^^^^^^^^^^^^^^^^^^^^^^^^^^^^^^^
  File "C:\Users\White\mpf\Lib\site-packages\mpf\platforms\fast\fast.py", line 599, in configure_light
    index = self.port_idx_to_hex(port, led, 32, config.name)
            ^^^^^^^^^^^^^^^^^^^^^^^^^^^^^^^^^^^^^^^^^^^^^^^^
  File "C:\Users\White\mpf\Lib\site-packages\mpf\platforms\fast\fast.py", line 663, in port_idx_to_hex
    raise AssertionError(f"Device number {device_num} is not valid for device {name}. "
AssertionError: Device number 0 is not valid for device l_goose_o_right. The first device in the change should be 1, not 0

The above exception was the direct cause of the following exception:

Traceback (most recent call last):
  File "C:\Users\White\mpf\Lib\site-packages\mpf\core\system_wide_device.py", line 17, in device_added_system_wide
    await self._initialize()
  File "C:\Users\White\mpf\Lib\site-packages\mpf\devices\light.py", line 315, in _initialize
    self._load_hw_drivers()
  File "C:\Users\White\mpf\Lib\site-packages\mpf\devices\light.py", line 267, in _load_hw_drivers
    driver = self._load_hw_driver(channel, color)
             ^^^^^^^^^^^^^^^^^^^^^^^^^^^^^^^^^^^^
  File "C:\Users\White\mpf\Lib\site-packages\mpf\devices\light.py", line 286, in _load_hw_driver
    self.raise_config_error("Failed to configure light {} in platform. See error above".format(self.name), 7,
  File "C:\Users\White\mpf\Lib\site-packages\mpf\core\logging.py", line 175, in raise_config_error
    raise ConfigFileError(msg, error_no, self.log.name if self.log else "", context, self._url_base) \
mpf.exceptions.config_file_error.ConfigFileError: Config File Error in light.l_goose_o_right: Failed to configure light l_goose_o_right in platform. See error above Error Code: CFE-light-7 (https://missionpinball.org/logs)
2025-12-23 13:01:00,984 : ERROR : asyncio : Task exception was never retrieved
future: <Task finished name='Task-61' coro=<SystemWideDevice.device_added_system_wide() done, defined at C:\Users\White\mpf\Lib\site-packages\mpf\core\system_wide_device.py:15> exception=ConfigFileError('Failed to configure switch s_bumper_center in platform. See error above')>
Traceback (most recent call last):
  File "C:\Users\White\mpf\Lib\site-packages\mpf\devices\switch.py", line 149, in _initialize
    self.hw_switch = self.platform.configure_switch(
                     ^^^^^^^^^^^^^^^^^^^^^^^^^^^^^^^
  File "C:\Users\White\mpf\Lib\site-packages\mpf\platforms\fast\fast.py", line 549, in configure_switch
    self.raise_config_error(f"Could not parse switch number {config.name}/{number}. Seems "
  File "C:\Users\White\mpf\Lib\site-packages\mpf\core\logging.py", line 175, in raise_config_error
    raise ConfigFileError(msg, error_no, self.log.name if self.log else "", context, self._url_base) \
mpf.exceptions.config_file_error.ConfigFileError: Config File Error in FAST: Could not parse switch number s_bumper_center/playfield_board_upper-3208-8. Seems to be not a valid switch number for the FAST platform. Error Code: CFE-https://fastpinball.com/mpf/error-8 (https://missionpinball.org/logs)

The above exception was the direct cause of the following exception:

Traceback (most recent call last):
  File "C:\Users\White\mpf\Lib\site-packages\mpf\core\system_wide_device.py", line 17, in device_added_system_wide
    await self._initialize()
  File "C:\Users\White\mpf\Lib\site-packages\mpf\devices\switch.py", line 152, in _initialize
    raise ConfigFileError("Failed to configure switch {} in platform. See error above".format(self.name), 2,
mpf.exceptions.config_file_error.ConfigFileError: Config File Error in switch: Failed to configure switch s_bumper_center in platform. See error above Error Code: CFE-switch-2 (https://missionpinball.org/logs)
2025-12-23 13:01:00,985 : ERROR : asyncio : Task exception was never retrieved
future: <Task finished name='Task-19' coro=<SystemWideDevice.device_added_system_wide() done, defined at C:\Users\White\mpf\Lib\site-packages\mpf\core\system_wide_device.py:15> exception=ValueError("invalid literal for int() with base 16: 'playfield_board_lower-3208-1'")>
Traceback (most recent call last):
  File "C:\Users\White\mpf\Lib\site-packages\mpf\platforms\fast\fast.py", line 339, in _parse_driver_number
    board_str, driver_str = number.split("-")
    ^^^^^^^^^^^^^^^^^^^^^
ValueError: too many values to unpack (expected 2)

During handling of the above exception, another exception occurred:

Traceback (most recent call last):
  File "C:\Users\White\mpf\Lib\site-packages\mpf\core\system_wide_device.py", line 17, in device_added_system_wide
    await self._initialize()
  File "C:\Users\White\mpf\Lib\site-packages\mpf\devices\driver.py", line 118, in _initialize
    self.hw_driver = self.platform.configure_driver(config, self.config['number'], platform_settings)
                     ^^^^^^^^^^^^^^^^^^^^^^^^^^^^^^^^^^^^^^^^^^^^^^^^^^^^^^^^^^^^^^^^^^^^^^^^^^^^^^^^
  File "C:\Users\White\mpf\Lib\site-packages\mpf\platforms\fast\fast.py", line 394, in configure_driver
    index = self._parse_driver_number(number)
            ^^^^^^^^^^^^^^^^^^^^^^^^^^^^^^^^^
  File "C:\Users\White\mpf\Lib\site-packages\mpf\platforms\fast\fast.py", line 342, in _parse_driver_number
    return int(number, 16)
           ^^^^^^^^^^^^^^^
ValueError: invalid literal for int() with base 16: 'playfield_board_lower-3208-1'
2025-12-23 13:01:00,986 : ERROR : asyncio : Task exception was never retrieved
future: <Task finished name='Task-62' coro=<SystemWideDevice.device_added_system_wide() done, defined at C:\Users\White\mpf\Lib\site-packages\mpf\core\system_wide_device.py:15> exception=ConfigFileError('Failed to configure switch s_bumper_right in platform. See error above')>
Traceback (most recent call last):
  File "C:\Users\White\mpf\Lib\site-packages\mpf\devices\switch.py", line 149, in _initialize
    self.hw_switch = self.platform.configure_switch(
                     ^^^^^^^^^^^^^^^^^^^^^^^^^^^^^^^
  File "C:\Users\White\mpf\Lib\site-packages\mpf\platforms\fast\fast.py", line 549, in configure_switch
    self.raise_config_error(f"Could not parse switch number {config.name}/{number}. Seems "
  File "C:\Users\White\mpf\Lib\site-packages\mpf\core\logging.py", line 175, in raise_config_error
    raise ConfigFileError(msg, error_no, self.log.name if self.log else "", context, self._url_base) \
mpf.exceptions.config_file_error.ConfigFileError: Config File Error in FAST: Could not parse switch number s_bumper_right/playfield_board_upper-3208-10. Seems to be not a valid switch number for the FAST platform. Error Code: CFE-https://fastpinball.com/mpf/error-8 (https://missionpinball.org/logs)

The above exception was the direct cause of the following exception:

Traceback (most recent call last):
  File "C:\Users\White\mpf\Lib\site-packages\mpf\core\system_wide_device.py", line 17, in device_added_system_wide
    await self._initialize()
  File "C:\Users\White\mpf\Lib\site-packages\mpf\devices\switch.py", line 152, in _initialize
    raise ConfigFileError("Failed to configure switch {} in platform. See error above".format(self.name), 2,
mpf.exceptions.config_file_error.ConfigFileError: Config File Error in switch: Failed to configure switch s_bumper_right in platform. See error above Error Code: CFE-switch-2 (https://missionpinball.org/logs)
2025-12-23 13:01:00,987 : ERROR : asyncio : Task exception was never retrieved
future: <Task finished name='Task-147' coro=<SystemWideDevice.device_added_system_wide() done, defined at C:\Users\White\mpf\Lib\site-packages\mpf\core\system_wide_device.py:15> exception=ConfigFileError('Failed to configure light l_gi_light_1 in platform. See error above')>
Traceback (most recent call last):
  File "C:\Users\White\mpf\Lib\site-packages\mpf\devices\light.py", line 284, in _load_hw_driver
    return platform.configure_light(channel['number'], channel['subtype'], config, channel['platform_settings'])
           ^^^^^^^^^^^^^^^^^^^^^^^^^^^^^^^^^^^^^^^^^^^^^^^^^^^^^^^^^^^^^^^^^^^^^^^^^^^^^^^^^^^^^^^^^^^^^^^^^^^^^
  File "C:\Users\White\mpf\Lib\site-packages\mpf\platforms\fast\fast.py", line 599, in configure_light
    index = self.port_idx_to_hex(port, led, 32, config.name)
            ^^^^^^^^^^^^^^^^^^^^^^^^^^^^^^^^^^^^^^^^^^^^^^^^
  File "C:\Users\White\mpf\Lib\site-packages\mpf\platforms\fast\fast.py", line 663, in port_idx_to_hex
    raise AssertionError(f"Device number {device_num} is not valid for device {name}. "
AssertionError: Device number 0 is not valid for device l_gi_light_1. The first device in the change should be 1, not 0

The above exception was the direct cause of the following exception:

Traceback (most recent call last):
  File "C:\Users\White\mpf\Lib\site-packages\mpf\core\system_wide_device.py", line 17, in device_added_system_wide
    await self._initialize()
  File "C:\Users\White\mpf\Lib\site-packages\mpf\devices\light.py", line 315, in _initialize
    self._load_hw_drivers()
  File "C:\Users\White\mpf\Lib\site-packages\mpf\devices\light.py", line 267, in _load_hw_drivers
    driver = self._load_hw_driver(channel, color)
             ^^^^^^^^^^^^^^^^^^^^^^^^^^^^^^^^^^^^
  File "C:\Users\White\mpf\Lib\site-packages\mpf\devices\light.py", line 286, in _load_hw_driver
    self.raise_config_error("Failed to configure light {} in platform. See error above".format(self.name), 7,
  File "C:\Users\White\mpf\Lib\site-packages\mpf\core\logging.py", line 175, in raise_config_error
    raise ConfigFileError(msg, error_no, self.log.name if self.log else "", context, self._url_base) \
mpf.exceptions.config_file_error.ConfigFileError: Config File Error in light.l_gi_light_1: Failed to configure light l_gi_light_1 in platform. See error above Error Code: CFE-light-7 (https://missionpinball.org/logs)
2025-12-23 13:01:00,988 : ERROR : asyncio : Task exception was never retrieved
future: <Task finished name='Task-20' coro=<SystemWideDevice.device_added_system_wide() done, defined at C:\Users\White\mpf\Lib\site-packages\mpf\core\system_wide_device.py:15> exception=ValueError("invalid literal for int() with base 16: 'playfield_board_lower-3208-0'")>
Traceback (most recent call last):
  File "C:\Users\White\mpf\Lib\site-packages\mpf\platforms\fast\fast.py", line 339, in _parse_driver_number
    board_str, driver_str = number.split("-")
    ^^^^^^^^^^^^^^^^^^^^^
ValueError: too many values to unpack (expected 2)

During handling of the above exception, another exception occurred:

Traceback (most recent call last):
  File "C:\Users\White\mpf\Lib\site-packages\mpf\core\system_wide_device.py", line 17, in device_added_system_wide
    await self._initialize()
  File "C:\Users\White\mpf\Lib\site-packages\mpf\devices\driver.py", line 118, in _initialize
    self.hw_driver = self.platform.configure_driver(config, self.config['number'], platform_settings)
                     ^^^^^^^^^^^^^^^^^^^^^^^^^^^^^^^^^^^^^^^^^^^^^^^^^^^^^^^^^^^^^^^^^^^^^^^^^^^^^^^^
  File "C:\Users\White\mpf\Lib\site-packages\mpf\platforms\fast\fast.py", line 394, in configure_driver
    index = self._parse_driver_number(number)
            ^^^^^^^^^^^^^^^^^^^^^^^^^^^^^^^^^
  File "C:\Users\White\mpf\Lib\site-packages\mpf\platforms\fast\fast.py", line 342, in _parse_driver_number
    return int(number, 16)
           ^^^^^^^^^^^^^^^
ValueError: invalid literal for int() with base 16: 'playfield_board_lower-3208-0'
2025-12-23 13:01:00,988 : ERROR : asyncio : Task exception was never retrieved
future: <Task finished name='Task-63' coro=<SystemWideDevice.device_added_system_wide() done, defined at C:\Users\White\mpf\Lib\site-packages\mpf\core\system_wide_device.py:15> exception=ConfigFileError('Failed to configure switch s_slingshot_left in platform. See error above')>
Traceback (most recent call last):
  File "C:\Users\White\mpf\Lib\site-packages\mpf\devices\switch.py", line 149, in _initialize
    self.hw_switch = self.platform.configure_switch(
                     ^^^^^^^^^^^^^^^^^^^^^^^^^^^^^^^
  File "C:\Users\White\mpf\Lib\site-packages\mpf\platforms\fast\fast.py", line 549, in configure_switch
    self.raise_config_error(f"Could not parse switch number {config.name}/{number}. Seems "
  File "C:\Users\White\mpf\Lib\site-packages\mpf\core\logging.py", line 175, in raise_config_error
    raise ConfigFileError(msg, error_no, self.log.name if self.log else "", context, self._url_base) \
mpf.exceptions.config_file_error.ConfigFileError: Config File Error in FAST: Could not parse switch number s_slingshot_left/playfield_board_lower-3208-16. Seems to be not a valid switch number for the FAST platform. Error Code: CFE-https://fastpinball.com/mpf/error-8 (https://missionpinball.org/logs)

The above exception was the direct cause of the following exception:

Traceback (most recent call last):
  File "C:\Users\White\mpf\Lib\site-packages\mpf\core\system_wide_device.py", line 17, in device_added_system_wide
    await self._initialize()
  File "C:\Users\White\mpf\Lib\site-packages\mpf\devices\switch.py", line 152, in _initialize
    raise ConfigFileError("Failed to configure switch {} in platform. See error above".format(self.name), 2,
mpf.exceptions.config_file_error.ConfigFileError: Config File Error in switch: Failed to configure switch s_slingshot_left in platform. See error above Error Code: CFE-switch-2 (https://missionpinball.org/logs)
2025-12-23 13:01:00,990 : ERROR : asyncio : Task exception was never retrieved
future: <Task finished name='Task-21' coro=<SystemWideDevice.device_added_system_wide() done, defined at C:\Users\White\mpf\Lib\site-packages\mpf\core\system_wide_device.py:15> exception=ValueError("invalid literal for int() with base 16: 'playfield_board_lower-3208-6'")>
Traceback (most recent call last):
  File "C:\Users\White\mpf\Lib\site-packages\mpf\platforms\fast\fast.py", line 339, in _parse_driver_number
    board_str, driver_str = number.split("-")
    ^^^^^^^^^^^^^^^^^^^^^
ValueError: too many values to unpack (expected 2)

During handling of the above exception, another exception occurred:

Traceback (most recent call last):
  File "C:\Users\White\mpf\Lib\site-packages\mpf\core\system_wide_device.py", line 17, in device_added_system_wide
    await self._initialize()
  File "C:\Users\White\mpf\Lib\site-packages\mpf\devices\driver.py", line 118, in _initialize
    self.hw_driver = self.platform.configure_driver(config, self.config['number'], platform_settings)
                     ^^^^^^^^^^^^^^^^^^^^^^^^^^^^^^^^^^^^^^^^^^^^^^^^^^^^^^^^^^^^^^^^^^^^^^^^^^^^^^^^
  File "C:\Users\White\mpf\Lib\site-packages\mpf\platforms\fast\fast.py", line 394, in configure_driver
    index = self._parse_driver_number(number)
            ^^^^^^^^^^^^^^^^^^^^^^^^^^^^^^^^^
  File "C:\Users\White\mpf\Lib\site-packages\mpf\platforms\fast\fast.py", line 342, in _parse_driver_number
    return int(number, 16)
           ^^^^^^^^^^^^^^^
ValueError: invalid literal for int() with base 16: 'playfield_board_lower-3208-6'
2025-12-23 13:01:00,991 : ERROR : asyncio : Task exception was never retrieved
future: <Task finished name='Task-64' coro=<SystemWideDevice.device_added_system_wide() done, defined at C:\Users\White\mpf\Lib\site-packages\mpf\core\system_wide_device.py:15> exception=ConfigFileError('Failed to configure switch s_slingshot_right in platform. See error above')>
Traceback (most recent call last):
  File "C:\Users\White\mpf\Lib\site-packages\mpf\devices\switch.py", line 149, in _initialize
    self.hw_switch = self.platform.configure_switch(
                     ^^^^^^^^^^^^^^^^^^^^^^^^^^^^^^^
  File "C:\Users\White\mpf\Lib\site-packages\mpf\platforms\fast\fast.py", line 549, in configure_switch
    self.raise_config_error(f"Could not parse switch number {config.name}/{number}. Seems "
  File "C:\Users\White\mpf\Lib\site-packages\mpf\core\logging.py", line 175, in raise_config_error
    raise ConfigFileError(msg, error_no, self.log.name if self.log else "", context, self._url_base) \
mpf.exceptions.config_file_error.ConfigFileError: Config File Error in FAST: Could not parse switch number s_slingshot_right/playfield_board_lower-3208-17. Seems to be not a valid switch number for the FAST platform. Error Code: CFE-https://fastpinball.com/mpf/error-8 (https://missionpinball.org/logs)

The above exception was the direct cause of the following exception:

Traceback (most recent call last):
  File "C:\Users\White\mpf\Lib\site-packages\mpf\core\system_wide_device.py", line 17, in device_added_system_wide
    await self._initialize()
  File "C:\Users\White\mpf\Lib\site-packages\mpf\devices\switch.py", line 152, in _initialize
    raise ConfigFileError("Failed to configure switch {} in platform. See error above".format(self.name), 2,
mpf.exceptions.config_file_error.ConfigFileError: Config File Error in switch: Failed to configure switch s_slingshot_right in platform. See error above Error Code: CFE-switch-2 (https://missionpinball.org/logs)
2025-12-23 13:01:00,991 : ERROR : asyncio : Task exception was never retrieved
future: <Task finished name='Task-22' coro=<SystemWideDevice.device_added_system_wide() done, defined at C:\Users\White\mpf\Lib\site-packages\mpf\core\system_wide_device.py:15> exception=ValueError("invalid literal for int() with base 16: 'playfield_board_lower-3208-7'")>
Traceback (most recent call last):
  File "C:\Users\White\mpf\Lib\site-packages\mpf\platforms\fast\fast.py", line 339, in _parse_driver_number
    board_str, driver_str = number.split("-")
    ^^^^^^^^^^^^^^^^^^^^^
ValueError: too many values to unpack (expected 2)

During handling of the above exception, another exception occurred:

Traceback (most recent call last):
  File "C:\Users\White\mpf\Lib\site-packages\mpf\core\system_wide_device.py", line 17, in device_added_system_wide
    await self._initialize()
  File "C:\Users\White\mpf\Lib\site-packages\mpf\devices\driver.py", line 118, in _initialize
    self.hw_driver = self.platform.configure_driver(config, self.config['number'], platform_settings)
                     ^^^^^^^^^^^^^^^^^^^^^^^^^^^^^^^^^^^^^^^^^^^^^^^^^^^^^^^^^^^^^^^^^^^^^^^^^^^^^^^^
  File "C:\Users\White\mpf\Lib\site-packages\mpf\platforms\fast\fast.py", line 394, in configure_driver
    index = self._parse_driver_number(number)
            ^^^^^^^^^^^^^^^^^^^^^^^^^^^^^^^^^
  File "C:\Users\White\mpf\Lib\site-packages\mpf\platforms\fast\fast.py", line 342, in _parse_driver_number
    return int(number, 16)
           ^^^^^^^^^^^^^^^
ValueError: invalid literal for int() with base 16: 'playfield_board_lower-3208-7'
2025-12-23 13:01:00,992 : ERROR : asyncio : Task exception was never retrieved
future: <Task finished name='Task-65' coro=<SystemWideDevice.device_added_system_wide() done, defined at C:\Users\White\mpf\Lib\site-packages\mpf\core\system_wide_device.py:15> exception=ConfigFileError('Failed to configure switch s_outlane_left in platform. See error above')>
Traceback (most recent call last):
  File "C:\Users\White\mpf\Lib\site-packages\mpf\devices\switch.py", line 149, in _initialize
    self.hw_switch = self.platform.configure_switch(
                     ^^^^^^^^^^^^^^^^^^^^^^^^^^^^^^^
  File "C:\Users\White\mpf\Lib\site-packages\mpf\platforms\fast\fast.py", line 549, in configure_switch
    self.raise_config_error(f"Could not parse switch number {config.name}/{number}. Seems "
  File "C:\Users\White\mpf\Lib\site-packages\mpf\core\logging.py", line 175, in raise_config_error
    raise ConfigFileError(msg, error_no, self.log.name if self.log else "", context, self._url_base) \
mpf.exceptions.config_file_error.ConfigFileError: Config File Error in FAST: Could not parse switch number s_outlane_left/playfield_board_lower-3208-11. Seems to be not a valid switch number for the FAST platform. Error Code: CFE-https://fastpinball.com/mpf/error-8 (https://missionpinball.org/logs)

The above exception was the direct cause of the following exception:

Traceback (most recent call last):
  File "C:\Users\White\mpf\Lib\site-packages\mpf\core\system_wide_device.py", line 17, in device_added_system_wide
    await self._initialize()
  File "C:\Users\White\mpf\Lib\site-packages\mpf\devices\switch.py", line 152, in _initialize
    raise ConfigFileError("Failed to configure switch {} in platform. See error above".format(self.name), 2,
mpf.exceptions.config_file_error.ConfigFileError: Config File Error in switch: Failed to configure switch s_outlane_left in platform. See error above Error Code: CFE-switch-2 (https://missionpinball.org/logs)
2025-12-23 13:01:00,993 : ERROR : asyncio : Task exception was never retrieved
future: <Task finished name='Task-40' coro=<SystemWideDevice.device_added_system_wide() done, defined at C:\Users\White\mpf\Lib\site-packages\mpf\core\system_wide_device.py:15> exception=ConfigFileError('Failed to configure switch s_coin_door_service_1 in platform. See error above')>
Traceback (most recent call last):
  File "C:\Users\White\mpf\Lib\site-packages\mpf\devices\switch.py", line 149, in _initialize
    self.hw_switch = self.platform.configure_switch(
                     ^^^^^^^^^^^^^^^^^^^^^^^^^^^^^^^
  File "C:\Users\White\mpf\Lib\site-packages\mpf\platforms\fast\fast.py", line 549, in configure_switch
    self.raise_config_error(f"Could not parse switch number {config.name}/{number}. Seems "
  File "C:\Users\White\mpf\Lib\site-packages\mpf\core\logging.py", line 175, in raise_config_error
    raise ConfigFileError(msg, error_no, self.log.name if self.log else "", context, self._url_base) \
mpf.exceptions.config_file_error.ConfigFileError: Config File Error in FAST: Could not parse switch number s_coin_door_service_1/cabinet_board-0024-7. Seems to be not a valid switch number for the FAST platform. Error Code: CFE-https://fastpinball.com/mpf/error-8 (https://missionpinball.org/logs)

The above exception was the direct cause of the following exception:

Traceback (most recent call last):
  File "C:\Users\White\mpf\Lib\site-packages\mpf\core\system_wide_device.py", line 17, in device_added_system_wide
    await self._initialize()
  File "C:\Users\White\mpf\Lib\site-packages\mpf\devices\switch.py", line 152, in _initialize
    raise ConfigFileError("Failed to configure switch {} in platform. See error above".format(self.name), 2,
mpf.exceptions.config_file_error.ConfigFileError: Config File Error in switch: Failed to configure switch s_coin_door_service_1 in platform. See error above Error Code: CFE-switch-2 (https://missionpinball.org/logs)
2025-12-23 13:01:00,993 : ERROR : asyncio : Task exception was never retrieved
future: <Task finished name='Task-23' coro=<SystemWideDevice.device_added_system_wide() done, defined at C:\Users\White\mpf\Lib\site-packages\mpf\core\system_wide_device.py:15> exception=ValueError("invalid literal for int() with base 16: 'playfield_board_upper-3208-7'")>
Traceback (most recent call last):
  File "C:\Users\White\mpf\Lib\site-packages\mpf\platforms\fast\fast.py", line 339, in _parse_driver_number
    board_str, driver_str = number.split("-")
    ^^^^^^^^^^^^^^^^^^^^^
ValueError: too many values to unpack (expected 2)

During handling of the above exception, another exception occurred:

Traceback (most recent call last):
  File "C:\Users\White\mpf\Lib\site-packages\mpf\core\system_wide_device.py", line 17, in device_added_system_wide
    await self._initialize()
  File "C:\Users\White\mpf\Lib\site-packages\mpf\devices\driver.py", line 118, in _initialize
    self.hw_driver = self.platform.configure_driver(config, self.config['number'], platform_settings)
                     ^^^^^^^^^^^^^^^^^^^^^^^^^^^^^^^^^^^^^^^^^^^^^^^^^^^^^^^^^^^^^^^^^^^^^^^^^^^^^^^^
  File "C:\Users\White\mpf\Lib\site-packages\mpf\platforms\fast\fast.py", line 394, in configure_driver
    index = self._parse_driver_number(number)
            ^^^^^^^^^^^^^^^^^^^^^^^^^^^^^^^^^
  File "C:\Users\White\mpf\Lib\site-packages\mpf\platforms\fast\fast.py", line 342, in _parse_driver_number
    return int(number, 16)
           ^^^^^^^^^^^^^^^
ValueError: invalid literal for int() with base 16: 'playfield_board_upper-3208-7'
2025-12-23 13:01:00,994 : ERROR : asyncio : Task exception was never retrieved
future: <Task finished name='Task-66' coro=<SystemWideDevice.device_added_system_wide() done, defined at C:\Users\White\mpf\Lib\site-packages\mpf\core\system_wide_device.py:15> exception=ConfigFileError('Failed to configure switch s_inlane_left in platform. See error above')>
Traceback (most recent call last):
  File "C:\Users\White\mpf\Lib\site-packages\mpf\devices\switch.py", line 149, in _initialize
    self.hw_switch = self.platform.configure_switch(
                     ^^^^^^^^^^^^^^^^^^^^^^^^^^^^^^^
  File "C:\Users\White\mpf\Lib\site-packages\mpf\platforms\fast\fast.py", line 549, in configure_switch
    self.raise_config_error(f"Could not parse switch number {config.name}/{number}. Seems "
  File "C:\Users\White\mpf\Lib\site-packages\mpf\core\logging.py", line 175, in raise_config_error
    raise ConfigFileError(msg, error_no, self.log.name if self.log else "", context, self._url_base) \
mpf.exceptions.config_file_error.ConfigFileError: Config File Error in FAST: Could not parse switch number s_inlane_left/playfield_board_lower-3208-12. Seems to be not a valid switch number for the FAST platform. Error Code: CFE-https://fastpinball.com/mpf/error-8 (https://missionpinball.org/logs)

The above exception was the direct cause of the following exception:

Traceback (most recent call last):
  File "C:\Users\White\mpf\Lib\site-packages\mpf\core\system_wide_device.py", line 17, in device_added_system_wide
    await self._initialize()
  File "C:\Users\White\mpf\Lib\site-packages\mpf\devices\switch.py", line 152, in _initialize
    raise ConfigFileError("Failed to configure switch {} in platform. See error above".format(self.name), 2,
mpf.exceptions.config_file_error.ConfigFileError: Config File Error in switch: Failed to configure switch s_inlane_left in platform. See error above Error Code: CFE-switch-2 (https://missionpinball.org/logs)
2025-12-23 13:01:00,995 : ERROR : asyncio : Task exception was never retrieved
future: <Task finished name='Task-24' coro=<SystemWideDevice.device_added_system_wide() done, defined at C:\Users\White\mpf\Lib\site-packages\mpf\core\system_wide_device.py:15> exception=ValueError("invalid literal for int() with base 16: 'playfield_board_upper-3208-5'")>
Traceback (most recent call last):
  File "C:\Users\White\mpf\Lib\site-packages\mpf\platforms\fast\fast.py", line 339, in _parse_driver_number
    board_str, driver_str = number.split("-")
    ^^^^^^^^^^^^^^^^^^^^^
ValueError: too many values to unpack (expected 2)

During handling of the above exception, another exception occurred:

Traceback (most recent call last):
  File "C:\Users\White\mpf\Lib\site-packages\mpf\core\system_wide_device.py", line 17, in device_added_system_wide
    await self._initialize()
  File "C:\Users\White\mpf\Lib\site-packages\mpf\devices\driver.py", line 118, in _initialize
    self.hw_driver = self.platform.configure_driver(config, self.config['number'], platform_settings)
                     ^^^^^^^^^^^^^^^^^^^^^^^^^^^^^^^^^^^^^^^^^^^^^^^^^^^^^^^^^^^^^^^^^^^^^^^^^^^^^^^^
  File "C:\Users\White\mpf\Lib\site-packages\mpf\platforms\fast\fast.py", line 394, in configure_driver
    index = self._parse_driver_number(number)
            ^^^^^^^^^^^^^^^^^^^^^^^^^^^^^^^^^
  File "C:\Users\White\mpf\Lib\site-packages\mpf\platforms\fast\fast.py", line 342, in _parse_driver_number
    return int(number, 16)
           ^^^^^^^^^^^^^^^
ValueError: invalid literal for int() with base 16: 'playfield_board_upper-3208-5'
2025-12-23 13:01:00,995 : ERROR : asyncio : Task exception was never retrieved
future: <Task finished name='Task-109' coro=<SystemWideDevice.device_added_system_wide() done, defined at C:\Users\White\mpf\Lib\site-packages\mpf\core\system_wide_device.py:15> exception=ConfigFileError('Failed to configure light l_iceman_i in platform. See error above')>
Traceback (most recent call last):
  File "C:\Users\White\mpf\Lib\site-packages\mpf\devices\light.py", line 284, in _load_hw_driver
    return platform.configure_light(channel['number'], channel['subtype'], config, channel['platform_settings'])
           ^^^^^^^^^^^^^^^^^^^^^^^^^^^^^^^^^^^^^^^^^^^^^^^^^^^^^^^^^^^^^^^^^^^^^^^^^^^^^^^^^^^^^^^^^^^^^^^^^^^^^
  File "C:\Users\White\mpf\Lib\site-packages\mpf\platforms\fast\fast.py", line 599, in configure_light
    index = self.port_idx_to_hex(port, led, 32, config.name)
            ^^^^^^^^^^^^^^^^^^^^^^^^^^^^^^^^^^^^^^^^^^^^^^^^
  File "C:\Users\White\mpf\Lib\site-packages\mpf\platforms\fast\fast.py", line 663, in port_idx_to_hex
    raise AssertionError(f"Device number {device_num} is not valid for device {name}. "
AssertionError: Device number 0 is not valid for device l_iceman_i. The first device in the change should be 1, not 0

The above exception was the direct cause of the following exception:

Traceback (most recent call last):
  File "C:\Users\White\mpf\Lib\site-packages\mpf\core\system_wide_device.py", line 17, in device_added_system_wide
    await self._initialize()
  File "C:\Users\White\mpf\Lib\site-packages\mpf\devices\light.py", line 315, in _initialize
    self._load_hw_drivers()
  File "C:\Users\White\mpf\Lib\site-packages\mpf\devices\light.py", line 267, in _load_hw_drivers
    driver = self._load_hw_driver(channel, color)
             ^^^^^^^^^^^^^^^^^^^^^^^^^^^^^^^^^^^^
  File "C:\Users\White\mpf\Lib\site-packages\mpf\devices\light.py", line 286, in _load_hw_driver
    self.raise_config_error("Failed to configure light {} in platform. See error above".format(self.name), 7,
  File "C:\Users\White\mpf\Lib\site-packages\mpf\core\logging.py", line 175, in raise_config_error
    raise ConfigFileError(msg, error_no, self.log.name if self.log else "", context, self._url_base) \
mpf.exceptions.config_file_error.ConfigFileError: Config File Error in light.l_iceman_i: Failed to configure light l_iceman_i in platform. See error above Error Code: CFE-light-7 (https://missionpinball.org/logs)
2025-12-23 13:01:00,996 : ERROR : asyncio : Task exception was never retrieved
future: <Task finished name='Task-67' coro=<SystemWideDevice.device_added_system_wide() done, defined at C:\Users\White\mpf\Lib\site-packages\mpf\core\system_wide_device.py:15> exception=ConfigFileError('Failed to configure switch s_inner_inlane_right in platform. See error above')>
Traceback (most recent call last):
  File "C:\Users\White\mpf\Lib\site-packages\mpf\devices\switch.py", line 149, in _initialize
    self.hw_switch = self.platform.configure_switch(
                     ^^^^^^^^^^^^^^^^^^^^^^^^^^^^^^^
  File "C:\Users\White\mpf\Lib\site-packages\mpf\platforms\fast\fast.py", line 549, in configure_switch
    self.raise_config_error(f"Could not parse switch number {config.name}/{number}. Seems "
  File "C:\Users\White\mpf\Lib\site-packages\mpf\core\logging.py", line 175, in raise_config_error
    raise ConfigFileError(msg, error_no, self.log.name if self.log else "", context, self._url_base) \
mpf.exceptions.config_file_error.ConfigFileError: Config File Error in FAST: Could not parse switch number s_inner_inlane_right/playfield_board_lower-3208-13. Seems to be not a valid switch number for the FAST platform. Error Code: CFE-https://fastpinball.com/mpf/error-8 (https://missionpinball.org/logs)

The above exception was the direct cause of the following exception:

Traceback (most recent call last):
  File "C:\Users\White\mpf\Lib\site-packages\mpf\core\system_wide_device.py", line 17, in device_added_system_wide
    await self._initialize()
  File "C:\Users\White\mpf\Lib\site-packages\mpf\devices\switch.py", line 152, in _initialize
    raise ConfigFileError("Failed to configure switch {} in platform. See error above".format(self.name), 2,
mpf.exceptions.config_file_error.ConfigFileError: Config File Error in switch: Failed to configure switch s_inner_inlane_right in platform. See error above Error Code: CFE-switch-2 (https://missionpinball.org/logs)
2025-12-23 13:01:00,997 : ERROR : asyncio : Task exception was never retrieved
future: <Task finished name='Task-25' coro=<SystemWideDevice.device_added_system_wide() done, defined at C:\Users\White\mpf\Lib\site-packages\mpf\core\system_wide_device.py:15> exception=ValueError("invalid literal for int() with base 16: 'playfield_board_upper-3208-6'")>
Traceback (most recent call last):
  File "C:\Users\White\mpf\Lib\site-packages\mpf\platforms\fast\fast.py", line 339, in _parse_driver_number
    board_str, driver_str = number.split("-")
    ^^^^^^^^^^^^^^^^^^^^^
ValueError: too many values to unpack (expected 2)

During handling of the above exception, another exception occurred:

Traceback (most recent call last):
  File "C:\Users\White\mpf\Lib\site-packages\mpf\core\system_wide_device.py", line 17, in device_added_system_wide
    await self._initialize()
  File "C:\Users\White\mpf\Lib\site-packages\mpf\devices\driver.py", line 118, in _initialize
    self.hw_driver = self.platform.configure_driver(config, self.config['number'], platform_settings)
                     ^^^^^^^^^^^^^^^^^^^^^^^^^^^^^^^^^^^^^^^^^^^^^^^^^^^^^^^^^^^^^^^^^^^^^^^^^^^^^^^^
  File "C:\Users\White\mpf\Lib\site-packages\mpf\platforms\fast\fast.py", line 394, in configure_driver
    index = self._parse_driver_number(number)
            ^^^^^^^^^^^^^^^^^^^^^^^^^^^^^^^^^
  File "C:\Users\White\mpf\Lib\site-packages\mpf\platforms\fast\fast.py", line 342, in _parse_driver_number
    return int(number, 16)
           ^^^^^^^^^^^^^^^
ValueError: invalid literal for int() with base 16: 'playfield_board_upper-3208-6'
2025-12-23 13:01:00,998 : ERROR : asyncio : Task exception was never retrieved
future: <Task finished name='Task-68' coro=<SystemWideDevice.device_added_system_wide() done, defined at C:\Users\White\mpf\Lib\site-packages\mpf\core\system_wide_device.py:15> exception=ConfigFileError('Failed to configure switch s_outer_inlane_right in platform. See error above')>
Traceback (most recent call last):
  File "C:\Users\White\mpf\Lib\site-packages\mpf\devices\switch.py", line 149, in _initialize
    self.hw_switch = self.platform.configure_switch(
                     ^^^^^^^^^^^^^^^^^^^^^^^^^^^^^^^
  File "C:\Users\White\mpf\Lib\site-packages\mpf\platforms\fast\fast.py", line 549, in configure_switch
    self.raise_config_error(f"Could not parse switch number {config.name}/{number}. Seems "
  File "C:\Users\White\mpf\Lib\site-packages\mpf\core\logging.py", line 175, in raise_config_error
    raise ConfigFileError(msg, error_no, self.log.name if self.log else "", context, self._url_base) \
mpf.exceptions.config_file_error.ConfigFileError: Config File Error in FAST: Could not parse switch number s_outer_inlane_right/playfield_board_lower-3208-14. Seems to be not a valid switch number for the FAST platform. Error Code: CFE-https://fastpinball.com/mpf/error-8 (https://missionpinball.org/logs)

The above exception was the direct cause of the following exception:

Traceback (most recent call last):
  File "C:\Users\White\mpf\Lib\site-packages\mpf\core\system_wide_device.py", line 17, in device_added_system_wide
    await self._initialize()
  File "C:\Users\White\mpf\Lib\site-packages\mpf\devices\switch.py", line 152, in _initialize
    raise ConfigFileError("Failed to configure switch {} in platform. See error above".format(self.name), 2,
mpf.exceptions.config_file_error.ConfigFileError: Config File Error in switch: Failed to configure switch s_outer_inlane_right in platform. See error above Error Code: CFE-switch-2 (https://missionpinball.org/logs)
2025-12-23 13:01:00,998 : ERROR : asyncio : Task exception was never retrieved
future: <Task finished name='Task-26' coro=<SystemWideDevice.device_added_system_wide() done, defined at C:\Users\White\mpf\Lib\site-packages\mpf\core\system_wide_device.py:15> exception=ValueError("invalid literal for int() with base 16: 'playfield_board_lower-3208-4'")>
Traceback (most recent call last):
  File "C:\Users\White\mpf\Lib\site-packages\mpf\platforms\fast\fast.py", line 339, in _parse_driver_number
    board_str, driver_str = number.split("-")
    ^^^^^^^^^^^^^^^^^^^^^
ValueError: too many values to unpack (expected 2)

During handling of the above exception, another exception occurred:

Traceback (most recent call last):
  File "C:\Users\White\mpf\Lib\site-packages\mpf\core\system_wide_device.py", line 17, in device_added_system_wide
    await self._initialize()
  File "C:\Users\White\mpf\Lib\site-packages\mpf\devices\driver.py", line 118, in _initialize
    self.hw_driver = self.platform.configure_driver(config, self.config['number'], platform_settings)
                     ^^^^^^^^^^^^^^^^^^^^^^^^^^^^^^^^^^^^^^^^^^^^^^^^^^^^^^^^^^^^^^^^^^^^^^^^^^^^^^^^
  File "C:\Users\White\mpf\Lib\site-packages\mpf\platforms\fast\fast.py", line 394, in configure_driver
    index = self._parse_driver_number(number)
            ^^^^^^^^^^^^^^^^^^^^^^^^^^^^^^^^^
  File "C:\Users\White\mpf\Lib\site-packages\mpf\platforms\fast\fast.py", line 342, in _parse_driver_number
    return int(number, 16)
           ^^^^^^^^^^^^^^^
ValueError: invalid literal for int() with base 16: 'playfield_board_lower-3208-4'
2025-12-23 13:01:00,999 : ERROR : asyncio : Task exception was never retrieved
future: <Task finished name='Task-69' coro=<SystemWideDevice.device_added_system_wide() done, defined at C:\Users\White\mpf\Lib\site-packages\mpf\core\system_wide_device.py:15> exception=ConfigFileError('Failed to configure switch s_outlane_right in platform. See error above')>
Traceback (most recent call last):
  File "C:\Users\White\mpf\Lib\site-packages\mpf\devices\switch.py", line 149, in _initialize
    self.hw_switch = self.platform.configure_switch(
                     ^^^^^^^^^^^^^^^^^^^^^^^^^^^^^^^
  File "C:\Users\White\mpf\Lib\site-packages\mpf\platforms\fast\fast.py", line 549, in configure_switch
    self.raise_config_error(f"Could not parse switch number {config.name}/{number}. Seems "
  File "C:\Users\White\mpf\Lib\site-packages\mpf\core\logging.py", line 175, in raise_config_error
    raise ConfigFileError(msg, error_no, self.log.name if self.log else "", context, self._url_base) \
mpf.exceptions.config_file_error.ConfigFileError: Config File Error in FAST: Could not parse switch number s_outlane_right/playfield_board_lower-3208-15. Seems to be not a valid switch number for the FAST platform. Error Code: CFE-https://fastpinball.com/mpf/error-8 (https://missionpinball.org/logs)

The above exception was the direct cause of the following exception:

Traceback (most recent call last):
  File "C:\Users\White\mpf\Lib\site-packages\mpf\core\system_wide_device.py", line 17, in device_added_system_wide
    await self._initialize()
  File "C:\Users\White\mpf\Lib\site-packages\mpf\devices\switch.py", line 152, in _initialize
    raise ConfigFileError("Failed to configure switch {} in platform. See error above".format(self.name), 2,
mpf.exceptions.config_file_error.ConfigFileError: Config File Error in switch: Failed to configure switch s_outlane_right in platform. See error above Error Code: CFE-switch-2 (https://missionpinball.org/logs)
2025-12-23 13:01:01,000 : ERROR : asyncio : Task exception was never retrieved
future: <Task finished name='Task-27' coro=<SystemWideDevice.device_added_system_wide() done, defined at C:\Users\White\mpf\Lib\site-packages\mpf\core\system_wide_device.py:15> exception=ValueError("invalid literal for int() with base 16: 'playfield_board_lock_mechs-0804-3'")>
Traceback (most recent call last):
  File "C:\Users\White\mpf\Lib\site-packages\mpf\platforms\fast\fast.py", line 339, in _parse_driver_number
    board_str, driver_str = number.split("-")
    ^^^^^^^^^^^^^^^^^^^^^
ValueError: too many values to unpack (expected 2)

During handling of the above exception, another exception occurred:

Traceback (most recent call last):
  File "C:\Users\White\mpf\Lib\site-packages\mpf\core\system_wide_device.py", line 17, in device_added_system_wide
    await self._initialize()
  File "C:\Users\White\mpf\Lib\site-packages\mpf\devices\driver.py", line 118, in _initialize
    self.hw_driver = self.platform.configure_driver(config, self.config['number'], platform_settings)
                     ^^^^^^^^^^^^^^^^^^^^^^^^^^^^^^^^^^^^^^^^^^^^^^^^^^^^^^^^^^^^^^^^^^^^^^^^^^^^^^^^
  File "C:\Users\White\mpf\Lib\site-packages\mpf\platforms\fast\fast.py", line 394, in configure_driver
    index = self._parse_driver_number(number)
            ^^^^^^^^^^^^^^^^^^^^^^^^^^^^^^^^^
  File "C:\Users\White\mpf\Lib\site-packages\mpf\platforms\fast\fast.py", line 342, in _parse_driver_number
    return int(number, 16)
           ^^^^^^^^^^^^^^^
ValueError: invalid literal for int() with base 16: 'playfield_board_lock_mechs-0804-3'
2025-12-23 13:01:01,001 : ERROR : asyncio : Task exception was never retrieved
future: <Task finished name='Task-70' coro=<SystemWideDevice.device_added_system_wide() done, defined at C:\Users\White\mpf\Lib\site-packages\mpf\core\system_wide_device.py:15> exception=ConfigFileError('Failed to configure switch s_mig_lane_left in platform. See error above')>
Traceback (most recent call last):
  File "C:\Users\White\mpf\Lib\site-packages\mpf\devices\switch.py", line 149, in _initialize
    self.hw_switch = self.platform.configure_switch(
                     ^^^^^^^^^^^^^^^^^^^^^^^^^^^^^^^
  File "C:\Users\White\mpf\Lib\site-packages\mpf\platforms\fast\fast.py", line 549, in configure_switch
    self.raise_config_error(f"Could not parse switch number {config.name}/{number}. Seems "
  File "C:\Users\White\mpf\Lib\site-packages\mpf\core\logging.py", line 175, in raise_config_error
    raise ConfigFileError(msg, error_no, self.log.name if self.log else "", context, self._url_base) \
mpf.exceptions.config_file_error.ConfigFileError: Config File Error in FAST: Could not parse switch number s_mig_lane_left/playfield_board_upper-3208-12. Seems to be not a valid switch number for the FAST platform. Error Code: CFE-https://fastpinball.com/mpf/error-8 (https://missionpinball.org/logs)

The above exception was the direct cause of the following exception:

Traceback (most recent call last):
  File "C:\Users\White\mpf\Lib\site-packages\mpf\core\system_wide_device.py", line 17, in device_added_system_wide
    await self._initialize()
  File "C:\Users\White\mpf\Lib\site-packages\mpf\devices\switch.py", line 152, in _initialize
    raise ConfigFileError("Failed to configure switch {} in platform. See error above".format(self.name), 2,
mpf.exceptions.config_file_error.ConfigFileError: Config File Error in switch: Failed to configure switch s_mig_lane_left in platform. See error above Error Code: CFE-switch-2 (https://missionpinball.org/logs)
2025-12-23 13:01:01,002 : ERROR : asyncio : Task exception was never retrieved
future: <Task finished name='Task-28' coro=<SystemWideDevice.device_added_system_wide() done, defined at C:\Users\White\mpf\Lib\site-packages\mpf\core\system_wide_device.py:15> exception=ValueError("invalid literal for int() with base 16: 'playfield_board_lock_mechs-0804-4'")>
Traceback (most recent call last):
  File "C:\Users\White\mpf\Lib\site-packages\mpf\platforms\fast\fast.py", line 339, in _parse_driver_number
    board_str, driver_str = number.split("-")
    ^^^^^^^^^^^^^^^^^^^^^
ValueError: too many values to unpack (expected 2)

During handling of the above exception, another exception occurred:

Traceback (most recent call last):
  File "C:\Users\White\mpf\Lib\site-packages\mpf\core\system_wide_device.py", line 17, in device_added_system_wide
    await self._initialize()
  File "C:\Users\White\mpf\Lib\site-packages\mpf\devices\driver.py", line 118, in _initialize
    self.hw_driver = self.platform.configure_driver(config, self.config['number'], platform_settings)
                     ^^^^^^^^^^^^^^^^^^^^^^^^^^^^^^^^^^^^^^^^^^^^^^^^^^^^^^^^^^^^^^^^^^^^^^^^^^^^^^^^
  File "C:\Users\White\mpf\Lib\site-packages\mpf\platforms\fast\fast.py", line 394, in configure_driver
    index = self._parse_driver_number(number)
            ^^^^^^^^^^^^^^^^^^^^^^^^^^^^^^^^^
  File "C:\Users\White\mpf\Lib\site-packages\mpf\platforms\fast\fast.py", line 342, in _parse_driver_number
    return int(number, 16)
           ^^^^^^^^^^^^^^^
ValueError: invalid literal for int() with base 16: 'playfield_board_lock_mechs-0804-4'
2025-12-23 13:01:01,003 : ERROR : asyncio : Task exception was never retrieved
future: <Task finished name='Task-71' coro=<SystemWideDevice.device_added_system_wide() done, defined at C:\Users\White\mpf\Lib\site-packages\mpf\core\system_wide_device.py:15> exception=ConfigFileError('Failed to configure switch s_mig_lane_right in platform. See error above')>
Traceback (most recent call last):
  File "C:\Users\White\mpf\Lib\site-packages\mpf\devices\switch.py", line 149, in _initialize
    self.hw_switch = self.platform.configure_switch(
                     ^^^^^^^^^^^^^^^^^^^^^^^^^^^^^^^
  File "C:\Users\White\mpf\Lib\site-packages\mpf\platforms\fast\fast.py", line 549, in configure_switch
    self.raise_config_error(f"Could not parse switch number {config.name}/{number}. Seems "
  File "C:\Users\White\mpf\Lib\site-packages\mpf\core\logging.py", line 175, in raise_config_error
    raise ConfigFileError(msg, error_no, self.log.name if self.log else "", context, self._url_base) \
mpf.exceptions.config_file_error.ConfigFileError: Config File Error in FAST: Could not parse switch number s_mig_lane_right/playfield_board_upper-3208-13. Seems to be not a valid switch number for the FAST platform. Error Code: CFE-https://fastpinball.com/mpf/error-8 (https://missionpinball.org/logs)

The above exception was the direct cause of the following exception:

Traceback (most recent call last):
  File "C:\Users\White\mpf\Lib\site-packages\mpf\core\system_wide_device.py", line 17, in device_added_system_wide
    await self._initialize()
  File "C:\Users\White\mpf\Lib\site-packages\mpf\devices\switch.py", line 152, in _initialize
    raise ConfigFileError("Failed to configure switch {} in platform. See error above".format(self.name), 2,
mpf.exceptions.config_file_error.ConfigFileError: Config File Error in switch: Failed to configure switch s_mig_lane_right in platform. See error above Error Code: CFE-switch-2 (https://missionpinball.org/logs)
2025-12-23 13:01:01,004 : ERROR : asyncio : Task exception was never retrieved
future: <Task finished name='Task-29' coro=<SystemWideDevice.device_added_system_wide() done, defined at C:\Users\White\mpf\Lib\site-packages\mpf\core\system_wide_device.py:15> exception=ValueError("invalid literal for int() with base 16: 'playfield_board_upper-3208-1'")>
Traceback (most recent call last):
  File "C:\Users\White\mpf\Lib\site-packages\mpf\platforms\fast\fast.py", line 339, in _parse_driver_number
    board_str, driver_str = number.split("-")
    ^^^^^^^^^^^^^^^^^^^^^
ValueError: too many values to unpack (expected 2)

During handling of the above exception, another exception occurred:

Traceback (most recent call last):
  File "C:\Users\White\mpf\Lib\site-packages\mpf\core\system_wide_device.py", line 17, in device_added_system_wide
    await self._initialize()
  File "C:\Users\White\mpf\Lib\site-packages\mpf\devices\driver.py", line 118, in _initialize
    self.hw_driver = self.platform.configure_driver(config, self.config['number'], platform_settings)
                     ^^^^^^^^^^^^^^^^^^^^^^^^^^^^^^^^^^^^^^^^^^^^^^^^^^^^^^^^^^^^^^^^^^^^^^^^^^^^^^^^
  File "C:\Users\White\mpf\Lib\site-packages\mpf\platforms\fast\fast.py", line 394, in configure_driver
    index = self._parse_driver_number(number)
            ^^^^^^^^^^^^^^^^^^^^^^^^^^^^^^^^^
  File "C:\Users\White\mpf\Lib\site-packages\mpf\platforms\fast\fast.py", line 342, in _parse_driver_number
    return int(number, 16)
           ^^^^^^^^^^^^^^^
ValueError: invalid literal for int() with base 16: 'playfield_board_upper-3208-1'
2025-12-23 13:01:01,005 : ERROR : asyncio : Task exception was never retrieved
future: <Task finished name='Task-72' coro=<SystemWideDevice.device_added_system_wide() done, defined at C:\Users\White\mpf\Lib\site-packages\mpf\core\system_wide_device.py:15> exception=ConfigFileError('Failed to configure switch s_lane_left in platform. See error above')>
Traceback (most recent call last):
  File "C:\Users\White\mpf\Lib\site-packages\mpf\devices\switch.py", line 149, in _initialize
    self.hw_switch = self.platform.configure_switch(
                     ^^^^^^^^^^^^^^^^^^^^^^^^^^^^^^^
  File "C:\Users\White\mpf\Lib\site-packages\mpf\platforms\fast\fast.py", line 549, in configure_switch
    self.raise_config_error(f"Could not parse switch number {config.name}/{number}. Seems "
  File "C:\Users\White\mpf\Lib\site-packages\mpf\core\logging.py", line 175, in raise_config_error
    raise ConfigFileError(msg, error_no, self.log.name if self.log else "", context, self._url_base) \
mpf.exceptions.config_file_error.ConfigFileError: Config File Error in FAST: Could not parse switch number s_lane_left/playfield_board_lower-3208-24. Seems to be not a valid switch number for the FAST platform. Error Code: CFE-https://fastpinball.com/mpf/error-8 (https://missionpinball.org/logs)

The above exception was the direct cause of the following exception:

Traceback (most recent call last):
  File "C:\Users\White\mpf\Lib\site-packages\mpf\core\system_wide_device.py", line 17, in device_added_system_wide
    await self._initialize()
  File "C:\Users\White\mpf\Lib\site-packages\mpf\devices\switch.py", line 152, in _initialize
    raise ConfigFileError("Failed to configure switch {} in platform. See error above".format(self.name), 2,
mpf.exceptions.config_file_error.ConfigFileError: Config File Error in switch: Failed to configure switch s_lane_left in platform. See error above Error Code: CFE-switch-2 (https://missionpinball.org/logs)
2025-12-23 13:01:01,005 : ERROR : asyncio : Task exception was never retrieved
future: <Task finished name='Task-30' coro=<SystemWideDevice.device_added_system_wide() done, defined at C:\Users\White\mpf\Lib\site-packages\mpf\core\system_wide_device.py:15> exception=ValueError("invalid literal for int() with base 16: 'playfield_board_upper-3208-2'")>
Traceback (most recent call last):
  File "C:\Users\White\mpf\Lib\site-packages\mpf\platforms\fast\fast.py", line 339, in _parse_driver_number
    board_str, driver_str = number.split("-")
    ^^^^^^^^^^^^^^^^^^^^^
ValueError: too many values to unpack (expected 2)

During handling of the above exception, another exception occurred:

Traceback (most recent call last):
  File "C:\Users\White\mpf\Lib\site-packages\mpf\core\system_wide_device.py", line 17, in device_added_system_wide
    await self._initialize()
  File "C:\Users\White\mpf\Lib\site-packages\mpf\devices\driver.py", line 118, in _initialize
    self.hw_driver = self.platform.configure_driver(config, self.config['number'], platform_settings)
                     ^^^^^^^^^^^^^^^^^^^^^^^^^^^^^^^^^^^^^^^^^^^^^^^^^^^^^^^^^^^^^^^^^^^^^^^^^^^^^^^^
  File "C:\Users\White\mpf\Lib\site-packages\mpf\platforms\fast\fast.py", line 394, in configure_driver
    index = self._parse_driver_number(number)
            ^^^^^^^^^^^^^^^^^^^^^^^^^^^^^^^^^
  File "C:\Users\White\mpf\Lib\site-packages\mpf\platforms\fast\fast.py", line 342, in _parse_driver_number
    return int(number, 16)
           ^^^^^^^^^^^^^^^
ValueError: invalid literal for int() with base 16: 'playfield_board_upper-3208-2'
2025-12-23 13:01:01,006 : ERROR : asyncio : Task exception was never retrieved
future: <Task finished name='Task-73' coro=<SystemWideDevice.device_added_system_wide() done, defined at C:\Users\White\mpf\Lib\site-packages\mpf\core\system_wide_device.py:15> exception=ConfigFileError('Failed to configure switch s_orbit_left in platform. See error above')>
Traceback (most recent call last):
  File "C:\Users\White\mpf\Lib\site-packages\mpf\devices\switch.py", line 149, in _initialize
    self.hw_switch = self.platform.configure_switch(
                     ^^^^^^^^^^^^^^^^^^^^^^^^^^^^^^^
  File "C:\Users\White\mpf\Lib\site-packages\mpf\platforms\fast\fast.py", line 549, in configure_switch
    self.raise_config_error(f"Could not parse switch number {config.name}/{number}. Seems "
  File "C:\Users\White\mpf\Lib\site-packages\mpf\core\logging.py", line 175, in raise_config_error
    raise ConfigFileError(msg, error_no, self.log.name if self.log else "", context, self._url_base) \
mpf.exceptions.config_file_error.ConfigFileError: Config File Error in FAST: Could not parse switch number s_orbit_left/playfield_board_upper-3208-11. Seems to be not a valid switch number for the FAST platform. Error Code: CFE-https://fastpinball.com/mpf/error-8 (https://missionpinball.org/logs)

The above exception was the direct cause of the following exception:

Traceback (most recent call last):
  File "C:\Users\White\mpf\Lib\site-packages\mpf\core\system_wide_device.py", line 17, in device_added_system_wide
    await self._initialize()
  File "C:\Users\White\mpf\Lib\site-packages\mpf\devices\switch.py", line 152, in _initialize
    raise ConfigFileError("Failed to configure switch {} in platform. See error above".format(self.name), 2,
mpf.exceptions.config_file_error.ConfigFileError: Config File Error in switch: Failed to configure switch s_orbit_left in platform. See error above Error Code: CFE-switch-2 (https://missionpinball.org/logs)
2025-12-23 13:01:01,007 : ERROR : asyncio : Task exception was never retrieved
future: <Task finished name='Task-31' coro=<SystemWideDevice.device_added_system_wide() done, defined at C:\Users\White\mpf\Lib\site-packages\mpf\core\system_wide_device.py:15> exception=ValueError("invalid literal for int() with base 16: 'playfield_board_upper-3208-3'")>
Traceback (most recent call last):
  File "C:\Users\White\mpf\Lib\site-packages\mpf\platforms\fast\fast.py", line 339, in _parse_driver_number
    board_str, driver_str = number.split("-")
    ^^^^^^^^^^^^^^^^^^^^^
ValueError: too many values to unpack (expected 2)

During handling of the above exception, another exception occurred:

Traceback (most recent call last):
  File "C:\Users\White\mpf\Lib\site-packages\mpf\core\system_wide_device.py", line 17, in device_added_system_wide
    await self._initialize()
  File "C:\Users\White\mpf\Lib\site-packages\mpf\devices\driver.py", line 118, in _initialize
    self.hw_driver = self.platform.configure_driver(config, self.config['number'], platform_settings)
                     ^^^^^^^^^^^^^^^^^^^^^^^^^^^^^^^^^^^^^^^^^^^^^^^^^^^^^^^^^^^^^^^^^^^^^^^^^^^^^^^^
  File "C:\Users\White\mpf\Lib\site-packages\mpf\platforms\fast\fast.py", line 394, in configure_driver
    index = self._parse_driver_number(number)
            ^^^^^^^^^^^^^^^^^^^^^^^^^^^^^^^^^
  File "C:\Users\White\mpf\Lib\site-packages\mpf\platforms\fast\fast.py", line 342, in _parse_driver_number
    return int(number, 16)
           ^^^^^^^^^^^^^^^
ValueError: invalid literal for int() with base 16: 'playfield_board_upper-3208-3'
2025-12-23 13:01:01,007 : ERROR : asyncio : Task exception was never retrieved
future: <Task finished name='Task-74' coro=<SystemWideDevice.device_added_system_wide() done, defined at C:\Users\White\mpf\Lib\site-packages\mpf\core\system_wide_device.py:15> exception=ConfigFileError('Failed to configure switch s_orbit_upper in platform. See error above')>
Traceback (most recent call last):
  File "C:\Users\White\mpf\Lib\site-packages\mpf\devices\switch.py", line 149, in _initialize
    self.hw_switch = self.platform.configure_switch(
                     ^^^^^^^^^^^^^^^^^^^^^^^^^^^^^^^
  File "C:\Users\White\mpf\Lib\site-packages\mpf\platforms\fast\fast.py", line 549, in configure_switch
    self.raise_config_error(f"Could not parse switch number {config.name}/{number}. Seems "
  File "C:\Users\White\mpf\Lib\site-packages\mpf\core\logging.py", line 175, in raise_config_error
    raise ConfigFileError(msg, error_no, self.log.name if self.log else "", context, self._url_base) \
mpf.exceptions.config_file_error.ConfigFileError: Config File Error in FAST: Could not parse switch number s_orbit_upper/playfield_board_upper-3208-26. Seems to be not a valid switch number for the FAST platform. Error Code: CFE-https://fastpinball.com/mpf/error-8 (https://missionpinball.org/logs)

The above exception was the direct cause of the following exception:

Traceback (most recent call last):
  File "C:\Users\White\mpf\Lib\site-packages\mpf\core\system_wide_device.py", line 17, in device_added_system_wide
    await self._initialize()
  File "C:\Users\White\mpf\Lib\site-packages\mpf\devices\switch.py", line 152, in _initialize
    raise ConfigFileError("Failed to configure switch {} in platform. See error above".format(self.name), 2,
mpf.exceptions.config_file_error.ConfigFileError: Config File Error in switch: Failed to configure switch s_orbit_upper in platform. See error above Error Code: CFE-switch-2 (https://missionpinball.org/logs)
2025-12-23 13:01:01,008 : ERROR : asyncio : Task exception was never retrieved
future: <Task finished name='Task-32' coro=<SystemWideDevice.device_added_system_wide() done, defined at C:\Users\White\mpf\Lib\site-packages\mpf\core\system_wide_device.py:15> exception=ValueError("invalid literal for int() with base 16: 'playfield_board_upper-3208-4'")>
Traceback (most recent call last):
  File "C:\Users\White\mpf\Lib\site-packages\mpf\platforms\fast\fast.py", line 339, in _parse_driver_number
    board_str, driver_str = number.split("-")
    ^^^^^^^^^^^^^^^^^^^^^
ValueError: too many values to unpack (expected 2)

During handling of the above exception, another exception occurred:

Traceback (most recent call last):
  File "C:\Users\White\mpf\Lib\site-packages\mpf\core\system_wide_device.py", line 17, in device_added_system_wide
    await self._initialize()
  File "C:\Users\White\mpf\Lib\site-packages\mpf\devices\driver.py", line 118, in _initialize
    self.hw_driver = self.platform.configure_driver(config, self.config['number'], platform_settings)
                     ^^^^^^^^^^^^^^^^^^^^^^^^^^^^^^^^^^^^^^^^^^^^^^^^^^^^^^^^^^^^^^^^^^^^^^^^^^^^^^^^
  File "C:\Users\White\mpf\Lib\site-packages\mpf\platforms\fast\fast.py", line 394, in configure_driver
    index = self._parse_driver_number(number)
            ^^^^^^^^^^^^^^^^^^^^^^^^^^^^^^^^^
  File "C:\Users\White\mpf\Lib\site-packages\mpf\platforms\fast\fast.py", line 342, in _parse_driver_number
    return int(number, 16)
           ^^^^^^^^^^^^^^^
ValueError: invalid literal for int() with base 16: 'playfield_board_upper-3208-4'
2025-12-23 13:01:01,008 : ERROR : asyncio : Task exception was never retrieved
future: <Task finished name='Task-75' coro=<SystemWideDevice.device_added_system_wide() done, defined at C:\Users\White\mpf\Lib\site-packages\mpf\core\system_wide_device.py:15> exception=ConfigFileError('Failed to configure switch s_orbit_lower in platform. See error above')>
Traceback (most recent call last):
  File "C:\Users\White\mpf\Lib\site-packages\mpf\devices\switch.py", line 149, in _initialize
    self.hw_switch = self.platform.configure_switch(
                     ^^^^^^^^^^^^^^^^^^^^^^^^^^^^^^^
  File "C:\Users\White\mpf\Lib\site-packages\mpf\platforms\fast\fast.py", line 549, in configure_switch
    self.raise_config_error(f"Could not parse switch number {config.name}/{number}. Seems "
  File "C:\Users\White\mpf\Lib\site-packages\mpf\core\logging.py", line 175, in raise_config_error
    raise ConfigFileError(msg, error_no, self.log.name if self.log else "", context, self._url_base) \
mpf.exceptions.config_file_error.ConfigFileError: Config File Error in FAST: Could not parse switch number s_orbit_lower/playfield_board_upper-3208-25. Seems to be not a valid switch number for the FAST platform. Error Code: CFE-https://fastpinball.com/mpf/error-8 (https://missionpinball.org/logs)

The above exception was the direct cause of the following exception:

Traceback (most recent call last):
  File "C:\Users\White\mpf\Lib\site-packages\mpf\core\system_wide_device.py", line 17, in device_added_system_wide
    await self._initialize()
  File "C:\Users\White\mpf\Lib\site-packages\mpf\devices\switch.py", line 152, in _initialize
    raise ConfigFileError("Failed to configure switch {} in platform. See error above".format(self.name), 2,
mpf.exceptions.config_file_error.ConfigFileError: Config File Error in switch: Failed to configure switch s_orbit_lower in platform. See error above Error Code: CFE-switch-2 (https://missionpinball.org/logs)
2025-12-23 13:01:01,010 : ERROR : asyncio : Task exception was never retrieved
future: <Task finished name='Task-41' coro=<SystemWideDevice.device_added_system_wide() done, defined at C:\Users\White\mpf\Lib\site-packages\mpf\core\system_wide_device.py:15> exception=ConfigFileError('Failed to configure switch s_coin_door_service_2 in platform. See error above')>
Traceback (most recent call last):
  File "C:\Users\White\mpf\Lib\site-packages\mpf\devices\switch.py", line 149, in _initialize
    self.hw_switch = self.platform.configure_switch(
                     ^^^^^^^^^^^^^^^^^^^^^^^^^^^^^^^
  File "C:\Users\White\mpf\Lib\site-packages\mpf\platforms\fast\fast.py", line 549, in configure_switch
    self.raise_config_error(f"Could not parse switch number {config.name}/{number}. Seems "
  File "C:\Users\White\mpf\Lib\site-packages\mpf\core\logging.py", line 175, in raise_config_error
    raise ConfigFileError(msg, error_no, self.log.name if self.log else "", context, self._url_base) \
mpf.exceptions.config_file_error.ConfigFileError: Config File Error in FAST: Could not parse switch number s_coin_door_service_2/cabinet_board-0024-6. Seems to be not a valid switch number for the FAST platform. Error Code: CFE-https://fastpinball.com/mpf/error-8 (https://missionpinball.org/logs)

The above exception was the direct cause of the following exception:

Traceback (most recent call last):
  File "C:\Users\White\mpf\Lib\site-packages\mpf\core\system_wide_device.py", line 17, in device_added_system_wide
    await self._initialize()
  File "C:\Users\White\mpf\Lib\site-packages\mpf\devices\switch.py", line 152, in _initialize
    raise ConfigFileError("Failed to configure switch {} in platform. See error above".format(self.name), 2,
mpf.exceptions.config_file_error.ConfigFileError: Config File Error in switch: Failed to configure switch s_coin_door_service_2 in platform. See error above Error Code: CFE-switch-2 (https://missionpinball.org/logs)
2025-12-23 13:01:01,011 : ERROR : asyncio : Task exception was never retrieved
future: <Task finished name='Task-76' coro=<SystemWideDevice.device_added_system_wide() done, defined at C:\Users\White\mpf\Lib\site-packages\mpf\core\system_wide_device.py:15> exception=ConfigFileError('Failed to configure switch s_orbit_right in platform. See error above')>
Traceback (most recent call last):
  File "C:\Users\White\mpf\Lib\site-packages\mpf\devices\switch.py", line 149, in _initialize
    self.hw_switch = self.platform.configure_switch(
                     ^^^^^^^^^^^^^^^^^^^^^^^^^^^^^^^
  File "C:\Users\White\mpf\Lib\site-packages\mpf\platforms\fast\fast.py", line 549, in configure_switch
    self.raise_config_error(f"Could not parse switch number {config.name}/{number}. Seems "
  File "C:\Users\White\mpf\Lib\site-packages\mpf\core\logging.py", line 175, in raise_config_error
    raise ConfigFileError(msg, error_no, self.log.name if self.log else "", context, self._url_base) \
mpf.exceptions.config_file_error.ConfigFileError: Config File Error in FAST: Could not parse switch number s_orbit_right/playfield_board_upper-3208-27. Seems to be not a valid switch number for the FAST platform. Error Code: CFE-https://fastpinball.com/mpf/error-8 (https://missionpinball.org/logs)

The above exception was the direct cause of the following exception:

Traceback (most recent call last):
  File "C:\Users\White\mpf\Lib\site-packages\mpf\core\system_wide_device.py", line 17, in device_added_system_wide
    await self._initialize()
  File "C:\Users\White\mpf\Lib\site-packages\mpf\devices\switch.py", line 152, in _initialize
    raise ConfigFileError("Failed to configure switch {} in platform. See error above".format(self.name), 2,
mpf.exceptions.config_file_error.ConfigFileError: Config File Error in switch: Failed to configure switch s_orbit_right in platform. See error above Error Code: CFE-switch-2 (https://missionpinball.org/logs)
2025-12-23 13:01:01,011 : ERROR : asyncio : Task exception was never retrieved
future: <Task finished name='Task-33' coro=<SystemWideDevice.device_added_system_wide() done, defined at C:\Users\White\mpf\Lib\site-packages\mpf\core\system_wide_device.py:15> exception=ConfigFileError('Driver must have a number.')>
Traceback (most recent call last):
  File "C:\Users\White\mpf\Lib\site-packages\mpf\core\system_wide_device.py", line 17, in device_added_system_wide
    await self._initialize()
  File "C:\Users\White\mpf\Lib\site-packages\mpf\devices\driver.py", line 115, in _initialize
    self.raise_config_error("Driver must have a number.", 1)
  File "C:\Users\White\mpf\Lib\site-packages\mpf\core\logging.py", line 175, in raise_config_error
    raise ConfigFileError(msg, error_no, self.log.name if self.log else "", context, self._url_base) \
mpf.exceptions.config_file_error.ConfigFileError: Config File Error in coil.c_right_ramp_lifter: Driver must have a number. Error Code: CFE-coil-1 (https://missionpinball.org/logs)
2025-12-23 13:01:01,012 : ERROR : asyncio : Task exception was never retrieved
future: <Task finished name='Task-77' coro=<SystemWideDevice.device_added_system_wide() done, defined at C:\Users\White\mpf\Lib\site-packages\mpf\core\system_wide_device.py:15> exception=ConfigFileError('Failed to configure switch s_lane_right in platform. See error above')>
Traceback (most recent call last):
  File "C:\Users\White\mpf\Lib\site-packages\mpf\devices\switch.py", line 149, in _initialize
    self.hw_switch = self.platform.configure_switch(
                     ^^^^^^^^^^^^^^^^^^^^^^^^^^^^^^^
  File "C:\Users\White\mpf\Lib\site-packages\mpf\platforms\fast\fast.py", line 549, in configure_switch
    self.raise_config_error(f"Could not parse switch number {config.name}/{number}. Seems "
  File "C:\Users\White\mpf\Lib\site-packages\mpf\core\logging.py", line 175, in raise_config_error
    raise ConfigFileError(msg, error_no, self.log.name if self.log else "", context, self._url_base) \
mpf.exceptions.config_file_error.ConfigFileError: Config File Error in FAST: Could not parse switch number s_lane_right/playfield_board_lower-3208-18. Seems to be not a valid switch number for the FAST platform. Error Code: CFE-https://fastpinball.com/mpf/error-8 (https://missionpinball.org/logs)

The above exception was the direct cause of the following exception:

Traceback (most recent call last):
  File "C:\Users\White\mpf\Lib\site-packages\mpf\core\system_wide_device.py", line 17, in device_added_system_wide
    await self._initialize()
  File "C:\Users\White\mpf\Lib\site-packages\mpf\devices\switch.py", line 152, in _initialize
    raise ConfigFileError("Failed to configure switch {} in platform. See error above".format(self.name), 2,
mpf.exceptions.config_file_error.ConfigFileError: Config File Error in switch: Failed to configure switch s_lane_right in platform. See error above Error Code: CFE-switch-2 (https://missionpinball.org/logs)
2025-12-23 13:01:01,012 : ERROR : asyncio : Task exception was never retrieved
future: <Task finished name='Task-34' coro=<SystemWideDevice.device_added_system_wide() done, defined at C:\Users\White\mpf\Lib\site-packages\mpf\core\system_wide_device.py:15> exception=ConfigFileError('Driver must have a number.')>
Traceback (most recent call last):
  File "C:\Users\White\mpf\Lib\site-packages\mpf\core\system_wide_device.py", line 17, in device_added_system_wide
    await self._initialize()
  File "C:\Users\White\mpf\Lib\site-packages\mpf\devices\driver.py", line 115, in _initialize
    self.raise_config_error("Driver must have a number.", 1)
  File "C:\Users\White\mpf\Lib\site-packages\mpf\core\logging.py", line 175, in raise_config_error
    raise ConfigFileError(msg, error_no, self.log.name if self.log else "", context, self._url_base) \
mpf.exceptions.config_file_error.ConfigFileError: Config File Error in coil.c_top_ramp_lifter: Driver must have a number. Error Code: CFE-coil-1 (https://missionpinball.org/logs)
2025-12-23 13:01:01,013 : ERROR : asyncio : Task exception was never retrieved
future: <Task finished name='Task-78' coro=<SystemWideDevice.device_added_system_wide() done, defined at C:\Users\White\mpf\Lib\site-packages\mpf\core\system_wide_device.py:15> exception=ConfigFileError('Failed to configure switch s_i_iceman_target in platform. See error above')>
Traceback (most recent call last):
  File "C:\Users\White\mpf\Lib\site-packages\mpf\devices\switch.py", line 149, in _initialize
    self.hw_switch = self.platform.configure_switch(
                     ^^^^^^^^^^^^^^^^^^^^^^^^^^^^^^^
  File "C:\Users\White\mpf\Lib\site-packages\mpf\platforms\fast\fast.py", line 549, in configure_switch
    self.raise_config_error(f"Could not parse switch number {config.name}/{number}. Seems "
  File "C:\Users\White\mpf\Lib\site-packages\mpf\core\logging.py", line 175, in raise_config_error
    raise ConfigFileError(msg, error_no, self.log.name if self.log else "", context, self._url_base) \
mpf.exceptions.config_file_error.ConfigFileError: Config File Error in FAST: Could not parse switch number s_i_iceman_target/playfield_board_lower-3208-25. Seems to be not a valid switch number for the FAST platform. Error Code: CFE-https://fastpinball.com/mpf/error-8 (https://missionpinball.org/logs)

The above exception was the direct cause of the following exception:

Traceback (most recent call last):
  File "C:\Users\White\mpf\Lib\site-packages\mpf\core\system_wide_device.py", line 17, in device_added_system_wide
    await self._initialize()
  File "C:\Users\White\mpf\Lib\site-packages\mpf\devices\switch.py", line 152, in _initialize
    raise ConfigFileError("Failed to configure switch {} in platform. See error above".format(self.name), 2,
mpf.exceptions.config_file_error.ConfigFileError: Config File Error in switch: Failed to configure switch s_i_iceman_target in platform. See error above Error Code: CFE-switch-2 (https://missionpinball.org/logs)
2025-12-23 13:01:01,014 : ERROR : asyncio : Task exception was never retrieved
future: <Task finished name='Task-35' coro=<SystemWideDevice.device_added_system_wide() done, defined at C:\Users\White\mpf\Lib\site-packages\mpf\core\system_wide_device.py:15> exception=ValueError("invalid literal for int() with base 16: 'playfield_board_lock_mechs-0804-1'")>
Traceback (most recent call last):
  File "C:\Users\White\mpf\Lib\site-packages\mpf\platforms\fast\fast.py", line 339, in _parse_driver_number
    board_str, driver_str = number.split("-")
    ^^^^^^^^^^^^^^^^^^^^^
ValueError: too many values to unpack (expected 2)

During handling of the above exception, another exception occurred:

Traceback (most recent call last):
  File "C:\Users\White\mpf\Lib\site-packages\mpf\core\system_wide_device.py", line 17, in device_added_system_wide
    await self._initialize()
  File "C:\Users\White\mpf\Lib\site-packages\mpf\devices\driver.py", line 118, in _initialize
    self.hw_driver = self.platform.configure_driver(config, self.config['number'], platform_settings)
                     ^^^^^^^^^^^^^^^^^^^^^^^^^^^^^^^^^^^^^^^^^^^^^^^^^^^^^^^^^^^^^^^^^^^^^^^^^^^^^^^^
  File "C:\Users\White\mpf\Lib\site-packages\mpf\platforms\fast\fast.py", line 394, in configure_driver
    index = self._parse_driver_number(number)
            ^^^^^^^^^^^^^^^^^^^^^^^^^^^^^^^^^
  File "C:\Users\White\mpf\Lib\site-packages\mpf\platforms\fast\fast.py", line 342, in _parse_driver_number
    return int(number, 16)
           ^^^^^^^^^^^^^^^
ValueError: invalid literal for int() with base 16: 'playfield_board_lock_mechs-0804-1'
2025-12-23 13:01:01,014 : ERROR : asyncio : Task exception was never retrieved
future: <Task finished name='Task-79' coro=<SystemWideDevice.device_added_system_wide() done, defined at C:\Users\White\mpf\Lib\site-packages\mpf\core\system_wide_device.py:15> exception=ConfigFileError('Failed to configure switch s_c_iceman_target in platform. See error above')>
Traceback (most recent call last):
  File "C:\Users\White\mpf\Lib\site-packages\mpf\devices\switch.py", line 149, in _initialize
    self.hw_switch = self.platform.configure_switch(
                     ^^^^^^^^^^^^^^^^^^^^^^^^^^^^^^^
  File "C:\Users\White\mpf\Lib\site-packages\mpf\platforms\fast\fast.py", line 549, in configure_switch
    self.raise_config_error(f"Could not parse switch number {config.name}/{number}. Seems "
  File "C:\Users\White\mpf\Lib\site-packages\mpf\core\logging.py", line 175, in raise_config_error
    raise ConfigFileError(msg, error_no, self.log.name if self.log else "", context, self._url_base) \
mpf.exceptions.config_file_error.ConfigFileError: Config File Error in FAST: Could not parse switch number s_c_iceman_target/playfield_board_lower-3208-26. Seems to be not a valid switch number for the FAST platform. Error Code: CFE-https://fastpinball.com/mpf/error-8 (https://missionpinball.org/logs)

The above exception was the direct cause of the following exception:

Traceback (most recent call last):
  File "C:\Users\White\mpf\Lib\site-packages\mpf\core\system_wide_device.py", line 17, in device_added_system_wide
    await self._initialize()
  File "C:\Users\White\mpf\Lib\site-packages\mpf\devices\switch.py", line 152, in _initialize
    raise ConfigFileError("Failed to configure switch {} in platform. See error above".format(self.name), 2,
mpf.exceptions.config_file_error.ConfigFileError: Config File Error in switch: Failed to configure switch s_c_iceman_target in platform. See error above Error Code: CFE-switch-2 (https://missionpinball.org/logs)
2025-12-23 13:01:01,015 : ERROR : asyncio : Task exception was never retrieved
future: <Task finished name='Task-36' coro=<SystemWideDevice.device_added_system_wide() done, defined at C:\Users\White\mpf\Lib\site-packages\mpf\core\system_wide_device.py:15> exception=ValueError("invalid literal for int() with base 16: 'playfield_board_lock_mechs-0804-0'")>
Traceback (most recent call last):
  File "C:\Users\White\mpf\Lib\site-packages\mpf\platforms\fast\fast.py", line 339, in _parse_driver_number
    board_str, driver_str = number.split("-")
    ^^^^^^^^^^^^^^^^^^^^^
ValueError: too many values to unpack (expected 2)

During handling of the above exception, another exception occurred:

Traceback (most recent call last):
  File "C:\Users\White\mpf\Lib\site-packages\mpf\core\system_wide_device.py", line 17, in device_added_system_wide
    await self._initialize()
  File "C:\Users\White\mpf\Lib\site-packages\mpf\devices\driver.py", line 118, in _initialize
    self.hw_driver = self.platform.configure_driver(config, self.config['number'], platform_settings)
                     ^^^^^^^^^^^^^^^^^^^^^^^^^^^^^^^^^^^^^^^^^^^^^^^^^^^^^^^^^^^^^^^^^^^^^^^^^^^^^^^^
  File "C:\Users\White\mpf\Lib\site-packages\mpf\platforms\fast\fast.py", line 394, in configure_driver
    index = self._parse_driver_number(number)
            ^^^^^^^^^^^^^^^^^^^^^^^^^^^^^^^^^
  File "C:\Users\White\mpf\Lib\site-packages\mpf\platforms\fast\fast.py", line 342, in _parse_driver_number
    return int(number, 16)
           ^^^^^^^^^^^^^^^
ValueError: invalid literal for int() with base 16: 'playfield_board_lock_mechs-0804-0'
2025-12-23 13:01:01,015 : ERROR : asyncio : Task exception was never retrieved
future: <Task finished name='Task-80' coro=<SystemWideDevice.device_added_system_wide() done, defined at C:\Users\White\mpf\Lib\site-packages\mpf\core\system_wide_device.py:15> exception=ConfigFileError('Failed to configure switch s_e_iceman_target in platform. See error above')>
Traceback (most recent call last):
  File "C:\Users\White\mpf\Lib\site-packages\mpf\devices\switch.py", line 149, in _initialize
    self.hw_switch = self.platform.configure_switch(
                     ^^^^^^^^^^^^^^^^^^^^^^^^^^^^^^^
  File "C:\Users\White\mpf\Lib\site-packages\mpf\platforms\fast\fast.py", line 549, in configure_switch
    self.raise_config_error(f"Could not parse switch number {config.name}/{number}. Seems "
  File "C:\Users\White\mpf\Lib\site-packages\mpf\core\logging.py", line 175, in raise_config_error
    raise ConfigFileError(msg, error_no, self.log.name if self.log else "", context, self._url_base) \
mpf.exceptions.config_file_error.ConfigFileError: Config File Error in FAST: Could not parse switch number s_e_iceman_target/playfield_board_lower-3208-27. Seems to be not a valid switch number for the FAST platform. Error Code: CFE-https://fastpinball.com/mpf/error-8 (https://missionpinball.org/logs)

The above exception was the direct cause of the following exception:

Traceback (most recent call last):
  File "C:\Users\White\mpf\Lib\site-packages\mpf\core\system_wide_device.py", line 17, in device_added_system_wide
    await self._initialize()
  File "C:\Users\White\mpf\Lib\site-packages\mpf\devices\switch.py", line 152, in _initialize
    raise ConfigFileError("Failed to configure switch {} in platform. See error above".format(self.name), 2,
mpf.exceptions.config_file_error.ConfigFileError: Config File Error in switch: Failed to configure switch s_e_iceman_target in platform. See error above Error Code: CFE-switch-2 (https://missionpinball.org/logs)
2025-12-23 13:01:01,016 : ERROR : asyncio : Task exception was never retrieved
future: <Task finished name='Task-37' coro=<SystemWideDevice.device_added_system_wide() done, defined at C:\Users\White\mpf\Lib\site-packages\mpf\core\system_wide_device.py:15> exception=ConfigFileError('Failed to configure switch s_start in platform. See error above')>
Traceback (most recent call last):
  File "C:\Users\White\mpf\Lib\site-packages\mpf\devices\switch.py", line 149, in _initialize
    self.hw_switch = self.platform.configure_switch(
                     ^^^^^^^^^^^^^^^^^^^^^^^^^^^^^^^
  File "C:\Users\White\mpf\Lib\site-packages\mpf\platforms\fast\fast.py", line 549, in configure_switch
    self.raise_config_error(f"Could not parse switch number {config.name}/{number}. Seems "
  File "C:\Users\White\mpf\Lib\site-packages\mpf\core\logging.py", line 175, in raise_config_error
    raise ConfigFileError(msg, error_no, self.log.name if self.log else "", context, self._url_base) \
mpf.exceptions.config_file_error.ConfigFileError: Config File Error in FAST: Could not parse switch number s_start/cabinet_board-0024-8. Seems to be not a valid switch number for the FAST platform. Error Code: CFE-https://fastpinball.com/mpf/error-8 (https://missionpinball.org/logs)

The above exception was the direct cause of the following exception:

Traceback (most recent call last):
  File "C:\Users\White\mpf\Lib\site-packages\mpf\core\system_wide_device.py", line 17, in device_added_system_wide
    await self._initialize()
  File "C:\Users\White\mpf\Lib\site-packages\mpf\devices\switch.py", line 152, in _initialize
    raise ConfigFileError("Failed to configure switch {} in platform. See error above".format(self.name), 2,
mpf.exceptions.config_file_error.ConfigFileError: Config File Error in switch: Failed to configure switch s_start in platform. See error above Error Code: CFE-switch-2 (https://missionpinball.org/logs)
2025-12-23 13:01:01,017 : ERROR : asyncio : Task exception was never retrieved
future: <Task finished name='Task-81' coro=<SystemWideDevice.device_added_system_wide() done, defined at C:\Users\White\mpf\Lib\site-packages\mpf\core\system_wide_device.py:15> exception=ConfigFileError('Failed to configure switch s_m_iceman_target in platform. See error above')>
Traceback (most recent call last):
  File "C:\Users\White\mpf\Lib\site-packages\mpf\devices\switch.py", line 149, in _initialize
    self.hw_switch = self.platform.configure_switch(
                     ^^^^^^^^^^^^^^^^^^^^^^^^^^^^^^^
  File "C:\Users\White\mpf\Lib\site-packages\mpf\platforms\fast\fast.py", line 549, in configure_switch
    self.raise_config_error(f"Could not parse switch number {config.name}/{number}. Seems "
  File "C:\Users\White\mpf\Lib\site-packages\mpf\core\logging.py", line 175, in raise_config_error
    raise ConfigFileError(msg, error_no, self.log.name if self.log else "", context, self._url_base) \
mpf.exceptions.config_file_error.ConfigFileError: Config File Error in FAST: Could not parse switch number s_m_iceman_target/playfield_board_lower-3208-28. Seems to be not a valid switch number for the FAST platform. Error Code: CFE-https://fastpinball.com/mpf/error-8 (https://missionpinball.org/logs)

The above exception was the direct cause of the following exception:

Traceback (most recent call last):
  File "C:\Users\White\mpf\Lib\site-packages\mpf\core\system_wide_device.py", line 17, in device_added_system_wide
    await self._initialize()
  File "C:\Users\White\mpf\Lib\site-packages\mpf\devices\switch.py", line 152, in _initialize
    raise ConfigFileError("Failed to configure switch {} in platform. See error above".format(self.name), 2,
mpf.exceptions.config_file_error.ConfigFileError: Config File Error in switch: Failed to configure switch s_m_iceman_target in platform. See error above Error Code: CFE-switch-2 (https://missionpinball.org/logs)
2025-12-23 13:01:01,018 : ERROR : asyncio : Task exception was never retrieved
future: <Task finished name='Task-38' coro=<SystemWideDevice.device_added_system_wide() done, defined at C:\Users\White\mpf\Lib\site-packages\mpf\core\system_wide_device.py:15> exception=ConfigFileError('Failed to configure switch s_tilt in platform. See error above')>
Traceback (most recent call last):
  File "C:\Users\White\mpf\Lib\site-packages\mpf\devices\switch.py", line 149, in _initialize
    self.hw_switch = self.platform.configure_switch(
                     ^^^^^^^^^^^^^^^^^^^^^^^^^^^^^^^
  File "C:\Users\White\mpf\Lib\site-packages\mpf\platforms\fast\fast.py", line 549, in configure_switch
    self.raise_config_error(f"Could not parse switch number {config.name}/{number}. Seems "
  File "C:\Users\White\mpf\Lib\site-packages\mpf\core\logging.py", line 175, in raise_config_error
    raise ConfigFileError(msg, error_no, self.log.name if self.log else "", context, self._url_base) \
mpf.exceptions.config_file_error.ConfigFileError: Config File Error in FAST: Could not parse switch number s_tilt/cabinet_board-0024-13. Seems to be not a valid switch number for the FAST platform. Error Code: CFE-https://fastpinball.com/mpf/error-8 (https://missionpinball.org/logs)

The above exception was the direct cause of the following exception:

Traceback (most recent call last):
  File "C:\Users\White\mpf\Lib\site-packages\mpf\core\system_wide_device.py", line 17, in device_added_system_wide
    await self._initialize()
  File "C:\Users\White\mpf\Lib\site-packages\mpf\devices\switch.py", line 152, in _initialize
    raise ConfigFileError("Failed to configure switch {} in platform. See error above".format(self.name), 2,
mpf.exceptions.config_file_error.ConfigFileError: Config File Error in switch: Failed to configure switch s_tilt in platform. See error above Error Code: CFE-switch-2 (https://missionpinball.org/logs)
2025-12-23 13:01:01,020 : ERROR : asyncio : Task exception was never retrieved
future: <Task finished name='Task-82' coro=<SystemWideDevice.device_added_system_wide() done, defined at C:\Users\White\mpf\Lib\site-packages\mpf\core\system_wide_device.py:15> exception=ConfigFileError('Failed to configure switch s_a_iceman_target in platform. See error above')>
Traceback (most recent call last):
  File "C:\Users\White\mpf\Lib\site-packages\mpf\devices\switch.py", line 149, in _initialize
    self.hw_switch = self.platform.configure_switch(
                     ^^^^^^^^^^^^^^^^^^^^^^^^^^^^^^^
  File "C:\Users\White\mpf\Lib\site-packages\mpf\platforms\fast\fast.py", line 549, in configure_switch
    self.raise_config_error(f"Could not parse switch number {config.name}/{number}. Seems "
  File "C:\Users\White\mpf\Lib\site-packages\mpf\core\logging.py", line 175, in raise_config_error
    raise ConfigFileError(msg, error_no, self.log.name if self.log else "", context, self._url_base) \
mpf.exceptions.config_file_error.ConfigFileError: Config File Error in FAST: Could not parse switch number s_a_iceman_target/playfield_board_lower-3208-29. Seems to be not a valid switch number for the FAST platform. Error Code: CFE-https://fastpinball.com/mpf/error-8 (https://missionpinball.org/logs)

The above exception was the direct cause of the following exception:

Traceback (most recent call last):
  File "C:\Users\White\mpf\Lib\site-packages\mpf\core\system_wide_device.py", line 17, in device_added_system_wide
    await self._initialize()
  File "C:\Users\White\mpf\Lib\site-packages\mpf\devices\switch.py", line 152, in _initialize
    raise ConfigFileError("Failed to configure switch {} in platform. See error above".format(self.name), 2,
mpf.exceptions.config_file_error.ConfigFileError: Config File Error in switch: Failed to configure switch s_a_iceman_target in platform. See error above Error Code: CFE-switch-2 (https://missionpinball.org/logs)
2025-12-23 13:01:01,020 : ERROR : asyncio : Task exception was never retrieved
future: <Task finished name='Task-39' coro=<SystemWideDevice.device_added_system_wide() done, defined at C:\Users\White\mpf\Lib\site-packages\mpf\core\system_wide_device.py:15> exception=ConfigFileError('Failed to configure switch s_coin_door in platform. See error above')>
Traceback (most recent call last):
  File "C:\Users\White\mpf\Lib\site-packages\mpf\devices\switch.py", line 149, in _initialize
    self.hw_switch = self.platform.configure_switch(
                     ^^^^^^^^^^^^^^^^^^^^^^^^^^^^^^^
  File "C:\Users\White\mpf\Lib\site-packages\mpf\platforms\fast\fast.py", line 549, in configure_switch
    self.raise_config_error(f"Could not parse switch number {config.name}/{number}. Seems "
  File "C:\Users\White\mpf\Lib\site-packages\mpf\core\logging.py", line 175, in raise_config_error
    raise ConfigFileError(msg, error_no, self.log.name if self.log else "", context, self._url_base) \
mpf.exceptions.config_file_error.ConfigFileError: Config File Error in FAST: Could not parse switch number s_coin_door/cabinet_board-0024-0. Seems to be not a valid switch number for the FAST platform. Error Code: CFE-https://fastpinball.com/mpf/error-8 (https://missionpinball.org/logs)

The above exception was the direct cause of the following exception:

Traceback (most recent call last):
  File "C:\Users\White\mpf\Lib\site-packages\mpf\core\system_wide_device.py", line 17, in device_added_system_wide
    await self._initialize()
  File "C:\Users\White\mpf\Lib\site-packages\mpf\devices\switch.py", line 152, in _initialize
    raise ConfigFileError("Failed to configure switch {} in platform. See error above".format(self.name), 2,
mpf.exceptions.config_file_error.ConfigFileError: Config File Error in switch: Failed to configure switch s_coin_door in platform. See error above Error Code: CFE-switch-2 (https://missionpinball.org/logs)
2025-12-23 13:01:01,021 : ERROR : asyncio : Task exception was never retrieved
future: <Task finished name='Task-83' coro=<SystemWideDevice.device_added_system_wide() done, defined at C:\Users\White\mpf\Lib\site-packages\mpf\core\system_wide_device.py:15> exception=ConfigFileError('Failed to configure switch s_n_iceman_target in platform. See error above')>
Traceback (most recent call last):
  File "C:\Users\White\mpf\Lib\site-packages\mpf\devices\switch.py", line 149, in _initialize
    self.hw_switch = self.platform.configure_switch(
                     ^^^^^^^^^^^^^^^^^^^^^^^^^^^^^^^
  File "C:\Users\White\mpf\Lib\site-packages\mpf\platforms\fast\fast.py", line 549, in configure_switch
    self.raise_config_error(f"Could not parse switch number {config.name}/{number}. Seems "
  File "C:\Users\White\mpf\Lib\site-packages\mpf\core\logging.py", line 175, in raise_config_error
    raise ConfigFileError(msg, error_no, self.log.name if self.log else "", context, self._url_base) \
mpf.exceptions.config_file_error.ConfigFileError: Config File Error in FAST: Could not parse switch number s_n_iceman_target/playfield_board_lower-3208-30. Seems to be not a valid switch number for the FAST platform. Error Code: CFE-https://fastpinball.com/mpf/error-8 (https://missionpinball.org/logs)

The above exception was the direct cause of the following exception:

Traceback (most recent call last):
  File "C:\Users\White\mpf\Lib\site-packages\mpf\core\system_wide_device.py", line 17, in device_added_system_wide
    await self._initialize()
  File "C:\Users\White\mpf\Lib\site-packages\mpf\devices\switch.py", line 152, in _initialize
    raise ConfigFileError("Failed to configure switch {} in platform. See error above".format(self.name), 2,
mpf.exceptions.config_file_error.ConfigFileError: Config File Error in switch: Failed to configure switch s_n_iceman_target in platform. See error above Error Code: CFE-switch-2 (https://missionpinball.org/logs)
2025-12-23 13:01:01,023 : INFO : Machine : Starting the main run loop with active modes: []
2025-12-23 13:01:01,023 : WARNING : Machine : Attract mode is not active, game will not be playable. Please check your attract mode configuration.
2025-12-23 13:01:01,023 : INFO : Machine : Shutting down...
2025-12-23 13:01:01,023 : INFO : EventManager : Event: ======'shutdown'====== Args={}
2025-12-23 13:02:31,782 : ERROR : root : Received second SIGINT. Will exit ungracefully!
NoneType: None
