2026-01-31 18:11:39,253 : INFO : root : Loading config.
2026-01-31 18:11:39,257 : INFO : YamlMultifileConfigLoader : Machine config file #1: config.yaml
2026-01-31 18:11:39,257 : INFO : ConfigProcessor : Loading config from cache: C:\Users\White\AppData\Local\Temp\4d2409115979d2066280cf8a522910f3.mpf_cache
2026-01-31 18:11:39,367 : INFO : ConfigProcessor : Loading config from cache: C:\Users\White\AppData\Local\Temp\e29f700f4dd412c341ced84fe54a834e.mpf_cache
2026-01-31 18:11:39,368 : INFO : ConfigProcessor : Loading config from cache: C:\Users\White\AppData\Local\Temp\91cc4d1c993c58dc354e34974b9cfeac.mpf_cache
2026-01-31 18:11:39,369 : INFO : ConfigProcessor : Loading config from cache: C:\Users\White\AppData\Local\Temp\153a6f35d2fbc89e8611fc222f5041e6.mpf_cache
2026-01-31 18:11:39,370 : INFO : ConfigProcessor : Loading config from cache: C:\Users\White\AppData\Local\Temp\e29f700f4dd412c341ced84fe54a834e.mpf_cache
2026-01-31 18:11:39,371 : INFO : ConfigProcessor : Loading config from cache: C:\Users\White\AppData\Local\Temp\b0feace6a9c6b6c25c02c30a577d1194.mpf_cache
2026-01-31 18:11:39,371 : INFO : ConfigProcessor : Loading config from cache: C:\Users\White\AppData\Local\Temp\3424101e418333c494b4f7abb38a6bbc.mpf_cache
2026-01-31 18:11:39,372 : INFO : ConfigProcessor : Loading config from cache: C:\Users\White\AppData\Local\Temp\2baac919e756d495657c096c87a61da2.mpf_cache
2026-01-31 18:11:39,374 : INFO : ConfigProcessor : Loading config from cache: C:\Users\White\AppData\Local\Temp\515c33aaf7882d3e576ea3c42b7bfe2a.mpf_cache
2026-01-31 18:11:39,374 : INFO : ConfigProcessor : Loading config from cache: C:\Users\White\AppData\Local\Temp\928267ba5ce09cfb7bef110abe29482e.mpf_cache
2026-01-31 18:11:39,375 : INFO : ConfigProcessor : Loading config from cache: C:\Users\White\AppData\Local\Temp\b2096f7ffb8bb2d604dd11c84ba2f3a4.mpf_cache
2026-01-31 18:11:39,377 : INFO : ConfigProcessor : Loading config from cache: C:\Users\White\AppData\Local\Temp\9af45f2a5994aa1f06ef8a0f8575dea6.mpf_cache
2026-01-31 18:11:39,377 : INFO : ConfigProcessor : Loading config from cache: C:\Users\White\AppData\Local\Temp\143f2aa6ea6c447c37835b1fcf1e2392.mpf_cache
2026-01-31 18:11:39,378 : INFO : ConfigProcessor : Loading config from cache: C:\Users\White\AppData\Local\Temp\32a647433343f2a8dbd97369798bc91c.mpf_cache
2026-01-31 18:11:39,379 : INFO : ConfigProcessor : Loading config from cache: C:\Users\White\AppData\Local\Temp\fcd858616785c392a2718eef83d6bdec.mpf_cache
2026-01-31 18:11:39,380 : INFO : ConfigProcessor : Loading config from cache: C:\Users\White\AppData\Local\Temp\bc528c0552a0292e8ecb958c9df9be52.mpf_cache
2026-01-31 18:11:39,381 : INFO : ConfigProcessor : Loading config from cache: C:\Users\White\AppData\Local\Temp\079d5d4f78adbdc9511df3472695879d.mpf_cache
2026-01-31 18:11:39,382 : INFO : ConfigProcessor : Loading config from cache: C:\Users\White\AppData\Local\Temp\3d7624af3136b167d055570c605d2391.mpf_cache
2026-01-31 18:11:39,383 : INFO : ConfigProcessor : Loading config from cache: C:\Users\White\AppData\Local\Temp\0c1d82e4af016e29f8e2c2fa53690faa.mpf_cache
2026-01-31 18:11:39,384 : INFO : ConfigProcessor : Loading config from cache: C:\Users\White\AppData\Local\Temp\cbf9c95ed33e797787d40a3c26fb1f29.mpf_cache
2026-01-31 18:11:39,385 : INFO : ConfigProcessor : Loading config from cache: C:\Users\White\AppData\Local\Temp\f667062b799e579e56923b75f6b4a8d1.mpf_cache
2026-01-31 18:11:39,386 : INFO : ConfigProcessor : Loading config from cache: C:\Users\White\AppData\Local\Temp\0f477732e86fa3539be0c16808cbc3a4.mpf_cache
2026-01-31 18:11:39,387 : INFO : ConfigProcessor : Loading config from cache: C:\Users\White\AppData\Local\Temp\5252be9889d0ea92e9251ccb139bb96e.mpf_cache
2026-01-31 18:11:39,391 : INFO : ConfigProcessor : Loading config from cache: C:\Users\White\AppData\Local\Temp\bbd12103fd66360c81da95fa3b5d5cac.mpf_cache
2026-01-31 18:11:39,394 : INFO : ConfigProcessor : Loading config from cache: C:\Users\White\AppData\Local\Temp\aecbb0084a39aaddc8e1af6d86d05e57.mpf_cache
2026-01-31 18:11:39,396 : INFO : ConfigProcessor : Loading config from cache: C:\Users\White\AppData\Local\Temp\a64c515fc9f6d1ba4d043d8acedc61d8.mpf_cache
2026-01-31 18:11:39,397 : INFO : ConfigProcessor : Loading config from cache: C:\Users\White\AppData\Local\Temp\157e473ad106aaf7621d4ff67f908349.mpf_cache
2026-01-31 18:11:39,401 : INFO : ConfigProcessor : Loading config from cache: C:\Users\White\AppData\Local\Temp\b42daedb456e388e83b54e0791e694a7.mpf_cache
2026-01-31 18:11:39,402 : INFO : ConfigProcessor : Loading config from cache: C:\Users\White\AppData\Local\Temp\faf1d2b55b8b754be547ffd9950d5977.mpf_cache
2026-01-31 18:11:39,404 : INFO : ConfigProcessor : Loading config from cache: C:\Users\White\AppData\Local\Temp\881befc175503515b6a677d4b92fd8f6.mpf_cache
2026-01-31 18:11:39,409 : INFO : ConfigProcessor : Loading config from cache: C:\Users\White\AppData\Local\Temp\e02fdb456b236b981c3cd16c62d08cdd.mpf_cache
2026-01-31 18:11:39,411 : INFO : ConfigProcessor : Loading config from cache: C:\Users\White\AppData\Local\Temp\60f49b772835308c8a63a813f3984bd2.mpf_cache
2026-01-31 18:11:39,412 : INFO : ConfigProcessor : Loading config from cache: C:\Users\White\AppData\Local\Temp\0e98660f19719b770b8239430cac74fb.mpf_cache
2026-01-31 18:11:39,417 : INFO : ConfigProcessor : Loading config from cache: C:\Users\White\AppData\Local\Temp\8a44ec6a355104fe4f352ae860828fca.mpf_cache
2026-01-31 18:11:39,422 : INFO : ConfigProcessor : Loading config from cache: C:\Users\White\AppData\Local\Temp\e127380ed46074e7362a5c11ccb8bd7d.mpf_cache
2026-01-31 18:11:39,426 : INFO : ConfigProcessor : Loading config from cache: C:\Users\White\AppData\Local\Temp\84efda312183aa90a522c2d9b1d3944e.mpf_cache
2026-01-31 18:11:39,427 : INFO : ConfigProcessor : Loading config from cache: C:\Users\White\AppData\Local\Temp\b44eabe64ef7d1af51d3871ffce6e8a0.mpf_cache
2026-01-31 18:11:39,429 : INFO : ConfigProcessor : Loading config from cache: C:\Users\White\AppData\Local\Temp\c53f4b0025ffe033d8b4913dcf5d894f.mpf_cache
2026-01-31 18:11:39,430 : INFO : ConfigProcessor : Loading config from cache: C:\Users\White\AppData\Local\Temp\719eff969232a6c7d6446861d2e6d928.mpf_cache
2026-01-31 18:11:39,431 : INFO : ConfigProcessor : Loading config from cache: C:\Users\White\AppData\Local\Temp\859a13897bab67859dc37e71c8deb7f3.mpf_cache
2026-01-31 18:11:39,431 : INFO : ConfigProcessor : Loading config from cache: C:\Users\White\AppData\Local\Temp\1df928f99f2fd0a162eaba4dfecade40.mpf_cache
2026-01-31 18:11:39,432 : INFO : ConfigProcessor : Loading config from cache: C:\Users\White\AppData\Local\Temp\79c411a388f93dc9361da8ba68c71f8b.mpf_cache
2026-01-31 18:11:39,433 : INFO : ConfigProcessor : Loading config from cache: C:\Users\White\AppData\Local\Temp\a2e6743439269288443fc316af74c4e3.mpf_cache
2026-01-31 18:11:39,435 : INFO : ConfigProcessor : Loading config from cache: C:\Users\White\AppData\Local\Temp\b622cba93c19b3c0cb3dd1331f1947f7.mpf_cache
2026-01-31 18:11:39,435 : INFO : ConfigProcessor : Loading config from cache: C:\Users\White\AppData\Local\Temp\806e2c11867b05313045539710e5cf3e.mpf_cache
2026-01-31 18:11:39,437 : INFO : ConfigProcessor : Loading config from cache: C:\Users\White\AppData\Local\Temp\d4cc51f9996852dab0efd4baeb323b9c.mpf_cache
2026-01-31 18:11:39,438 : INFO : Machine : Mission Pinball Framework Core Engine v0.80.0.dev11
2026-01-31 18:11:39,438 : INFO : Machine : Command line arguments: {'no_load_cache': False, 'create_config_cache': True, 'bcp': True, 'configfile': ['config.yaml'], 'force_assets_load': False, 'platform_integration_test': False, 'jsonlogging': False, 'logfile': 'logs\\2026-01-31-18-11-39-mpf-TopGunPinball.log', 'pause': False, 'production': False, 'text_ui': False, 'loglevel': 15, 'consoleloglevel': 20, 'force_platform': None, 'syslog_address': None, 'full_logfile_path': 'C:\\Users\\White\\documents\\Top_Gun_Pinball\\logs\\2026-01-31-18-11-39-mpf-TopGunPinball.log'}
2026-01-31 18:11:39,438 : INFO : Machine : MPF path: C:\Users\White\mpf\Lib\site-packages\mpf
2026-01-31 18:11:39,438 : INFO : Machine : Machine path: C:\Users\White\documents\Top_Gun_Pinball
2026-01-31 18:11:39,438 : INFO : Machine : Platform: win32
2026-01-31 18:11:39,438 : INFO : Machine : Python executable location: C:\Users\White\mpf\Scripts\python.exe
2026-01-31 18:11:39,438 : INFO : Machine : Python version: 3.12.7 (64-bit)
2026-01-31 18:11:39,440 : INFO : Machine : Initializing MPF...
2026-01-31 18:11:39,557 : INFO : FAST : Auto-detecting ports for the following connections: ['net', 'exp', 'aud']
2026-01-31 18:11:39,680 : ERROR : FAST [NET] : Failed to connect to any of the specified ports.
2026-01-31 18:11:39,681 : INFO : Machine : Shutting down...
2026-01-31 18:11:39,681 : INFO : EventManager : Event: ======'shutdown'====== Args={}
2026-01-31 18:11:39,787 : ERROR : Machine : Failed to initialize MPF
Traceback (most recent call last):
  File "C:\Users\White\mpf\Lib\site-packages\mpf\platforms\fast\fast.py", line 285, in _connect_to_hardware
    await communicator.connect()
  File "C:\Users\White\mpf\Lib\site-packages\mpf\platforms\fast\communicators\base.py", line 114, in connect
    raise SerialException(f"{self} could not connect to a serial port. Is it open in CoolTerm? ;)")
serial.serialutil.SerialException: [FAST NET] could not connect to a serial port. Is it open in CoolTerm? ;)

The above exception was the direct cause of the following exception:

Traceback (most recent call last):
  File "C:\Users\White\mpf\Lib\site-packages\mpf\core\machine.py", line 688, in initialize_mpf
    raise init.exception()
  File "C:\Users\White\mpf\Lib\site-packages\mpf\core\machine.py", line 250, in initialize
    await self.initialize_core_and_hardware()
  File "C:\Users\White\mpf\Lib\site-packages\mpf\core\machine.py", line 246, in initialize_core_and_hardware
    await self._initialize_platforms()
  File "C:\Users\White\mpf\Lib\site-packages\mpf\core\machine.py", line 336, in _initialize_platforms
    result.result()
  File "C:\Users\White\mpf\Lib\site-packages\mpf\platforms\fast\fast.py", line 126, in initialize
    await self._connect_to_hardware()
  File "C:\Users\White\mpf\Lib\site-packages\mpf\platforms\fast\fast.py", line 292, in _connect_to_hardware
    raise MpfRuntimeError(f"Could not open serial port {port}. Is something else connected to the port? "
mpf.exceptions.runtime_error.MpfRuntimeError: Runtime Error in FAST: Could not open serial port net. Is something else connected to the port? Did the port number or your computer change? Do you have permissions to access the port? Error Code: RE-FAST-1 (https://missionpinball.org/logs)
2026-01-31 18:11:39,790 : INFO : root : MPF run loop ended.
