2026-02-09 22:01:57,479 : INFO : root : Loading config.
2026-02-09 22:01:57,483 : INFO : YamlMultifileConfigLoader : Machine config file #1: config.yaml
2026-02-09 22:01:57,484 : INFO : ConfigProcessor : Loading config from cache: C:\Users\White\AppData\Local\Temp\39c4b34018bdb564eab7cf26b7f669ee.mpf_cache
2026-02-09 22:01:57,612 : INFO : ConfigProcessor : Loading config from cache: C:\Users\White\AppData\Local\Temp\dcfa5ee5b10d64a3b94fd534c1aa451d.mpf_cache
2026-02-09 22:01:57,613 : INFO : ConfigProcessor : Loading config from cache: C:\Users\White\AppData\Local\Temp\91cc4d1c993c58dc354e34974b9cfeac.mpf_cache
2026-02-09 22:01:57,615 : INFO : ConfigProcessor : Loading config from cache: C:\Users\White\AppData\Local\Temp\35b01af7767e50eba76da865e2d7f95a.mpf_cache
2026-02-09 22:01:57,616 : INFO : ConfigProcessor : Loading config from cache: C:\Users\White\AppData\Local\Temp\954a0964095d05f049666b24b311e3e0.mpf_cache
2026-02-09 22:01:57,616 : INFO : ConfigProcessor : Loading config from cache: C:\Users\White\AppData\Local\Temp\dcfa5ee5b10d64a3b94fd534c1aa451d.mpf_cache
2026-02-09 22:01:57,617 : INFO : ConfigProcessor : Loading config from cache: C:\Users\White\AppData\Local\Temp\a9244cf73bd1b995c8229a78fecf001a.mpf_cache
2026-02-09 22:01:57,617 : INFO : ConfigProcessor : Loading config from cache: C:\Users\White\AppData\Local\Temp\981e6839caefcab32cd6f1225f0b1dcf.mpf_cache
2026-02-09 22:01:57,618 : WARNING : ConfigProcessor : Config file in cache changed: C:\Users\White\documents\top_gun_pinball\modes\battle_jester\config\battle_jester.yaml
2026-02-09 22:01:57,618 : INFO : ConfigProcessor : Loading config from file C:\Users\White\documents\top_gun_pinball\modes\battle_jester\config\battle_jester.yaml.
2026-02-09 22:01:57,685 : INFO : ConfigProcessor : Loading config: C:\Users\White\documents\top_gun_pinball\modes\battle_jester\config\battle_jester.yaml
2026-02-09 22:01:57,690 : INFO : ConfigProcessor : Config file cache created: C:\Users\White\AppData\Local\Temp\78ac3c6ac2705ccef0aca6223f38636a.mpf_cache
2026-02-09 22:01:57,690 : INFO : ConfigProcessor : Loading config from cache: C:\Users\White\AppData\Local\Temp\a859aaec01fc9eda8e384946277a1be9.mpf_cache
2026-02-09 22:01:57,692 : INFO : ConfigProcessor : Loading config from cache: C:\Users\White\AppData\Local\Temp\3a2f2089f214eeb3c016e23cf6937b46.mpf_cache
2026-02-09 22:01:57,693 : INFO : ConfigProcessor : Loading config from cache: C:\Users\White\AppData\Local\Temp\d70718505753edc7bfae94d93c7e0d17.mpf_cache
2026-02-09 22:01:57,694 : INFO : ConfigProcessor : Loading config from cache: C:\Users\White\AppData\Local\Temp\824f161cac9e4c9f1443132020691281.mpf_cache
2026-02-09 22:01:57,695 : INFO : ConfigProcessor : Loading config from cache: C:\Users\White\AppData\Local\Temp\ba6e93360aa60032a4b7b34f9cffdce0.mpf_cache
2026-02-09 22:01:57,695 : INFO : ConfigProcessor : Loading config from cache: C:\Users\White\AppData\Local\Temp\a18f6718f5a170b21c37bd725ebae781.mpf_cache
2026-02-09 22:01:57,696 : INFO : ConfigProcessor : Loading config from cache: C:\Users\White\AppData\Local\Temp\8709151c8d2d3863b5fceda4c115c736.mpf_cache
2026-02-09 22:01:57,697 : INFO : ConfigProcessor : Loading config from cache: C:\Users\White\AppData\Local\Temp\769cd60133e5c0b9a985e6e3690a3631.mpf_cache
2026-02-09 22:01:57,698 : INFO : ConfigProcessor : Loading config from cache: C:\Users\White\AppData\Local\Temp\2b752b47ed38224cd6b4953549e961ec.mpf_cache
2026-02-09 22:01:57,700 : WARNING : ConfigProcessor : Config file in cache changed: C:\Users\White\documents\top_gun_pinball\modes\pilot_training_mission_missiles\config\pilot_training_mission_missiles.yaml
2026-02-09 22:01:57,700 : INFO : ConfigProcessor : Loading config from file C:\Users\White\documents\top_gun_pinball\modes\pilot_training_mission_missiles\config\pilot_training_mission_missiles.yaml.
2026-02-09 22:01:57,765 : INFO : ConfigProcessor : Loading config: C:\Users\White\documents\top_gun_pinball\modes\pilot_training_mission_missiles\config\pilot_training_mission_missiles.yaml
2026-02-09 22:01:57,768 : INFO : ConfigProcessor : Config file cache created: C:\Users\White\AppData\Local\Temp\bc5a83a7db04a21de896bef4617be537.mpf_cache
2026-02-09 22:01:57,769 : WARNING : ConfigProcessor : Config file in cache changed: C:\Users\White\documents\top_gun_pinball\modes\rescue_cougar\config\rescue_cougar.yaml
2026-02-09 22:01:57,769 : INFO : ConfigProcessor : Loading config from file C:\Users\White\documents\top_gun_pinball\modes\rescue_cougar\config\rescue_cougar.yaml.
2026-02-09 22:01:57,812 : INFO : ConfigProcessor : Loading config: C:\Users\White\documents\top_gun_pinball\modes\rescue_cougar\config\rescue_cougar.yaml
2026-02-09 22:01:57,815 : INFO : ConfigProcessor : Config file cache created: C:\Users\White\AppData\Local\Temp\9ea7462f1dcba752602eb310d0ad4a44.mpf_cache
2026-02-09 22:01:57,816 : INFO : ConfigProcessor : Loading config from cache: C:\Users\White\AppData\Local\Temp\96651e0be7a1992a8a7abf26a9350bb6.mpf_cache
2026-02-09 22:01:57,816 : INFO : ConfigProcessor : Loading config from cache: C:\Users\White\AppData\Local\Temp\e16268268679c5881d2554ba916948dd.mpf_cache
2026-02-09 22:01:57,819 : INFO : ConfigProcessor : Loading config from cache: C:\Users\White\AppData\Local\Temp\81f3f7be5108efd0b69d2cf71a558028.mpf_cache
2026-02-09 22:01:57,820 : INFO : ConfigProcessor : Loading config from cache: C:\Users\White\AppData\Local\Temp\fd6f0b40037ebf84651c592cbc8bc03a.mpf_cache
2026-02-09 22:01:57,820 : INFO : ConfigProcessor : Loading config from cache: C:\Users\White\AppData\Local\Temp\e1cebbcae09bac7286b592746f768daa.mpf_cache
2026-02-09 22:01:57,822 : INFO : ConfigProcessor : Loading config from cache: C:\Users\White\AppData\Local\Temp\55d5943d63961b44af3f854c02c721ad.mpf_cache
2026-02-09 22:01:57,823 : INFO : ConfigProcessor : Loading config from cache: C:\Users\White\AppData\Local\Temp\8f22b463b668cef8fc8e91f8271e08dd.mpf_cache
2026-02-09 22:01:57,826 : INFO : ConfigProcessor : Loading config from cache: C:\Users\White\AppData\Local\Temp\9ac10604873d355c34af0d8445abb8db.mpf_cache
2026-02-09 22:01:57,828 : INFO : ConfigProcessor : Loading config from cache: C:\Users\White\AppData\Local\Temp\77e3efdaa7991fde2ded950a578d622d.mpf_cache
2026-02-09 22:01:57,831 : INFO : ConfigProcessor : Loading config from cache: C:\Users\White\AppData\Local\Temp\19da4e94fc5ce3c5f810a9c7463c1354.mpf_cache
2026-02-09 22:01:57,832 : INFO : ConfigProcessor : Loading config from cache: C:\Users\White\AppData\Local\Temp\4443efc54f3a5f57a313f4078fbddd50.mpf_cache
2026-02-09 22:01:57,836 : INFO : ConfigProcessor : Loading config from cache: C:\Users\White\AppData\Local\Temp\88f72734ea72fc22245e5b82d5a75cb6.mpf_cache
2026-02-09 22:01:57,836 : INFO : ConfigProcessor : Loading config from cache: C:\Users\White\AppData\Local\Temp\2b3f78690e4e473b8e5df94cdc0ab039.mpf_cache
2026-02-09 22:01:57,838 : INFO : ConfigProcessor : Loading config from cache: C:\Users\White\AppData\Local\Temp\fa987fd2c3266ab64543e0b64578d739.mpf_cache
2026-02-09 22:01:57,842 : INFO : ConfigProcessor : Loading config from cache: C:\Users\White\AppData\Local\Temp\f26c5a15de77ef0685e209821eddbe7d.mpf_cache
2026-02-09 22:01:57,844 : INFO : ConfigProcessor : Loading config from cache: C:\Users\White\AppData\Local\Temp\c2c1510818de090aac140fad4cc773a2.mpf_cache
2026-02-09 22:01:57,845 : INFO : ConfigProcessor : Loading config from cache: C:\Users\White\AppData\Local\Temp\98d3d7eb23a2f141af3b9c324af06e38.mpf_cache
2026-02-09 22:01:57,850 : INFO : ConfigProcessor : Loading config from cache: C:\Users\White\AppData\Local\Temp\9a3b340b295c94e005fb29d2d35803d1.mpf_cache
2026-02-09 22:01:57,857 : INFO : ConfigProcessor : Loading config from cache: C:\Users\White\AppData\Local\Temp\6a788fdfb83194d81af99a12c59a319a.mpf_cache
2026-02-09 22:01:57,860 : INFO : ConfigProcessor : Loading config from cache: C:\Users\White\AppData\Local\Temp\2fe82acdc56ea652ff3066fd375b17fa.mpf_cache
2026-02-09 22:01:57,862 : INFO : ConfigProcessor : Loading config from cache: C:\Users\White\AppData\Local\Temp\d567fbe46807f36791c9019d207c2440.mpf_cache
2026-02-09 22:01:57,864 : INFO : ConfigProcessor : Loading config from cache: C:\Users\White\AppData\Local\Temp\4e3068d09bb0285319ebd926b91ae940.mpf_cache
2026-02-09 22:01:57,865 : INFO : ConfigProcessor : Loading config from cache: C:\Users\White\AppData\Local\Temp\669bfab06c6aa3a1674b0f4b50ae7a3c.mpf_cache
2026-02-09 22:01:57,866 : INFO : ConfigProcessor : Loading config from cache: C:\Users\White\AppData\Local\Temp\a6fe037899bc77554e846472e6476319.mpf_cache
2026-02-09 22:01:57,868 : INFO : ConfigProcessor : Loading config from cache: C:\Users\White\AppData\Local\Temp\cd20ab9d6bcfc3d94797e381db389ad9.mpf_cache
2026-02-09 22:01:57,869 : INFO : ConfigProcessor : Loading config from cache: C:\Users\White\AppData\Local\Temp\d763b47a22b017336bfbe57a6af89149.mpf_cache
2026-02-09 22:01:57,870 : INFO : ConfigProcessor : Loading config from cache: C:\Users\White\AppData\Local\Temp\386baade319655b6aedfa45ddbf562f0.mpf_cache
2026-02-09 22:01:57,870 : INFO : ConfigProcessor : Loading config from cache: C:\Users\White\AppData\Local\Temp\0ba5adb65e1d75578edd80699100c28e.mpf_cache
2026-02-09 22:01:57,872 : INFO : ConfigProcessor : Loading config from cache: C:\Users\White\AppData\Local\Temp\b5471f08be9278463d25e3c2f06df8dd.mpf_cache
2026-02-09 22:01:57,873 : INFO : ConfigProcessor : Loading config from cache: C:\Users\White\AppData\Local\Temp\0420af4d870b9d4dca0c113858eeb892.mpf_cache
2026-02-09 22:01:57,874 : INFO : ConfigProcessor : Loading config from cache: C:\Users\White\AppData\Local\Temp\29db96f2862a8d571fce5d97e7bfa998.mpf_cache
2026-02-09 22:01:57,875 : INFO : ConfigProcessor : Loading config from cache: C:\Users\White\AppData\Local\Temp\c4e65309e05241fe1ada1112ae55c9ef.mpf_cache
2026-02-09 22:01:57,876 : INFO : Machine : Mission Pinball Framework Core Engine v0.80.0.dev11
2026-02-09 22:01:57,876 : INFO : Machine : Command line arguments: {'no_load_cache': False, 'create_config_cache': True, 'bcp': True, 'configfile': ['config.yaml'], 'force_assets_load': False, 'platform_integration_test': False, 'jsonlogging': False, 'logfile': 'logs\\2026-02-09-22-01-57-mpf-TopGunPinball.log', 'pause': False, 'production': False, 'text_ui': False, 'loglevel': 15, 'consoleloglevel': 20, 'force_platform': None, 'syslog_address': None, 'full_logfile_path': 'C:\\Users\\White\\documents\\top_gun_pinball\\logs\\2026-02-09-22-01-57-mpf-TopGunPinball.log'}
2026-02-09 22:01:57,876 : INFO : Machine : MPF path: C:\Users\White\mpf\Lib\site-packages\mpf
2026-02-09 22:01:57,876 : INFO : Machine : Machine path: C:\Users\White\documents\top_gun_pinball
2026-02-09 22:01:57,876 : INFO : Machine : Platform: win32
2026-02-09 22:01:57,876 : INFO : Machine : Python executable location: C:\Users\White\mpf\Scripts\python.exe
2026-02-09 22:01:57,876 : INFO : Machine : Python version: 3.12.7 (64-bit)
2026-02-09 22:01:57,878 : INFO : Machine : Initializing MPF...
2026-02-09 22:01:57,999 : INFO : FAST : Auto-detecting ports for the following connections: ['net', 'exp', 'aud']
2026-02-09 22:01:58,552 : INFO : FAST : Detected NET on port COM3
2026-02-09 22:01:58,554 : INFO : FAST : Detected EXP on port COM4
2026-02-09 22:02:03,429 : INFO : FAST [NET] : Trying to connect to COM3 at 921600bps
2026-02-09 22:02:03,507 : INFO : FAST [NET] : Connected to COM3 at 921600bps
2026-02-09 22:02:03,521 : INFO : FAST [NET] : Connected to FP-CPU-2000 with firmware v02.26
2026-02-09 22:02:03,551 : INFO : FAST [NET] : Registered I/O Board 0: Model: FP-I/O-0024, Firmware: 01.10, Switches: 24, Drivers: 8
2026-02-09 22:02:03,566 : INFO : FAST [NET] : Registered I/O Board 1: Model: FP-I/O-3208, Firmware: 01.10, Switches: 32, Drivers: 8
2026-02-09 22:02:03,582 : INFO : FAST [NET] : Registered I/O Board 2: Model: FP-I/O-3208, Firmware: 01.10, Switches: 32, Drivers: 8
2026-02-09 22:02:03,597 : INFO : FAST [NET] : Registered I/O Board 3: Model: FP-I/O-0804, Firmware: 01.10, Switches: 8, Drivers: 4
2026-02-09 22:02:03,613 : INFO : FAST [NET] : Registered I/O Board 4: Model: FP-I/O-0804, Firmware: 01.10, Switches: 8, Drivers: 4
2026-02-09 22:02:03,616 : INFO : FAST [EXP] : Trying to connect to COM4 at 921600bps
2026-02-09 22:02:03,693 : INFO : FAST [EXP] : Connected to COM4 at 921600bps
2026-02-09 22:02:03,706 : INFO : FAST [EXP] : Verifying hardware for EXP "neuron" (FP-EXP-2000, @48) with ID string "EXP FP-EXP-2000  0.38", board address 48
2026-02-09 22:02:03,722 : INFO : FAST [EXP] : Verifying hardware for EXP "neuron" (FP-EXP-2000, @48) with ID string "LED FP-BRK-0001  0.8", board address 480
2026-02-09 22:02:03,754 : INFO : FAST [EXP] : Verifying hardware for EXP "light_expansion_board" (FP-EXP-0071, @B4) with ID string "EXP FP-EXP-0071  0.38", board address B4
2026-02-09 22:02:03,769 : INFO : FAST [EXP] : Verifying hardware for EXP "light_expansion_board" (FP-EXP-0071, @B4) with ID string "BRK FP-EXP-0071  0.38", board address B40
2026-02-09 22:02:03,786 : ERROR : FAST [AUD] : Failed to connect to any of the specified ports.
2026-02-09 22:02:03,787 : INFO : Machine : Shutting down...
2026-02-09 22:02:03,787 : INFO : EventManager : Event: ======'shutdown'====== Args={}
2026-02-09 22:02:03,898 : ERROR : Machine : Failed to initialize MPF
Traceback (most recent call last):
  File "C:\Users\White\mpf\Lib\site-packages\mpf\platforms\fast\fast.py", line 285, in _connect_to_hardware
    await communicator.connect()
  File "C:\Users\White\mpf\Lib\site-packages\mpf\platforms\fast\communicators\base.py", line 114, in connect
    raise SerialException(f"{self} could not connect to a serial port. Is it open in CoolTerm? ;)")
serial.serialutil.SerialException: [FAST AUD] could not connect to a serial port. Is it open in CoolTerm? ;)

The above exception was the direct cause of the following exception:

Traceback (most recent call last):
  File "C:\Users\White\mpf\Lib\site-packages\mpf\core\machine.py", line 688, in initialize_mpf
    raise init.exception()
  File "C:\Users\White\mpf\Lib\site-packages\mpf\core\machine.py", line 250, in initialize
    await self.initialize_core_and_hardware()
  File "C:\Users\White\mpf\Lib\site-packages\mpf\core\machine.py", line 246, in initialize_core_and_hardware
    await self._initialize_platforms()
  File "C:\Users\White\mpf\Lib\site-packages\mpf\core\machine.py", line 336, in _initialize_platforms
    result.result()
  File "C:\Users\White\mpf\Lib\site-packages\mpf\platforms\fast\fast.py", line 126, in initialize
    await self._connect_to_hardware()
  File "C:\Users\White\mpf\Lib\site-packages\mpf\platforms\fast\fast.py", line 292, in _connect_to_hardware
    raise MpfRuntimeError(f"Could not open serial port {port}. Is something else connected to the port? "
mpf.exceptions.runtime_error.MpfRuntimeError: Runtime Error in FAST: Could not open serial port aud. Is something else connected to the port? Did the port number or your computer change? Do you have permissions to access the port? Error Code: RE-FAST-1 (https://missionpinball.org/logs)
2026-02-09 22:02:03,901 : INFO : root : MPF run loop ended.
