2026-01-28 16:58:34,734 : INFO : root : Loading config.
2026-01-28 16:58:34,739 : INFO : YamlMultifileConfigLoader : Machine config file #1: config.yaml
2026-01-28 16:58:34,740 : WARNING : ConfigProcessor : Config file in cache changed: C:\Users\White\documents\Top_Gun_Pinball\config\config.yaml
2026-01-28 16:58:34,741 : INFO : ConfigProcessor : Loading config from file C:\Users\White\mpf\Lib\site-packages\mpf\mpfconfig.yaml.
2026-01-28 16:58:34,757 : INFO : ConfigProcessor : Loading config: C:\Users\White\mpf\Lib\site-packages\mpf\mpfconfig.yaml
2026-01-28 16:58:34,758 : INFO : ConfigProcessor : Loading config from file C:\Users\White\documents\Top_Gun_Pinball\config\config.yaml.
2026-01-28 16:58:34,776 : INFO : ConfigProcessor : Loading config: C:\Users\White\documents\Top_Gun_Pinball\config\config.yaml
2026-01-28 16:58:34,777 : INFO : ConfigProcessor : Config file cache created: C:\Users\White\AppData\Local\Temp\4d2409115979d2066280cf8a522910f3.mpf_cache
2026-01-28 16:58:34,911 : INFO : ConfigProcessor : Loading config from cache: C:\Users\White\AppData\Local\Temp\e29f700f4dd412c341ced84fe54a834e.mpf_cache
2026-01-28 16:58:34,911 : INFO : ConfigProcessor : Loading config from cache: C:\Users\White\AppData\Local\Temp\91cc4d1c993c58dc354e34974b9cfeac.mpf_cache
2026-01-28 16:58:34,912 : INFO : ConfigProcessor : Loading config from cache: C:\Users\White\AppData\Local\Temp\5252be9889d0ea92e9251ccb139bb96e.mpf_cache
2026-01-28 16:58:34,915 : INFO : ConfigProcessor : Loading config from cache: C:\Users\White\AppData\Local\Temp\bbd12103fd66360c81da95fa3b5d5cac.mpf_cache
2026-01-28 16:58:34,917 : INFO : ConfigProcessor : Loading config from cache: C:\Users\White\AppData\Local\Temp\aecbb0084a39aaddc8e1af6d86d05e57.mpf_cache
2026-01-28 16:58:34,920 : INFO : ConfigProcessor : Loading config from cache: C:\Users\White\AppData\Local\Temp\a64c515fc9f6d1ba4d043d8acedc61d8.mpf_cache
2026-01-28 16:58:34,922 : INFO : ConfigProcessor : Loading config from cache: C:\Users\White\AppData\Local\Temp\157e473ad106aaf7621d4ff67f908349.mpf_cache
2026-01-28 16:58:34,925 : INFO : ConfigProcessor : Loading config from cache: C:\Users\White\AppData\Local\Temp\b42daedb456e388e83b54e0791e694a7.mpf_cache
2026-01-28 16:58:34,926 : INFO : ConfigProcessor : Loading config from cache: C:\Users\White\AppData\Local\Temp\faf1d2b55b8b754be547ffd9950d5977.mpf_cache
2026-01-28 16:58:34,927 : INFO : ConfigProcessor : Loading config from cache: C:\Users\White\AppData\Local\Temp\881befc175503515b6a677d4b92fd8f6.mpf_cache
2026-01-28 16:58:34,931 : INFO : ConfigProcessor : Loading config from cache: C:\Users\White\AppData\Local\Temp\e02fdb456b236b981c3cd16c62d08cdd.mpf_cache
2026-01-28 16:58:34,933 : INFO : ConfigProcessor : Loading config from cache: C:\Users\White\AppData\Local\Temp\60f49b772835308c8a63a813f3984bd2.mpf_cache
2026-01-28 16:58:34,936 : INFO : ConfigProcessor : Loading config from cache: C:\Users\White\AppData\Local\Temp\b44eabe64ef7d1af51d3871ffce6e8a0.mpf_cache
2026-01-28 16:58:34,937 : INFO : Machine : Mission Pinball Framework Core Engine v0.80.0.dev11
2026-01-28 16:58:34,937 : INFO : Machine : Command line arguments: {'no_load_cache': False, 'create_config_cache': True, 'bcp': True, 'configfile': ['config.yaml'], 'force_assets_load': False, 'platform_integration_test': False, 'jsonlogging': False, 'logfile': 'logs\\2026-01-28-16-58-34-mpf-TopGunPinball.log', 'pause': False, 'production': False, 'text_ui': False, 'loglevel': 15, 'consoleloglevel': 20, 'force_platform': None, 'syslog_address': None, 'full_logfile_path': 'C:\\Users\\White\\documents\\Top_Gun_Pinball\\logs\\2026-01-28-16-58-34-mpf-TopGunPinball.log'}
2026-01-28 16:58:34,937 : INFO : Machine : MPF path: C:\Users\White\mpf\Lib\site-packages\mpf
2026-01-28 16:58:34,937 : INFO : Machine : Machine path: C:\Users\White\documents\Top_Gun_Pinball
2026-01-28 16:58:34,937 : INFO : Machine : Platform: win32
2026-01-28 16:58:34,937 : INFO : Machine : Python executable location: C:\Users\White\mpf\Scripts\python.exe
2026-01-28 16:58:34,937 : INFO : Machine : Python version: 3.12.7 (64-bit)
2026-01-28 16:58:34,940 : INFO : Machine : Initializing MPF...
2026-01-28 16:58:35,064 : INFO : EventManager : Event: ======'machine_var_credits_string'====== Args={'value': 'FREE PLAY', 'prev_value': None, 'change': True}
2026-01-28 16:58:35,111 : INFO : EventManager : Event: ======'machine_var_audit_balls_played'====== Args={'value': 0, 'prev_value': None, 'change': True}
2026-01-28 16:58:35,111 : INFO : EventManager : Event: ======'machine_var_audit_games_played'====== Args={'value': 0, 'prev_value': None, 'change': True}
2026-01-28 16:58:35,111 : INFO : EventManager : Event: ======'machine_var_audit_high_score'====== Args={'value': 0, 'prev_value': None, 'change': True}
2026-01-28 16:58:35,111 : INFO : EventManager : Event: ======'machine_var_audit_total_game_time'====== Args={'value': 0, 'prev_value': None, 'change': True}
2026-01-28 16:58:35,111 : INFO : EventManager : Event: ======'machine_var_audit_total_plays'====== Args={'value': 0, 'prev_value': None, 'change': True}
2026-01-28 16:58:35,111 : INFO : EventManager : Event: ======'machine_var_fast_audio_headphones_volume'====== Args={'value': 50, 'prev_value': None, 'change': True}
2026-01-28 16:58:35,111 : INFO : EventManager : Event: ======'machine_var_fast_audio_main_volume'====== Args={'value': 30, 'prev_value': None, 'change': True}
2026-01-28 16:58:35,111 : INFO : EventManager : Event: ======'machine_var_master_volume'====== Args={'value': 0.5, 'prev_value': None, 'change': True}
2026-01-28 16:58:35,112 : INFO : EventManager : Event: ======'machine_var_player1_score'====== Args={'value': 488100, 'prev_value': None, 'change': True}
2026-01-28 16:58:35,112 : INFO : EventManager : Event: ======'machine_var_mpf_version'====== Args={'value': 'Mission Pinball Framework v0.80.0.dev11', 'prev_value': None, 'change': True}
2026-01-28 16:58:35,112 : INFO : EventManager : Event: ======'machine_var_mpf_extended_version'====== Args={'value': 'Mission Pinball Framework v0.80.0.dev11, Config version:6, Show version: 6, BCP version:1.1', 'prev_value': None, 'change': True}
2026-01-28 16:58:35,112 : INFO : EventManager : Event: ======'machine_var_python_version'====== Args={'value': '3.12.7', 'prev_value': None, 'change': True}
2026-01-28 16:58:35,289 : INFO : EventManager : Event: ======'machine_var_platform'====== Args={'value': 'Windows-11-10.0.26100-SP0', 'prev_value': None, 'change': True}
2026-01-28 16:58:35,289 : INFO : EventManager : Event: ======'machine_var_platform_system'====== Args={'value': 'Windows', 'prev_value': None, 'change': True}
2026-01-28 16:58:35,289 : INFO : EventManager : Event: ======'machine_var_platform_release'====== Args={'value': '11', 'prev_value': None, 'change': True}
2026-01-28 16:58:35,289 : INFO : EventManager : Event: ======'machine_var_platform_version'====== Args={'value': '10.0.26100', 'prev_value': None, 'change': True}
2026-01-28 16:58:35,289 : INFO : EventManager : Event: ======'machine_var_platform_machine'====== Args={'value': 'AMD64', 'prev_value': None, 'change': True}
2026-01-28 16:58:35,290 : INFO : EventManager : Event: ======'machine_var_log_file_path'====== Args={'value': 'C:\\Users\\White\\documents\\Top_Gun_Pinball\\logs\\2026-01-28-16-58-34-mpf-TopGunPinball.log', 'prev_value': None, 'change': True}
2026-01-28 16:58:35,290 : INFO : EventManager : Event: ======'init_phase_1'====== Args={}
2026-01-28 16:58:35,306 : INFO : EventManager : Event: ======'init_phase_2'====== Args={}
2026-01-28 16:58:35,309 : INFO : EventManager : Event: ======'bcp_connection_attempt'====== Args={'name': 'local_display', 'host': 'localhost', 'port': 5050}
2026-01-28 16:58:35,310 : INFO : BCPClientSocket : Connecting BCP to 'local_display' at localhost:5050...
2026-01-28 16:58:35,319 : INFO : BCPClientSocket : Connected BCP to 'local_display' localhost:5050
2026-01-28 16:58:35,320 : INFO : EventManager : Event: ======'bcp_clients_connected'====== Args={}
2026-01-28 16:58:35,347 : INFO : EventManager : Event: ======'init_phase_3'====== Args={}
2026-01-28 16:58:36,609 : INFO : EventManager : Event: ======'init_phase_4'====== Args={}
2026-01-28 16:58:36,610 : INFO : EventManager : Event: ======'machine_var_audits_events_game_ended'====== Args={'value': 20, 'prev_value': None, 'change': True}
2026-01-28 16:58:36,610 : INFO : EventManager : Event: ======'machine_var_audits_events_game_started'====== Args={'value': 832, 'prev_value': None, 'change': True}
2026-01-28 16:58:36,610 : INFO : EventManager : Event: ======'machine_var_audits_missing_switches_s_48v_disable'====== Args={'value': 11, 'prev_value': None, 'change': True}
2026-01-28 16:58:36,610 : INFO : EventManager : Event: ======'machine_var_audits_missing_switches_s_a_iceman_target'====== Args={'value': 7, 'prev_value': None, 'change': True}
2026-01-28 16:58:36,610 : INFO : EventManager : Event: ======'machine_var_audits_missing_switches_s_barrier_target'====== Args={'value': 8, 'prev_value': None, 'change': True}
2026-01-28 16:58:36,610 : INFO : EventManager : Event: ======'machine_var_audits_missing_switches_s_bumper_center'====== Args={'value': 7, 'prev_value': None, 'change': True}
2026-01-28 16:58:36,610 : INFO : EventManager : Event: ======'machine_var_audits_missing_switches_s_bumper_left'====== Args={'value': 13, 'prev_value': None, 'change': True}
2026-01-28 16:58:36,610 : INFO : EventManager : Event: ======'machine_var_audits_missing_switches_s_bumper_right'====== Args={'value': 4, 'prev_value': None, 'change': True}
2026-01-28 16:58:36,610 : INFO : EventManager : Event: ======'machine_var_audits_missing_switches_s_c_iceman_target'====== Args={'value': 8, 'prev_value': None, 'change': True}
2026-01-28 16:58:36,610 : INFO : EventManager : Event: ======'machine_var_audits_missing_switches_s_c_lock_target'====== Args={'value': 7, 'prev_value': None, 'change': True}
2026-01-28 16:58:36,610 : INFO : EventManager : Event: ======'machine_var_audits_missing_switches_s_coin_door'====== Args={'value': 3, 'prev_value': None, 'change': True}
2026-01-28 16:58:36,610 : INFO : EventManager : Event: ======'machine_var_audits_missing_switches_s_coin_door_credit_left'====== Args={'value': 626, 'prev_value': None, 'change': True}
2026-01-28 16:58:36,610 : INFO : EventManager : Event: ======'machine_var_audits_missing_switches_s_coin_door_credit_right'====== Args={'value': 18, 'prev_value': None, 'change': True}
2026-01-28 16:58:36,610 : INFO : EventManager : Event: ======'machine_var_audits_missing_switches_s_coin_door_service_1'====== Args={'value': 10, 'prev_value': None, 'change': True}
2026-01-28 16:58:36,610 : INFO : EventManager : Event: ======'machine_var_audits_missing_switches_s_coin_door_service_2'====== Args={'value': 10, 'prev_value': None, 'change': True}
2026-01-28 16:58:36,610 : INFO : EventManager : Event: ======'machine_var_audits_missing_switches_s_coin_door_service_3'====== Args={'value': 10, 'prev_value': None, 'change': True}
2026-01-28 16:58:36,610 : INFO : EventManager : Event: ======'machine_var_audits_missing_switches_s_coin_door_service_4'====== Args={'value': 10, 'prev_value': None, 'change': True}
2026-01-28 16:58:36,610 : INFO : EventManager : Event: ======'machine_var_audits_missing_switches_s_e_iceman_target'====== Args={'value': 7, 'prev_value': None, 'change': True}
2026-01-28 16:58:36,611 : INFO : EventManager : Event: ======'machine_var_audits_missing_switches_s_flipper_left'====== Args={'value': 2, 'prev_value': None, 'change': True}
2026-01-28 16:58:36,611 : INFO : EventManager : Event: ======'machine_var_audits_missing_switches_s_flipper_left_eos'====== Args={'value': 2, 'prev_value': None, 'change': True}
2026-01-28 16:58:36,611 : INFO : EventManager : Event: ======'machine_var_audits_missing_switches_s_flipper_left_upper'====== Args={'value': 2, 'prev_value': None, 'change': True}
2026-01-28 16:58:36,611 : INFO : EventManager : Event: ======'machine_var_audits_missing_switches_s_flipper_left_upper_eos'====== Args={'value': 2, 'prev_value': None, 'change': True}
2026-01-28 16:58:36,611 : INFO : EventManager : Event: ======'machine_var_audits_missing_switches_s_flipper_right'====== Args={'value': 2, 'prev_value': None, 'change': True}
2026-01-28 16:58:36,611 : INFO : EventManager : Event: ======'machine_var_audits_missing_switches_s_flipper_right_eos'====== Args={'value': 2, 'prev_value': None, 'change': True}
2026-01-28 16:58:36,611 : INFO : EventManager : Event: ======'machine_var_audits_missing_switches_s_i_iceman_target'====== Args={'value': 7, 'prev_value': None, 'change': True}
2026-01-28 16:58:36,611 : INFO : EventManager : Event: ======'machine_var_audits_missing_switches_s_inlane_left'====== Args={'value': 9, 'prev_value': None, 'change': True}
2026-01-28 16:58:36,611 : INFO : EventManager : Event: ======'machine_var_audits_missing_switches_s_inner_inlane_right'====== Args={'value': 7, 'prev_value': None, 'change': True}
2026-01-28 16:58:36,611 : INFO : EventManager : Event: ======'machine_var_audits_missing_switches_s_k_lock_target'====== Args={'value': 7, 'prev_value': None, 'change': True}
2026-01-28 16:58:36,611 : INFO : EventManager : Event: ======'machine_var_audits_missing_switches_s_l_lock_target'====== Args={'value': 7, 'prev_value': None, 'change': True}
2026-01-28 16:58:36,611 : INFO : EventManager : Event: ======'machine_var_audits_missing_switches_s_lock_goose'====== Args={'value': 781, 'prev_value': None, 'change': True}
2026-01-28 16:58:36,611 : INFO : EventManager : Event: ======'machine_var_audits_missing_switches_s_lock_mav'====== Args={'value': 781, 'prev_value': None, 'change': True}
2026-01-28 16:58:36,611 : INFO : EventManager : Event: ======'machine_var_audits_missing_switches_s_lock_plunger'====== Args={'value': 615, 'prev_value': None, 'change': True}
2026-01-28 16:58:36,611 : INFO : EventManager : Event: ======'machine_var_audits_missing_switches_s_m_iceman_target'====== Args={'value': 7, 'prev_value': None, 'change': True}
2026-01-28 16:58:36,611 : INFO : EventManager : Event: ======'machine_var_audits_missing_switches_s_mig_lane_left'====== Args={'value': 1, 'prev_value': None, 'change': True}
2026-01-28 16:58:36,611 : INFO : EventManager : Event: ======'machine_var_audits_missing_switches_s_mig_lane_right'====== Args={'value': 7, 'prev_value': None, 'change': True}
2026-01-28 16:58:36,611 : INFO : EventManager : Event: ======'machine_var_audits_missing_switches_s_n_iceman_target'====== Args={'value': 7, 'prev_value': None, 'change': True}
2026-01-28 16:58:36,612 : INFO : EventManager : Event: ======'machine_var_audits_missing_switches_s_o_lock_target'====== Args={'value': 3, 'prev_value': None, 'change': True}
2026-01-28 16:58:36,612 : INFO : EventManager : Event: ======'machine_var_audits_missing_switches_s_orbit_lower'====== Args={'value': 4, 'prev_value': None, 'change': True}
2026-01-28 16:58:36,612 : INFO : EventManager : Event: ======'machine_var_audits_missing_switches_s_orbit_upper'====== Args={'value': 7, 'prev_value': None, 'change': True}
2026-01-28 16:58:36,612 : INFO : EventManager : Event: ======'machine_var_audits_missing_switches_s_outer_inlane_right'====== Args={'value': 7, 'prev_value': None, 'change': True}
2026-01-28 16:58:36,612 : INFO : EventManager : Event: ======'machine_var_audits_missing_switches_s_outlane_left'====== Args={'value': 7, 'prev_value': None, 'change': True}
2026-01-28 16:58:36,612 : INFO : EventManager : Event: ======'machine_var_audits_missing_switches_s_outlane_right'====== Args={'value': 3, 'prev_value': None, 'change': True}
2026-01-28 16:58:36,612 : INFO : EventManager : Event: ======'machine_var_audits_missing_switches_s_plunger_lane'====== Args={'value': 10, 'prev_value': None, 'change': True}
2026-01-28 16:58:36,612 : INFO : EventManager : Event: ======'machine_var_audits_missing_switches_s_ramp_inner_exit'====== Args={'value': 7, 'prev_value': None, 'change': True}
2026-01-28 16:58:36,612 : INFO : EventManager : Event: ======'machine_var_audits_missing_switches_s_ramp_right_exit'====== Args={'value': 1, 'prev_value': None, 'change': True}
2026-01-28 16:58:36,612 : INFO : EventManager : Event: ======'machine_var_audits_missing_switches_s_ramp_tower_exit'====== Args={'value': 7, 'prev_value': None, 'change': True}
2026-01-28 16:58:36,612 : INFO : EventManager : Event: ======'machine_var_audits_missing_switches_s_shooter_lane'====== Args={'value': 1, 'prev_value': None, 'change': True}
2026-01-28 16:58:36,612 : INFO : EventManager : Event: ======'machine_var_audits_missing_switches_s_slingshot_left'====== Args={'value': 7, 'prev_value': None, 'change': True}
2026-01-28 16:58:36,612 : INFO : EventManager : Event: ======'machine_var_audits_missing_switches_s_slingshot_right'====== Args={'value': 7, 'prev_value': None, 'change': True}
2026-01-28 16:58:36,612 : INFO : EventManager : Event: ======'machine_var_audits_missing_switches_s_start'====== Args={'value': 15, 'prev_value': None, 'change': True}
2026-01-28 16:58:36,612 : INFO : EventManager : Event: ======'machine_var_audits_missing_switches_s_tilt'====== Args={'value': 10, 'prev_value': None, 'change': True}
2026-01-28 16:58:36,612 : INFO : EventManager : Event: ======'machine_var_audits_player_score'====== Args={'value': {'average': 1424583, 'top': [8367250, 2977800, 2783350, 2231750, 2229000, 2197050, 1722550, 1349850, 1271150, 926600], 'total': 21}, 'prev_value': None, 'change': True}
2026-01-28 16:58:36,612 : INFO : EventManager : Event: ======'machine_var_audits_shots_bumper_center'====== Args={'value': 976, 'prev_value': None, 'change': True}
2026-01-28 16:58:36,612 : INFO : EventManager : Event: ======'machine_var_audits_shots_bumper_left'====== Args={'value': 827, 'prev_value': None, 'change': True}
2026-01-28 16:58:36,612 : INFO : EventManager : Event: ======'machine_var_audits_shots_bumper_right'====== Args={'value': 701, 'prev_value': None, 'change': True}
2026-01-28 16:58:36,612 : INFO : EventManager : Event: ======'machine_var_audits_shots_mach_ramp'====== Args={'value': 864, 'prev_value': None, 'change': True}
2026-01-28 16:58:36,612 : INFO : EventManager : Event: ======'machine_var_audits_shots_mig_lane_left'====== Args={'value': 214, 'prev_value': None, 'change': True}
2026-01-28 16:58:36,613 : INFO : EventManager : Event: ======'machine_var_audits_shots_mig_lane_right'====== Args={'value': 49, 'prev_value': None, 'change': True}
2026-01-28 16:58:36,613 : INFO : EventManager : Event: ======'machine_var_audits_shots_orbit_upper'====== Args={'value': 38, 'prev_value': None, 'change': True}
2026-01-28 16:58:36,613 : INFO : EventManager : Event: ======'machine_var_audits_shots_ramp_inner'====== Args={'value': 61, 'prev_value': None, 'change': True}
2026-01-28 16:58:36,613 : INFO : EventManager : Event: ======'machine_var_audits_shots_spinner'====== Args={'value': 66, 'prev_value': None, 'change': True}
2026-01-28 16:58:36,613 : INFO : EventManager : Event: ======'machine_var_audits_switches_s_48v_disable'====== Args={'value': 0, 'prev_value': None, 'change': True}
2026-01-28 16:58:36,613 : INFO : EventManager : Event: ======'machine_var_audits_switches_s_a_iceman_target'====== Args={'value': 268, 'prev_value': None, 'change': True}
2026-01-28 16:58:36,613 : INFO : EventManager : Event: ======'machine_var_audits_switches_s_barrier_target'====== Args={'value': 132, 'prev_value': None, 'change': True}
2026-01-28 16:58:36,613 : INFO : EventManager : Event: ======'machine_var_audits_switches_s_bumper_center'====== Args={'value': 996, 'prev_value': None, 'change': True}
2026-01-28 16:58:36,613 : INFO : EventManager : Event: ======'machine_var_audits_switches_s_bumper_left'====== Args={'value': 858, 'prev_value': None, 'change': True}
2026-01-28 16:58:36,613 : INFO : EventManager : Event: ======'machine_var_audits_switches_s_bumper_right'====== Args={'value': 707, 'prev_value': None, 'change': True}
2026-01-28 16:58:36,613 : INFO : EventManager : Event: ======'machine_var_audits_switches_s_c_iceman_target'====== Args={'value': 235, 'prev_value': None, 'change': True}
2026-01-28 16:58:36,613 : INFO : EventManager : Event: ======'machine_var_audits_switches_s_c_lock_target'====== Args={'value': 98, 'prev_value': None, 'change': True}
2026-01-28 16:58:36,613 : INFO : EventManager : Event: ======'machine_var_audits_switches_s_coin_door'====== Args={'value': 7, 'prev_value': None, 'change': True}
2026-01-28 16:58:36,613 : INFO : EventManager : Event: ======'machine_var_audits_switches_s_coin_door_credit_left'====== Args={'value': 0, 'prev_value': None, 'change': True}
2026-01-28 16:58:36,613 : INFO : EventManager : Event: ======'machine_var_audits_switches_s_coin_door_credit_right'====== Args={'value': 1, 'prev_value': None, 'change': True}
2026-01-28 16:58:36,613 : INFO : EventManager : Event: ======'machine_var_audits_switches_s_coin_door_service_1'====== Args={'value': 6, 'prev_value': None, 'change': True}
2026-01-28 16:58:36,613 : INFO : EventManager : Event: ======'machine_var_audits_switches_s_coin_door_service_2'====== Args={'value': 16, 'prev_value': None, 'change': True}
2026-01-28 16:58:36,613 : INFO : EventManager : Event: ======'machine_var_audits_switches_s_coin_door_service_3'====== Args={'value': 19, 'prev_value': None, 'change': True}
2026-01-28 16:58:36,613 : INFO : EventManager : Event: ======'machine_var_audits_switches_s_coin_door_service_4'====== Args={'value': 5, 'prev_value': None, 'change': True}
2026-01-28 16:58:36,613 : INFO : EventManager : Event: ======'machine_var_audits_switches_s_e_iceman_target'====== Args={'value': 242, 'prev_value': None, 'change': True}
2026-01-28 16:58:36,614 : INFO : EventManager : Event: ======'machine_var_audits_switches_s_flight_gear_target'====== Args={'value': 764, 'prev_value': None, 'change': True}
2026-01-28 16:58:36,614 : INFO : EventManager : Event: ======'machine_var_audits_switches_s_flipper_left'====== Args={'value': 3151, 'prev_value': None, 'change': True}
2026-01-28 16:58:36,614 : INFO : EventManager : Event: ======'machine_var_audits_switches_s_flipper_left_eos'====== Args={'value': 2703, 'prev_value': None, 'change': True}
2026-01-28 16:58:36,614 : INFO : EventManager : Event: ======'machine_var_audits_switches_s_flipper_left_upper'====== Args={'value': 2782, 'prev_value': None, 'change': True}
2026-01-28 16:58:36,614 : INFO : EventManager : Event: ======'machine_var_audits_switches_s_flipper_left_upper_eos'====== Args={'value': 2701, 'prev_value': None, 'change': True}
2026-01-28 16:58:36,614 : INFO : EventManager : Event: ======'machine_var_audits_switches_s_flipper_right'====== Args={'value': 2596, 'prev_value': None, 'change': True}
2026-01-28 16:58:36,614 : INFO : EventManager : Event: ======'machine_var_audits_switches_s_flipper_right_eos'====== Args={'value': 2167, 'prev_value': None, 'change': True}
2026-01-28 16:58:36,614 : INFO : EventManager : Event: ======'machine_var_audits_switches_s_i_iceman_target'====== Args={'value': 223, 'prev_value': None, 'change': True}
2026-01-28 16:58:36,614 : INFO : EventManager : Event: ======'machine_var_audits_switches_s_inlane_left'====== Args={'value': 570, 'prev_value': None, 'change': True}
2026-01-28 16:58:36,614 : INFO : EventManager : Event: ======'machine_var_audits_switches_s_inner_inlane_right'====== Args={'value': 544, 'prev_value': None, 'change': True}
2026-01-28 16:58:36,614 : INFO : EventManager : Event: ======'machine_var_audits_switches_s_jam'====== Args={'value': 288, 'prev_value': None, 'change': True}
2026-01-28 16:58:36,614 : INFO : EventManager : Event: ======'machine_var_audits_switches_s_k_lock_target'====== Args={'value': 132, 'prev_value': None, 'change': True}
2026-01-28 16:58:36,614 : INFO : EventManager : Event: ======'machine_var_audits_switches_s_l_lock_target'====== Args={'value': 161, 'prev_value': None, 'change': True}
2026-01-28 16:58:36,614 : INFO : EventManager : Event: ======'machine_var_audits_switches_s_lane_left'====== Args={'value': 959, 'prev_value': None, 'change': True}
2026-01-28 16:58:36,614 : INFO : EventManager : Event: ======'machine_var_audits_switches_s_lane_right'====== Args={'value': 704, 'prev_value': None, 'change': True}
2026-01-28 16:58:36,614 : INFO : EventManager : Event: ======'machine_var_audits_switches_s_lock_goose'====== Args={'value': 0, 'prev_value': None, 'change': True}
2026-01-28 16:58:36,614 : INFO : EventManager : Event: ======'machine_var_audits_switches_s_lock_mav'====== Args={'value': 0, 'prev_value': None, 'change': True}
2026-01-28 16:58:36,614 : INFO : EventManager : Event: ======'machine_var_audits_switches_s_lock_plunger'====== Args={'value': 3, 'prev_value': None, 'change': True}
2026-01-28 16:58:36,614 : INFO : EventManager : Event: ======'machine_var_audits_switches_s_m_iceman_target'====== Args={'value': 249, 'prev_value': None, 'change': True}
2026-01-28 16:58:36,614 : INFO : EventManager : Event: ======'machine_var_audits_switches_s_mig_lane_left'====== Args={'value': 698, 'prev_value': None, 'change': True}
2026-01-28 16:58:36,614 : INFO : EventManager : Event: ======'machine_var_audits_switches_s_mig_lane_right'====== Args={'value': 340, 'prev_value': None, 'change': True}
2026-01-28 16:58:36,615 : INFO : EventManager : Event: ======'machine_var_audits_switches_s_mode_start'====== Args={'value': 454, 'prev_value': None, 'change': True}
2026-01-28 16:58:36,615 : INFO : EventManager : Event: ======'machine_var_audits_switches_s_n_iceman_target'====== Args={'value': 412, 'prev_value': None, 'change': True}
2026-01-28 16:58:36,615 : INFO : EventManager : Event: ======'machine_var_audits_switches_s_o_lock_target'====== Args={'value': 210, 'prev_value': None, 'change': True}
2026-01-28 16:58:36,615 : INFO : EventManager : Event: ======'machine_var_audits_switches_s_orbit_left'====== Args={'value': 1487, 'prev_value': None, 'change': True}
2026-01-28 16:58:36,615 : INFO : EventManager : Event: ======'machine_var_audits_switches_s_orbit_lower'====== Args={'value': 48, 'prev_value': None, 'change': True}
2026-01-28 16:58:36,615 : INFO : EventManager : Event: ======'machine_var_audits_switches_s_orbit_right'====== Args={'value': 746, 'prev_value': None, 'change': True}
2026-01-28 16:58:36,615 : INFO : EventManager : Event: ======'machine_var_audits_switches_s_orbit_upper'====== Args={'value': 284, 'prev_value': None, 'change': True}
2026-01-28 16:58:36,615 : INFO : EventManager : Event: ======'machine_var_audits_switches_s_outer_inlane_right'====== Args={'value': 581, 'prev_value': None, 'change': True}
2026-01-28 16:58:36,615 : INFO : EventManager : Event: ======'machine_var_audits_switches_s_outlane_left'====== Args={'value': 445, 'prev_value': None, 'change': True}
2026-01-28 16:58:36,615 : INFO : EventManager : Event: ======'machine_var_audits_switches_s_outlane_right'====== Args={'value': 461, 'prev_value': None, 'change': True}
2026-01-28 16:58:36,615 : INFO : EventManager : Event: ======'machine_var_audits_switches_s_plunger_lane'====== Args={'value': 46, 'prev_value': None, 'change': True}
2026-01-28 16:58:36,615 : INFO : EventManager : Event: ======'machine_var_audits_switches_s_ramp_inner_exit'====== Args={'value': 910, 'prev_value': None, 'change': True}
2026-01-28 16:58:36,615 : INFO : EventManager : Event: ======'machine_var_audits_switches_s_ramp_left_exit'====== Args={'value': 1054, 'prev_value': None, 'change': True}
2026-01-28 16:58:36,615 : INFO : EventManager : Event: ======'machine_var_audits_switches_s_ramp_right_exit'====== Args={'value': 236, 'prev_value': None, 'change': True}
2026-01-28 16:58:36,615 : INFO : EventManager : Event: ======'machine_var_audits_switches_s_ramp_tower_exit'====== Args={'value': 260, 'prev_value': None, 'change': True}
2026-01-28 16:58:36,615 : INFO : EventManager : Event: ======'machine_var_audits_switches_s_shooter_lane'====== Args={'value': 981, 'prev_value': None, 'change': True}
2026-01-28 16:58:36,615 : INFO : EventManager : Event: ======'machine_var_audits_switches_s_slingshot_left'====== Args={'value': 428, 'prev_value': None, 'change': True}
2026-01-28 16:58:36,615 : INFO : EventManager : Event: ======'machine_var_audits_switches_s_slingshot_right'====== Args={'value': 284, 'prev_value': None, 'change': True}
2026-01-28 16:58:36,615 : INFO : EventManager : Event: ======'machine_var_audits_switches_s_spinner'====== Args={'value': 5559, 'prev_value': None, 'change': True}
2026-01-28 16:58:36,615 : INFO : EventManager : Event: ======'machine_var_audits_switches_s_start'====== Args={'value': 189, 'prev_value': None, 'change': True}
2026-01-28 16:58:36,615 : INFO : EventManager : Event: ======'machine_var_audits_switches_s_tilt'====== Args={'value': 233, 'prev_value': None, 'change': True}
2026-01-28 16:58:36,615 : INFO : EventManager : Event: ======'machine_var_audits_switches_s_trough_1'====== Args={'value': 287, 'prev_value': None, 'change': True}
2026-01-28 16:58:36,615 : INFO : EventManager : Event: ======'machine_var_audits_switches_s_trough_2'====== Args={'value': 276, 'prev_value': None, 'change': True}
2026-01-28 16:58:36,615 : INFO : EventManager : Event: ======'machine_var_audits_switches_s_trough_3'====== Args={'value': 275, 'prev_value': None, 'change': True}
2026-01-28 16:58:36,615 : INFO : EventManager : Event: ======'machine_var_audits_switches_s_trough_4'====== Args={'value': 279, 'prev_value': None, 'change': True}
2026-01-28 16:58:36,615 : INFO : EventManager : Event: ======'machine_var_audits_switches_s_trough_5'====== Args={'value': 291, 'prev_value': None, 'change': True}
2026-01-28 16:58:36,615 : INFO : EventManager : Event: ======'machine_var_audits_switches_s_trough_6'====== Args={'value': 573, 'prev_value': None, 'change': True}
2026-01-28 16:58:36,617 : INFO : EventManager : Event: ======'init_phase_5'====== Args={}
2026-01-28 16:58:36,617 : INFO : EventManager : Event: ======'init_done'====== Args={}
2026-01-28 16:58:36,617 : INFO : EventManager : Event: ======'machine_reset_phase_1'====== Args={}
2026-01-28 16:58:36,625 : INFO : EventManager : Event: ======'machine_reset_phase_2'====== Args={}
2026-01-28 16:58:36,625 : INFO : EventManager : Event: ======'machine_reset_phase_3'====== Args={}
2026-01-28 16:58:36,625 : INFO : EventManager : Event: ======'mode_attract_will_start'====== Args={'queue': <QueuedEvent>}
2026-01-28 16:58:36,625 : INFO : Timer.attract_carousel_timer : Starting Timer.
2026-01-28 16:58:36,625 : INFO : EventManager : Event: ======'timer_attract_carousel_timer_started'====== Args={'ticks': 0, 'ticks_remaining': 1}
2026-01-28 16:58:36,625 : INFO : EventManager : Event: ======'timer_attract_carousel_timer_tick'====== Args={'ticks': 0, 'ticks_remaining': 1}
2026-01-28 16:58:36,627 : INFO : EventManager : Event: ======'mode_attract_starting'====== Args={'queue': <QueuedEvent>}
2026-01-28 16:58:36,627 : INFO : Mode.attract : Started. Priority: 10
2026-01-28 16:58:36,628 : INFO : EventManager : Event: ======'modes_active_modes_changed'====== Args={}
2026-01-28 16:58:36,628 : INFO : EventManager : Event: ======'mode_attract_started'====== Args={'queue': <QueuedEvent>}
2026-01-28 16:58:36,628 : INFO : EventManager : Event: ======'attract_cycle_step1'====== Args={'priority': 0}
2026-01-28 16:58:36,628 : INFO : EventManager : Event: ======'right_ramp_down'====== Args={'priority': 0}
2026-01-28 16:58:36,628 : INFO : EventManager : Event: ======'top_ramp_down'====== Args={'priority': 0}
2026-01-28 16:58:36,628 : INFO : EventManager : Event: ======'lock_released'====== Args={'priority': 0}
2026-01-28 16:58:36,628 : ERROR : asyncio : Exception in callback EventManager.process_event_queue()
handle: <Handle EventManager.process_event_queue()>
Traceback (most recent call last):
  File "C:\Users\White\mpf\Lib\site-packages\mpf\core\events.py", line 755, in _run_handlers
    result = handler.callback(**merged_kwargs)
             ^^^^^^^^^^^^^^^^^^^^^^^^^^^^^^^^^
  File "C:\Users\White\mpf\Lib\site-packages\mpf\core\config_player.py", line 348, in config_play_callback
    return self.play(settings=settings, context=context, calling_context=calling_context, priority=priority,
           ^^^^^^^^^^^^^^^^^^^^^^^^^^^^^^^^^^^^^^^^^^^^^^^^^^^^^^^^^^^^^^^^^^^^^^^^^^^^^^^^^^^^^^^^^^^^^^^^^
  File "C:\Users\White\mpf\Lib\site-packages\mpf\config_players\show_player.py", line 60, in play
    self._update_show(show.name, show_settings, context, queue, start_time, show_tokens)
  File "C:\Users\White\mpf\Lib\site-packages\mpf\config_players\show_player.py", line 225, in _update_show
    action(key, instance_dict, show_name, show_settings, queue, start_time, placeholder_args)
  File "C:\Users\White\mpf\Lib\site-packages\mpf\config_players\show_player.py", line 117, in _play
    instance_dict[key] = self.machine.show_controller.replace_or_advance_show(previous_show, show_config,
                         ^^^^^^^^^^^^^^^^^^^^^^^^^^^^^^^^^^^^^^^^^^^^^^^^^^^^^^^^^^^^^^^^^^^^^^^^^^^^^^^^
  File "C:\Users\White\mpf\Lib\site-packages\mpf\core\show_controller.py", line 135, in replace_or_advance_show
    return show_obj.play_with_config(
           ^^^^^^^^^^^^^^^^^^^^^^^^^^
  File "C:\Users\White\mpf\Lib\site-packages\mpf\assets\show.py", line 291, in play_with_config
    running_show = RunningShow(machine=self.machine,
                   ^^^^^^^^^^^^^^^^^^^^^^^^^^^^^^^^^
  File "C:\Users\White\mpf\Lib\site-packages\mpf\assets\show.py", line 519, in __init__
    self._start_play()
  File "C:\Users\White\mpf\Lib\site-packages\mpf\assets\show.py", line 545, in _start_play
    self._start_now()
  File "C:\Users\White\mpf\Lib\site-packages\mpf\assets\show.py", line 647, in _start_now
    self._run_next_step(post_events=self.show_config.events_when_played,
  File "C:\Users\White\mpf\Lib\site-packages\mpf\assets\show.py", line 690, in _run_next_step
    player.show_play_callback(
  File "C:\Users\White\mpf\Lib\site-packages\mpf\core\config_player.py", line 365, in show_play_callback
    self.play(settings=settings, priority=priority, calling_context=calling_context,
  File "C:\Users\White\mpf\Lib\site-packages\mpf\config_players\coil_player.py", line 29, in play
    self.raise_config_error("Invalid coil name {}".format(coil), 2, context=context)
  File "C:\Users\White\mpf\Lib\site-packages\mpf\core\logging.py", line 175, in raise_config_error
    raise ConfigFileError(msg, error_no, self.log.name if self.log else "", context, self._url_base) \
mpf.exceptions.config_file_error.ConfigFileError: Config File Error in coil_player: Invalid coil name c_start_button_led Context: show_1 Error Code: CFE-coil_player-2 (https://missionpinball.org/logs)

The above exception was the direct cause of the following exception:

Traceback (most recent call last):
  File "C:\Users\White\AppData\Local\Programs\Python\Python312\Lib\asyncio\events.py", line 88, in _run
    self._context.run(self._callback, *self._args)
  File "C:\Users\White\mpf\Lib\site-packages\mpf\core\events.py", line 846, in process_event_queue
    self._process_event(event=event[0],
  File "C:\Users\White\mpf\Lib\site-packages\mpf\core\events.py", line 808, in _process_event
    result = self._run_handlers(event, ev_type, kwargs)
             ^^^^^^^^^^^^^^^^^^^^^^^^^^^^^^^^^^^^^^^^^^
  File "C:\Users\White\mpf\Lib\site-packages\mpf\core\events.py", line 757, in _run_handlers
    raise EventHandlerException(
mpf.core.events.EventHandlerException: Exception while processing RegisteredHandler(callback=<bound method ConfigPlayer.config_play_callback of ConfigPlayer.show_player/shows>, priority=10, kwargs={'calling_context': 'mode_attract_started', 'mode': <Mode.attract>, 'settings': {start_button_flash-None-None: {'show': 'start_button_slow_flash', 'loops': -1, 'priority': 100, 'action': 'play', 'speed': <NativeTemplate 1.0>, 'block_queue': False, 'start_step': <NativeTemplate 1>, 'start_running': <Template True>, 'sync_ms': None, 'manual_advance': False, 'show_queue': None, 'key': None, 'show_tokens': {}, 'events_when_played': [], 'events_when_stopped': [], 'events_when_looped': [], 'events_when_paused': [], 'events_when_resumed': [], 'events_when_advanced': [], 'events_when_stepped_back': [], 'events_when_updated': [], 'events_when_completed': []}}}, key=UUID('6b6d8870-5e87-48b0-846f-6458b498dd59'), condition=None, blocking_facility=None) for event mode_attract_started. Config File Error in coil_player: Invalid coil name c_start_button_led Context: show_1 Error Code: CFE-coil_player-2 (https://missionpinball.org/logs)
2026-01-28 16:58:36,739 : INFO : EventManager : Event: ======'reset_complete'====== Args={}
2026-01-28 16:58:36,740 : ERROR : asyncio : Exception in callback EventManager.process_event_queue()
handle: <Handle EventManager.process_event_queue()>
Traceback (most recent call last):
  File "C:\Users\White\mpf\Lib\site-packages\mpf\core\events.py", line 755, in _run_handlers
    result = handler.callback(**merged_kwargs)
             ^^^^^^^^^^^^^^^^^^^^^^^^^^^^^^^^^
  File "C:\Users\White\mpf\Lib\site-packages\mpf\core\config_player.py", line 348, in config_play_callback
    return self.play(settings=settings, context=context, calling_context=calling_context, priority=priority,
           ^^^^^^^^^^^^^^^^^^^^^^^^^^^^^^^^^^^^^^^^^^^^^^^^^^^^^^^^^^^^^^^^^^^^^^^^^^^^^^^^^^^^^^^^^^^^^^^^^
  File "C:\Users\White\mpf\Lib\site-packages\mpf\config_players\show_player.py", line 60, in play
    self._update_show(show.name, show_settings, context, queue, start_time, show_tokens)
  File "C:\Users\White\mpf\Lib\site-packages\mpf\config_players\show_player.py", line 225, in _update_show
    action(key, instance_dict, show_name, show_settings, queue, start_time, placeholder_args)
  File "C:\Users\White\mpf\Lib\site-packages\mpf\config_players\show_player.py", line 117, in _play
    instance_dict[key] = self.machine.show_controller.replace_or_advance_show(previous_show, show_config,
                         ^^^^^^^^^^^^^^^^^^^^^^^^^^^^^^^^^^^^^^^^^^^^^^^^^^^^^^^^^^^^^^^^^^^^^^^^^^^^^^^^
  File "C:\Users\White\mpf\Lib\site-packages\mpf\core\show_controller.py", line 135, in replace_or_advance_show
    return show_obj.play_with_config(
           ^^^^^^^^^^^^^^^^^^^^^^^^^^
  File "C:\Users\White\mpf\Lib\site-packages\mpf\assets\show.py", line 291, in play_with_config
    running_show = RunningShow(machine=self.machine,
                   ^^^^^^^^^^^^^^^^^^^^^^^^^^^^^^^^^
  File "C:\Users\White\mpf\Lib\site-packages\mpf\assets\show.py", line 519, in __init__
    self._start_play()
  File "C:\Users\White\mpf\Lib\site-packages\mpf\assets\show.py", line 545, in _start_play
    self._start_now()
  File "C:\Users\White\mpf\Lib\site-packages\mpf\assets\show.py", line 647, in _start_now
    self._run_next_step(post_events=self.show_config.events_when_played,
  File "C:\Users\White\mpf\Lib\site-packages\mpf\assets\show.py", line 690, in _run_next_step
    player.show_play_callback(
  File "C:\Users\White\mpf\Lib\site-packages\mpf\core\config_player.py", line 365, in show_play_callback
    self.play(settings=settings, priority=priority, calling_context=calling_context,
  File "C:\Users\White\mpf\Lib\site-packages\mpf\config_players\light_player.py", line 40, in play
    self._light_named_color(light_name, instance_dict, full_context, s['color'], s["fade"],
  File "C:\Users\White\mpf\Lib\site-packages\mpf\config_players\light_player.py", line 91, in _light_named_color
    raise AssertionError("Could not find light or tag {} in {}".format(light_name, full_context))
AssertionError: Could not find light or tag l_final_battle_lit in show_2.light_player

The above exception was the direct cause of the following exception:

Traceback (most recent call last):
  File "C:\Users\White\AppData\Local\Programs\Python\Python312\Lib\asyncio\events.py", line 88, in _run
    self._context.run(self._callback, *self._args)
  File "C:\Users\White\mpf\Lib\site-packages\mpf\core\events.py", line 846, in process_event_queue
    self._process_event(event=event[0],
  File "C:\Users\White\mpf\Lib\site-packages\mpf\core\events.py", line 808, in _process_event
    result = self._run_handlers(event, ev_type, kwargs)
             ^^^^^^^^^^^^^^^^^^^^^^^^^^^^^^^^^^^^^^^^^^
  File "C:\Users\White\mpf\Lib\site-packages\mpf\core\events.py", line 757, in _run_handlers
    raise EventHandlerException(
mpf.core.events.EventHandlerException: Exception while processing RegisteredHandler(callback=<bound method ConfigPlayer.config_play_callback of ConfigPlayer.show_player/shows>, priority=10, kwargs={'calling_context': 'attract_cycle_step1', 'mode': <Mode.attract>, 'settings': {attract_corners_sweep-None-None: {'loops': 1, 'speed': <NativeTemplate 40.0>, 'priority': 200, 'events_when_completed': ['attract_cycle_step2'], 'action': 'play', 'show': None, 'block_queue': False, 'start_step': <NativeTemplate 1>, 'start_running': <Template True>, 'sync_ms': None, 'manual_advance': False, 'show_queue': None, 'key': None, 'show_tokens': {}, 'events_when_played': [], 'events_when_stopped': [], 'events_when_looped': [], 'events_when_paused': [], 'events_when_resumed': [], 'events_when_advanced': [], 'events_when_stepped_back': [], 'events_when_updated': []}}}, key=UUID('c8b8db4c-fd28-4030-bb7d-ace39e4950f4'), condition=None, blocking_facility=None) for event attract_cycle_step1. Could not find light or tag l_final_battle_lit in show_2.light_player
2026-01-28 16:58:36,764 : INFO : Machine : Starting the main run loop with active modes: [<Mode.attract>]
2026-01-28 16:58:36,765 : INFO : Machine : Shutting down...
2026-01-28 16:58:36,765 : INFO : EventManager : Event: ======'shutdown'====== Args={}
2026-01-28 16:58:37,770 : ERROR : Machine : Runtime Exception
Traceback (most recent call last):
  File "C:\Users\White\mpf\Lib\site-packages\mpf\core\events.py", line 755, in _run_handlers
    result = handler.callback(**merged_kwargs)
             ^^^^^^^^^^^^^^^^^^^^^^^^^^^^^^^^^
  File "C:\Users\White\mpf\Lib\site-packages\mpf\core\config_player.py", line 348, in config_play_callback
    return self.play(settings=settings, context=context, calling_context=calling_context, priority=priority,
           ^^^^^^^^^^^^^^^^^^^^^^^^^^^^^^^^^^^^^^^^^^^^^^^^^^^^^^^^^^^^^^^^^^^^^^^^^^^^^^^^^^^^^^^^^^^^^^^^^
  File "C:\Users\White\mpf\Lib\site-packages\mpf\config_players\show_player.py", line 60, in play
    self._update_show(show.name, show_settings, context, queue, start_time, show_tokens)
  File "C:\Users\White\mpf\Lib\site-packages\mpf\config_players\show_player.py", line 225, in _update_show
    action(key, instance_dict, show_name, show_settings, queue, start_time, placeholder_args)
  File "C:\Users\White\mpf\Lib\site-packages\mpf\config_players\show_player.py", line 117, in _play
    instance_dict[key] = self.machine.show_controller.replace_or_advance_show(previous_show, show_config,
                         ^^^^^^^^^^^^^^^^^^^^^^^^^^^^^^^^^^^^^^^^^^^^^^^^^^^^^^^^^^^^^^^^^^^^^^^^^^^^^^^^
  File "C:\Users\White\mpf\Lib\site-packages\mpf\core\show_controller.py", line 135, in replace_or_advance_show
    return show_obj.play_with_config(
           ^^^^^^^^^^^^^^^^^^^^^^^^^^
  File "C:\Users\White\mpf\Lib\site-packages\mpf\assets\show.py", line 291, in play_with_config
    running_show = RunningShow(machine=self.machine,
                   ^^^^^^^^^^^^^^^^^^^^^^^^^^^^^^^^^
  File "C:\Users\White\mpf\Lib\site-packages\mpf\assets\show.py", line 519, in __init__
    self._start_play()
  File "C:\Users\White\mpf\Lib\site-packages\mpf\assets\show.py", line 545, in _start_play
    self._start_now()
  File "C:\Users\White\mpf\Lib\site-packages\mpf\assets\show.py", line 647, in _start_now
    self._run_next_step(post_events=self.show_config.events_when_played,
  File "C:\Users\White\mpf\Lib\site-packages\mpf\assets\show.py", line 690, in _run_next_step
    player.show_play_callback(
  File "C:\Users\White\mpf\Lib\site-packages\mpf\core\config_player.py", line 365, in show_play_callback
    self.play(settings=settings, priority=priority, calling_context=calling_context,
  File "C:\Users\White\mpf\Lib\site-packages\mpf\config_players\coil_player.py", line 29, in play
    self.raise_config_error("Invalid coil name {}".format(coil), 2, context=context)
  File "C:\Users\White\mpf\Lib\site-packages\mpf\core\logging.py", line 175, in raise_config_error
    raise ConfigFileError(msg, error_no, self.log.name if self.log else "", context, self._url_base) \
mpf.exceptions.config_file_error.ConfigFileError: Config File Error in coil_player: Invalid coil name c_start_button_led Context: show_1 Error Code: CFE-coil_player-2 (https://missionpinball.org/logs)

The above exception was the direct cause of the following exception:

Traceback (most recent call last):
  File "C:\Users\White\mpf\Lib\site-packages\mpf\core\machine.py", line 810, in _run_loop
    raise self._exception['exception']
  File "C:\Users\White\AppData\Local\Programs\Python\Python312\Lib\asyncio\events.py", line 88, in _run
    self._context.run(self._callback, *self._args)
  File "C:\Users\White\mpf\Lib\site-packages\mpf\core\events.py", line 846, in process_event_queue
    self._process_event(event=event[0],
  File "C:\Users\White\mpf\Lib\site-packages\mpf\core\events.py", line 808, in _process_event
    result = self._run_handlers(event, ev_type, kwargs)
             ^^^^^^^^^^^^^^^^^^^^^^^^^^^^^^^^^^^^^^^^^^
  File "C:\Users\White\mpf\Lib\site-packages\mpf\core\events.py", line 757, in _run_handlers
    raise EventHandlerException(
mpf.core.events.EventHandlerException: Exception while processing RegisteredHandler(callback=<bound method ConfigPlayer.config_play_callback of ConfigPlayer.show_player/shows>, priority=10, kwargs={'calling_context': 'mode_attract_started', 'mode': <Mode.attract>, 'settings': {start_button_flash-None-None: {'show': 'start_button_slow_flash', 'loops': -1, 'priority': 100, 'action': 'play', 'speed': <NativeTemplate 1.0>, 'block_queue': False, 'start_step': <NativeTemplate 1>, 'start_running': <Template True>, 'sync_ms': None, 'manual_advance': False, 'show_queue': None, 'key': None, 'show_tokens': {}, 'events_when_played': [], 'events_when_stopped': [], 'events_when_looped': [], 'events_when_paused': [], 'events_when_resumed': [], 'events_when_advanced': [], 'events_when_stepped_back': [], 'events_when_updated': [], 'events_when_completed': []}}}, key=UUID('6b6d8870-5e87-48b0-846f-6458b498dd59'), condition=None, blocking_facility=None) for event mode_attract_started. Config File Error in coil_player: Invalid coil name c_start_button_led Context: show_1 Error Code: CFE-coil_player-2 (https://missionpinball.org/logs)
2026-01-28 16:58:37,772 : INFO : root : MPF run loop ended.
